RECORD=-42|LINENO=   0|OWNERPARTID= -42|OWNERINDEX= -42|HEADER=Protel for Windows - Schematic Capture Binary File Version 5.0|MINORVERSION=2|UNIQUEID=QUTWIFLY|WEIGHT=571|
RECORD=31|LINENO=   1|OWNERPARTID= -42|OWNERINDEX= -42|AREACOLOR=16317695|BOLD3=T|BOLD4=T|BORDERON=T|CUSTOMMARGINWIDTH=20|CUSTOMX=1500|CUSTOMXZONES=6|CUSTOMY=950|CUSTOMYZONES=4|DISPLAY_UNIT=4|FONTIDCOUNT=5|FONTNAME1=Times New Roman|FONTNAME2=Times New Roman|FONTNAME3=Arial|FONTNAME4=Times New Roman|FONTNAME5=Times New Roman|HOTSPOTGRIDON=T|HOTSPOTGRIDSIZE=3|ISBOC=T|ITALIC4=T|ROTATION2=90|SHEETNUMBERSPACESIZE=4|SIZE1=10|SIZE2=10|SIZE3=20|SIZE4=10|SIZE5=16|SNAPGRIDON=T|SNAPGRIDSIZE=5|SYSTEMFONT=1|TITLEBLOCKON=T|USEMBCS=T|VISIBLEGRIDON=T|VISIBLEGRIDSIZE=10|
RECORD=41|LINENO=   2|OWNERPARTID=   0|OWNERINDEX= -42|FONTID=1|ISHIDDEN=T|NAME=CurrentTime|TEXT=*|UNIQUEID=IPFTKKSP|
RECORD=41|LINENO=   3|OWNERPARTID=   0|OWNERINDEX= -42|FONTID=1|ISHIDDEN=T|NAME=CurrentDate|TEXT=*|UNIQUEID=MJEQVHBM|
RECORD=41|LINENO=   4|OWNERPARTID=   0|OWNERINDEX= -42|FONTID=1|ISHIDDEN=T|NAME=Time|TEXT=*|UNIQUEID=QDGVBFXK|
RECORD=41|LINENO=   5|OWNERPARTID=   0|OWNERINDEX= -42|FONTID=1|ISHIDDEN=T|NAME=Date|TEXT=*|UNIQUEID=MLYMHUFI|
RECORD=41|LINENO=   6|OWNERPARTID=   0|OWNERINDEX= -42|FONTID=1|ISHIDDEN=T|NAME=DocumentFullPathAndName|TEXT=*|UNIQUEID=FSNNGUYH|
RECORD=41|LINENO=   7|OWNERPARTID=   0|OWNERINDEX= -42|FONTID=1|ISHIDDEN=T|NAME=DocumentName|TEXT=*|UNIQUEID=SYWMEXHA|
RECORD=41|LINENO=   8|OWNERPARTID=   0|OWNERINDEX= -42|FONTID=1|ISHIDDEN=T|NAME=ModifiedDate|TEXT=*|UNIQUEID=RFQFARWW|
RECORD=41|LINENO=   9|OWNERPARTID=   0|OWNERINDEX= -42|FONTID=1|ISHIDDEN=T|NAME=ApprovedBy|TEXT=*|UNIQUEID=AFEKVABY|
RECORD=41|LINENO=  10|OWNERPARTID=   0|OWNERINDEX= -42|FONTID=1|ISHIDDEN=T|NAME=CheckedBy|TEXT=*|UNIQUEID=TMREBLMS|
RECORD=41|LINENO=  11|OWNERPARTID=   0|OWNERINDEX= -42|FONTID=1|ISHIDDEN=T|NAME=Author|TEXT=*|UNIQUEID=YKJVTMIQ|
RECORD=41|LINENO=  12|OWNERPARTID=   0|OWNERINDEX= -42|FONTID=1|ISHIDDEN=T|NAME=CompanyName|TEXT=*|UNIQUEID=PCWJHQFQ|
RECORD=41|LINENO=  13|OWNERPARTID=   0|OWNERINDEX= -42|FONTID=1|ISHIDDEN=T|NAME=DrawnBy|TEXT=*|UNIQUEID=LVJUTBFG|
RECORD=41|LINENO=  14|OWNERPARTID=   0|OWNERINDEX= -42|FONTID=1|ISHIDDEN=T|NAME=Engineer|TEXT=*|UNIQUEID=HBYDKHEQ|
RECORD=41|LINENO=  15|OWNERPARTID=   0|OWNERINDEX= -42|FONTID=1|ISHIDDEN=T|NAME=Organization|TEXT=*|UNIQUEID=WAFMPRUM|
RECORD=41|LINENO=  16|OWNERPARTID=   0|OWNERINDEX= -42|FONTID=1|ISHIDDEN=T|NAME=Address1|TEXT=*|UNIQUEID=IJQRDUBO|
RECORD=41|LINENO=  17|OWNERPARTID=   0|OWNERINDEX= -42|FONTID=1|ISHIDDEN=T|NAME=Address2|TEXT=*|UNIQUEID=XVFYIEIG|
RECORD=41|LINENO=  18|OWNERPARTID=   0|OWNERINDEX= -42|FONTID=1|ISHIDDEN=T|NAME=Address3|TEXT=*|UNIQUEID=XBYDQKBT|
RECORD=41|LINENO=  19|OWNERPARTID=   0|OWNERINDEX= -42|FONTID=1|ISHIDDEN=T|NAME=Address4|TEXT=*|UNIQUEID=OXSXSWXG|
RECORD=41|LINENO=  20|OWNERPARTID=   0|OWNERINDEX= -42|FONTID=1|ISHIDDEN=T|NAME=Title|TEXT=*|UNIQUEID=RGWVGDSS|
RECORD=41|LINENO=  21|OWNERPARTID=   0|OWNERINDEX= -42|FONTID=1|ISHIDDEN=T|NAME=DocumentNumber|TEXT=*|UNIQUEID=XQFFXHPT|
RECORD=41|LINENO=  22|OWNERPARTID=   0|OWNERINDEX= -42|FONTID=1|ISHIDDEN=T|NAME=Revision|TEXT=*|UNIQUEID=SPNIOECW|
RECORD=41|LINENO=  23|OWNERPARTID=   0|OWNERINDEX= -42|FONTID=1|ISHIDDEN=T|NAME=SheetNumber|TEXT=*|UNIQUEID=LIAOLCIF|
RECORD=41|LINENO=  24|OWNERPARTID=   0|OWNERINDEX= -42|FONTID=1|ISHIDDEN=T|NAME=SheetTotal|TEXT=*|UNIQUEID=KGVWEVKF|
RECORD=41|LINENO=  25|OWNERPARTID=   0|OWNERINDEX= -42|FONTID=1|ISHIDDEN=T|NAME=Rule|TEXT=*|UNIQUEID=JONLDESB|
RECORD=41|LINENO=  26|OWNERPARTID=   0|OWNERINDEX= -42|FONTID=1|ISHIDDEN=T|NAME=ImagePath|TEXT=*|UNIQUEID=PFTETBGX|
RECORD=41|LINENO=  27|OWNERPARTID=   0|OWNERINDEX= -42|FONTID=1|ISHIDDEN=T|NAME=ProjectName|TEXT=*|UNIQUEID=IGXODCGF|
RECORD= 1|LINENO=  28|OWNERPARTID=   0|OWNERINDEX= -42|AREACOLOR=11599871|COMPONENTDESCRIPTION=STMICROELECTRONICS  STM32F051C8U6  MCU 32BIT CORTEX-M0 48MHZ UFQFPN-48|CURRENTPARTID=1|DESIGNITEMID=STM32F051C8U6|DISPLAYMODECOUNT=1|LIBRARYPATH=*|LIBREFERENCE=STM32F051C8U6|LOCATION.X=570|LOCATION.Y=510|PARTCOUNT=2|PARTIDLOCKED=T|SOURCELIBRARYNAME=SBComponentsSchematics.SchLib|TARGETFILENAME=*|UNIQUEID=MNDEYIKS|
RECORD=41|LINENO=  29|OWNERPARTID=   0|OWNERINDEX=  28|FONTID=1|ISHIDDEN=T|LOCATION.X=488|LOCATION.Y=680|NAME=Supplier 1|TEXT=Farnell|UNIQUEID=CFJKBCWL|
RECORD=41|LINENO=  30|OWNERPARTID=   0|OWNERINDEX=  28|FONTID=1|ISHIDDEN=T|LOCATION.X=488|LOCATION.Y=690|NAME=Supplier 2|TEXT=Digi-Key|UNIQUEID=BHATORDM|
RECORD=41|LINENO=  31|OWNERPARTID=   0|OWNERINDEX=  28|FONTID=1|ISHIDDEN=T|LOCATION.X=488|LOCATION.Y=680|NAME=Supplier Part Number 1|TEXT=2393638|UNIQUEID=DTRTISJC|
RECORD=41|LINENO=  32|OWNERPARTID=   0|OWNERINDEX=  28|FONTID=1|ISHIDDEN=T|LOCATION.X=488|LOCATION.Y=690|NAME=Supplier Part Number 2|TEXT=STM32F051C8U6-ND|UNIQUEID=MNWEVGQN|
RECORD=14|LINENO=  33|OWNERPARTID=   2|OWNERINDEX=  28|AREACOLOR=11599871|CORNER.X=630|CORNER.Y=680|ISSOLID=T|LOCATION.X=510|LOCATION.Y=340|
RECORD= 2|LINENO=  34|OWNERPARTID=   2|OWNERINDEX=  28|DESCRIPTION=PC13/RTC_TAMP1,RTC_TS,RTC_OUT,WKUP2|DESIGNATOR=2|ELECTRICAL=1|FORMALTYPE=1|LOCATION.X=510|LOCATION.Y=420|NAME=PC13|PINCONGLOMERATE=58|PINLENGTH=20|
RECORD=41|LINENO=  35|OWNERPARTID=   0|OWNERINDEX=  34|FONTID=1|ISHIDDEN=T|LOCATION.X=510|LOCATION.Y=420|NAME=PinUniqueId|TEXT=FJNKIMUO|UNIQUEID=YLNFAHNE|
RECORD= 2|LINENO=  36|OWNERPARTID=   2|OWNERINDEX=  28|DESCRIPTION=PC14-OSC32_IN(PC14)/OSC32_IN|DESIGNATOR=3|ELECTRICAL=1|FORMALTYPE=1|LOCATION.X=510|LOCATION.Y=410|NAME=PC14-OSC32_IN(PC14)|PINCONGLOMERATE=58|PINLENGTH=20|
RECORD=41|LINENO=  37|OWNERPARTID=   0|OWNERINDEX=  36|FONTID=1|ISHIDDEN=T|LOCATION.X=510|LOCATION.Y=410|NAME=PinUniqueId|TEXT=VFJVRUJW|UNIQUEID=LHPJASSP|
RECORD= 2|LINENO=  38|OWNERPARTID=   2|OWNERINDEX=  28|DESCRIPTION=PC15-OSC32_OUT(PC15)/OSC32_OUT|DESIGNATOR=4|ELECTRICAL=1|FORMALTYPE=1|LOCATION.X=510|LOCATION.Y=400|NAME=PC15-OSC32_OUT(PC15)|PINCONGLOMERATE=58|PINLENGTH=20|
RECORD=41|LINENO=  39|OWNERPARTID=   0|OWNERINDEX=  38|FONTID=1|ISHIDDEN=T|LOCATION.X=510|LOCATION.Y=400|NAME=PinUniqueId|TEXT=PGNGWVOC|UNIQUEID=KFTKVEJX|
RECORD= 2|LINENO=  40|OWNERPARTID=   2|OWNERINDEX=  28|DESCRIPTION=PF0-OSC_IN(PF0)/OSC_IN|DESIGNATOR=5|ELECTRICAL=1|FORMALTYPE=1|LOCATION.X=510|LOCATION.Y=380|NAME=PF0-OSC_IN(PF0)|PINCONGLOMERATE=58|PINLENGTH=20|
RECORD=41|LINENO=  41|OWNERPARTID=   0|OWNERINDEX=  40|FONTID=1|ISHIDDEN=T|LOCATION.X=510|LOCATION.Y=380|NAME=PinUniqueId|TEXT=GAHKUAHB|UNIQUEID=IDCURMAM|
RECORD= 2|LINENO=  42|OWNERPARTID=   2|OWNERINDEX=  28|DESCRIPTION=PF1-OSC_OUT(PF1)/OSC_OUT|DESIGNATOR=6|ELECTRICAL=1|FORMALTYPE=1|LOCATION.X=510|LOCATION.Y=370|NAME=PF1-OSC_OUT(PF1)|PINCONGLOMERATE=58|PINLENGTH=20|
RECORD=41|LINENO=  43|OWNERPARTID=   0|OWNERINDEX=  42|FONTID=1|ISHIDDEN=T|LOCATION.X=510|LOCATION.Y=370|NAME=PinUniqueId|TEXT=UDFGTWJL|UNIQUEID=TKRXYWQI|
RECORD= 2|LINENO=  44|OWNERPARTID=   2|OWNERINDEX=  28|DESCRIPTION=Device  reset  input  /  internal  reset  output  (active  low)|DESIGNATOR=7|ELECTRICAL=1|FORMALTYPE=1|LOCATION.X=630|LOCATION.Y=490|NAME=NRST|PINCONGLOMERATE=56|PINLENGTH=20|
RECORD=41|LINENO=  45|OWNERPARTID=   0|OWNERINDEX=  44|FONTID=1|ISHIDDEN=T|LOCATION.X=630|LOCATION.Y=490|NAME=PinUniqueId|TEXT=IOCCNEQT|UNIQUEID=IHNHWWUF|
RECORD= 2|LINENO=  46|OWNERPARTID=   2|OWNERINDEX=  28|DESCRIPTION=PA0/USART2_CTS,TIM2_CH1_ETR,COMP1_OUT,TSC_G1_IO1/ADC_IN0,COMP1_INM6,RTC_TAMP2,WKUP1|DESIGNATOR=10|ELECTRICAL=1|FORMALTYPE=1|LOCATION.X=510|LOCATION.Y=600|NAME=PA0|PINCONGLOMERATE=58|PINLENGTH=20|
RECORD=41|LINENO=  47|OWNERPARTID=   0|OWNERINDEX=  46|FONTID=1|ISHIDDEN=T|LOCATION.X=510|LOCATION.Y=600|NAME=PinUniqueId|TEXT=SSYAOXBF|UNIQUEID=HBXACRPP|
RECORD= 2|LINENO=  48|OWNERPARTID=   2|OWNERINDEX=  28|DESCRIPTION=PA1/USART2_RTS,TIM2_CH2,TSC_G1_IO2,EVENTOUT/ADC_IN1,COMP1_INP|DESIGNATOR=11|ELECTRICAL=1|FORMALTYPE=1|LOCATION.X=510|LOCATION.Y=590|NAME=PA1|PINCONGLOMERATE=58|PINLENGTH=20|
RECORD=41|LINENO=  49|OWNERPARTID=   0|OWNERINDEX=  48|FONTID=1|ISHIDDEN=T|LOCATION.X=510|LOCATION.Y=590|NAME=PinUniqueId|TEXT=VJOMXESB|UNIQUEID=CXDHJHNP|
RECORD= 2|LINENO=  50|OWNERPARTID=   2|OWNERINDEX=  28|DESCRIPTION=PA2/USART2_TX,TIM2_CH3,TIM15_CH1,COMP2_OUT,TSC_G1_IO3/ADC_IN2,COMP2_INM6|DESIGNATOR=12|ELECTRICAL=1|FORMALTYPE=1|LOCATION.X=510|LOCATION.Y=580|NAME=PA2|PINCONGLOMERATE=58|PINLENGTH=20|
RECORD=41|LINENO=  51|OWNERPARTID=   0|OWNERINDEX=  50|FONTID=1|ISHIDDEN=T|LOCATION.X=510|LOCATION.Y=580|NAME=PinUniqueId|TEXT=GKBKCUJH|UNIQUEID=RLGBYFAB|
RECORD= 2|LINENO=  52|OWNERPARTID=   2|OWNERINDEX=  28|DESCRIPTION=PA3/USART2_RX,TIM2_CH4,TIM15_CH2,TSC_G1_IO4/ADC_IN3,COMP2_INP|DESIGNATOR=13|ELECTRICAL=1|FORMALTYPE=1|LOCATION.X=510|LOCATION.Y=570|NAME=PA3|PINCONGLOMERATE=58|PINLENGTH=20|
RECORD=41|LINENO=  53|OWNERPARTID=   0|OWNERINDEX=  52|FONTID=1|ISHIDDEN=T|LOCATION.X=510|LOCATION.Y=570|NAME=PinUniqueId|TEXT=LLROSTJQ|UNIQUEID=SDNHIMBR|
RECORD= 2|LINENO=  54|OWNERPARTID=   2|OWNERINDEX=  28|DESCRIPTION=PA4/SPI1_NSS/I2S1_WS,USART2_CK,TIM14_CH1,TSC_G2_IO1/ADC_IN4,COMP1_INM4,COMP2_INM4,DAC1_OUT|DESIGNATOR=14|ELECTRICAL=1|FORMALTYPE=1|LOCATION.X=510|LOCATION.Y=560|NAME=PA4|PINCONGLOMERATE=58|PINLENGTH=20|
RECORD=41|LINENO=  55|OWNERPARTID=   0|OWNERINDEX=  54|FONTID=1|ISHIDDEN=T|LOCATION.X=510|LOCATION.Y=560|NAME=PinUniqueId|TEXT=ACWWNQIU|UNIQUEID=IGACMQBH|
RECORD= 2|LINENO=  56|OWNERPARTID=   2|OWNERINDEX=  28|DESCRIPTION=PA5/SPI1_SCK/I2S1_CK,CEC,TIM2_CH1_ETR,TSC_G2_IO2/ADC_IN5,COMP1_INM5,COMP2_INM5|DESIGNATOR=15|ELECTRICAL=1|FORMALTYPE=1|LOCATION.X=510|LOCATION.Y=550|NAME=PA5|PINCONGLOMERATE=58|PINLENGTH=20|
RECORD=41|LINENO=  57|OWNERPARTID=   0|OWNERINDEX=  56|FONTID=1|ISHIDDEN=T|LOCATION.X=510|LOCATION.Y=550|NAME=PinUniqueId|TEXT=RDWWJKJF|UNIQUEID=CQJBSTIB|
RECORD= 2|LINENO=  58|OWNERPARTID=   2|OWNERINDEX=  28|DESCRIPTION=PA6/SPI1_MISO/I2S1_MCK,TIM3_CH1,TIM1_BKIN,TIM16_CH1,COMP1_OUT,TSC_G2_IO3,EVENTOUT/ADC_IN6|DESIGNATOR=16|ELECTRICAL=1|FORMALTYPE=1|LOCATION.X=510|LOCATION.Y=540|NAME=PA6|PINCONGLOMERATE=58|PINLENGTH=20|
RECORD=41|LINENO=  59|OWNERPARTID=   0|OWNERINDEX=  58|FONTID=1|ISHIDDEN=T|LOCATION.X=510|LOCATION.Y=540|NAME=PinUniqueId|TEXT=PSTKEORO|UNIQUEID=LMCGQPQS|
RECORD= 2|LINENO=  60|OWNERPARTID=   2|OWNERINDEX=  28|DESCRIPTION=PA7/SPI1_MOSI/I2S1_SD,TIM3_CH2,TIM14_CH1,TIM1_CH1N,TIM17_CH1,COMP2_OUT,TSC_G2_IO4,EVENTOUT/ADC_IN7|DESIGNATOR=17|ELECTRICAL=1|FORMALTYPE=1|LOCATION.X=510|LOCATION.Y=530|NAME=PA7|PINCONGLOMERATE=58|PINLENGTH=20|
RECORD=41|LINENO=  61|OWNERPARTID=   0|OWNERINDEX=  60|FONTID=1|ISHIDDEN=T|LOCATION.X=510|LOCATION.Y=530|NAME=PinUniqueId|TEXT=VUNSBRAP|UNIQUEID=DECCJSEH|
RECORD= 2|LINENO=  62|OWNERPARTID=   2|OWNERINDEX=  28|DESCRIPTION=PB0/TIM3_CH3,TIM1_CH2N,TSC_G3_IO2,EVENTOUT/ADC_IN8|DESIGNATOR=18|ELECTRICAL=1|FORMALTYPE=1|LOCATION.X=630|LOCATION.Y=580|NAME=PB0|PINCONGLOMERATE=56|PINLENGTH=20|
RECORD=41|LINENO=  63|OWNERPARTID=   0|OWNERINDEX=  62|FONTID=1|ISHIDDEN=T|LOCATION.X=630|LOCATION.Y=580|NAME=PinUniqueId|TEXT=KECVMEHB|UNIQUEID=IIKDDXPA|
RECORD= 2|LINENO=  64|OWNERPARTID=   2|OWNERINDEX=  28|DESCRIPTION=PB1/TIM3_CH4,TIM14_CH1,TIM1_CH3N,TSC_G3_IO3/ADC_IN9|DESIGNATOR=19|ELECTRICAL=1|FORMALTYPE=1|LOCATION.X=630|LOCATION.Y=570|NAME=PB1|PINCONGLOMERATE=56|PINLENGTH=20|
RECORD=41|LINENO=  65|OWNERPARTID=   0|OWNERINDEX=  64|FONTID=1|ISHIDDEN=T|LOCATION.X=630|LOCATION.Y=570|NAME=PinUniqueId|TEXT=AMJGLGJA|UNIQUEID=TWNDEHVJ|
RECORD= 2|LINENO=  66|OWNERPARTID=   2|OWNERINDEX=  28|DESCRIPTION=PB2/TSC_G3_IO4|DESIGNATOR=20|ELECTRICAL=1|FORMALTYPE=1|LOCATION.X=630|LOCATION.Y=560|NAME=PB2|PINCONGLOMERATE=56|PINLENGTH=20|
RECORD=41|LINENO=  67|OWNERPARTID=   0|OWNERINDEX=  66|FONTID=1|ISHIDDEN=T|LOCATION.X=630|LOCATION.Y=560|NAME=PinUniqueId|TEXT=JVTYXNQS|UNIQUEID=MCRFCTWI|
RECORD= 2|LINENO=  68|OWNERPARTID=   2|OWNERINDEX=  28|DESCRIPTION=PB10/I2C2_SCL,CEC,TIM2_CH3,TSC_SYNC|DESIGNATOR=21|ELECTRICAL=1|FORMALTYPE=1|LOCATION.X=510|LOCATION.Y=490|NAME=PB10|PINCONGLOMERATE=58|PINLENGTH=20|
RECORD=41|LINENO=  69|OWNERPARTID=   0|OWNERINDEX=  68|FONTID=1|ISHIDDEN=T|LOCATION.X=510|LOCATION.Y=490|NAME=PinUniqueId|TEXT=WNBTWLWF|UNIQUEID=KSSQFOUG|
RECORD= 2|LINENO=  70|OWNERPARTID=   2|OWNERINDEX=  28|DESCRIPTION=PB11/I2C2_SDA,TIM2_CH4,TSC_G6_IO1,EVENTOUT|DESIGNATOR=22|ELECTRICAL=1|FORMALTYPE=1|LOCATION.X=510|LOCATION.Y=480|NAME=PB11|PINCONGLOMERATE=58|PINLENGTH=20|
RECORD=41|LINENO=  71|OWNERPARTID=   0|OWNERINDEX=  70|FONTID=1|ISHIDDEN=T|LOCATION.X=510|LOCATION.Y=480|NAME=PinUniqueId|TEXT=FGXVAPFC|UNIQUEID=VGDKPNNF|
RECORD= 2|LINENO=  72|OWNERPARTID=   2|OWNERINDEX=  28|DESCRIPTION=PB12/SPI2_NSS,TIM1_BKIN,TSC_G6_IO2,EVENTOUT|DESIGNATOR=25|ELECTRICAL=1|FORMALTYPE=1|LOCATION.X=510|LOCATION.Y=470|NAME=PB12|PINCONGLOMERATE=58|PINLENGTH=20|
RECORD=41|LINENO=  73|OWNERPARTID=   0|OWNERINDEX=  72|FONTID=1|ISHIDDEN=T|LOCATION.X=510|LOCATION.Y=470|NAME=PinUniqueId|TEXT=VJJVBWSP|UNIQUEID=UEMCBWJE|
RECORD= 2|LINENO=  74|OWNERPARTID=   2|OWNERINDEX=  28|DESCRIPTION=PB13/SPI2_SCK,TIM1_CH1N,TSC_G6_IO3|DESIGNATOR=26|ELECTRICAL=1|FORMALTYPE=1|LOCATION.X=510|LOCATION.Y=460|NAME=PB13|PINCONGLOMERATE=58|PINLENGTH=20|
RECORD=41|LINENO=  75|OWNERPARTID=   0|OWNERINDEX=  74|FONTID=1|ISHIDDEN=T|LOCATION.X=510|LOCATION.Y=460|NAME=PinUniqueId|TEXT=DVBYGEXB|UNIQUEID=XHCLTSIM|
RECORD= 2|LINENO=  76|OWNERPARTID=   2|OWNERINDEX=  28|DESCRIPTION=PB14/SPI2_MISO,TIM1_CH2N,TIM15_CH1,TSC_G6_IO4|DESIGNATOR=27|ELECTRICAL=1|FORMALTYPE=1|LOCATION.X=510|LOCATION.Y=450|NAME=PB14|PINCONGLOMERATE=58|PINLENGTH=20|
RECORD=41|LINENO=  77|OWNERPARTID=   0|OWNERINDEX=  76|FONTID=1|ISHIDDEN=T|LOCATION.X=510|LOCATION.Y=450|NAME=PinUniqueId|TEXT=TFWOCGHO|UNIQUEID=MECMWRJC|
RECORD= 2|LINENO=  78|OWNERPARTID=   2|OWNERINDEX=  28|DESCRIPTION=PB15/SPI2_MOSI,TIM1_CH3N,TIM15_CH1N,TIM15_CH2/RTC_REFIN|DESIGNATOR=28|ELECTRICAL=1|FORMALTYPE=1|LOCATION.X=510|LOCATION.Y=440|NAME=PB15|PINCONGLOMERATE=58|PINLENGTH=20|
RECORD=41|LINENO=  79|OWNERPARTID=   0|OWNERINDEX=  78|FONTID=1|ISHIDDEN=T|LOCATION.X=510|LOCATION.Y=440|NAME=PinUniqueId|TEXT=XTOGWGRA|UNIQUEID=CPSFWVJD|
RECORD= 2|LINENO=  80|OWNERPARTID=   2|OWNERINDEX=  28|DESCRIPTION=PA8/USART1_CK,TIM1_CH1,EVENTOUT,MCO|DESIGNATOR=29|ELECTRICAL=1|FORMALTYPE=1|LOCATION.X=630|LOCATION.Y=670|NAME=PA8|PINCONGLOMERATE=56|PINLENGTH=20|
RECORD=41|LINENO=  81|OWNERPARTID=   0|OWNERINDEX=  80|FONTID=1|ISHIDDEN=T|LOCATION.X=630|LOCATION.Y=670|NAME=PinUniqueId|TEXT=APGRMALM|UNIQUEID=YDCURLYG|
RECORD= 2|LINENO=  82|OWNERPARTID=   2|OWNERINDEX=  28|DESCRIPTION=PA9/USART1_TX,TIM1_CH2,TIM15_BKIN,TSC_G4_IO1|DESIGNATOR=30|ELECTRICAL=1|FORMALTYPE=1|LOCATION.X=630|LOCATION.Y=660|NAME=PA9|PINCONGLOMERATE=56|PINLENGTH=20|
RECORD=41|LINENO=  83|OWNERPARTID=   0|OWNERINDEX=  82|FONTID=1|ISHIDDEN=T|LOCATION.X=630|LOCATION.Y=660|NAME=PinUniqueId|TEXT=THGMBBQX|UNIQUEID=PPVJQPYL|
RECORD= 2|LINENO=  84|OWNERPARTID=   2|OWNERINDEX=  28|DESCRIPTION=PA10/USART1_RX,TIM1_CH3,TIM17_BKIN,TSC_G4_IO2|DESIGNATOR=31|ELECTRICAL=1|FORMALTYPE=1|LOCATION.X=630|LOCATION.Y=650|NAME=PA10|PINCONGLOMERATE=56|PINLENGTH=20|
RECORD=41|LINENO=  85|OWNERPARTID=   0|OWNERINDEX=  84|FONTID=1|ISHIDDEN=T|LOCATION.X=630|LOCATION.Y=650|NAME=PinUniqueId|TEXT=JISTAWGD|UNIQUEID=QVVKLODK|
RECORD= 2|LINENO=  86|OWNERPARTID=   2|OWNERINDEX=  28|DESCRIPTION=PA11/USART1_CTS,TIM1_CH4,COMP1_OUT,TSC_G4_IO3,EVENTOUT|DESIGNATOR=32|ELECTRICAL=1|FORMALTYPE=1|LOCATION.X=630|LOCATION.Y=640|NAME=PA11|PINCONGLOMERATE=56|PINLENGTH=20|
RECORD=41|LINENO=  87|OWNERPARTID=   0|OWNERINDEX=  86|FONTID=1|ISHIDDEN=T|LOCATION.X=630|LOCATION.Y=640|NAME=PinUniqueId|TEXT=JRRLRKTU|UNIQUEID=YKJPKMBP|
RECORD= 2|LINENO=  88|OWNERPARTID=   2|OWNERINDEX=  28|DESCRIPTION=PA12/USART1_RTS,TIM1_ETR,COMP2_OUT,TSC_G4_IO4,EVENTOUT|DESIGNATOR=33|ELECTRICAL=1|FORMALTYPE=1|LOCATION.X=630|LOCATION.Y=630|NAME=PA12|PINCONGLOMERATE=56|PINLENGTH=20|
RECORD=41|LINENO=  89|OWNERPARTID=   0|OWNERINDEX=  88|FONTID=1|ISHIDDEN=T|LOCATION.X=630|LOCATION.Y=630|NAME=PinUniqueId|TEXT=AVPMQVGP|UNIQUEID=IKIMHNNN|
RECORD= 2|LINENO=  90|OWNERPARTID=   2|OWNERINDEX=  28|DESCRIPTION=PA13(SWDAT)/IR_OUT,SWDAT|DESIGNATOR=34|ELECTRICAL=1|FORMALTYPE=1|LOCATION.X=630|LOCATION.Y=620|NAME=PA13(SWDAT)|PINCONGLOMERATE=56|PINLENGTH=20|
RECORD=41|LINENO=  91|OWNERPARTID=   0|OWNERINDEX=  90|FONTID=1|ISHIDDEN=T|LOCATION.X=630|LOCATION.Y=620|NAME=PinUniqueId|TEXT=NWRXJTGO|UNIQUEID=BCFHFYCC|
RECORD= 2|LINENO=  92|OWNERPARTID=   2|OWNERINDEX=  28|DESCRIPTION=PF6/I2C2_SCL|DESIGNATOR=35|ELECTRICAL=1|FORMALTYPE=1|LOCATION.X=510|LOCATION.Y=360|NAME=PF6|PINCONGLOMERATE=58|PINLENGTH=20|
RECORD=41|LINENO=  93|OWNERPARTID=   0|OWNERINDEX=  92|FONTID=1|ISHIDDEN=T|LOCATION.X=510|LOCATION.Y=360|NAME=PinUniqueId|TEXT=KENQOPWT|UNIQUEID=GDSOUMCA|
RECORD= 2|LINENO=  94|OWNERPARTID=   2|OWNERINDEX=  28|DESCRIPTION=PF7/I2C2_SDA|DESIGNATOR=36|ELECTRICAL=1|FORMALTYPE=1|LOCATION.X=510|LOCATION.Y=350|NAME=PF7|PINCONGLOMERATE=58|PINLENGTH=20|
RECORD=41|LINENO=  95|OWNERPARTID=   0|OWNERINDEX=  94|FONTID=1|ISHIDDEN=T|LOCATION.X=510|LOCATION.Y=350|NAME=PinUniqueId|TEXT=ODQCGNWM|UNIQUEID=EHTPCHSC|
RECORD= 2|LINENO=  96|OWNERPARTID=   2|OWNERINDEX=  28|DESCRIPTION=PA14(SWCLK)/USART2_TX,SWCLK|DESIGNATOR=37|ELECTRICAL=1|FORMALTYPE=1|LOCATION.X=630|LOCATION.Y=610|NAME=PA14(SWCLK)|PINCONGLOMERATE=56|PINLENGTH=20|
RECORD=41|LINENO=  97|OWNERPARTID=   0|OWNERINDEX=  96|FONTID=1|ISHIDDEN=T|LOCATION.X=630|LOCATION.Y=610|NAME=PinUniqueId|TEXT=FNDPYIXJ|UNIQUEID=EOGVCNTD|
RECORD= 2|LINENO=  98|OWNERPARTID=   2|OWNERINDEX=  28|DESCRIPTION=PA15/SPI1_NSS/I2S1_WS,USART2_RX,TIM2_CH1_ETR,EVENTOUT|DESIGNATOR=38|ELECTRICAL=1|FORMALTYPE=1|LOCATION.X=630|LOCATION.Y=600|NAME=PA15|PINCONGLOMERATE=56|PINLENGTH=20|
RECORD=41|LINENO=  99|OWNERPARTID=   0|OWNERINDEX=  98|FONTID=1|ISHIDDEN=T|LOCATION.X=630|LOCATION.Y=600|NAME=PinUniqueId|TEXT=VTFSCBPF|UNIQUEID=MJWJGNJA|
RECORD= 2|LINENO= 100|OWNERPARTID=   2|OWNERINDEX=  28|DESCRIPTION=PB3/SPI1_SCK/I2S1_CK,TIM2_CH2,TSC_G5_IO1,EVENTOUT|DESIGNATOR=39|ELECTRICAL=1|FORMALTYPE=1|LOCATION.X=630|LOCATION.Y=550|NAME=PB3|PINCONGLOMERATE=56|PINLENGTH=20|
RECORD=41|LINENO= 101|OWNERPARTID=   0|OWNERINDEX= 100|FONTID=1|ISHIDDEN=T|LOCATION.X=630|LOCATION.Y=550|NAME=PinUniqueId|TEXT=HWHGDJAY|UNIQUEID=VKQRXKFR|
RECORD= 2|LINENO= 102|OWNERPARTID=   2|OWNERINDEX=  28|DESCRIPTION=PB4/SPI1_MISO/I2S1_MCK,TIM3_CH1,TSC_G5_IO2,EVENTOUT|DESIGNATOR=40|ELECTRICAL=1|FORMALTYPE=1|LOCATION.X=630|LOCATION.Y=540|NAME=PB4|PINCONGLOMERATE=56|PINLENGTH=20|
RECORD=41|LINENO= 103|OWNERPARTID=   0|OWNERINDEX= 102|FONTID=1|ISHIDDEN=T|LOCATION.X=630|LOCATION.Y=540|NAME=PinUniqueId|TEXT=XRLDEBVB|UNIQUEID=AGGDGKAT|
RECORD= 2|LINENO= 104|OWNERPARTID=   2|OWNERINDEX=  28|DESCRIPTION=PB5/SPI1_MOSI,I2S1_SD,I2C1_SMBA,TIM16_BKIN,TIM3_CH2|DESIGNATOR=41|ELECTRICAL=1|FORMALTYPE=1|LOCATION.X=630|LOCATION.Y=530|NAME=PB5|PINCONGLOMERATE=56|PINLENGTH=20|
RECORD=41|LINENO= 105|OWNERPARTID=   0|OWNERINDEX= 104|FONTID=1|ISHIDDEN=T|LOCATION.X=630|LOCATION.Y=530|NAME=PinUniqueId|TEXT=QXRFIXAP|UNIQUEID=XJBYEOIG|
RECORD= 2|LINENO= 106|OWNERPARTID=   2|OWNERINDEX=  28|DESCRIPTION=PB6/I2C1_SCL,USART1_TX,TIM16_CH1N,TSC_G5_IO3|DESIGNATOR=42|ELECTRICAL=1|FORMALTYPE=1|LOCATION.X=630|LOCATION.Y=520|NAME=PB6|PINCONGLOMERATE=56|PINLENGTH=20|
RECORD=41|LINENO= 107|OWNERPARTID=   0|OWNERINDEX= 106|FONTID=1|ISHIDDEN=T|LOCATION.X=630|LOCATION.Y=520|NAME=PinUniqueId|TEXT=LIMQFPYA|UNIQUEID=WMGTEITJ|
RECORD= 2|LINENO= 108|OWNERPARTID=   2|OWNERINDEX=  28|DESCRIPTION=PB7/I2C1_SDA,USART1_RX,TIM17_CH1N,TSC_G5_IO4|DESIGNATOR=43|ELECTRICAL=1|FORMALTYPE=1|LOCATION.X=630|LOCATION.Y=510|NAME=PB7|PINCONGLOMERATE=56|PINLENGTH=20|
RECORD=41|LINENO= 109|OWNERPARTID=   0|OWNERINDEX= 108|FONTID=1|ISHIDDEN=T|LOCATION.X=630|LOCATION.Y=510|NAME=PinUniqueId|TEXT=HLEFQQMO|UNIQUEID=IDNRRCFO|
RECORD= 2|LINENO= 110|OWNERPARTID=   2|OWNERINDEX=  28|DESCRIPTION=Boot memory selection|DESIGNATOR=44|FORMALTYPE=1|LOCATION.X=630|LOCATION.Y=480|NAME=BOOT0|PINCONGLOMERATE=56|PINLENGTH=20|
RECORD=41|LINENO= 111|OWNERPARTID=   0|OWNERINDEX= 110|FONTID=1|ISHIDDEN=T|LOCATION.X=630|LOCATION.Y=480|NAME=PinUniqueId|TEXT=AETOHOVH|UNIQUEID=OYQYSFSI|
RECORD= 2|LINENO= 112|OWNERPARTID=   2|OWNERINDEX=  28|DESCRIPTION=PB8/I2C1_SCL,CEC,TIM16_CH1,TSC_SYNC|DESIGNATOR=45|ELECTRICAL=1|FORMALTYPE=1|LOCATION.X=510|LOCATION.Y=510|NAME=PB8|PINCONGLOMERATE=58|PINLENGTH=20|
RECORD=41|LINENO= 113|OWNERPARTID=   0|OWNERINDEX= 112|FONTID=1|ISHIDDEN=T|LOCATION.X=510|LOCATION.Y=510|NAME=PinUniqueId|TEXT=FGGCEOBS|UNIQUEID=HKWGSOOF|
RECORD= 2|LINENO= 114|OWNERPARTID=   2|OWNERINDEX=  28|DESCRIPTION=PB9/I2C1_SDA,IR_OUT,TIM17_CH1,EVENTOUT|DESIGNATOR=46|ELECTRICAL=1|FORMALTYPE=1|LOCATION.X=510|LOCATION.Y=500|NAME=PB9|PINCONGLOMERATE=58|PINLENGTH=20|
RECORD=41|LINENO= 115|OWNERPARTID=   0|OWNERINDEX= 114|FONTID=1|ISHIDDEN=T|LOCATION.X=510|LOCATION.Y=500|NAME=PinUniqueId|TEXT=GKQOSJBD|UNIQUEID=XCFLRPOA|
RECORD= 2|LINENO= 116|OWNERPARTID=   2|OWNERINDEX=  28|DESCRIPTION=Backup power supply|DESIGNATOR=1|ELECTRICAL=7|FORMALTYPE=1|LOCATION.X=510|LOCATION.Y=620|NAME=VBAT|PINCONGLOMERATE=58|PINLENGTH=20|
RECORD=41|LINENO= 117|OWNERPARTID=   0|OWNERINDEX= 116|FONTID=1|ISHIDDEN=T|LOCATION.X=510|LOCATION.Y=620|NAME=PinUniqueId|TEXT=IQMAONXT|UNIQUEID=RRIYXDQU|
RECORD= 2|LINENO= 118|OWNERPARTID=   2|OWNERINDEX=  28|DESCRIPTION=Analog ground|DESIGNATOR=8|ELECTRICAL=7|FORMALTYPE=1|LOCATION.X=630|LOCATION.Y=390|NAME=VSSA|PINCONGLOMERATE=56|PINLENGTH=20|
RECORD=41|LINENO= 119|OWNERPARTID=   0|OWNERINDEX= 118|FONTID=1|ISHIDDEN=T|LOCATION.X=630|LOCATION.Y=390|NAME=PinUniqueId|TEXT=QTUSHSMD|UNIQUEID=ONLSTKDE|
RECORD= 2|LINENO= 120|OWNERPARTID=   2|OWNERINDEX=  28|DESCRIPTION=Analog power supply|DESIGNATOR=9|ELECTRICAL=7|FORMALTYPE=1|LOCATION.X=510|LOCATION.Y=640|NAME=VDDA|PINCONGLOMERATE=58|PINLENGTH=20|
RECORD=41|LINENO= 121|OWNERPARTID=   0|OWNERINDEX= 120|FONTID=1|ISHIDDEN=T|LOCATION.X=510|LOCATION.Y=640|NAME=PinUniqueId|TEXT=MJXSLXJK|UNIQUEID=CJCNTFSN|
RECORD= 2|LINENO= 122|OWNERPARTID=   2|OWNERINDEX=  28|DESCRIPTION=Ground|DESIGNATOR=23|ELECTRICAL=7|FORMALTYPE=1|LOCATION.X=630|LOCATION.Y=370|NAME=VSS|PINCONGLOMERATE=56|PINLENGTH=20|
RECORD=41|LINENO= 123|OWNERPARTID=   0|OWNERINDEX= 122|FONTID=1|ISHIDDEN=T|LOCATION.X=630|LOCATION.Y=370|NAME=PinUniqueId|TEXT=NCPRRGUO|UNIQUEID=WHHHCYIJ|
RECORD= 2|LINENO= 124|OWNERPARTID=   2|OWNERINDEX=  28|DESCRIPTION=Digital power supply|DESIGNATOR=24|ELECTRICAL=7|FORMALTYPE=1|LOCATION.X=510|LOCATION.Y=670|NAME=VDD|PINCONGLOMERATE=58|PINLENGTH=20|
RECORD=41|LINENO= 125|OWNERPARTID=   0|OWNERINDEX= 124|FONTID=1|ISHIDDEN=T|LOCATION.X=510|LOCATION.Y=670|NAME=PinUniqueId|TEXT=FCQSVOYL|UNIQUEID=CNDJLTXR|
RECORD= 2|LINENO= 126|OWNERPARTID=   2|OWNERINDEX=  28|DESCRIPTION=Ground|DESIGNATOR=47|ELECTRICAL=7|FORMALTYPE=1|LOCATION.X=630|LOCATION.Y=360|NAME=VSS|PINCONGLOMERATE=56|PINLENGTH=20|
RECORD=41|LINENO= 127|OWNERPARTID=   0|OWNERINDEX= 126|FONTID=1|ISHIDDEN=T|LOCATION.X=630|LOCATION.Y=360|NAME=PinUniqueId|TEXT=YAOBYGTI|UNIQUEID=KORBCWSJ|
RECORD= 2|LINENO= 128|OWNERPARTID=   2|OWNERINDEX=  28|DESCRIPTION=Digital power supply|DESIGNATOR=48|ELECTRICAL=7|FORMALTYPE=1|LOCATION.X=510|LOCATION.Y=660|NAME=VDD|PINCONGLOMERATE=58|PINLENGTH=20|
RECORD=41|LINENO= 129|OWNERPARTID=   0|OWNERINDEX= 128|FONTID=1|ISHIDDEN=T|LOCATION.X=510|LOCATION.Y=660|NAME=PinUniqueId|TEXT=VCBJPEGY|UNIQUEID=JYYCIXVV|
RECORD= 2|LINENO= 130|OWNERPARTID=   2|OWNERINDEX=  28|DESCRIPTION=Grounded Thermal Pad|DESIGNATOR=49|ELECTRICAL=7|FORMALTYPE=1|LOCATION.X=630|LOCATION.Y=350|NAME=VSS|PINCONGLOMERATE=56|PINLENGTH=20|
RECORD=41|LINENO= 131|OWNERPARTID=   0|OWNERINDEX= 130|FONTID=1|ISHIDDEN=T|LOCATION.X=630|LOCATION.Y=350|NAME=PinUniqueId|TEXT=USUHCGSJ|UNIQUEID=WSNAAECO|
RECORD=34|LINENO= 132|OWNERPARTID=   0|OWNERINDEX=  28|FONTID=1|LOCATION.X=510|LOCATION.Y=680|NAME=Designator|TEXT=U1|UNIQUEID=UUOCIKVX|
RECORD=41|LINENO= 133|OWNERPARTID=   0|OWNERINDEX=  28|FONTID=1|LOCATION.X=510|LOCATION.Y=330|NAME=Comment|TEXT=STM32F051C8U6|UNIQUEID=GJBWIXSS|
RECORD=44|LINENO= 134|OWNERPARTID= -42|OWNERINDEX=  28|
RECORD=45|LINENO= 135|OWNERPARTID= -42|OWNERINDEX= 134|DATAFILECOUNT=1|DESCRIPTION=QFN, 48-Leads, Body 7,00x7,00mm, Pitch 0,50mm, Thermal Pad 5,60x5,60mm, IPC High Density|ISCURRENT=T|MODELDATAFILE0=SBComponentsFootprints.PcbLib|MODELDATAFILEENTITY0=QFN50P700X700X60_HS-49L|MODELDATAFILEKIND0=PCBLib|MODELNAME=QFN50P700X700X60_HS-49L|MODELTYPE=PCBLIB|UNIQUEID=QJDTTKME|
RECORD=46|LINENO= 136|OWNERPARTID= -42|OWNERINDEX= 135|
RECORD=48|LINENO= 137|OWNERPARTID= -42|OWNERINDEX= 135|
RECORD=17|LINENO= 138|OWNERPARTID=   0|OWNERINDEX= -42|FONTID=2|LOCATION.X=650|LOCATION.Y=350|ORIENTATION=3|SHOWNETNAME=T|STYLE=4|TEXT=GND|UNIQUEID=OPLGOXVO|
RECORD=17|LINENO= 139|OWNERPARTID=   0|OWNERINDEX= -42|FONTID=2|LOCATION.X=480|LOCATION.Y=670|ORIENTATION=1|SHOWNETNAME=T|STYLE=2|TEXT=+3.3V|UNIQUEID=OVPCFEWD|
RECORD=25|LINENO= 140|OWNERPARTID=   0|OWNERINDEX= -42|FONTID=1|LOCATION.X=345|LOCATION.Y=485|TEXT=I2C|UNIQUEID=LSYQLPOR|
RECORD=17|LINENO= 141|OWNERPARTID=   0|OWNERINDEX= -42|FONTID=2|LOCATION.X=180|LOCATION.Y=700|ORIENTATION=1|SHOWNETNAME=T|STYLE=2|TEXT=+3.3V|UNIQUEID=KBVXDEAH|
RECORD= 1|LINENO= 142|OWNERPARTID=   0|OWNERINDEX= -42|%UTF8%COMPONENTDESCRIPTION=10nF 0402 X7R 25V Â±5%|AREACOLOR=11599871|COMPONENTDESCRIPTION=10nF 0402 X7R 25V ±5%|CURRENTPARTID=1|DESIGNITEMID=10nF|DISPLAYMODECOUNT=1|LIBRARYPATH=*|LIBREFERENCE=10nF|LOCATION.X=40|LOCATION.Y=685|ORIENTATION=1|PARTCOUNT=2|PARTIDLOCKED=T|SOURCELIBRARYNAME=SBComponentsSchematics.SchLib|TARGETFILENAME=*|UNIQUEID=PAJCGVCE|
RECORD=41|LINENO= 143|OWNERPARTID=   0|OWNERINDEX= 142|FONTID=1|ISHIDDEN=T|LOCATION.X=20|LOCATION.Y=700|NAME=Supplier 1|TEXT=Farnell|UNIQUEID=BIREFJFW|
RECORD=41|LINENO= 144|OWNERPARTID=   0|OWNERINDEX= 142|FONTID=1|ISHIDDEN=T|LOCATION.X=20|LOCATION.Y=700|NAME=Supplier Part Number 1|TEXT=1692285|UNIQUEID=JBFEPCCY|
RECORD=41|LINENO= 145|OWNERPARTID=   0|OWNERINDEX= 142|FONTID=1|ISHIDDEN=T|LOCATION.X=20|LOCATION.Y=700|NAME=Supplier 2|TEXT=Digi-Key|UNIQUEID=ULUSEXNI|
RECORD=41|LINENO= 146|OWNERPARTID=   0|OWNERINDEX= 142|FONTID=1|ISHIDDEN=T|LOCATION.X=20|LOCATION.Y=700|NAME=Supplier Part Number 2|TEXT=399-1279-1-ND|UNIQUEID=HTCCJDHG|
RECORD=41|LINENO= 147|OWNERPARTID=   0|OWNERINDEX= 142|FONTID=1|LOCATION.X=49|LOCATION.Y=671|NAME=Value|TEXT=10nF|UNIQUEID=TWVIKDKV|
RECORD= 2|LINENO= 148|OWNERPARTID=   2|OWNERINDEX= 142|DESIGNATOR=1|ELECTRICAL=4|FORMALTYPE=1|LOCATION.X=40|LOCATION.Y=680|NAME=1|PINCONGLOMERATE=35|PINLENGTH=10|
RECORD=41|LINENO= 149|OWNERPARTID=   0|OWNERINDEX= 148|FONTID=1|ISHIDDEN=T|LOCATION.X=40|LOCATION.Y=680|NAME=PinUniqueId|TEXT=FDSKKFDB|UNIQUEID=YDDYXDGR|
RECORD= 2|LINENO= 150|OWNERPARTID=   2|OWNERINDEX= 142|DESIGNATOR=2|ELECTRICAL=4|FORMALTYPE=1|LOCATION.X=40|LOCATION.Y=690|NAME=2|PINCONGLOMERATE=33|PINLENGTH=10|
RECORD=41|LINENO= 151|OWNERPARTID=   0|OWNERINDEX= 150|FONTID=1|ISHIDDEN=T|LOCATION.X=40|LOCATION.Y=690|NAME=PinUniqueId|TEXT=MRJPDERY|UNIQUEID=JFAJVWJO|
RECORD=13|LINENO= 152|OWNERPARTID=   2|OWNERINDEX= 142|CORNER.X=48|CORNER.Y=687|LINEWIDTH=1|LOCATION.X=32|LOCATION.Y=687|
RECORD=13|LINENO= 153|OWNERPARTID=   2|OWNERINDEX= 142|CORNER.X=32|CORNER.Y=683|LINEWIDTH=1|LOCATION.X=48|LOCATION.Y=683|
RECORD= 6|LINENO= 154|OWNERPARTID=   2|OWNERINDEX= 142|LINEWIDTH=1|LOCATIONCOUNT=2|X1=40|X2=40|Y1=680|Y2=683|
RECORD= 6|LINENO= 155|OWNERPARTID=   2|OWNERINDEX= 142|LINEWIDTH=1|LOCATIONCOUNT=2|X1=40|X2=40|Y1=690|Y2=687|
RECORD=34|LINENO= 156|OWNERPARTID=   0|OWNERINDEX= 142|FONTID=1|LOCATION.X=49|LOCATION.Y=681|NAME=Designator|TEXT=C1|
RECORD=41|LINENO= 157|OWNERPARTID=   0|OWNERINDEX= 142|FONTID=1|ISHIDDEN=T|LOCATION.X=31|LOCATION.Y=702|NAME=Comment|TEXT=10nF|UNIQUEID=HKHIBSBF|
RECORD=44|LINENO= 158|OWNERPARTID= -42|OWNERINDEX= 142|
RECORD=45|LINENO= 159|OWNERPARTID= -42|OWNERINDEX= 158|DATAFILECOUNT=1|DESCRIPTION=Chip Body 1.0 x 0.5 mm (LxW typ)|ISCURRENT=T|MODELDATAFILE0=SBComponentsFootprints.PcbLib|MODELDATAFILEENTITY0=0402|MODELDATAFILEKIND0=PCBLib|MODELNAME=0402|MODELTYPE=PCBLIB|UNIQUEID=AXUJSWTJ|
RECORD=46|LINENO= 160|OWNERPARTID= -42|OWNERINDEX= 159|
RECORD=48|LINENO= 161|OWNERPARTID= -42|OWNERINDEX= 159|
RECORD=17|LINENO= 162|OWNERPARTID=   0|OWNERINDEX= -42|FONTID=2|LOCATION.X=180|LOCATION.Y=670|ORIENTATION=3|SHOWNETNAME=T|STYLE=4|TEXT=GND|UNIQUEID=VSKLXHRQ|
RECORD= 4|LINENO= 163|OWNERPARTID=   0|OWNERINDEX= -42|FONTID=4|LOCATION.X=40|LOCATION.Y=620|TEXT=for VDDA|
RECORD= 1|LINENO= 164|OWNERPARTID=   0|OWNERINDEX= -42|%UTF8%COMPONENTDESCRIPTION=1uF 0603 X5R 10V Â±10%|AREACOLOR=11599871|COMPONENTDESCRIPTION=1uF 0603 X5R 10V ±10%|CURRENTPARTID=1|DESIGNITEMID=1uF|DISPLAYMODECOUNT=1|LIBRARYPATH=*|LIBREFERENCE=1uF|LOCATION.X=80|LOCATION.Y=685|ORIENTATION=1|PARTCOUNT=2|PARTIDLOCKED=T|SOURCELIBRARYNAME=SBComponentsSchematics.SchLib|TARGETFILENAME=*|UNIQUEID=VGVBKODI|
RECORD=41|LINENO= 165|OWNERPARTID=   0|OWNERINDEX= 164|FONTID=1|ISHIDDEN=T|LOCATION.X=60|LOCATION.Y=700|NAME=Supplier 1|TEXT=Farnell|UNIQUEID=QUOFQNLF|
RECORD=41|LINENO= 166|OWNERPARTID=   0|OWNERINDEX= 164|FONTID=1|ISHIDDEN=T|LOCATION.X=60|LOCATION.Y=700|NAME=Supplier Part Number 1|TEXT=1759399|UNIQUEID=NOONKDMP|
RECORD=41|LINENO= 167|OWNERPARTID=   0|OWNERINDEX= 164|FONTID=1|ISHIDDEN=T|LOCATION.X=60|LOCATION.Y=700|NAME=Supplier 2|TEXT=Digi-Key|UNIQUEID=SGPXSBTH|
RECORD=41|LINENO= 168|OWNERPARTID=   0|OWNERINDEX= 164|FONTID=1|ISHIDDEN=T|LOCATION.X=60|LOCATION.Y=700|NAME=Supplier Part Number 2|TEXT=478-1251-1-ND|UNIQUEID=OFMGNOQI|
RECORD=41|LINENO= 169|OWNERPARTID=   0|OWNERINDEX= 164|FONTID=1|LOCATION.X=89|LOCATION.Y=671|NAME=Value|TEXT=1uF|UNIQUEID=IXLYMMPK|
RECORD= 2|LINENO= 170|OWNERPARTID=   2|OWNERINDEX= 164|DESIGNATOR=1|ELECTRICAL=4|FORMALTYPE=1|LOCATION.X=80|LOCATION.Y=680|NAME=1|PINCONGLOMERATE=35|PINLENGTH=10|
RECORD=41|LINENO= 171|OWNERPARTID=   0|OWNERINDEX= 170|FONTID=1|ISHIDDEN=T|LOCATION.X=80|LOCATION.Y=680|NAME=PinUniqueId|TEXT=NQIQDSSR|UNIQUEID=LXBMIWTY|
RECORD= 2|LINENO= 172|OWNERPARTID=   2|OWNERINDEX= 164|DESIGNATOR=2|ELECTRICAL=4|FORMALTYPE=1|LOCATION.X=80|LOCATION.Y=690|NAME=2|PINCONGLOMERATE=33|PINLENGTH=10|
RECORD=41|LINENO= 173|OWNERPARTID=   0|OWNERINDEX= 172|FONTID=1|ISHIDDEN=T|LOCATION.X=80|LOCATION.Y=690|NAME=PinUniqueId|TEXT=GLASVYPD|UNIQUEID=PNPGQICJ|
RECORD=13|LINENO= 174|OWNERPARTID=   2|OWNERINDEX= 164|CORNER.X=88|CORNER.Y=687|LINEWIDTH=1|LOCATION.X=72|LOCATION.Y=687|
RECORD=13|LINENO= 175|OWNERPARTID=   2|OWNERINDEX= 164|CORNER.X=72|CORNER.Y=683|LINEWIDTH=1|LOCATION.X=88|LOCATION.Y=683|
RECORD= 6|LINENO= 176|OWNERPARTID=   2|OWNERINDEX= 164|LINEWIDTH=1|LOCATIONCOUNT=2|X1=80|X2=80|Y1=680|Y2=683|
RECORD= 6|LINENO= 177|OWNERPARTID=   2|OWNERINDEX= 164|LINEWIDTH=1|LOCATIONCOUNT=2|X1=80|X2=80|Y1=690|Y2=687|
RECORD=34|LINENO= 178|OWNERPARTID=   0|OWNERINDEX= 164|FONTID=1|LOCATION.X=89|LOCATION.Y=681|NAME=Designator|TEXT=C2|
RECORD=41|LINENO= 179|OWNERPARTID=   0|OWNERINDEX= 164|FONTID=1|ISHIDDEN=T|LOCATION.X=71|LOCATION.Y=702|NAME=Comment|TEXT=1uF|UNIQUEID=WBJETVYE|
RECORD=44|LINENO= 180|OWNERPARTID= -42|OWNERINDEX= 164|
RECORD=45|LINENO= 181|OWNERPARTID= -42|OWNERINDEX= 180|DATAFILECOUNT=1|DESCRIPTION=Chip Body 1.6 x 0.8 mm (LxW typ)|ISCURRENT=T|MODELDATAFILE0=SBComponentsFootprints.PcbLib|MODELDATAFILEENTITY0=0603|MODELDATAFILEKIND0=PCBLib|MODELNAME=0603|MODELTYPE=PCBLIB|UNIQUEID=WYDPLCFW|
RECORD=46|LINENO= 182|OWNERPARTID= -42|OWNERINDEX= 181|
RECORD=48|LINENO= 183|OWNERPARTID= -42|OWNERINDEX= 181|
RECORD=17|LINENO= 184|OWNERPARTID=   0|OWNERINDEX= -42|FONTID=2|LOCATION.X=60|LOCATION.Y=700|ORIENTATION=1|SHOWNETNAME=T|STYLE=2|TEXT=+3.3V|UNIQUEID=YSTVYXXW|
RECORD=17|LINENO= 185|OWNERPARTID=   0|OWNERINDEX= -42|FONTID=2|LOCATION.X=60|LOCATION.Y=670|ORIENTATION=3|SHOWNETNAME=T|STYLE=4|TEXT=GND|UNIQUEID=FUROWNXD|
RECORD= 4|LINENO= 186|OWNERPARTID=   0|OWNERINDEX= -42|FONTID=4|LOCATION.X=160|LOCATION.Y=620|TEXT=for VDDs|
RECORD= 1|LINENO= 187|OWNERPARTID=   0|OWNERINDEX= -42|%UTF8%COMPONENTDESCRIPTION=4.7uF 0603 X5R 10V Â±10%|AREACOLOR=11599871|COMPONENTDESCRIPTION=4.7uF 0603 X5R 10V ±10%|CURRENTPARTID=1|DESIGNITEMID=4.7uF|DISPLAYMODECOUNT=1|LIBRARYPATH=*|LIBREFERENCE=4.7uF|LOCATION.X=140|LOCATION.Y=685|ORIENTATION=1|PARTCOUNT=2|PARTIDLOCKED=T|SOURCELIBRARYNAME=SBComponentsSchematics.SchLib|TARGETFILENAME=*|UNIQUEID=PHQCMVBT|
RECORD=41|LINENO= 188|OWNERPARTID=   0|OWNERINDEX= 187|FONTID=1|ISHIDDEN=T|LOCATION.X=120|LOCATION.Y=700|NAME=Supplier 1|TEXT=Farnell|UNIQUEID=FPLDSSVI|
RECORD=41|LINENO= 189|OWNERPARTID=   0|OWNERINDEX= 187|FONTID=1|ISHIDDEN=T|LOCATION.X=120|LOCATION.Y=700|NAME=Supplier Part Number 1|TEXT=2362098|UNIQUEID=FIMNKECL|
RECORD=41|LINENO= 190|OWNERPARTID=   0|OWNERINDEX= 187|FONTID=1|ISHIDDEN=T|LOCATION.X=120|LOCATION.Y=700|NAME=Supplier 2|TEXT=Digi-Key|UNIQUEID=VXBNJVKU|
RECORD=41|LINENO= 191|OWNERPARTID=   0|OWNERINDEX= 187|FONTID=1|ISHIDDEN=T|LOCATION.X=120|LOCATION.Y=700|NAME=Supplier Part Number 2|TEXT=445-5170-1-ND|UNIQUEID=VHTXTGBK|
RECORD=41|LINENO= 192|OWNERPARTID=   0|OWNERINDEX= 187|FONTID=1|LOCATION.X=149|LOCATION.Y=671|NAME=Value|TEXT=4.7uF|UNIQUEID=YYNAPYAP|
RECORD= 2|LINENO= 193|OWNERPARTID=   2|OWNERINDEX= 187|DESIGNATOR=1|ELECTRICAL=4|FORMALTYPE=1|LOCATION.X=140|LOCATION.Y=680|NAME=1|PINCONGLOMERATE=35|PINLENGTH=10|
RECORD=41|LINENO= 194|OWNERPARTID=   0|OWNERINDEX= 193|FONTID=1|ISHIDDEN=T|LOCATION.X=140|LOCATION.Y=680|NAME=PinUniqueId|TEXT=FUPQQPAC|UNIQUEID=AXOKDYQJ|
RECORD= 2|LINENO= 195|OWNERPARTID=   2|OWNERINDEX= 187|DESIGNATOR=2|ELECTRICAL=4|FORMALTYPE=1|LOCATION.X=140|LOCATION.Y=690|NAME=2|PINCONGLOMERATE=33|PINLENGTH=10|
RECORD=41|LINENO= 196|OWNERPARTID=   0|OWNERINDEX= 195|FONTID=1|ISHIDDEN=T|LOCATION.X=140|LOCATION.Y=690|NAME=PinUniqueId|TEXT=UNCBYSAW|UNIQUEID=EEOAQVGC|
RECORD=13|LINENO= 197|OWNERPARTID=   2|OWNERINDEX= 187|CORNER.X=148|CORNER.Y=687|LINEWIDTH=1|LOCATION.X=132|LOCATION.Y=687|
RECORD=13|LINENO= 198|OWNERPARTID=   2|OWNERINDEX= 187|CORNER.X=132|CORNER.Y=683|LINEWIDTH=1|LOCATION.X=148|LOCATION.Y=683|
RECORD= 6|LINENO= 199|OWNERPARTID=   2|OWNERINDEX= 187|LINEWIDTH=1|LOCATIONCOUNT=2|X1=140|X2=140|Y1=680|Y2=683|
RECORD= 6|LINENO= 200|OWNERPARTID=   2|OWNERINDEX= 187|LINEWIDTH=1|LOCATIONCOUNT=2|X1=140|X2=140|Y1=690|Y2=687|
RECORD=34|LINENO= 201|OWNERPARTID=   0|OWNERINDEX= 187|FONTID=1|LOCATION.X=149|LOCATION.Y=681|NAME=Designator|TEXT=C3|
RECORD=41|LINENO= 202|OWNERPARTID=   0|OWNERINDEX= 187|FONTID=1|ISHIDDEN=T|LOCATION.X=131|LOCATION.Y=702|NAME=Comment|TEXT=4.7uF|UNIQUEID=YJLAHRQM|
RECORD=44|LINENO= 203|OWNERPARTID= -42|OWNERINDEX= 187|
RECORD=45|LINENO= 204|OWNERPARTID= -42|OWNERINDEX= 203|DATAFILECOUNT=1|DESCRIPTION=Chip Body 1.6 x 0.8 mm (LxW typ)|ISCURRENT=T|MODELDATAFILE0=SBComponentsFootprints.PcbLib|MODELDATAFILEENTITY0=0603|MODELDATAFILEKIND0=PCBLib|MODELNAME=0603|MODELTYPE=PCBLIB|UNIQUEID=OOVLFPED|
RECORD=46|LINENO= 205|OWNERPARTID= -42|OWNERINDEX= 204|
RECORD=48|LINENO= 206|OWNERPARTID= -42|OWNERINDEX= 204|
RECORD=25|LINENO= 207|OWNERPARTID=   0|OWNERINDEX= -42|FONTID=1|LOCATION.X=660|LOCATION.Y=620|TEXT=SWDIO|UNIQUEID=VFANEULQ|
RECORD=25|LINENO= 208|OWNERPARTID=   0|OWNERINDEX= -42|FONTID=1|LOCATION.X=660|LOCATION.Y=610|TEXT=SWCLK|UNIQUEID=IKGYLGUP|
RECORD=25|LINENO= 209|OWNERPARTID=   0|OWNERINDEX= -42|FONTID=1|LOCATION.X=660|LOCATION.Y=490|TEXT=NRST|UNIQUEID=CDCUOGDK|
RECORD=25|LINENO= 210|OWNERPARTID=   0|OWNERINDEX= -42|FONTID=1|LOCATION.X=205|LOCATION.Y=540|TEXT=SWDIO|UNIQUEID=HLDHGVGQ|
RECORD=25|LINENO= 211|OWNERPARTID=   0|OWNERINDEX= -42|FONTID=1|LOCATION.X=205|LOCATION.Y=480|TEXT=SWCLK|UNIQUEID=JTLUSXLP|
RECORD=17|LINENO= 212|OWNERPARTID=   0|OWNERINDEX= -42|FONTID=2|LOCATION.X=120|LOCATION.Y=530|ORIENTATION=1|SHOWNETNAME=T|STYLE=2|TEXT=+3.3V|UNIQUEID=OAOSWFIO|
RECORD=17|LINENO= 213|OWNERPARTID=   0|OWNERINDEX= -42|FONTID=2|LOCATION.X=120|LOCATION.Y=480|ORIENTATION=3|SHOWNETNAME=T|STYLE=4|TEXT=GND|UNIQUEID=GVXHEJXN|
RECORD=25|LINENO= 214|OWNERPARTID=   0|OWNERINDEX= -42|FONTID=1|LOCATION.X=205|LOCATION.Y=510|TEXT=NRST|UNIQUEID=AXBMLAJL|
RECORD=25|LINENO= 215|OWNERPARTID=   0|OWNERINDEX= -42|FONTID=1|LOCATION.X=375|LOCATION.Y=545|TEXT=RADIO_SPI|UNIQUEID=WJTNQWIF|
RECORD=37|LINENO= 216|OWNERPARTID=   0|OWNERINDEX= -42|CORNER.X=730|CORNER.Y=660|LINEWIDTH=1|LOCATION.X=720|LOCATION.Y=650|
RECORD=37|LINENO= 217|OWNERPARTID=   0|OWNERINDEX= -42|CORNER.X=720|CORNER.Y=640|LINEWIDTH=1|LOCATION.X=730|LOCATION.Y=650|
RECORD=37|LINENO= 218|OWNERPARTID=   0|OWNERINDEX= -42|CORNER.X=720|CORNER.Y=660|LINEWIDTH=1|LOCATION.X=730|LOCATION.Y=670|
RECORD=25|LINENO= 219|OWNERPARTID=   0|OWNERINDEX= -42|FONTID=1|LOCATION.X=660|LOCATION.Y=650|TEXT=RGBLED1|UNIQUEID=TEEOGCJV|
RECORD=25|LINENO= 220|OWNERPARTID=   0|OWNERINDEX= -42|FONTID=1|LOCATION.X=660|LOCATION.Y=640|TEXT=RGBLED2|UNIQUEID=JOGDLHER|
RECORD=25|LINENO= 221|OWNERPARTID=   0|OWNERINDEX= -42|FONTID=1|LOCATION.X=660|LOCATION.Y=660|TEXT=RGBLED3|UNIQUEID=HVNGIEIY|
RECORD=25|LINENO= 222|OWNERPARTID=   0|OWNERINDEX= -42|FONTID=1|LOCATION.X=735|LOCATION.Y=670|TEXT=RGBLED[1..3]|UNIQUEID=RTIBPVLQ|
RECORD= 4|LINENO= 223|OWNERPARTID=   0|OWNERINDEX= -42|FONTID=3|LOCATION.X=145|LOCATION.Y=415|TEXT=SWD Connector|
RECORD=17|LINENO= 224|OWNERPARTID=   0|OWNERINDEX= -42|FONTID=2|LOCATION.X=110|LOCATION.Y=340|ORIENTATION=3|SHOWNETNAME=T|STYLE=4|TEXT=GND|UNIQUEID=ERPQNHTU|
RECORD=17|LINENO= 225|OWNERPARTID=   0|OWNERINDEX= -42|FONTID=2|LOCATION.X=160|LOCATION.Y=340|ORIENTATION=3|SHOWNETNAME=T|STYLE=4|TEXT=GND|UNIQUEID=TNITTTUJ|
RECORD= 4|LINENO= 226|OWNERPARTID=   0|OWNERINDEX= -42|FONTID=3|LOCATION.X=215|LOCATION.Y=280|TEXT=Crystal|
RECORD=25|LINENO= 227|OWNERPARTID=   0|OWNERINDEX= -42|FONTID=1|LOCATION.X=415|LOCATION.Y=380|TEXT=MCU_X1_16MHZ|UNIQUEID=AEBIBKUN|
RECORD= 1|LINENO= 228|OWNERPARTID=   0|OWNERINDEX= -42|%UTF8%COMPONENTDESCRIPTION=100K 0402 1/16W Â±1%|AREACOLOR=11599871|COMPONENTDESCRIPTION=100K 0402 1/16W ±1%|CURRENTPARTID=1|DESIGNITEMID=100K|DISPLAYMODECOUNT=1|LIBRARYPATH=*|LIBREFERENCE=100K|LOCATION.X=660|LOCATION.Y=450|ORIENTATION=1|PARTCOUNT=2|PARTIDLOCKED=T|SOURCELIBRARYNAME=SBComponentsSchematics.SchLib|TARGETFILENAME=*|UNIQUEID=GJMLCCSS|
RECORD=41|LINENO= 229|OWNERPARTID=   0|OWNERINDEX= 228|FONTID=1|ISHIDDEN=T|LOCATION.X=638|LOCATION.Y=465|NAME=Supplier 1|TEXT=Farnell|UNIQUEID=LCXSAFCH|
RECORD=41|LINENO= 230|OWNERPARTID=   0|OWNERINDEX= 228|FONTID=1|ISHIDDEN=T|LOCATION.X=638|LOCATION.Y=465|NAME=Supplier Part Number 1|TEXT=2072519|UNIQUEID=IKCEQGCO|
RECORD=41|LINENO= 231|OWNERPARTID=   0|OWNERINDEX= 228|FONTID=1|ISHIDDEN=T|LOCATION.X=638|LOCATION.Y=465|NAME=Supplier 2|TEXT=Digi-Key|UNIQUEID=DXXMXKGC|
RECORD=41|LINENO= 232|OWNERPARTID=   0|OWNERINDEX= 228|FONTID=1|ISHIDDEN=T|LOCATION.X=638|LOCATION.Y=465|NAME=Supplier Part Number 2|TEXT=541-100KLCT-ND|UNIQUEID=MIITSQBB|
RECORD=41|LINENO= 233|OWNERPARTID=   0|OWNERINDEX= 228|FONTID=1|LOCATION.X=664|LOCATION.Y=451|NAME=Value|TEXT=100K|UNIQUEID=ESXVRRGD|
RECORD= 2|LINENO= 234|OWNERPARTID=   2|OWNERINDEX= 228|DESIGNATOR=1|ELECTRICAL=4|FORMALTYPE=1|LOCATION.X=660|LOCATION.Y=440|NAME=1|PINCONGLOMERATE=35|PINLENGTH=10|
RECORD=41|LINENO= 235|OWNERPARTID=   0|OWNERINDEX= 234|FONTID=1|ISHIDDEN=T|LOCATION.X=660|LOCATION.Y=440|NAME=PinUniqueId|TEXT=UQPMJSHM|UNIQUEID=TYUSSCGS|
RECORD= 2|LINENO= 236|OWNERPARTID=   2|OWNERINDEX= 228|DESIGNATOR=2|ELECTRICAL=4|FORMALTYPE=1|LOCATION.X=660|LOCATION.Y=470|NAME=2|PINCONGLOMERATE=33|PINLENGTH=10|
RECORD=41|LINENO= 237|OWNERPARTID=   0|OWNERINDEX= 236|FONTID=1|ISHIDDEN=T|LOCATION.X=660|LOCATION.Y=470|NAME=PinUniqueId|TEXT=PAOJRWCQ|UNIQUEID=OKTQOUXE|
RECORD= 6|LINENO= 238|OWNERPARTID=   2|OWNERINDEX= 228|LINEWIDTH=1|LOCATIONCOUNT=7|X1=660|X2=657|X3=663|X4=657|X5=663|X6=657|X7=660|Y1=470|Y2=467|Y3=461|Y4=455|Y5=449|Y6=443|Y7=440|
RECORD=34|LINENO= 239|OWNERPARTID=   0|OWNERINDEX= 228|FONTID=1|LOCATION.X=664|LOCATION.Y=461|NAME=Designator|TEXT=R4|
RECORD=41|LINENO= 240|OWNERPARTID=   0|OWNERINDEX= 228|FONTID=1|ISHIDDEN=T|LOCATION.X=655|LOCATION.Y=435|NAME=Comment|TEXT=100K|UNIQUEID=TTLCGARY|
RECORD=44|LINENO= 241|OWNERPARTID= -42|OWNERINDEX= 228|
RECORD=45|LINENO= 242|OWNERPARTID= -42|OWNERINDEX= 241|DATAFILECOUNT=1|DESCRIPTION=Chip Body 1.0 x 0.5 mm (LxW typ)|ISCURRENT=T|MODELDATAFILE0=SBComponentsFootprints.PcbLib|MODELDATAFILEENTITY0=0402|MODELDATAFILEKIND0=PCBLib|MODELNAME=0402|MODELTYPE=PCBLIB|UNIQUEID=OWHFYMVL|
RECORD=46|LINENO= 243|OWNERPARTID= -42|OWNERINDEX= 242|
RECORD=48|LINENO= 244|OWNERPARTID= -42|OWNERINDEX= 242|
RECORD=17|LINENO= 245|OWNERPARTID=   0|OWNERINDEX= -42|FONTID=2|LOCATION.X=660|LOCATION.Y=430|ORIENTATION=3|SHOWNETNAME=T|STYLE=4|TEXT=GND|UNIQUEID=VBNCDAWX|
RECORD=41|LINENO= 246|OWNERPARTID=   0|OWNERINDEX= -42|FONTID=1|ISHIDDEN=T|NAME=Application_BuildNumber|TEXT=*|UNIQUEID=BSPGXWPC|
RECORD=25|LINENO= 247|OWNERPARTID=   0|OWNERINDEX= -42|FONTID=1|LOCATION.X=415|LOCATION.Y=370|TEXT=MCU_X2_16MHZ|UNIQUEID=TJDDQUND|
RECORD=25|LINENO= 248|OWNERPARTID=   0|OWNERINDEX= -42|FONTID=1|LOCATION.X=40|LOCATION.Y=380|TEXT=MCU_X1_16MHZ|UNIQUEID=WCXKIDCN|
RECORD=25|LINENO= 249|OWNERPARTID=   0|OWNERINDEX= -42|FONTID=1|LOCATION.X=160|LOCATION.Y=380|TEXT=MCU_X2_16MHZ|UNIQUEID=PPNMGHFU|
RECORD= 1|LINENO= 250|OWNERPARTID=   0|OWNERINDEX= -42|AREACOLOR=11599871|COMPONENTDESCRIPTION=TXC - 7V-16.000MAAE-T, 16MHZ, 30PPM, 12PF - CRYSTAL|CURRENTPARTID=1|DESIGNITEMID=7V-16.000MAAE-T|DISPLAYMODECOUNT=1|LIBRARYPATH=*|LIBREFERENCE=7V-16.000MAAE-T|LOCATION.X=135|LOCATION.Y=380|PARTCOUNT=2|PARTIDLOCKED=T|SOURCELIBRARYNAME=SBComponentsSchematics.SchLib|TARGETFILENAME=*|UNIQUEID=BPFPKBTS|
RECORD=41|LINENO= 251|OWNERPARTID=   0|OWNERINDEX= 250|FONTID=1|ISHIDDEN=T|LOCATION.X=108|LOCATION.Y=395|NAME=Supplier 1|TEXT=Digi-Key|UNIQUEID=RKAXIYHI|
RECORD=41|LINENO= 252|OWNERPARTID=   0|OWNERINDEX= 250|FONTID=1|ISHIDDEN=T|LOCATION.X=108|LOCATION.Y=405|NAME=Supplier 2|TEXT=Farnell|UNIQUEID=DMILEDFS|
RECORD=41|LINENO= 253|OWNERPARTID=   0|OWNERINDEX= 250|FONTID=1|ISHIDDEN=T|LOCATION.X=108|LOCATION.Y=395|NAME=Supplier Part Number 1|TEXT=887-1462-1-ND|UNIQUEID=RKMIXTOJ|
RECORD=41|LINENO= 254|OWNERPARTID=   0|OWNERINDEX= 250|FONTID=1|ISHIDDEN=T|LOCATION.X=108|LOCATION.Y=405|NAME=Supplier Part Number 2|TEXT=1892172|UNIQUEID=MCJARJKN|
RECORD= 2|LINENO= 255|OWNERPARTID=   2|OWNERINDEX= 250|DESIGNATOR=2|ELECTRICAL=4|FORMALTYPE=1|LOCATION.X=75|LOCATION.Y=420|NAME=GND|PINCONGLOMERATE=62|PINLENGTH=20|
RECORD=41|LINENO= 256|OWNERPARTID=   0|OWNERINDEX= 255|FONTID=1|NAME=HiddenNetName|TEXT=GND|UNIQUEID=XKSQQYAN|
RECORD=41|LINENO= 257|OWNERPARTID=   0|OWNERINDEX= 255|FONTID=1|ISHIDDEN=T|LOCATION.X=75|LOCATION.Y=420|NAME=PinUniqueId|TEXT=JABBSQLS|UNIQUEID=MOEGOMWX|
RECORD= 2|LINENO= 258|OWNERPARTID=   2|OWNERINDEX= 250|DESIGNATOR=4|ELECTRICAL=4|FORMALTYPE=1|LOCATION.X=75|LOCATION.Y=430|NAME=GND|PINCONGLOMERATE=62|PINLENGTH=20|
RECORD=41|LINENO= 259|OWNERPARTID=   0|OWNERINDEX= 258|FONTID=1|NAME=HiddenNetName|TEXT=GND|UNIQUEID=YVVGKGVG|
RECORD=41|LINENO= 260|OWNERPARTID=   0|OWNERINDEX= 258|FONTID=1|ISHIDDEN=T|LOCATION.X=75|LOCATION.Y=430|NAME=PinUniqueId|TEXT=YBASECRT|UNIQUEID=XOUOUEMA|
RECORD= 2|LINENO= 261|OWNERPARTID=   2|OWNERINDEX= 250|DESIGNATOR=1|ELECTRICAL=4|FORMALTYPE=1|LOCATION.X=130|LOCATION.Y=380|NAME=X1|PINCONGLOMERATE=50|PINLENGTH=20|
RECORD=41|LINENO= 262|OWNERPARTID=   0|OWNERINDEX= 261|FONTID=1|ISHIDDEN=T|LOCATION.X=130|LOCATION.Y=380|NAME=PinUniqueId|TEXT=MNWYIOUP|UNIQUEID=VDAYCLAA|
RECORD= 2|LINENO= 263|OWNERPARTID=   2|OWNERINDEX= 250|DESIGNATOR=3|ELECTRICAL=4|FORMALTYPE=1|LOCATION.X=140|LOCATION.Y=380|NAME=X2|PINCONGLOMERATE=48|PINLENGTH=20|
RECORD=41|LINENO= 264|OWNERPARTID=   0|OWNERINDEX= 263|FONTID=1|ISHIDDEN=T|LOCATION.X=140|LOCATION.Y=380|NAME=PinUniqueId|TEXT=SPHGPVTL|UNIQUEID=MDEFEVER|
RECORD= 6|LINENO= 265|OWNERPARTID=   2|OWNERINDEX= 250|LINEWIDTH=1|LOCATIONCOUNT=2|X1=140|X2=140|Y1=384|Y2=376|
RECORD= 6|LINENO= 266|OWNERPARTID=   2|OWNERINDEX= 250|LINEWIDTH=1|LOCATIONCOUNT=2|X1=132|X2=138|Y1=387|Y2=387|
RECORD= 6|LINENO= 267|OWNERPARTID=   2|OWNERINDEX= 250|LINEWIDTH=1|LOCATIONCOUNT=2|X1=130|X2=130|Y1=384|Y2=376|
RECORD= 6|LINENO= 268|OWNERPARTID=   2|OWNERINDEX= 250|LINEWIDTH=1|LOCATIONCOUNT=4|X1=138|X2=138|X3=132|X4=132|Y1=387|Y2=373|Y3=373|Y4=387|
RECORD=34|LINENO= 269|OWNERPARTID=   0|OWNERINDEX= 250|FONTID=1|LOCATION.X=129|LOCATION.Y=362|NAME=Designator|TEXT=Y1|
RECORD=41|LINENO= 270|OWNERPARTID=   0|OWNERINDEX= 250|FONTID=1|ISHIDDEN=T|LOCATION.X=130|LOCATION.Y=365|NAME=Comment|TEXT=7V-16.000MAAE-T|UNIQUEID=AVDPFWEX|
RECORD=44|LINENO= 271|OWNERPARTID= -42|OWNERINDEX= 250|
RECORD=45|LINENO= 272|OWNERPARTID= -42|OWNERINDEX= 271|DATAFILECOUNT=1|ISCURRENT=T|MODELDATAFILE0=SBComponentsFootprints.PcbLib|MODELDATAFILEENTITY0=3.2x2.5 CRYSTAL|MODELDATAFILEKIND0=PCBLib|MODELNAME=3.2x2.5 CRYSTAL|MODELTYPE=PCBLIB|UNIQUEID=WCLYNQOG|
RECORD=46|LINENO= 273|OWNERPARTID= -42|OWNERINDEX= 272|
RECORD=48|LINENO= 274|OWNERPARTID= -42|OWNERINDEX= 272|
RECORD= 1|LINENO= 275|OWNERPARTID=   0|OWNERINDEX= -42|%UTF8%COMPONENTDESCRIPTION=22pF 0402 NP0/CG0 50V Â±5%|AREACOLOR=11599871|COMPONENTDESCRIPTION=22pF 0402 NP0/CG0 50V ±5%|CURRENTPARTID=1|DESIGNITEMID=22pF|DISPLAYMODECOUNT=1|LIBRARYPATH=*|LIBREFERENCE=22pF|LOCATION.X=110|LOCATION.Y=355|ORIENTATION=1|PARTCOUNT=2|PARTIDLOCKED=T|SOURCELIBRARYNAME=SBComponentsSchematics.SchLib|TARGETFILENAME=*|UNIQUEID=ANSEXXCK|
RECORD=41|LINENO= 276|OWNERPARTID=   0|OWNERINDEX= 275|FONTID=1|ISHIDDEN=T|LOCATION.X=90|LOCATION.Y=370|NAME=Supplier 1|TEXT=Farnell|UNIQUEID=RHGISOCY|
RECORD=41|LINENO= 277|OWNERPARTID=   0|OWNERINDEX= 275|FONTID=1|ISHIDDEN=T|LOCATION.X=90|LOCATION.Y=380|NAME=Supplier 2|TEXT=Digi-Key|UNIQUEID=PCLNJLPK|
RECORD=41|LINENO= 278|OWNERPARTID=   0|OWNERINDEX= 275|FONTID=1|ISHIDDEN=T|LOCATION.X=90|LOCATION.Y=370|NAME=Supplier Part Number 1|TEXT=1414580|UNIQUEID=VBYJMJHR|
RECORD=41|LINENO= 279|OWNERPARTID=   0|OWNERINDEX= 275|FONTID=1|ISHIDDEN=T|LOCATION.X=90|LOCATION.Y=380|NAME=Supplier Part Number 2|TEXT=490-5868-1-ND|UNIQUEID=NRWIJYIC|
RECORD=41|LINENO= 280|OWNERPARTID=   0|OWNERINDEX= 275|FONTID=1|LOCATION.X=119|LOCATION.Y=341|NAME=Value|TEXT=22pF|UNIQUEID=XWWTDWCR|
RECORD= 2|LINENO= 281|OWNERPARTID=   2|OWNERINDEX= 275|DESIGNATOR=1|ELECTRICAL=4|FORMALTYPE=1|LOCATION.X=110|LOCATION.Y=350|NAME=1|PINCONGLOMERATE=35|PINLENGTH=10|
RECORD=41|LINENO= 282|OWNERPARTID=   0|OWNERINDEX= 281|FONTID=1|ISHIDDEN=T|LOCATION.X=110|LOCATION.Y=350|NAME=PinUniqueId|TEXT=CHGWETGL|UNIQUEID=AHWVEWVS|
RECORD= 2|LINENO= 283|OWNERPARTID=   2|OWNERINDEX= 275|DESIGNATOR=2|ELECTRICAL=4|FORMALTYPE=1|LOCATION.X=110|LOCATION.Y=360|NAME=2|PINCONGLOMERATE=33|PINLENGTH=10|
RECORD=41|LINENO= 284|OWNERPARTID=   0|OWNERINDEX= 283|FONTID=1|ISHIDDEN=T|LOCATION.X=110|LOCATION.Y=360|NAME=PinUniqueId|TEXT=HTGQOWBG|UNIQUEID=NQCIWIDM|
RECORD=13|LINENO= 285|OWNERPARTID=   2|OWNERINDEX= 275|CORNER.X=118|CORNER.Y=357|LINEWIDTH=1|LOCATION.X=102|LOCATION.Y=357|
RECORD=13|LINENO= 286|OWNERPARTID=   2|OWNERINDEX= 275|CORNER.X=102|CORNER.Y=353|LINEWIDTH=1|LOCATION.X=118|LOCATION.Y=353|
RECORD= 6|LINENO= 287|OWNERPARTID=   2|OWNERINDEX= 275|LINEWIDTH=1|LOCATIONCOUNT=2|X1=110|X2=110|Y1=350|Y2=353|
RECORD= 6|LINENO= 288|OWNERPARTID=   2|OWNERINDEX= 275|LINEWIDTH=1|LOCATIONCOUNT=2|X1=110|X2=110|Y1=360|Y2=357|
RECORD=34|LINENO= 289|OWNERPARTID=   0|OWNERINDEX= 275|FONTID=1|LOCATION.X=119|LOCATION.Y=351|NAME=Designator|TEXT=C7|
RECORD=41|LINENO= 290|OWNERPARTID=   0|OWNERINDEX= 275|FONTID=1|ISHIDDEN=T|LOCATION.X=101|LOCATION.Y=372|NAME=Comment|TEXT=22pF|UNIQUEID=MUGDVSRU|
RECORD=44|LINENO= 291|OWNERPARTID= -42|OWNERINDEX= 275|
RECORD=45|LINENO= 292|OWNERPARTID= -42|OWNERINDEX= 291|DATAFILECOUNT=1|DESCRIPTION=Chip Body 1.0 x 0.5 mm (LxW typ)|ISCURRENT=T|MODELDATAFILE0=SBComponentsFootprints.PcbLib|MODELDATAFILEENTITY0=0402|MODELDATAFILEKIND0=PCBLib|MODELNAME=0402|MODELTYPE=PCBLIB|UNIQUEID=SFSPQQHL|
RECORD=46|LINENO= 293|OWNERPARTID= -42|OWNERINDEX= 292|
RECORD=48|LINENO= 294|OWNERPARTID= -42|OWNERINDEX= 292|
RECORD= 1|LINENO= 295|OWNERPARTID=   0|OWNERINDEX= -42|%UTF8%COMPONENTDESCRIPTION=22pF 0402 NP0/CG0 50V Â±5%|AREACOLOR=11599871|COMPONENTDESCRIPTION=22pF 0402 NP0/CG0 50V ±5%|CURRENTPARTID=1|DESIGNITEMID=22pF|DISPLAYMODECOUNT=1|LIBRARYPATH=*|LIBREFERENCE=22pF|LOCATION.X=160|LOCATION.Y=355|ORIENTATION=1|PARTCOUNT=2|PARTIDLOCKED=T|SOURCELIBRARYNAME=SBComponentsSchematics.SchLib|TARGETFILENAME=*|UNIQUEID=JKMDYGWV|
RECORD=41|LINENO= 296|OWNERPARTID=   0|OWNERINDEX= 295|FONTID=1|ISHIDDEN=T|LOCATION.X=140|LOCATION.Y=370|NAME=Supplier 1|TEXT=Farnell|UNIQUEID=EAOVBHNP|
RECORD=41|LINENO= 297|OWNERPARTID=   0|OWNERINDEX= 295|FONTID=1|ISHIDDEN=T|LOCATION.X=140|LOCATION.Y=380|NAME=Supplier 2|TEXT=Digi-Key|UNIQUEID=KKNQMGCE|
RECORD=41|LINENO= 298|OWNERPARTID=   0|OWNERINDEX= 295|FONTID=1|ISHIDDEN=T|LOCATION.X=140|LOCATION.Y=370|NAME=Supplier Part Number 1|TEXT=1414580|UNIQUEID=RSKPNGMV|
RECORD=41|LINENO= 299|OWNERPARTID=   0|OWNERINDEX= 295|FONTID=1|ISHIDDEN=T|LOCATION.X=140|LOCATION.Y=380|NAME=Supplier Part Number 2|TEXT=490-5868-1-ND|UNIQUEID=MVIAWMRK|
RECORD=41|LINENO= 300|OWNERPARTID=   0|OWNERINDEX= 295|FONTID=1|LOCATION.X=169|LOCATION.Y=341|NAME=Value|TEXT=22pF|UNIQUEID=LBATUBCB|
RECORD= 2|LINENO= 301|OWNERPARTID=   2|OWNERINDEX= 295|DESIGNATOR=1|ELECTRICAL=4|FORMALTYPE=1|LOCATION.X=160|LOCATION.Y=350|NAME=1|PINCONGLOMERATE=35|PINLENGTH=10|
RECORD=41|LINENO= 302|OWNERPARTID=   0|OWNERINDEX= 301|FONTID=1|ISHIDDEN=T|LOCATION.X=160|LOCATION.Y=350|NAME=PinUniqueId|TEXT=RFYWAAVS|UNIQUEID=XOVDAOGU|
RECORD= 2|LINENO= 303|OWNERPARTID=   2|OWNERINDEX= 295|DESIGNATOR=2|ELECTRICAL=4|FORMALTYPE=1|LOCATION.X=160|LOCATION.Y=360|NAME=2|PINCONGLOMERATE=33|PINLENGTH=10|
RECORD=41|LINENO= 304|OWNERPARTID=   0|OWNERINDEX= 303|FONTID=1|ISHIDDEN=T|LOCATION.X=160|LOCATION.Y=360|NAME=PinUniqueId|TEXT=CWNGSVHT|UNIQUEID=FCLWJDEN|
RECORD=13|LINENO= 305|OWNERPARTID=   2|OWNERINDEX= 295|CORNER.X=168|CORNER.Y=357|LINEWIDTH=1|LOCATION.X=152|LOCATION.Y=357|
RECORD=13|LINENO= 306|OWNERPARTID=   2|OWNERINDEX= 295|CORNER.X=152|CORNER.Y=353|LINEWIDTH=1|LOCATION.X=168|LOCATION.Y=353|
RECORD= 6|LINENO= 307|OWNERPARTID=   2|OWNERINDEX= 295|LINEWIDTH=1|LOCATIONCOUNT=2|X1=160|X2=160|Y1=350|Y2=353|
RECORD= 6|LINENO= 308|OWNERPARTID=   2|OWNERINDEX= 295|LINEWIDTH=1|LOCATIONCOUNT=2|X1=160|X2=160|Y1=360|Y2=357|
RECORD=34|LINENO= 309|OWNERPARTID=   0|OWNERINDEX= 295|FONTID=1|LOCATION.X=169|LOCATION.Y=351|NAME=Designator|TEXT=C8|
RECORD=41|LINENO= 310|OWNERPARTID=   0|OWNERINDEX= 295|FONTID=1|ISHIDDEN=T|LOCATION.X=151|LOCATION.Y=372|NAME=Comment|TEXT=22pF|UNIQUEID=UOSNOMPI|
RECORD=44|LINENO= 311|OWNERPARTID= -42|OWNERINDEX= 295|
RECORD=45|LINENO= 312|OWNERPARTID= -42|OWNERINDEX= 311|DATAFILECOUNT=1|DESCRIPTION=Chip Body 1.0 x 0.5 mm (LxW typ)|ISCURRENT=T|MODELDATAFILE0=SBComponentsFootprints.PcbLib|MODELDATAFILEENTITY0=0402|MODELDATAFILEKIND0=PCBLib|MODELNAME=0402|MODELTYPE=PCBLIB|UNIQUEID=IUTDDUDP|
RECORD=46|LINENO= 313|OWNERPARTID= -42|OWNERINDEX= 312|
RECORD=48|LINENO= 314|OWNERPARTID= -42|OWNERINDEX= 312|
RECORD=25|LINENO= 315|OWNERPARTID=   0|OWNERINDEX= -42|FONTID=1|LOCATION.X=430|LOCATION.Y=460|TEXT=CHARGING|UNIQUEID=UILEEQTO|
RECORD=37|LINENO= 316|OWNERPARTID=   0|OWNERINDEX= -42|CORNER.X=395|CORNER.Y=570|LINEWIDTH=1|LOCATION.X=385|LOCATION.Y=580|
RECORD=37|LINENO= 317|OWNERPARTID=   0|OWNERINDEX= -42|CORNER.X=395|CORNER.Y=580|LINEWIDTH=1|LOCATION.X=385|LOCATION.Y=590|
RECORD=25|LINENO= 318|OWNERPARTID=   0|OWNERINDEX= -42|FONTID=2|LOCATION.X=385|LOCATION.Y=580|ORIENTATION=1|TEXT=MOTOR_CONTROL[1..4]|UNIQUEID=QXOCNJTP|
RECORD=25|LINENO= 319|OWNERPARTID=   0|OWNERINDEX= -42|FONTID=1|LOCATION.X=395|LOCATION.Y=600|TEXT=MOTOR_CONTROL1|UNIQUEID=PDPQLSAP|
RECORD=25|LINENO= 320|OWNERPARTID=   0|OWNERINDEX= -42|FONTID=1|LOCATION.X=395|LOCATION.Y=590|TEXT=MOTOR_CONTROL2|UNIQUEID=HOWQWKEF|
RECORD=25|LINENO= 321|OWNERPARTID=   0|OWNERINDEX= -42|FONTID=1|LOCATION.X=395|LOCATION.Y=580|TEXT=MOTOR_CONTROL3|UNIQUEID=FGRPTRSV|
RECORD=25|LINENO= 322|OWNERPARTID=   0|OWNERINDEX= -42|FONTID=1|LOCATION.X=395|LOCATION.Y=570|TEXT=MOTOR_CONTROL4|UNIQUEID=RWHWBQAN|
RECORD=25|LINENO= 323|OWNERPARTID=   0|OWNERINDEX= -42|FONTID=1|LOCATION.X=660|LOCATION.Y=560|TEXT=T\O\U\C\H\_\C\H\G\|UNIQUEID=JATMMFQE|
RECORD= 4|LINENO= 324|OWNERPARTID=   0|OWNERINDEX= -42|FONTID=3|LOCATION.X=90|LOCATION.Y=575|TEXT=Decoupling Capacitors|
RECORD= 4|LINENO= 325|OWNERPARTID=   0|OWNERINDEX= -42|FONTID=3|LOCATION.X=880|LOCATION.Y=280|TEXT=MCU|
RECORD= 6|LINENO= 326|OWNERPARTID=   0|OWNERINDEX= -42|LINEWIDTH=2|LOCATIONCOUNT=3|X1=20|X2=290|X3=290|Y1=570|Y2=570|Y3=740|
RECORD= 6|LINENO= 327|OWNERPARTID=   0|OWNERINDEX= -42|LINEWIDTH=2|LOCATIONCOUNT=3|X1=290|X2=85|X3=85|Y1=600|Y2=600|Y3=570|
RECORD= 6|LINENO= 328|OWNERPARTID=   0|OWNERINDEX= -42|LINEWIDTH=2|LOCATIONCOUNT=3|X1=20|X2=290|X3=290|Y1=410|Y2=410|Y3=570|
RECORD= 6|LINENO= 329|OWNERPARTID=   0|OWNERINDEX= -42|LINEWIDTH=2|LOCATIONCOUNT=3|X1=290|X2=135|X3=135|Y1=440|Y2=440|Y3=410|
RECORD= 6|LINENO= 330|OWNERPARTID=   0|OWNERINDEX= -42|LINEWIDTH=2|LOCATIONCOUNT=3|X1=20|X2=290|X3=290|Y1=275|Y2=275|Y3=410|
RECORD= 6|LINENO= 331|OWNERPARTID=   0|OWNERINDEX= -42|LINEWIDTH=2|LOCATIONCOUNT=3|X1=290|X2=205|X3=205|Y1=305|Y2=305|Y3=275|
RECORD= 6|LINENO= 332|OWNERPARTID=   0|OWNERINDEX= -42|LINEWIDTH=2|LOCATIONCOUNT=2|X1=290|X2=930|Y1=275|Y2=275|
RECORD= 6|LINENO= 333|OWNERPARTID=   0|OWNERINDEX= -42|LINEWIDTH=2|LOCATIONCOUNT=3|X1=930|X2=865|X3=865|Y1=305|Y2=305|Y3=275|
RECORD= 1|LINENO= 334|OWNERPARTID=   0|OWNERINDEX= -42|AREACOLOR=11599871|COMPONENTDESCRIPTION=TagConnect TC2030-IDC-NL SWD Programming Connector|CURRENTPARTID=1|DESIGNITEMID=TC2030-IDC-NL|DISPLAYMODECOUNT=1|LIBRARYPATH=*|LIBREFERENCE=TC2030-IDC-NL|LOCATION.X=65|LOCATION.Y=505|PARTCOUNT=2|PARTIDLOCKED=T|SOURCELIBRARYNAME=SBComponentsSchematics.SchLib|TARGETFILENAME=*|UNIQUEID=RRFNVFLM|
RECORD=14|LINENO= 335|OWNERPARTID=   2|OWNERINDEX= 334|AREACOLOR=11599871|CORNER.X=90|CORNER.Y=540|ISSOLID=T|LOCATION.X=40|LOCATION.Y=470|
RECORD= 2|LINENO= 336|OWNERPARTID=   2|OWNERINDEX= 334|DESIGNATOR=1|ELECTRICAL=7|FORMALTYPE=1|LOCATION.X=90|LOCATION.Y=530|NAME=VCC|PINCONGLOMERATE=56|PINLENGTH=20|SWAPIDPART=0|
RECORD=41|LINENO= 337|OWNERPARTID=   0|OWNERINDEX= 336|FONTID=1|NAME=HiddenNetName|TEXT=GND|UNIQUEID=XDQQUFML|
RECORD=41|LINENO= 338|OWNERPARTID=   0|OWNERINDEX= 336|FONTID=1|ISHIDDEN=T|LOCATION.X=90|LOCATION.Y=530|NAME=PinUniqueId|TEXT=MTLEUYIQ|UNIQUEID=XXQFSKJY|
RECORD= 2|LINENO= 339|OWNERPARTID=   2|OWNERINDEX= 334|DESIGNATOR=2|ELECTRICAL=1|FORMALTYPE=1|LOCATION.X=90|LOCATION.Y=520|NAME=SWDIO|PINCONGLOMERATE=56|PINLENGTH=20|SWAPIDPART=0|
RECORD=41|LINENO= 340|OWNERPARTID=   0|OWNERINDEX= 339|FONTID=1|NAME=HiddenNetName|TEXT=GND|UNIQUEID=PGWGXFAD|
RECORD=41|LINENO= 341|OWNERPARTID=   0|OWNERINDEX= 339|FONTID=1|ISHIDDEN=T|LOCATION.X=90|LOCATION.Y=520|NAME=PinUniqueId|TEXT=LQRLJDWM|UNIQUEID=IDNGQWMK|
RECORD= 2|LINENO= 342|OWNERPARTID=   2|OWNERINDEX= 334|DESIGNATOR=3|ELECTRICAL=1|FORMALTYPE=1|LOCATION.X=90|LOCATION.Y=510|NAME=nRESET|PINCONGLOMERATE=56|PINLENGTH=20|SWAPIDPART=0|
RECORD=41|LINENO= 343|OWNERPARTID=   0|OWNERINDEX= 342|FONTID=1|NAME=HiddenNetName|TEXT=GND|UNIQUEID=YDAHAIUY|
RECORD=41|LINENO= 344|OWNERPARTID=   0|OWNERINDEX= 342|FONTID=1|ISHIDDEN=T|LOCATION.X=90|LOCATION.Y=510|NAME=PinUniqueId|TEXT=EMXVTESJ|UNIQUEID=LCYGUUDK|
RECORD= 2|LINENO= 345|OWNERPARTID=   2|OWNERINDEX= 334|DESIGNATOR=4|ELECTRICAL=1|FORMALTYPE=1|LOCATION.X=90|LOCATION.Y=500|NAME=SWCLK|PINCONGLOMERATE=56|PINLENGTH=20|SWAPIDPART=0|
RECORD=41|LINENO= 346|OWNERPARTID=   0|OWNERINDEX= 345|FONTID=1|NAME=HiddenNetName|TEXT=GND|UNIQUEID=OTRWHAMG|
RECORD=41|LINENO= 347|OWNERPARTID=   0|OWNERINDEX= 345|FONTID=1|ISHIDDEN=T|LOCATION.X=90|LOCATION.Y=500|NAME=PinUniqueId|TEXT=TLAOXGPT|UNIQUEID=DNNAVWXV|
RECORD= 2|LINENO= 348|OWNERPARTID=   2|OWNERINDEX= 334|DESIGNATOR=5|ELECTRICAL=7|FORMALTYPE=1|LOCATION.X=90|LOCATION.Y=490|NAME=GND|PINCONGLOMERATE=56|PINLENGTH=20|SWAPIDPART=0|
RECORD=41|LINENO= 349|OWNERPARTID=   0|OWNERINDEX= 348|FONTID=1|NAME=HiddenNetName|TEXT=GND|UNIQUEID=RBVRNYQV|
RECORD=41|LINENO= 350|OWNERPARTID=   0|OWNERINDEX= 348|FONTID=1|ISHIDDEN=T|LOCATION.X=90|LOCATION.Y=490|NAME=PinUniqueId|TEXT=NWVOSVNG|UNIQUEID=BKFLWGQK|
RECORD= 2|LINENO= 351|OWNERPARTID=   2|OWNERINDEX= 334|DESIGNATOR=6|ELECTRICAL=1|FORMALTYPE=1|LOCATION.X=90|LOCATION.Y=480|NAME=SWO|PINCONGLOMERATE=56|PINLENGTH=20|SWAPIDPART=0|
RECORD=41|LINENO= 352|OWNERPARTID=   0|OWNERINDEX= 351|FONTID=1|NAME=HiddenNetName|TEXT=GND|UNIQUEID=PQAXMKSP|
RECORD=41|LINENO= 353|OWNERPARTID=   0|OWNERINDEX= 351|FONTID=1|ISHIDDEN=T|LOCATION.X=90|LOCATION.Y=480|NAME=PinUniqueId|TEXT=KIJXHAOJ|UNIQUEID=UACXJGPY|
RECORD=34|LINENO= 354|OWNERPARTID=   0|OWNERINDEX= 334|FONTID=1|LOCATION.X=40|LOCATION.Y=460|NAME=Designator|TEXT=P1|
RECORD=41|LINENO= 355|OWNERPARTID=   0|OWNERINDEX= 334|FONTID=1|ISHIDDEN=T|LOCATION.X=60|LOCATION.Y=490|NAME=Comment|TEXT=TC2030-IDC-NL|UNIQUEID=JAIWLGKY|
RECORD=44|LINENO= 356|OWNERPARTID= -42|OWNERINDEX= 334|
RECORD=45|LINENO= 357|OWNERPARTID= -42|OWNERINDEX= 356|DATAFILECOUNT=1|DESCRIPTION=TagConnector TC2030-IDC-NL|ISCURRENT=T|MODELDATAFILE0=SBComponentsFootprints.PcbLib|MODELDATAFILEENTITY0=TC2030-IDC-NL|MODELDATAFILEKIND0=PCBLib|MODELNAME=TC2030-IDC-NL|MODELTYPE=PCBLIB|UNIQUEID=LDBXXMAJ|
RECORD=46|LINENO= 358|OWNERPARTID= -42|OWNERINDEX= 357|
RECORD=48|LINENO= 359|OWNERPARTID= -42|OWNERINDEX= 357|
RECORD= 1|LINENO= 360|OWNERPARTID=   0|OWNERINDEX= -42|%UTF8%COMPONENTDESCRIPTION=100K 0402 1/16W Â±1%|AREACOLOR=11599871|COMPONENTDESCRIPTION=100K 0402 1/16W ±1%|CURRENTPARTID=1|DESIGNITEMID=100K|DISPLAYMODECOUNT=1|LIBRARYPATH=*|LIBREFERENCE=100K|LOCATION.X=875|LOCATION.Y=430|ORIENTATION=1|PARTCOUNT=2|PARTIDLOCKED=T|SOURCELIBRARYNAME=SBComponentsSchematics.SchLib|TARGETFILENAME=*|UNIQUEID=AATPXGBQ|
RECORD=41|LINENO= 361|OWNERPARTID=   0|OWNERINDEX= 360|FONTID=1|ISHIDDEN=T|LOCATION.X=853|LOCATION.Y=445|NAME=Supplier 1|TEXT=Farnell|UNIQUEID=HKTBPERK|
RECORD=41|LINENO= 362|OWNERPARTID=   0|OWNERINDEX= 360|FONTID=1|ISHIDDEN=T|LOCATION.X=853|LOCATION.Y=445|NAME=Supplier Part Number 1|TEXT=2072519|UNIQUEID=PXDVIRXO|
RECORD=41|LINENO= 363|OWNERPARTID=   0|OWNERINDEX= 360|FONTID=1|ISHIDDEN=T|LOCATION.X=853|LOCATION.Y=445|NAME=Supplier 2|TEXT=Digi-Key|UNIQUEID=AFJOTGBN|
RECORD=41|LINENO= 364|OWNERPARTID=   0|OWNERINDEX= 360|FONTID=1|ISHIDDEN=T|LOCATION.X=853|LOCATION.Y=445|NAME=Supplier Part Number 2|TEXT=541-100KLCT-ND|UNIQUEID=DGCJPDHF|
RECORD=41|LINENO= 365|OWNERPARTID=   0|OWNERINDEX= 360|FONTID=1|LOCATION.X=879|LOCATION.Y=431|NAME=Value|TEXT=100K|UNIQUEID=YDFXAGXE|
RECORD= 2|LINENO= 366|OWNERPARTID=   2|OWNERINDEX= 360|DESIGNATOR=1|ELECTRICAL=4|FORMALTYPE=1|LOCATION.X=875|LOCATION.Y=420|NAME=1|PINCONGLOMERATE=35|PINLENGTH=10|
RECORD=41|LINENO= 367|OWNERPARTID=   0|OWNERINDEX= 366|FONTID=1|ISHIDDEN=T|LOCATION.X=875|LOCATION.Y=420|NAME=PinUniqueId|TEXT=VYDTEYBB|UNIQUEID=SUEFXSQW|
RECORD= 2|LINENO= 368|OWNERPARTID=   2|OWNERINDEX= 360|DESIGNATOR=2|ELECTRICAL=4|FORMALTYPE=1|LOCATION.X=875|LOCATION.Y=450|NAME=2|PINCONGLOMERATE=33|PINLENGTH=10|
RECORD=41|LINENO= 369|OWNERPARTID=   0|OWNERINDEX= 368|FONTID=1|ISHIDDEN=T|LOCATION.X=875|LOCATION.Y=450|NAME=PinUniqueId|TEXT=MUBSMGRD|UNIQUEID=JQCSJPNE|
RECORD= 6|LINENO= 370|OWNERPARTID=   2|OWNERINDEX= 360|LINEWIDTH=1|LOCATIONCOUNT=7|X1=875|X2=872|X3=878|X4=872|X5=878|X6=872|X7=875|Y1=450|Y2=447|Y3=441|Y4=435|Y5=429|Y6=423|Y7=420|
RECORD=34|LINENO= 371|OWNERPARTID=   0|OWNERINDEX= 360|FONTID=1|LOCATION.X=879|LOCATION.Y=441|NAME=Designator|TEXT=R5|
RECORD=41|LINENO= 372|OWNERPARTID=   0|OWNERINDEX= 360|FONTID=1|ISHIDDEN=T|LOCATION.X=870|LOCATION.Y=415|NAME=Comment|TEXT=100K|UNIQUEID=UCTINSNY|
RECORD=44|LINENO= 373|OWNERPARTID= -42|OWNERINDEX= 360|
RECORD=45|LINENO= 374|OWNERPARTID= -42|OWNERINDEX= 373|DATAFILECOUNT=1|DESCRIPTION=Chip Body 1.0 x 0.5 mm (LxW typ)|ISCURRENT=T|MODELDATAFILE0=SBComponentsFootprints.PcbLib|MODELDATAFILEENTITY0=0402|MODELDATAFILEKIND0=PCBLib|MODELNAME=0402|MODELTYPE=PCBLIB|UNIQUEID=YTJYUMAO|
RECORD=46|LINENO= 375|OWNERPARTID= -42|OWNERINDEX= 374|
RECORD=48|LINENO= 376|OWNERPARTID= -42|OWNERINDEX= 374|
RECORD=17|LINENO= 377|OWNERPARTID=   0|OWNERINDEX= -42|FONTID=2|LOCATION.X=875|LOCATION.Y=380|ORIENTATION=3|SHOWNETNAME=T|STYLE=4|TEXT=GND|UNIQUEID=HVWQTYEJ|
RECORD=25|LINENO= 378|OWNERPARTID=   0|OWNERINDEX= -42|FONTID=1|LOCATION.X=835|LOCATION.Y=410|TEXT=NRST|UNIQUEID=RIMMNDPD|
RECORD=17|LINENO= 379|OWNERPARTID=   0|OWNERINDEX= -42|FONTID=2|LOCATION.X=875|LOCATION.Y=460|ORIENTATION=1|SHOWNETNAME=T|STYLE=2|TEXT=+3.3V|UNIQUEID=FKAEOYTT|
RECORD= 1|LINENO= 380|OWNERPARTID=   0|OWNERINDEX= -42|%UTF8%COMPONENTDESCRIPTION=100nF 0402 X7R 16V Â±10%|AREACOLOR=11599871|COMPONENTDESCRIPTION=100nF 0402 X7R 16V ±10%|CURRENTPARTID=1|DESIGNITEMID=100nF|DISPLAYMODECOUNT=1|LIBRARYPATH=*|LIBREFERENCE=100nF|LOCATION.X=180|LOCATION.Y=685|ORIENTATION=1|PARTCOUNT=2|PARTIDLOCKED=T|SOURCELIBRARYNAME=SBComponentsSchematics.SchLib|TARGETFILENAME=*|UNIQUEID=OWEHMRUP|
RECORD=41|LINENO= 381|OWNERPARTID=   0|OWNERINDEX= 380|FONTID=1|ISHIDDEN=T|LOCATION.X=160|LOCATION.Y=700|NAME=Supplier 1|TEXT=Farnell|UNIQUEID=EGVVNPHU|
RECORD=41|LINENO= 382|OWNERPARTID=   0|OWNERINDEX= 380|FONTID=1|ISHIDDEN=T|LOCATION.X=160|LOCATION.Y=700|NAME=Supplier Part Number 1|TEXT=1288252|UNIQUEID=VYRSRNJH|
RECORD=41|LINENO= 383|OWNERPARTID=   0|OWNERINDEX= 380|FONTID=1|ISHIDDEN=T|LOCATION.X=160|LOCATION.Y=700|NAME=Supplier 2|TEXT=Digi-Key|UNIQUEID=XOJJRKQM|
RECORD=41|LINENO= 384|OWNERPARTID=   0|OWNERINDEX= 380|FONTID=1|ISHIDDEN=T|LOCATION.X=160|LOCATION.Y=700|NAME=Supplier Part Number 2|TEXT=399-3521-1-ND|UNIQUEID=UFNWEAXT|
RECORD=41|LINENO= 385|OWNERPARTID=   0|OWNERINDEX= 380|FONTID=1|LOCATION.X=189|LOCATION.Y=671|NAME=Value|TEXT=100nF|UNIQUEID=DACTQDKC|
RECORD= 2|LINENO= 386|OWNERPARTID=   2|OWNERINDEX= 380|DESIGNATOR=1|ELECTRICAL=4|FORMALTYPE=1|LOCATION.X=180|LOCATION.Y=680|NAME=1|PINCONGLOMERATE=35|PINLENGTH=10|
RECORD=41|LINENO= 387|OWNERPARTID=   0|OWNERINDEX= 386|FONTID=1|ISHIDDEN=T|LOCATION.X=180|LOCATION.Y=680|NAME=PinUniqueId|TEXT=JXMJYMDL|UNIQUEID=UMOQWPNU|
RECORD= 2|LINENO= 388|OWNERPARTID=   2|OWNERINDEX= 380|DESIGNATOR=2|ELECTRICAL=4|FORMALTYPE=1|LOCATION.X=180|LOCATION.Y=690|NAME=2|PINCONGLOMERATE=33|PINLENGTH=10|
RECORD=41|LINENO= 389|OWNERPARTID=   0|OWNERINDEX= 388|FONTID=1|ISHIDDEN=T|LOCATION.X=180|LOCATION.Y=690|NAME=PinUniqueId|TEXT=IYTVLNSP|UNIQUEID=BVMOXFBP|
RECORD=13|LINENO= 390|OWNERPARTID=   2|OWNERINDEX= 380|CORNER.X=188|CORNER.Y=687|LINEWIDTH=1|LOCATION.X=172|LOCATION.Y=687|
RECORD=13|LINENO= 391|OWNERPARTID=   2|OWNERINDEX= 380|CORNER.X=172|CORNER.Y=683|LINEWIDTH=1|LOCATION.X=188|LOCATION.Y=683|
RECORD= 6|LINENO= 392|OWNERPARTID=   2|OWNERINDEX= 380|LINEWIDTH=1|LOCATIONCOUNT=2|X1=180|X2=180|Y1=680|Y2=683|
RECORD= 6|LINENO= 393|OWNERPARTID=   2|OWNERINDEX= 380|LINEWIDTH=1|LOCATIONCOUNT=2|X1=180|X2=180|Y1=690|Y2=687|
RECORD=34|LINENO= 394|OWNERPARTID=   0|OWNERINDEX= 380|FONTID=1|LOCATION.X=189|LOCATION.Y=681|NAME=Designator|TEXT=C4|
RECORD=41|LINENO= 395|OWNERPARTID=   0|OWNERINDEX= 380|FONTID=1|ISHIDDEN=T|LOCATION.X=171|LOCATION.Y=702|NAME=Comment|TEXT=100nF|UNIQUEID=JMTMRTNL|
RECORD=44|LINENO= 396|OWNERPARTID= -42|OWNERINDEX= 380|
RECORD=45|LINENO= 397|OWNERPARTID= -42|OWNERINDEX= 396|DATAFILECOUNT=1|DESCRIPTION=Chip Body 1.0 x 0.5 mm (LxW typ)|ISCURRENT=T|MODELDATAFILE0=SBComponentsFootprints.PcbLib|MODELDATAFILEENTITY0=0402|MODELDATAFILEKIND0=PCBLib|MODELNAME=0402|MODELTYPE=PCBLIB|UNIQUEID=HAQOIJQB|
RECORD=46|LINENO= 398|OWNERPARTID= -42|OWNERINDEX= 397|
RECORD=48|LINENO= 399|OWNERPARTID= -42|OWNERINDEX= 397|
RECORD= 1|LINENO= 400|OWNERPARTID=   0|OWNERINDEX= -42|%UTF8%COMPONENTDESCRIPTION=100nF 0402 X7R 16V Â±10%|AREACOLOR=11599871|COMPONENTDESCRIPTION=100nF 0402 X7R 16V ±10%|CURRENTPARTID=1|DESIGNITEMID=100nF|DISPLAYMODECOUNT=1|LIBRARYPATH=*|LIBREFERENCE=100nF|LOCATION.X=220|LOCATION.Y=685|ORIENTATION=1|PARTCOUNT=2|PARTIDLOCKED=T|SOURCELIBRARYNAME=SBComponentsSchematics.SchLib|TARGETFILENAME=*|UNIQUEID=FOWMTFWN|
RECORD=41|LINENO= 401|OWNERPARTID=   0|OWNERINDEX= 400|FONTID=1|ISHIDDEN=T|LOCATION.X=200|LOCATION.Y=700|NAME=Supplier 1|TEXT=Farnell|UNIQUEID=OSXMKWKO|
RECORD=41|LINENO= 402|OWNERPARTID=   0|OWNERINDEX= 400|FONTID=1|ISHIDDEN=T|LOCATION.X=200|LOCATION.Y=700|NAME=Supplier Part Number 1|TEXT=1288252|UNIQUEID=TWISRWTU|
RECORD=41|LINENO= 403|OWNERPARTID=   0|OWNERINDEX= 400|FONTID=1|ISHIDDEN=T|LOCATION.X=200|LOCATION.Y=700|NAME=Supplier 2|TEXT=Digi-Key|UNIQUEID=TWXAPNNG|
RECORD=41|LINENO= 404|OWNERPARTID=   0|OWNERINDEX= 400|FONTID=1|ISHIDDEN=T|LOCATION.X=200|LOCATION.Y=700|NAME=Supplier Part Number 2|TEXT=399-3521-1-ND|UNIQUEID=SQELOAHQ|
RECORD=41|LINENO= 405|OWNERPARTID=   0|OWNERINDEX= 400|FONTID=1|LOCATION.X=229|LOCATION.Y=671|NAME=Value|TEXT=100nF|UNIQUEID=DRPPASCS|
RECORD= 2|LINENO= 406|OWNERPARTID=   2|OWNERINDEX= 400|DESIGNATOR=1|ELECTRICAL=4|FORMALTYPE=1|LOCATION.X=220|LOCATION.Y=680|NAME=1|PINCONGLOMERATE=35|PINLENGTH=10|
RECORD=41|LINENO= 407|OWNERPARTID=   0|OWNERINDEX= 406|FONTID=1|ISHIDDEN=T|LOCATION.X=220|LOCATION.Y=680|NAME=PinUniqueId|TEXT=DAOMBQYO|UNIQUEID=AFCOVXJY|
RECORD= 2|LINENO= 408|OWNERPARTID=   2|OWNERINDEX= 400|DESIGNATOR=2|ELECTRICAL=4|FORMALTYPE=1|LOCATION.X=220|LOCATION.Y=690|NAME=2|PINCONGLOMERATE=33|PINLENGTH=10|
RECORD=41|LINENO= 409|OWNERPARTID=   0|OWNERINDEX= 408|FONTID=1|ISHIDDEN=T|LOCATION.X=220|LOCATION.Y=690|NAME=PinUniqueId|TEXT=HFASYDJH|UNIQUEID=UDUVYDQO|
RECORD=13|LINENO= 410|OWNERPARTID=   2|OWNERINDEX= 400|CORNER.X=228|CORNER.Y=687|LINEWIDTH=1|LOCATION.X=212|LOCATION.Y=687|
RECORD=13|LINENO= 411|OWNERPARTID=   2|OWNERINDEX= 400|CORNER.X=212|CORNER.Y=683|LINEWIDTH=1|LOCATION.X=228|LOCATION.Y=683|
RECORD= 6|LINENO= 412|OWNERPARTID=   2|OWNERINDEX= 400|LINEWIDTH=1|LOCATIONCOUNT=2|X1=220|X2=220|Y1=680|Y2=683|
RECORD= 6|LINENO= 413|OWNERPARTID=   2|OWNERINDEX= 400|LINEWIDTH=1|LOCATIONCOUNT=2|X1=220|X2=220|Y1=690|Y2=687|
RECORD=34|LINENO= 414|OWNERPARTID=   0|OWNERINDEX= 400|FONTID=1|LOCATION.X=229|LOCATION.Y=681|NAME=Designator|TEXT=C5|
RECORD=41|LINENO= 415|OWNERPARTID=   0|OWNERINDEX= 400|FONTID=1|ISHIDDEN=T|LOCATION.X=211|LOCATION.Y=702|NAME=Comment|TEXT=100nF|UNIQUEID=UVKSPNII|
RECORD=44|LINENO= 416|OWNERPARTID= -42|OWNERINDEX= 400|
RECORD=45|LINENO= 417|OWNERPARTID= -42|OWNERINDEX= 416|DATAFILECOUNT=1|DESCRIPTION=Chip Body 1.0 x 0.5 mm (LxW typ)|ISCURRENT=T|MODELDATAFILE0=SBComponentsFootprints.PcbLib|MODELDATAFILEENTITY0=0402|MODELDATAFILEKIND0=PCBLib|MODELNAME=0402|MODELTYPE=PCBLIB|UNIQUEID=YMEFWRCY|
RECORD=46|LINENO= 418|OWNERPARTID= -42|OWNERINDEX= 417|
RECORD=48|LINENO= 419|OWNERPARTID= -42|OWNERINDEX= 417|
RECORD= 1|LINENO= 420|OWNERPARTID=   0|OWNERINDEX= -42|%UTF8%COMPONENTDESCRIPTION=100nF 0402 X7R 16V Â±10%|AREACOLOR=11599871|COMPONENTDESCRIPTION=100nF 0402 X7R 16V ±10%|CURRENTPARTID=1|DESIGNITEMID=100nF|DISPLAYMODECOUNT=1|LIBRARYPATH=*|LIBREFERENCE=100nF|LOCATION.X=875|LOCATION.Y=395|ORIENTATION=1|PARTCOUNT=2|PARTIDLOCKED=T|SOURCELIBRARYNAME=SBComponentsSchematics.SchLib|TARGETFILENAME=*|UNIQUEID=BYSQNPAS|
RECORD=41|LINENO= 421|OWNERPARTID=   0|OWNERINDEX= 420|FONTID=1|ISHIDDEN=T|LOCATION.X=855|LOCATION.Y=410|NAME=Supplier 1|TEXT=Farnell|UNIQUEID=PDBMUUMH|
RECORD=41|LINENO= 422|OWNERPARTID=   0|OWNERINDEX= 420|FONTID=1|ISHIDDEN=T|LOCATION.X=855|LOCATION.Y=410|NAME=Supplier Part Number 1|TEXT=1288252|UNIQUEID=SQYOYBQL|
RECORD=41|LINENO= 423|OWNERPARTID=   0|OWNERINDEX= 420|FONTID=1|ISHIDDEN=T|LOCATION.X=855|LOCATION.Y=410|NAME=Supplier 2|TEXT=Digi-Key|UNIQUEID=XPCRORTY|
RECORD=41|LINENO= 424|OWNERPARTID=   0|OWNERINDEX= 420|FONTID=1|ISHIDDEN=T|LOCATION.X=855|LOCATION.Y=410|NAME=Supplier Part Number 2|TEXT=399-3521-1-ND|UNIQUEID=FWYWDOID|
RECORD=41|LINENO= 425|OWNERPARTID=   0|OWNERINDEX= 420|FONTID=1|LOCATION.X=884|LOCATION.Y=381|NAME=Value|TEXT=100nF|UNIQUEID=ALWIFLXE|
RECORD= 2|LINENO= 426|OWNERPARTID=   2|OWNERINDEX= 420|DESIGNATOR=1|ELECTRICAL=4|FORMALTYPE=1|LOCATION.X=875|LOCATION.Y=390|NAME=1|PINCONGLOMERATE=35|PINLENGTH=10|
RECORD=41|LINENO= 427|OWNERPARTID=   0|OWNERINDEX= 426|FONTID=1|ISHIDDEN=T|LOCATION.X=875|LOCATION.Y=390|NAME=PinUniqueId|TEXT=SSUPMNLJ|UNIQUEID=JWGTVPPO|
RECORD= 2|LINENO= 428|OWNERPARTID=   2|OWNERINDEX= 420|DESIGNATOR=2|ELECTRICAL=4|FORMALTYPE=1|LOCATION.X=875|LOCATION.Y=400|NAME=2|PINCONGLOMERATE=33|PINLENGTH=10|
RECORD=41|LINENO= 429|OWNERPARTID=   0|OWNERINDEX= 428|FONTID=1|ISHIDDEN=T|LOCATION.X=875|LOCATION.Y=400|NAME=PinUniqueId|TEXT=VOAGYTES|UNIQUEID=JWLJTKCF|
RECORD=13|LINENO= 430|OWNERPARTID=   2|OWNERINDEX= 420|CORNER.X=883|CORNER.Y=397|LINEWIDTH=1|LOCATION.X=867|LOCATION.Y=397|
RECORD=13|LINENO= 431|OWNERPARTID=   2|OWNERINDEX= 420|CORNER.X=867|CORNER.Y=393|LINEWIDTH=1|LOCATION.X=883|LOCATION.Y=393|
RECORD= 6|LINENO= 432|OWNERPARTID=   2|OWNERINDEX= 420|LINEWIDTH=1|LOCATIONCOUNT=2|X1=875|X2=875|Y1=390|Y2=393|
RECORD= 6|LINENO= 433|OWNERPARTID=   2|OWNERINDEX= 420|LINEWIDTH=1|LOCATIONCOUNT=2|X1=875|X2=875|Y1=400|Y2=397|
RECORD=34|LINENO= 434|OWNERPARTID=   0|OWNERINDEX= 420|FONTID=1|LOCATION.X=884|LOCATION.Y=391|NAME=Designator|TEXT=C6|
RECORD=41|LINENO= 435|OWNERPARTID=   0|OWNERINDEX= 420|FONTID=1|ISHIDDEN=T|LOCATION.X=866|LOCATION.Y=412|NAME=Comment|TEXT=100nF|UNIQUEID=ONKVSGAC|
RECORD=44|LINENO= 436|OWNERPARTID= -42|OWNERINDEX= 420|
RECORD=45|LINENO= 437|OWNERPARTID= -42|OWNERINDEX= 436|DATAFILECOUNT=1|DESCRIPTION=Chip Body 1.0 x 0.5 mm (LxW typ)|ISCURRENT=T|MODELDATAFILE0=SBComponentsFootprints.PcbLib|MODELDATAFILEENTITY0=0402|MODELDATAFILEKIND0=PCBLib|MODELNAME=0402|MODELTYPE=PCBLIB|UNIQUEID=IHSBHQAT|
RECORD=46|LINENO= 438|OWNERPARTID= -42|OWNERINDEX= 437|
RECORD=48|LINENO= 439|OWNERPARTID= -42|OWNERINDEX= 437|
RECORD=25|LINENO= 440|OWNERPARTID=   0|OWNERINDEX= -42|FONTID=1|LOCATION.X=660|LOCATION.Y=570|TEXT=PHOTODIODE_2|UNIQUEID=LGAXCNHE|
RECORD=25|LINENO= 441|OWNERPARTID=   0|OWNERINDEX= -42|FONTID=1|LOCATION.X=410|LOCATION.Y=500|TEXT=PHOTODIODE_1|UNIQUEID=LXRPUJNP|
RECORD= 6|LINENO= 442|OWNERPARTID=   0|OWNERINDEX= -42|LINEWIDTH=2|LOCATIONCOUNT=2|X1=930|X2=930|Y1=275|Y2=740|
RECORD=25|LINENO= 443|OWNERPARTID=   0|OWNERINDEX= -42|FONTID=1|LOCATION.X=660|LOCATION.Y=670|TEXT=RADIO_CLK|UNIQUEID=SVAGFCGS|
RECORD=37|LINENO= 444|OWNERPARTID=   0|OWNERINDEX= -42|CORNER.X=395|CORNER.Y=590|LINEWIDTH=1|LOCATION.X=385|LOCATION.Y=600|
RECORD=37|LINENO= 445|OWNERPARTID=   0|OWNERINDEX= -42|CORNER.X=395|CORNER.Y=600|LINEWIDTH=1|LOCATION.X=385|LOCATION.Y=610|
RECORD= 4|LINENO= 446|OWNERPARTID=   0|OWNERINDEX= -42|FONTID=5|LOCATION.X=25|LOCATION.Y=295|TEXT=Orientation of the crystal|
RECORD= 4|LINENO= 447|OWNERPARTID=   0|OWNERINDEX= -42|FONTID=5|LOCATION.X=25|LOCATION.Y=280|TEXT=doesnt matter, both ways work|
RECORD=25|LINENO= 448|OWNERPARTID=   0|OWNERINDEX= -42|FONTID=1|LOCATION.X=660|LOCATION.Y=580|TEXT=RADIO_CE|UNIQUEID=UXSYMNAE|
RECORD=25|LINENO= 449|OWNERPARTID=   0|OWNERINDEX= -42|FONTID=1|LOCATION.X=660|LOCATION.Y=600|TEXT=RADIO_IRQ|UNIQUEID=GSVDUHWL|
RECORD=25|LINENO= 450|OWNERPARTID=   0|OWNERINDEX= -42|FONTID=1|LOCATION.X=440|LOCATION.Y=470|TEXT=IMU_INT|UNIQUEID=LMUPWCSP|
RECORD=25|LINENO= 451|OWNERPARTID=   0|OWNERINDEX= -42|FONTID=1|LOCATION.X=720|LOCATION.Y=515|TEXT=I2C_EXT|UNIQUEID=GKCRBOAW|
RECORD=25|LINENO= 452|OWNERPARTID=   0|OWNERINDEX= -42|FONTID=1|LOCATION.X=660|LOCATION.Y=540|TEXT=IO1|UNIQUEID=NJQUFIMK|
RECORD=25|LINENO= 453|OWNERPARTID=   0|OWNERINDEX= -42|FONTID=1|LOCATION.X=660|LOCATION.Y=530|TEXT=IO2|UNIQUEID=TLDGUWVG|
RECORD= 1|LINENO= 454|OWNERPARTID=   0|OWNERINDEX= -42|%UTF8%COMPONENTDESCRIPTION=22R 0402 1/16W Â±1%|AREACOLOR=11599871|COMPONENTDESCRIPTION=22R 0402 1/16W ±1%|CURRENTPARTID=1|DESIGNITEMID=22R|DISPLAYMODECOUNT=1|LIBRARYPATH=*|LIBREFERENCE=22R|LOCATION.X=185|LOCATION.Y=480|ORIENTATION=2|PARTCOUNT=2|PARTIDLOCKED=T|SOURCELIBRARYNAME=SBComponentsSchematics.SchLib|TARGETFILENAME=*|UNIQUEID=YEQTUGRW|
RECORD=41|LINENO= 455|OWNERPARTID=   0|OWNERINDEX= 454|FONTID=1|ISHIDDEN=T|LOCATION.X=153|LOCATION.Y=484|NAME=Supplier 1|TEXT=Farnell|UNIQUEID=RUSTRHCK|
RECORD=41|LINENO= 456|OWNERPARTID=   0|OWNERINDEX= 454|FONTID=1|ISHIDDEN=T|LOCATION.X=153|LOCATION.Y=484|NAME=Supplier 2|TEXT=Digi-Key|UNIQUEID=BXIXCUFD|
RECORD=41|LINENO= 457|OWNERPARTID=   0|OWNERINDEX= 454|FONTID=1|ISHIDDEN=T|LOCATION.X=153|LOCATION.Y=484|NAME=Supplier Part Number 1|TEXT=2072797|UNIQUEID=UGHGDVTI|
RECORD=41|LINENO= 458|OWNERPARTID=   0|OWNERINDEX= 454|FONTID=1|ISHIDDEN=T|LOCATION.X=153|LOCATION.Y=484|NAME=Supplier Part Number 2|TEXT=541-22.0LCT-ND|UNIQUEID=IBIOCTDD|
RECORD=41|LINENO= 459|OWNERPARTID=   0|OWNERINDEX= 454|FONTID=1|LOCATION.X=164|LOCATION.Y=466|NAME=Value|TEXT=22R|UNIQUEID=NMKGXXLQ|
RECORD= 2|LINENO= 460|OWNERPARTID=   2|OWNERINDEX= 454|DESIGNATOR=1|ELECTRICAL=4|FORMALTYPE=1|LOCATION.X=195|LOCATION.Y=480|NAME=1|PINCONGLOMERATE=32|PINLENGTH=10|
RECORD=41|LINENO= 461|OWNERPARTID=   0|OWNERINDEX= 460|FONTID=1|ISHIDDEN=T|LOCATION.X=195|LOCATION.Y=480|NAME=PinUniqueId|TEXT=WBCDEGBL|UNIQUEID=QBRYUQCC|
RECORD= 2|LINENO= 462|OWNERPARTID=   2|OWNERINDEX= 454|DESIGNATOR=2|ELECTRICAL=4|FORMALTYPE=1|LOCATION.X=165|LOCATION.Y=480|NAME=2|PINCONGLOMERATE=34|PINLENGTH=10|
RECORD=41|LINENO= 463|OWNERPARTID=   0|OWNERINDEX= 462|FONTID=1|ISHIDDEN=T|LOCATION.X=165|LOCATION.Y=480|NAME=PinUniqueId|TEXT=YWPKUDGB|UNIQUEID=LOINXGGD|
RECORD= 6|LINENO= 464|OWNERPARTID=   2|OWNERINDEX= 454|LINEWIDTH=1|LOCATIONCOUNT=7|X1=165|X2=168|X3=174|X4=180|X5=186|X6=192|X7=195|Y1=480|Y2=477|Y3=483|Y4=477|Y5=483|Y6=477|Y7=480|
RECORD=34|LINENO= 465|OWNERPARTID=   0|OWNERINDEX= 454|FONTID=1|LOCATION.X=164|LOCATION.Y=484|NAME=Designator|TEXT=R3|UNIQUEID=SEKMJOUF|
RECORD=41|LINENO= 466|OWNERPARTID=   0|OWNERINDEX= 454|FONTID=1|ISHIDDEN=T|LOCATION.X=153|LOCATION.Y=484|NAME=Comment|TEXT=22R|UNIQUEID=DTOPOHNE|
RECORD=44|LINENO= 467|OWNERPARTID= -42|OWNERINDEX= 454|
RECORD=45|LINENO= 468|OWNERPARTID= -42|OWNERINDEX= 467|DATAFILECOUNT=1|DESCRIPTION=Chip Body 1.0 x 0.5 mm (LxW typ)|ISCURRENT=T|MODELDATAFILE0=SBComponentsFootprints.PcbLib|MODELDATAFILEENTITY0=0402|MODELDATAFILEKIND0=PCBLib|MODELNAME=0402|MODELTYPE=PCBLIB|UNIQUEID=EMROXBHI|
RECORD=46|LINENO= 469|OWNERPARTID= -42|OWNERINDEX= 468|
RECORD=48|LINENO= 470|OWNERPARTID= -42|OWNERINDEX= 468|
RECORD= 1|LINENO= 471|OWNERPARTID=   0|OWNERINDEX= -42|%UTF8%COMPONENTDESCRIPTION=22R 0402 1/16W Â±1%|AREACOLOR=11599871|COMPONENTDESCRIPTION=22R 0402 1/16W ±1%|CURRENTPARTID=1|DESIGNITEMID=22R|DISPLAYMODECOUNT=1|LIBRARYPATH=*|LIBREFERENCE=22R|LOCATION.X=185|LOCATION.Y=510|ORIENTATION=2|PARTCOUNT=2|PARTIDLOCKED=T|SOURCELIBRARYNAME=SBComponentsSchematics.SchLib|TARGETFILENAME=*|UNIQUEID=YJEYGTED|
RECORD=41|LINENO= 472|OWNERPARTID=   0|OWNERINDEX= 471|FONTID=1|ISHIDDEN=T|LOCATION.X=153|LOCATION.Y=514|NAME=Supplier 1|TEXT=Farnell|UNIQUEID=QBJMUQSX|
RECORD=41|LINENO= 473|OWNERPARTID=   0|OWNERINDEX= 471|FONTID=1|ISHIDDEN=T|LOCATION.X=153|LOCATION.Y=514|NAME=Supplier 2|TEXT=Digi-Key|UNIQUEID=XVPGMRFN|
RECORD=41|LINENO= 474|OWNERPARTID=   0|OWNERINDEX= 471|FONTID=1|ISHIDDEN=T|LOCATION.X=153|LOCATION.Y=514|NAME=Supplier Part Number 1|TEXT=2072797|UNIQUEID=KJHALBLN|
RECORD=41|LINENO= 475|OWNERPARTID=   0|OWNERINDEX= 471|FONTID=1|ISHIDDEN=T|LOCATION.X=153|LOCATION.Y=514|NAME=Supplier Part Number 2|TEXT=541-22.0LCT-ND|UNIQUEID=QEMJNNML|
RECORD=41|LINENO= 476|OWNERPARTID=   0|OWNERINDEX= 471|FONTID=1|LOCATION.X=164|LOCATION.Y=496|NAME=Value|TEXT=22R|UNIQUEID=GJCKDVWK|
RECORD= 2|LINENO= 477|OWNERPARTID=   2|OWNERINDEX= 471|DESIGNATOR=1|ELECTRICAL=4|FORMALTYPE=1|LOCATION.X=195|LOCATION.Y=510|NAME=1|PINCONGLOMERATE=32|PINLENGTH=10|
RECORD=41|LINENO= 478|OWNERPARTID=   0|OWNERINDEX= 477|FONTID=1|ISHIDDEN=T|LOCATION.X=195|LOCATION.Y=510|NAME=PinUniqueId|TEXT=OBKELXWO|UNIQUEID=SMAIPBLR|
RECORD= 2|LINENO= 479|OWNERPARTID=   2|OWNERINDEX= 471|DESIGNATOR=2|ELECTRICAL=4|FORMALTYPE=1|LOCATION.X=165|LOCATION.Y=510|NAME=2|PINCONGLOMERATE=34|PINLENGTH=10|
RECORD=41|LINENO= 480|OWNERPARTID=   0|OWNERINDEX= 479|FONTID=1|ISHIDDEN=T|LOCATION.X=165|LOCATION.Y=510|NAME=PinUniqueId|TEXT=LGRKWMJV|UNIQUEID=YJMTQRUU|
RECORD= 6|LINENO= 481|OWNERPARTID=   2|OWNERINDEX= 471|LINEWIDTH=1|LOCATIONCOUNT=7|X1=165|X2=168|X3=174|X4=180|X5=186|X6=192|X7=195|Y1=510|Y2=507|Y3=513|Y4=507|Y5=513|Y6=507|Y7=510|
RECORD=34|LINENO= 482|OWNERPARTID=   0|OWNERINDEX= 471|FONTID=1|LOCATION.X=164|LOCATION.Y=514|NAME=Designator|TEXT=R2|UNIQUEID=QYTVFSCL|
RECORD=41|LINENO= 483|OWNERPARTID=   0|OWNERINDEX= 471|FONTID=1|ISHIDDEN=T|LOCATION.X=153|LOCATION.Y=514|NAME=Comment|TEXT=22R|UNIQUEID=VUWTSGPW|
RECORD=44|LINENO= 484|OWNERPARTID= -42|OWNERINDEX= 471|
RECORD=45|LINENO= 485|OWNERPARTID= -42|OWNERINDEX= 484|DATAFILECOUNT=1|DESCRIPTION=Chip Body 1.0 x 0.5 mm (LxW typ)|ISCURRENT=T|MODELDATAFILE0=SBComponentsFootprints.PcbLib|MODELDATAFILEENTITY0=0402|MODELDATAFILEKIND0=PCBLib|MODELNAME=0402|MODELTYPE=PCBLIB|UNIQUEID=MILYFNKP|
RECORD=46|LINENO= 486|OWNERPARTID= -42|OWNERINDEX= 485|
RECORD=48|LINENO= 487|OWNERPARTID= -42|OWNERINDEX= 485|
RECORD= 1|LINENO= 488|OWNERPARTID=   0|OWNERINDEX= -42|%UTF8%COMPONENTDESCRIPTION=22R 0402 1/16W Â±1%|AREACOLOR=11599871|COMPONENTDESCRIPTION=22R 0402 1/16W ±1%|CURRENTPARTID=1|DESIGNITEMID=22R|DISPLAYMODECOUNT=1|LIBRARYPATH=*|LIBREFERENCE=22R|LOCATION.X=185|LOCATION.Y=540|ORIENTATION=2|PARTCOUNT=2|PARTIDLOCKED=T|SOURCELIBRARYNAME=SBComponentsSchematics.SchLib|TARGETFILENAME=*|UNIQUEID=GSLEBJSO|
RECORD=41|LINENO= 489|OWNERPARTID=   0|OWNERINDEX= 488|FONTID=1|ISHIDDEN=T|LOCATION.X=153|LOCATION.Y=544|NAME=Supplier 1|TEXT=Farnell|UNIQUEID=UJSYFCMT|
RECORD=41|LINENO= 490|OWNERPARTID=   0|OWNERINDEX= 488|FONTID=1|ISHIDDEN=T|LOCATION.X=153|LOCATION.Y=544|NAME=Supplier 2|TEXT=Digi-Key|UNIQUEID=PLFSHEIU|
RECORD=41|LINENO= 491|OWNERPARTID=   0|OWNERINDEX= 488|FONTID=1|ISHIDDEN=T|LOCATION.X=153|LOCATION.Y=544|NAME=Supplier Part Number 1|TEXT=2072797|UNIQUEID=NRPMHXGV|
RECORD=41|LINENO= 492|OWNERPARTID=   0|OWNERINDEX= 488|FONTID=1|ISHIDDEN=T|LOCATION.X=153|LOCATION.Y=544|NAME=Supplier Part Number 2|TEXT=541-22.0LCT-ND|UNIQUEID=CFGFVBTI|
RECORD=41|LINENO= 493|OWNERPARTID=   0|OWNERINDEX= 488|FONTID=1|LOCATION.X=164|LOCATION.Y=526|NAME=Value|TEXT=22R|UNIQUEID=LIKMCTRS|
RECORD= 2|LINENO= 494|OWNERPARTID=   2|OWNERINDEX= 488|DESIGNATOR=1|ELECTRICAL=4|FORMALTYPE=1|LOCATION.X=195|LOCATION.Y=540|NAME=1|PINCONGLOMERATE=32|PINLENGTH=10|
RECORD=41|LINENO= 495|OWNERPARTID=   0|OWNERINDEX= 494|FONTID=1|ISHIDDEN=T|LOCATION.X=195|LOCATION.Y=540|NAME=PinUniqueId|TEXT=GLKGSTOK|UNIQUEID=VHHVITAN|
RECORD= 2|LINENO= 496|OWNERPARTID=   2|OWNERINDEX= 488|DESIGNATOR=2|ELECTRICAL=4|FORMALTYPE=1|LOCATION.X=165|LOCATION.Y=540|NAME=2|PINCONGLOMERATE=34|PINLENGTH=10|
RECORD=41|LINENO= 497|OWNERPARTID=   0|OWNERINDEX= 496|FONTID=1|ISHIDDEN=T|LOCATION.X=165|LOCATION.Y=540|NAME=PinUniqueId|TEXT=FRUPOKEH|UNIQUEID=DIAGWTVA|
RECORD= 6|LINENO= 498|OWNERPARTID=   2|OWNERINDEX= 488|LINEWIDTH=1|LOCATIONCOUNT=7|X1=165|X2=168|X3=174|X4=180|X5=186|X6=192|X7=195|Y1=540|Y2=537|Y3=543|Y4=537|Y5=543|Y6=537|Y7=540|
RECORD=34|LINENO= 499|OWNERPARTID=   0|OWNERINDEX= 488|FONTID=1|LOCATION.X=164|LOCATION.Y=544|NAME=Designator|TEXT=R1|UNIQUEID=CVFNQMDB|
RECORD=41|LINENO= 500|OWNERPARTID=   0|OWNERINDEX= 488|FONTID=1|ISHIDDEN=T|LOCATION.X=153|LOCATION.Y=544|NAME=Comment|TEXT=22R|UNIQUEID=UQMCQVMI|
RECORD=44|LINENO= 501|OWNERPARTID= -42|OWNERINDEX= 488|
RECORD=45|LINENO= 502|OWNERPARTID= -42|OWNERINDEX= 501|DATAFILECOUNT=1|DESCRIPTION=Chip Body 1.0 x 0.5 mm (LxW typ)|ISCURRENT=T|MODELDATAFILE0=SBComponentsFootprints.PcbLib|MODELDATAFILEENTITY0=0402|MODELDATAFILEKIND0=PCBLib|MODELNAME=0402|MODELTYPE=PCBLIB|UNIQUEID=GYURIWNV|
RECORD=46|LINENO= 503|OWNERPARTID= -42|OWNERINDEX= 502|
RECORD=48|LINENO= 504|OWNERPARTID= -42|OWNERINDEX= 502|
RECORD=17|LINENO= 505|OWNERPARTID=   0|OWNERINDEX= -42|FONTID=2|LOCATION.X=460|LOCATION.Y=635|ORIENTATION=1|SHOWNETNAME=T|STYLE=2|TEXT=VBAT|UNIQUEID=SUQFIVKB|
RECORD=27|LINENO= 506|OWNERPARTID=   0|OWNERINDEX= -42|LINEWIDTH=1|LOCATIONCOUNT=2|UNIQUEID=VERBINNU|X1=490|X2=480|Y1=670|Y2=670|
RECORD=27|LINENO= 507|OWNERPARTID=   0|OWNERINDEX= -42|LINEWIDTH=1|LOCATIONCOUNT=3|UNIQUEID=TLKNMIWM|X1=490|X2=480|X3=480|Y1=640|Y2=640|Y3=660|
RECORD=27|LINENO= 508|OWNERPARTID=   0|OWNERINDEX= -42|LINEWIDTH=1|LOCATIONCOUNT=2|UNIQUEID=OMBIPHIW|X1=480|X2=480|Y1=670|Y2=660|
RECORD=27|LINENO= 509|OWNERPARTID=   0|OWNERINDEX= -42|LINEWIDTH=1|LOCATIONCOUNT=2|UNIQUEID=AULYCOTE|X1=480|X2=490|Y1=660|Y2=660|
RECORD=27|LINENO= 510|OWNERPARTID=   0|OWNERINDEX= -42|LINEWIDTH=1|LOCATIONCOUNT=3|UNIQUEID=HNXCFVPV|X1=40|X2=60|X3=80|Y1=670|Y2=670|Y3=670|
RECORD=27|LINENO= 511|OWNERPARTID=   0|OWNERINDEX= -42|LINEWIDTH=1|LOCATIONCOUNT=3|UNIQUEID=UFEFXNGJ|X1=80|X2=60|X3=40|Y1=700|Y2=700|Y3=700|
RECORD=27|LINENO= 512|OWNERPARTID=   0|OWNERINDEX= -42|LINEWIDTH=1|LOCATIONCOUNT=2|UNIQUEID=XEMJHMXC|X1=650|X2=700|Y1=610|Y2=610|
RECORD=27|LINENO= 513|OWNERPARTID=   0|OWNERINDEX= -42|LINEWIDTH=1|LOCATIONCOUNT=2|UNIQUEID=KNGVXRFI|X1=650|X2=700|Y1=620|Y2=620|
RECORD=27|LINENO= 514|OWNERPARTID=   0|OWNERINDEX= -42|LINEWIDTH=1|LOCATIONCOUNT=3|UNIQUEID=LPYIAGKM|X1=155|X2=155|X3=110|Y1=540|Y2=520|Y3=520|
RECORD=27|LINENO= 515|OWNERPARTID=   0|OWNERINDEX= -42|LINEWIDTH=1|LOCATIONCOUNT=2|UNIQUEID=AQCNXXFH|X1=235|X2=205|Y1=510|Y2=510|
RECORD=27|LINENO= 516|OWNERPARTID=   0|OWNERINDEX= -42|LINEWIDTH=1|LOCATIONCOUNT=2|UNIQUEID=YASELUEK|X1=110|X2=155|Y1=510|Y2=510|
RECORD=27|LINENO= 517|OWNERPARTID=   0|OWNERINDEX= -42|LINEWIDTH=1|LOCATIONCOUNT=3|UNIQUEID=MUTUJTOA|X1=110|X2=155|X3=155|Y1=500|Y2=500|Y3=480|
RECORD=27|LINENO= 518|OWNERPARTID=   0|OWNERINDEX= -42|LINEWIDTH=1|LOCATIONCOUNT=2|UNIQUEID=SHYLAOWS|X1=720|X2=650|Y1=640|Y2=640|
RECORD=27|LINENO= 519|OWNERPARTID=   0|OWNERINDEX= -42|LINEWIDTH=1|LOCATIONCOUNT=2|UNIQUEID=TRXOSQCI|X1=205|X2=235|Y1=480|Y2=480|
RECORD=27|LINENO= 520|OWNERPARTID=   0|OWNERINDEX= -42|LINEWIDTH=1|LOCATIONCOUNT=2|UNIQUEID=VQRSADNT|X1=205|X2=235|Y1=540|Y2=540|
RECORD=27|LINENO= 521|OWNERPARTID=   0|OWNERINDEX= -42|LINEWIDTH=1|LOCATIONCOUNT=2|UNIQUEID=FIBXNTCF|X1=475|X2=490|Y1=550|Y2=550|
RECORD=27|LINENO= 522|OWNERPARTID=   0|OWNERINDEX= -42|LINEWIDTH=1|LOCATIONCOUNT=2|UNIQUEID=PRHDBESV|X1=475|X2=490|Y1=540|Y2=540|
RECORD=27|LINENO= 523|OWNERPARTID=   0|OWNERINDEX= -42|LINEWIDTH=1|LOCATIONCOUNT=2|UNIQUEID=XYUTTWCI|X1=490|X2=475|Y1=530|Y2=530|
RECORD=27|LINENO= 524|OWNERPARTID=   0|OWNERINDEX= -42|LINEWIDTH=1|LOCATIONCOUNT=2|UNIQUEID=QQYXQDKV|X1=720|X2=650|Y1=660|Y2=660|
RECORD=27|LINENO= 525|OWNERPARTID=   0|OWNERINDEX= -42|LINEWIDTH=1|LOCATIONCOUNT=2|UNIQUEID=GIDDPWSH|X1=650|X2=720|Y1=650|Y2=650|
RECORD=27|LINENO= 526|OWNERPARTID=   0|OWNERINDEX= -42|LINEWIDTH=1|LOCATIONCOUNT=2|UNIQUEID=TARDMKNT|X1=120|X2=110|Y1=530|Y2=530|
RECORD=27|LINENO= 527|OWNERPARTID=   0|OWNERINDEX= -42|LINEWIDTH=1|LOCATIONCOUNT=3|UNIQUEID=EGBOVJSG|X1=230|X2=160|X3=160|Y1=380|Y2=380|Y3=370|
RECORD=27|LINENO= 528|OWNERPARTID=   0|OWNERINDEX= -42|LINEWIDTH=1|LOCATIONCOUNT=2|UNIQUEID=OABKGWLW|X1=415|X2=490|Y1=380|Y2=380|
RECORD=27|LINENO= 529|OWNERPARTID=   0|OWNERINDEX= -42|LINEWIDTH=1|LOCATIONCOUNT=2|UNIQUEID=CUPHCFNA|X1=415|X2=490|Y1=370|Y2=370|
RECORD=27|LINENO= 530|OWNERPARTID=   0|OWNERINDEX= -42|LINEWIDTH=1|LOCATIONCOUNT=2|UNIQUEID=GKSLJNOP|X1=650|X2=660|Y1=480|Y2=480|
RECORD=27|LINENO= 531|OWNERPARTID=   0|OWNERINDEX= -42|LINEWIDTH=1|LOCATIONCOUNT=3|UNIQUEID=OCTGHUYN|X1=40|X2=110|X3=110|Y1=380|Y2=380|Y3=370|
RECORD=27|LINENO= 532|OWNERPARTID=   0|OWNERINDEX= -42|LINEWIDTH=1|LOCATIONCOUNT=2|UNIQUEID=RSYGOPOT|X1=730|X2=650|Y1=560|Y2=560|
RECORD=27|LINENO= 533|OWNERPARTID=   0|OWNERINDEX= -42|LINEWIDTH=1|LOCATIONCOUNT=2|UNIQUEID=MXOVVGKW|X1=490|X2=420|Y1=460|Y2=460|
RECORD=27|LINENO= 534|OWNERPARTID=   0|OWNERINDEX= -42|LINEWIDTH=1|LOCATIONCOUNT=2|UNIQUEID=TKYNINAS|X1=395|X2=490|Y1=580|Y2=580|
RECORD=27|LINENO= 535|OWNERPARTID=   0|OWNERINDEX= -42|LINEWIDTH=1|LOCATIONCOUNT=2|UNIQUEID=FBGMYGQP|X1=395|X2=490|Y1=590|Y2=590|
RECORD=27|LINENO= 536|OWNERPARTID=   0|OWNERINDEX= -42|LINEWIDTH=1|LOCATIONCOUNT=2|UNIQUEID=NPYDVWFF|X1=395|X2=490|Y1=600|Y2=600|
RECORD=27|LINENO= 537|OWNERPARTID=   0|OWNERINDEX= -42|LINEWIDTH=1|LOCATIONCOUNT=2|UNIQUEID=YVNWTEHA|X1=395|X2=490|Y1=570|Y2=570|
RECORD=27|LINENO= 538|OWNERPARTID=   0|OWNERINDEX= -42|LINEWIDTH=1|LOCATIONCOUNT=3|UNIQUEID=IGOPKFQI|X1=120|X2=120|X3=110|Y1=480|Y2=490|Y3=490|
RECORD=27|LINENO= 539|OWNERPARTID=   0|OWNERINDEX= -42|LINEWIDTH=1|LOCATIONCOUNT=2|UNIQUEID=HMANXIIX|X1=650|X2=685|Y1=490|Y2=490|
RECORD=27|LINENO= 540|OWNERPARTID=   0|OWNERINDEX= -42|LINEWIDTH=1|LOCATIONCOUNT=2|UNIQUEID=CDTAWQSV|X1=875|X2=830|Y1=410|Y2=410|
RECORD=27|LINENO= 541|OWNERPARTID=   0|OWNERINDEX= -42|LINEWIDTH=1|LOCATIONCOUNT=3|UNIQUEID=PUKHYYBE|X1=140|X2=180|X3=220|Y1=670|Y2=670|Y3=670|
RECORD=27|LINENO= 542|OWNERPARTID=   0|OWNERINDEX= -42|LINEWIDTH=1|LOCATIONCOUNT=3|UNIQUEID=DCWPXFAK|X1=220|X2=180|X3=140|Y1=700|Y2=700|Y3=700|
RECORD=27|LINENO= 543|OWNERPARTID=   0|OWNERINDEX= -42|LINEWIDTH=1|LOCATIONCOUNT=2|UNIQUEID=YBJVGNTD|X1=490|X2=410|Y1=500|Y2=500|
RECORD=27|LINENO= 544|OWNERPARTID=   0|OWNERINDEX= -42|LINEWIDTH=1|LOCATIONCOUNT=2|UNIQUEID=BRCAKGGS|X1=715|X2=650|Y1=570|Y2=570|
RECORD=27|LINENO= 545|OWNERPARTID=   0|OWNERINDEX= -42|LINEWIDTH=1|LOCATIONCOUNT=2|UNIQUEID=QHQSLOMG|X1=650|X2=715|Y1=670|Y2=670|
RECORD=27|LINENO= 546|OWNERPARTID=   0|OWNERINDEX= -42|LINEWIDTH=1|LOCATIONCOUNT=2|UNIQUEID=CMSFMSQT|X1=490|X2=475|Y1=560|Y2=560|
RECORD=27|LINENO= 547|OWNERPARTID=   0|OWNERINDEX= -42|LINEWIDTH=1|LOCATIONCOUNT=2|UNIQUEID=ARACISIQ|X1=650|X2=700|Y1=600|Y2=600|
RECORD=27|LINENO= 548|OWNERPARTID=   0|OWNERINDEX= -42|LINEWIDTH=1|LOCATIONCOUNT=2|UNIQUEID=KANXNOMQ|X1=650|X2=700|Y1=580|Y2=580|
RECORD=27|LINENO= 549|OWNERPARTID=   0|OWNERINDEX= -42|LINEWIDTH=1|LOCATIONCOUNT=2|UNIQUEID=EKFYBBJW|X1=490|X2=400|Y1=480|Y2=480|
RECORD=27|LINENO= 550|OWNERPARTID=   0|OWNERINDEX= -42|LINEWIDTH=1|LOCATIONCOUNT=2|UNIQUEID=HBOAQDSR|X1=490|X2=400|Y1=490|Y2=490|
RECORD=27|LINENO= 551|OWNERPARTID=   0|OWNERINDEX= -42|LINEWIDTH=1|LOCATIONCOUNT=2|UNIQUEID=TAYUSUKS|X1=490|X2=420|Y1=470|Y2=470|
RECORD=27|LINENO= 552|OWNERPARTID=   0|OWNERINDEX= -42|LINEWIDTH=1|LOCATIONCOUNT=2|UNIQUEID=UGYTXNYI|X1=685|X2=650|Y1=520|Y2=520|
RECORD=27|LINENO= 553|OWNERPARTID=   0|OWNERINDEX= -42|LINEWIDTH=1|LOCATIONCOUNT=2|UNIQUEID=MJRQGCDO|X1=685|X2=650|Y1=510|Y2=510|
RECORD=27|LINENO= 554|OWNERPARTID=   0|OWNERINDEX= -42|LINEWIDTH=1|LOCATIONCOUNT=2|UNIQUEID=MHJSBFJQ|X1=650|X2=680|Y1=530|Y2=530|
RECORD=27|LINENO= 555|OWNERPARTID=   0|OWNERINDEX= -42|LINEWIDTH=1|LOCATIONCOUNT=2|UNIQUEID=XCBEXJXK|X1=650|X2=680|Y1=540|Y2=540|
RECORD=27|LINENO= 556|OWNERPARTID=   0|OWNERINDEX= -42|LINEWIDTH=1|LOCATIONCOUNT=4|UNIQUEID=DDUAHXOW|X1=650|X2=650|X3=650|X4=650|Y1=350|Y2=360|Y3=370|Y4=390|
RECORD=26|LINENO= 557|OWNERPARTID=   0|OWNERINDEX= -42|LINEWIDTH=1|LOCATIONCOUNT=3|X1=795|X2=730|X3=730|Y1=670|Y2=670|Y3=650|
RECORD=26|LINENO= 558|OWNERPARTID=   0|OWNERINDEX= -42|LINEWIDTH=1|LOCATIONCOUNT=2|X1=385|X2=385|Y1=680|Y2=580|
RECORD=27|LINENO= 559|OWNERPARTID=   0|OWNERINDEX= -42|LINEWIDTH=1|LOCATIONCOUNT=3|UNIQUEID=EWFIJEJK|X1=490|X2=460|X3=460|Y1=620|Y2=620|Y3=635|
RECORD=29|LINENO= 560|OWNERPARTID=   0|OWNERINDEX= -42|LOCATION.X=60|LOCATION.Y=670|
RECORD=29|LINENO= 561|OWNERPARTID=   0|OWNERINDEX= -42|LOCATION.X=60|LOCATION.Y=700|
RECORD=29|LINENO= 562|OWNERPARTID=   0|OWNERINDEX= -42|LOCATION.X=110|LOCATION.Y=380|
RECORD=29|LINENO= 563|OWNERPARTID=   0|OWNERINDEX= -42|LOCATION.X=160|LOCATION.Y=380|
RECORD=29|LINENO= 564|OWNERPARTID=   0|OWNERINDEX= -42|LOCATION.X=180|LOCATION.Y=670|
RECORD=29|LINENO= 565|OWNERPARTID=   0|OWNERINDEX= -42|LOCATION.X=180|LOCATION.Y=700|
RECORD=29|LINENO= 566|OWNERPARTID=   0|OWNERINDEX= -42|LOCATION.X=480|LOCATION.Y=660|
RECORD=29|LINENO= 567|OWNERPARTID=   0|OWNERINDEX= -42|LOCATION.X=480|LOCATION.Y=670|
RECORD=29|LINENO= 568|OWNERPARTID=   0|OWNERINDEX= -42|LOCATION.X=650|LOCATION.Y=350|
RECORD=29|LINENO= 569|OWNERPARTID=   0|OWNERINDEX= -42|LOCATION.X=650|LOCATION.Y=360|
RECORD=29|LINENO= 570|OWNERPARTID=   0|OWNERINDEX= -42|LOCATION.X=650|LOCATION.Y=370|
RECORD=29|LINENO= 571|OWNERPARTID=   0|OWNERINDEX= -42|LOCATION.X=875|LOCATION.Y=410|
