RECORD=-42|LINENO=   0|OWNERPARTID= -42|OWNERINDEX= -42|HEADER=Protel for Windows - Schematic Capture Binary File Version 5.0|MINORVERSION=2|UNIQUEID=QUTWIFLY|WEIGHT=570|
RECORD=31|LINENO=   1|OWNERPARTID= -42|OWNERINDEX= -42|AREACOLOR=16317695|BOLD3=T|BOLD4=T|BORDERON=T|CUSTOMMARGINWIDTH=20|CUSTOMX=1500|CUSTOMXZONES=6|CUSTOMY=950|CUSTOMYZONES=4|DISPLAY_UNIT=4|FONTIDCOUNT=4|FONTNAME1=Times New Roman|FONTNAME2=Times New Roman|FONTNAME3=Arial|FONTNAME4=Times New Roman|HOTSPOTGRIDON=T|HOTSPOTGRIDSIZE=3|ISBOC=T|ITALIC4=T|ROTATION2=90|SHEETNUMBERSPACESIZE=4|SIZE1=10|SIZE2=10|SIZE3=20|SIZE4=10|SNAPGRIDON=T|SNAPGRIDSIZE=5|SYSTEMFONT=1|TITLEBLOCKON=T|USEMBCS=T|VISIBLEGRIDON=T|VISIBLEGRIDSIZE=10|
RECORD=41|LINENO=   2|OWNERPARTID=   0|OWNERINDEX= -42|FONTID=1|ISHIDDEN=T|NAME=CurrentTime|TEXT=*|UNIQUEID=IPFTKKSP|
RECORD=41|LINENO=   3|OWNERPARTID=   0|OWNERINDEX= -42|FONTID=1|ISHIDDEN=T|NAME=CurrentDate|TEXT=*|UNIQUEID=MJEQVHBM|
RECORD=41|LINENO=   4|OWNERPARTID=   0|OWNERINDEX= -42|FONTID=1|ISHIDDEN=T|NAME=Time|TEXT=*|UNIQUEID=QDGVBFXK|
RECORD=41|LINENO=   5|OWNERPARTID=   0|OWNERINDEX= -42|FONTID=1|ISHIDDEN=T|NAME=Date|TEXT=*|UNIQUEID=MLYMHUFI|
RECORD=41|LINENO=   6|OWNERPARTID=   0|OWNERINDEX= -42|FONTID=1|ISHIDDEN=T|NAME=DocumentFullPathAndName|TEXT=*|UNIQUEID=FSNNGUYH|
RECORD=41|LINENO=   7|OWNERPARTID=   0|OWNERINDEX= -42|FONTID=1|ISHIDDEN=T|NAME=DocumentName|TEXT=*|UNIQUEID=SYWMEXHA|
RECORD=41|LINENO=   8|OWNERPARTID=   0|OWNERINDEX= -42|FONTID=1|ISHIDDEN=T|NAME=ModifiedDate|TEXT=*|UNIQUEID=RFQFARWW|
RECORD=41|LINENO=   9|OWNERPARTID=   0|OWNERINDEX= -42|FONTID=1|ISHIDDEN=T|NAME=ApprovedBy|TEXT=*|UNIQUEID=AFEKVABY|
RECORD=41|LINENO=  10|OWNERPARTID=   0|OWNERINDEX= -42|FONTID=1|ISHIDDEN=T|NAME=CheckedBy|TEXT=*|UNIQUEID=TMREBLMS|
RECORD=41|LINENO=  11|OWNERPARTID=   0|OWNERINDEX= -42|FONTID=1|ISHIDDEN=T|NAME=Author|TEXT=*|UNIQUEID=YKJVTMIQ|
RECORD=41|LINENO=  12|OWNERPARTID=   0|OWNERINDEX= -42|FONTID=1|ISHIDDEN=T|NAME=CompanyName|TEXT=*|UNIQUEID=PCWJHQFQ|
RECORD=41|LINENO=  13|OWNERPARTID=   0|OWNERINDEX= -42|FONTID=1|ISHIDDEN=T|NAME=DrawnBy|TEXT=*|UNIQUEID=LVJUTBFG|
RECORD=41|LINENO=  14|OWNERPARTID=   0|OWNERINDEX= -42|FONTID=1|ISHIDDEN=T|NAME=Engineer|TEXT=*|UNIQUEID=HBYDKHEQ|
RECORD=41|LINENO=  15|OWNERPARTID=   0|OWNERINDEX= -42|FONTID=1|ISHIDDEN=T|NAME=Organization|TEXT=*|UNIQUEID=WAFMPRUM|
RECORD=41|LINENO=  16|OWNERPARTID=   0|OWNERINDEX= -42|FONTID=1|ISHIDDEN=T|NAME=Address1|TEXT=*|UNIQUEID=IJQRDUBO|
RECORD=41|LINENO=  17|OWNERPARTID=   0|OWNERINDEX= -42|FONTID=1|ISHIDDEN=T|NAME=Address2|TEXT=*|UNIQUEID=XVFYIEIG|
RECORD=41|LINENO=  18|OWNERPARTID=   0|OWNERINDEX= -42|FONTID=1|ISHIDDEN=T|NAME=Address3|TEXT=*|UNIQUEID=XBYDQKBT|
RECORD=41|LINENO=  19|OWNERPARTID=   0|OWNERINDEX= -42|FONTID=1|ISHIDDEN=T|NAME=Address4|TEXT=*|UNIQUEID=OXSXSWXG|
RECORD=41|LINENO=  20|OWNERPARTID=   0|OWNERINDEX= -42|FONTID=1|ISHIDDEN=T|NAME=Title|TEXT=*|UNIQUEID=RGWVGDSS|
RECORD=41|LINENO=  21|OWNERPARTID=   0|OWNERINDEX= -42|FONTID=1|ISHIDDEN=T|NAME=DocumentNumber|TEXT=*|UNIQUEID=XQFFXHPT|
RECORD=41|LINENO=  22|OWNERPARTID=   0|OWNERINDEX= -42|FONTID=1|ISHIDDEN=T|NAME=Revision|TEXT=*|UNIQUEID=SPNIOECW|
RECORD=41|LINENO=  23|OWNERPARTID=   0|OWNERINDEX= -42|FONTID=1|ISHIDDEN=T|NAME=SheetNumber|TEXT=*|UNIQUEID=LIAOLCIF|
RECORD=41|LINENO=  24|OWNERPARTID=   0|OWNERINDEX= -42|FONTID=1|ISHIDDEN=T|NAME=SheetTotal|TEXT=*|UNIQUEID=KGVWEVKF|
RECORD=41|LINENO=  25|OWNERPARTID=   0|OWNERINDEX= -42|FONTID=1|ISHIDDEN=T|NAME=Rule|TEXT=*|UNIQUEID=JONLDESB|
RECORD=41|LINENO=  26|OWNERPARTID=   0|OWNERINDEX= -42|FONTID=1|ISHIDDEN=T|NAME=ImagePath|TEXT=*|UNIQUEID=PFTETBGX|
RECORD=41|LINENO=  27|OWNERPARTID=   0|OWNERINDEX= -42|FONTID=1|ISHIDDEN=T|NAME=ProjectName|TEXT=*|UNIQUEID=IGXODCGF|
RECORD=17|LINENO=  28|OWNERPARTID=   0|OWNERINDEX= -42|FONTID=2|LOCATION.X=650|LOCATION.Y=350|ORIENTATION=3|SHOWNETNAME=T|STYLE=4|TEXT=GND|UNIQUEID=OPLGOXVO|
RECORD=17|LINENO=  29|OWNERPARTID=   0|OWNERINDEX= -42|FONTID=2|LOCATION.X=480|LOCATION.Y=670|ORIENTATION=1|SHOWNETNAME=T|STYLE=2|TEXT=+3.3V|UNIQUEID=OVPCFEWD|
RECORD=17|LINENO=  30|OWNERPARTID=   0|OWNERINDEX= -42|FONTID=2|LOCATION.X=190|LOCATION.Y=700|ORIENTATION=1|SHOWNETNAME=T|STYLE=2|TEXT=+3.3V|UNIQUEID=KBVXDEAH|
RECORD= 1|LINENO=  31|OWNERPARTID=   0|OWNERINDEX= -42|%UTF8%COMPONENTDESCRIPTION=10nF 0402 X7R 25V Â±5%|AREACOLOR=11599871|COMPONENTDESCRIPTION=10nF 0402 X7R 25V ±5%|CURRENTPARTID=1|DESIGNITEMID=10nF|DISPLAYMODECOUNT=1|LIBRARYPATH=*|LIBREFERENCE=10nF|LOCATION.X=40|LOCATION.Y=685|ORIENTATION=1|PARTCOUNT=2|PARTIDLOCKED=T|SOURCELIBRARYNAME=SBComponentsSchematics.SchLib|TARGETFILENAME=*|UNIQUEID=PAJCGVCE|
RECORD=41|LINENO=  32|OWNERPARTID=   0|OWNERINDEX=  31|FONTID=1|ISHIDDEN=T|LOCATION.X=20|LOCATION.Y=700|NAME=Supplier 1|TEXT=Farnell|UNIQUEID=BIREFJFW|
RECORD=41|LINENO=  33|OWNERPARTID=   0|OWNERINDEX=  31|FONTID=1|ISHIDDEN=T|LOCATION.X=20|LOCATION.Y=700|NAME=Supplier Part Number 1|TEXT=1692285|UNIQUEID=JBFEPCCY|
RECORD=41|LINENO=  34|OWNERPARTID=   0|OWNERINDEX=  31|FONTID=1|ISHIDDEN=T|LOCATION.X=20|LOCATION.Y=700|NAME=Supplier 2|TEXT=Digi-Key|UNIQUEID=ULUSEXNI|
RECORD=41|LINENO=  35|OWNERPARTID=   0|OWNERINDEX=  31|FONTID=1|ISHIDDEN=T|LOCATION.X=20|LOCATION.Y=700|NAME=Supplier Part Number 2|TEXT=399-1279-1-ND|UNIQUEID=HTCCJDHG|
RECORD=41|LINENO=  36|OWNERPARTID=   0|OWNERINDEX=  31|FONTID=1|LOCATION.X=49|LOCATION.Y=671|NAME=Value|TEXT=10nF|UNIQUEID=TWVIKDKV|
RECORD= 2|LINENO=  37|OWNERPARTID=   2|OWNERINDEX=  31|DESIGNATOR=1|ELECTRICAL=4|FORMALTYPE=1|LOCATION.X=40|LOCATION.Y=680|NAME=1|PINCONGLOMERATE=35|PINLENGTH=10|
RECORD=41|LINENO=  38|OWNERPARTID=   0|OWNERINDEX=  37|FONTID=1|ISHIDDEN=T|LOCATION.X=40|LOCATION.Y=680|NAME=PinUniqueId|TEXT=FDSKKFDB|UNIQUEID=JCPUTVVO|
RECORD= 2|LINENO=  39|OWNERPARTID=   2|OWNERINDEX=  31|DESIGNATOR=2|ELECTRICAL=4|FORMALTYPE=1|LOCATION.X=40|LOCATION.Y=690|NAME=2|PINCONGLOMERATE=33|PINLENGTH=10|
RECORD=41|LINENO=  40|OWNERPARTID=   0|OWNERINDEX=  39|FONTID=1|ISHIDDEN=T|LOCATION.X=40|LOCATION.Y=690|NAME=PinUniqueId|TEXT=MRJPDERY|UNIQUEID=UGSGNICT|
RECORD=13|LINENO=  41|OWNERPARTID=   2|OWNERINDEX=  31|CORNER.X=48|CORNER.Y=687|LINEWIDTH=1|LOCATION.X=32|LOCATION.Y=687|
RECORD=13|LINENO=  42|OWNERPARTID=   2|OWNERINDEX=  31|CORNER.X=32|CORNER.Y=683|LINEWIDTH=1|LOCATION.X=48|LOCATION.Y=683|
RECORD= 6|LINENO=  43|OWNERPARTID=   2|OWNERINDEX=  31|LINEWIDTH=1|LOCATIONCOUNT=2|X1=40|X2=40|Y1=680|Y2=683|
RECORD= 6|LINENO=  44|OWNERPARTID=   2|OWNERINDEX=  31|LINEWIDTH=1|LOCATIONCOUNT=2|X1=40|X2=40|Y1=690|Y2=687|
RECORD=34|LINENO=  45|OWNERPARTID=   0|OWNERINDEX=  31|FONTID=1|LOCATION.X=49|LOCATION.Y=681|NAME=Designator|TEXT=C1|
RECORD=41|LINENO=  46|OWNERPARTID=   0|OWNERINDEX=  31|FONTID=1|ISHIDDEN=T|LOCATION.X=31|LOCATION.Y=702|NAME=Comment|TEXT=10nF|UNIQUEID=HKHIBSBF|
RECORD=44|LINENO=  47|OWNERPARTID= -42|OWNERINDEX=  31|
RECORD=45|LINENO=  48|OWNERPARTID= -42|OWNERINDEX=  47|DATAFILECOUNT=1|DESCRIPTION=Chip Body 1.0 x 0.5 mm (LxW typ)|ISCURRENT=T|MODELDATAFILE0=SBComponentsFootprints.PcbLib|MODELDATAFILEENTITY0=0402|MODELDATAFILEKIND0=PCBLib|MODELNAME=0402|MODELTYPE=PCBLIB|UNIQUEID=AXUJSWTJ|
RECORD=46|LINENO=  49|OWNERPARTID= -42|OWNERINDEX=  48|
RECORD=48|LINENO=  50|OWNERPARTID= -42|OWNERINDEX=  48|
RECORD=17|LINENO=  51|OWNERPARTID=   0|OWNERINDEX= -42|FONTID=2|LOCATION.X=190|LOCATION.Y=670|ORIENTATION=3|SHOWNETNAME=T|STYLE=4|TEXT=GND|UNIQUEID=VSKLXHRQ|
RECORD= 4|LINENO=  52|OWNERPARTID=   0|OWNERINDEX= -42|FONTID=4|LOCATION.X=40|LOCATION.Y=620|TEXT=for VDDA|
RECORD= 1|LINENO=  53|OWNERPARTID=   0|OWNERINDEX= -42|%UTF8%COMPONENTDESCRIPTION=1uF 0603 X5R 10V Â±10%|AREACOLOR=11599871|COMPONENTDESCRIPTION=1uF 0603 X5R 10V ±10%|CURRENTPARTID=1|DESIGNITEMID=1uF|DISPLAYMODECOUNT=1|LIBRARYPATH=*|LIBREFERENCE=1uF|LOCATION.X=80|LOCATION.Y=685|ORIENTATION=1|PARTCOUNT=2|PARTIDLOCKED=T|SOURCELIBRARYNAME=SBComponentsSchematics.SchLib|TARGETFILENAME=*|UNIQUEID=VGVBKODI|
RECORD=41|LINENO=  54|OWNERPARTID=   0|OWNERINDEX=  53|FONTID=1|ISHIDDEN=T|LOCATION.X=60|LOCATION.Y=700|NAME=Supplier 1|TEXT=Farnell|UNIQUEID=QUOFQNLF|
RECORD=41|LINENO=  55|OWNERPARTID=   0|OWNERINDEX=  53|FONTID=1|ISHIDDEN=T|LOCATION.X=60|LOCATION.Y=700|NAME=Supplier Part Number 1|TEXT=1759399|UNIQUEID=NOONKDMP|
RECORD=41|LINENO=  56|OWNERPARTID=   0|OWNERINDEX=  53|FONTID=1|ISHIDDEN=T|LOCATION.X=60|LOCATION.Y=700|NAME=Supplier 2|TEXT=Digi-Key|UNIQUEID=SGPXSBTH|
RECORD=41|LINENO=  57|OWNERPARTID=   0|OWNERINDEX=  53|FONTID=1|ISHIDDEN=T|LOCATION.X=60|LOCATION.Y=700|NAME=Supplier Part Number 2|TEXT=478-1251-1-ND|UNIQUEID=OFMGNOQI|
RECORD=41|LINENO=  58|OWNERPARTID=   0|OWNERINDEX=  53|FONTID=1|LOCATION.X=89|LOCATION.Y=671|NAME=Value|TEXT=1uF|UNIQUEID=IXLYMMPK|
RECORD= 2|LINENO=  59|OWNERPARTID=   2|OWNERINDEX=  53|DESIGNATOR=1|ELECTRICAL=4|FORMALTYPE=1|LOCATION.X=80|LOCATION.Y=680|NAME=1|PINCONGLOMERATE=35|PINLENGTH=10|
RECORD=41|LINENO=  60|OWNERPARTID=   0|OWNERINDEX=  59|FONTID=1|ISHIDDEN=T|LOCATION.X=80|LOCATION.Y=680|NAME=PinUniqueId|TEXT=NQIQDSSR|UNIQUEID=MDDHJMLS|
RECORD= 2|LINENO=  61|OWNERPARTID=   2|OWNERINDEX=  53|DESIGNATOR=2|ELECTRICAL=4|FORMALTYPE=1|LOCATION.X=80|LOCATION.Y=690|NAME=2|PINCONGLOMERATE=33|PINLENGTH=10|
RECORD=41|LINENO=  62|OWNERPARTID=   0|OWNERINDEX=  61|FONTID=1|ISHIDDEN=T|LOCATION.X=80|LOCATION.Y=690|NAME=PinUniqueId|TEXT=GLASVYPD|UNIQUEID=BRNRJLXG|
RECORD=13|LINENO=  63|OWNERPARTID=   2|OWNERINDEX=  53|CORNER.X=88|CORNER.Y=687|LINEWIDTH=1|LOCATION.X=72|LOCATION.Y=687|
RECORD=13|LINENO=  64|OWNERPARTID=   2|OWNERINDEX=  53|CORNER.X=72|CORNER.Y=683|LINEWIDTH=1|LOCATION.X=88|LOCATION.Y=683|
RECORD= 6|LINENO=  65|OWNERPARTID=   2|OWNERINDEX=  53|LINEWIDTH=1|LOCATIONCOUNT=2|X1=80|X2=80|Y1=680|Y2=683|
RECORD= 6|LINENO=  66|OWNERPARTID=   2|OWNERINDEX=  53|LINEWIDTH=1|LOCATIONCOUNT=2|X1=80|X2=80|Y1=690|Y2=687|
RECORD=34|LINENO=  67|OWNERPARTID=   0|OWNERINDEX=  53|FONTID=1|LOCATION.X=89|LOCATION.Y=681|NAME=Designator|TEXT=C2|
RECORD=41|LINENO=  68|OWNERPARTID=   0|OWNERINDEX=  53|FONTID=1|ISHIDDEN=T|LOCATION.X=71|LOCATION.Y=702|NAME=Comment|TEXT=1uF|UNIQUEID=WBJETVYE|
RECORD=44|LINENO=  69|OWNERPARTID= -42|OWNERINDEX=  53|
RECORD=45|LINENO=  70|OWNERPARTID= -42|OWNERINDEX=  69|DATAFILECOUNT=1|DESCRIPTION=Chip Body 1.6 x 0.8 mm (LxW typ)|ISCURRENT=T|MODELDATAFILE0=SBComponentsFootprints.PcbLib|MODELDATAFILEENTITY0=0603|MODELDATAFILEKIND0=PCBLib|MODELNAME=0603|MODELTYPE=PCBLIB|UNIQUEID=WYDPLCFW|
RECORD=46|LINENO=  71|OWNERPARTID= -42|OWNERINDEX=  70|
RECORD=48|LINENO=  72|OWNERPARTID= -42|OWNERINDEX=  70|
RECORD=17|LINENO=  73|OWNERPARTID=   0|OWNERINDEX= -42|FONTID=2|LOCATION.X=60|LOCATION.Y=700|ORIENTATION=1|SHOWNETNAME=T|STYLE=2|TEXT=+3.3V|UNIQUEID=YSTVYXXW|
RECORD=17|LINENO=  74|OWNERPARTID=   0|OWNERINDEX= -42|FONTID=2|LOCATION.X=60|LOCATION.Y=670|ORIENTATION=3|SHOWNETNAME=T|STYLE=4|TEXT=GND|UNIQUEID=FUROWNXD|
RECORD= 4|LINENO=  75|OWNERPARTID=   0|OWNERINDEX= -42|FONTID=4|LOCATION.X=160|LOCATION.Y=620|TEXT=for VDDs|
RECORD= 1|LINENO=  76|OWNERPARTID=   0|OWNERINDEX= -42|%UTF8%COMPONENTDESCRIPTION=4.7uF 0603 X5R 10V Â±10%|AREACOLOR=11599871|COMPONENTDESCRIPTION=4.7uF 0603 X5R 10V ±10%|CURRENTPARTID=1|DESIGNITEMID=4.7uF|DISPLAYMODECOUNT=1|LIBRARYPATH=*|LIBREFERENCE=4.7uF|LOCATION.X=130|LOCATION.Y=685|ORIENTATION=1|PARTCOUNT=2|PARTIDLOCKED=T|SOURCELIBRARYNAME=SBComponentsSchematics.SchLib|TARGETFILENAME=*|UNIQUEID=PHQCMVBT|
RECORD=41|LINENO=  77|OWNERPARTID=   0|OWNERINDEX=  76|FONTID=1|ISHIDDEN=T|LOCATION.X=110|LOCATION.Y=700|NAME=Supplier 1|TEXT=Farnell|UNIQUEID=FPLDSSVI|
RECORD=41|LINENO=  78|OWNERPARTID=   0|OWNERINDEX=  76|FONTID=1|ISHIDDEN=T|LOCATION.X=110|LOCATION.Y=700|NAME=Supplier Part Number 1|TEXT=2362098|UNIQUEID=FIMNKECL|
RECORD=41|LINENO=  79|OWNERPARTID=   0|OWNERINDEX=  76|FONTID=1|ISHIDDEN=T|LOCATION.X=110|LOCATION.Y=700|NAME=Supplier 2|TEXT=Digi-Key|UNIQUEID=VXBNJVKU|
RECORD=41|LINENO=  80|OWNERPARTID=   0|OWNERINDEX=  76|FONTID=1|ISHIDDEN=T|LOCATION.X=110|LOCATION.Y=700|NAME=Supplier Part Number 2|TEXT=445-5170-1-ND|UNIQUEID=VHTXTGBK|
RECORD=41|LINENO=  81|OWNERPARTID=   0|OWNERINDEX=  76|FONTID=1|LOCATION.X=139|LOCATION.Y=671|NAME=Value|TEXT=4.7uF|UNIQUEID=YYNAPYAP|
RECORD= 2|LINENO=  82|OWNERPARTID=   2|OWNERINDEX=  76|DESIGNATOR=1|ELECTRICAL=4|FORMALTYPE=1|LOCATION.X=130|LOCATION.Y=680|NAME=1|PINCONGLOMERATE=35|PINLENGTH=10|
RECORD=41|LINENO=  83|OWNERPARTID=   0|OWNERINDEX=  82|FONTID=1|ISHIDDEN=T|LOCATION.X=130|LOCATION.Y=680|NAME=PinUniqueId|TEXT=FUPQQPAC|UNIQUEID=NEVJPKKL|
RECORD= 2|LINENO=  84|OWNERPARTID=   2|OWNERINDEX=  76|DESIGNATOR=2|ELECTRICAL=4|FORMALTYPE=1|LOCATION.X=130|LOCATION.Y=690|NAME=2|PINCONGLOMERATE=33|PINLENGTH=10|
RECORD=41|LINENO=  85|OWNERPARTID=   0|OWNERINDEX=  84|FONTID=1|ISHIDDEN=T|LOCATION.X=130|LOCATION.Y=690|NAME=PinUniqueId|TEXT=UNCBYSAW|UNIQUEID=PWBJDNXJ|
RECORD=13|LINENO=  86|OWNERPARTID=   2|OWNERINDEX=  76|CORNER.X=138|CORNER.Y=687|LINEWIDTH=1|LOCATION.X=122|LOCATION.Y=687|
RECORD=13|LINENO=  87|OWNERPARTID=   2|OWNERINDEX=  76|CORNER.X=122|CORNER.Y=683|LINEWIDTH=1|LOCATION.X=138|LOCATION.Y=683|
RECORD= 6|LINENO=  88|OWNERPARTID=   2|OWNERINDEX=  76|LINEWIDTH=1|LOCATIONCOUNT=2|X1=130|X2=130|Y1=680|Y2=683|
RECORD= 6|LINENO=  89|OWNERPARTID=   2|OWNERINDEX=  76|LINEWIDTH=1|LOCATIONCOUNT=2|X1=130|X2=130|Y1=690|Y2=687|
RECORD=34|LINENO=  90|OWNERPARTID=   0|OWNERINDEX=  76|FONTID=1|LOCATION.X=139|LOCATION.Y=681|NAME=Designator|TEXT=C3|UNIQUEID=GLXRUPKI|
RECORD=41|LINENO=  91|OWNERPARTID=   0|OWNERINDEX=  76|FONTID=1|ISHIDDEN=T|LOCATION.X=121|LOCATION.Y=702|NAME=Comment|TEXT=4.7uF|UNIQUEID=YJLAHRQM|
RECORD=44|LINENO=  92|OWNERPARTID= -42|OWNERINDEX=  76|
RECORD=45|LINENO=  93|OWNERPARTID= -42|OWNERINDEX=  92|DATAFILECOUNT=1|DESCRIPTION=Chip Body 1.6 x 0.8 mm (LxW typ)|ISCURRENT=T|MODELDATAFILE0=SBComponentsFootprints.PcbLib|MODELDATAFILEENTITY0=0603|MODELDATAFILEKIND0=PCBLib|MODELNAME=0603|MODELTYPE=PCBLIB|UNIQUEID=OOVLFPED|
RECORD=46|LINENO=  94|OWNERPARTID= -42|OWNERINDEX=  93|
RECORD=48|LINENO=  95|OWNERPARTID= -42|OWNERINDEX=  93|
RECORD=25|LINENO=  96|OWNERPARTID=   0|OWNERINDEX= -42|FONTID=1|LOCATION.X=660|LOCATION.Y=620|TEXT=SWDIO|UNIQUEID=VFANEULQ|
RECORD=25|LINENO=  97|OWNERPARTID=   0|OWNERINDEX= -42|FONTID=1|LOCATION.X=660|LOCATION.Y=610|TEXT=SWCLK|UNIQUEID=IKGYLGUP|
RECORD=25|LINENO=  98|OWNERPARTID=   0|OWNERINDEX= -42|FONTID=1|LOCATION.X=660|LOCATION.Y=490|TEXT=NRST|UNIQUEID=CDCUOGDK|
RECORD=25|LINENO=  99|OWNERPARTID=   0|OWNERINDEX= -42|FONTID=1|LOCATION.X=205|LOCATION.Y=540|TEXT=SWDIO|UNIQUEID=HLDHGVGQ|
RECORD=25|LINENO= 100|OWNERPARTID=   0|OWNERINDEX= -42|FONTID=1|LOCATION.X=205|LOCATION.Y=480|TEXT=SWCLK|UNIQUEID=JTLUSXLP|
RECORD=17|LINENO= 101|OWNERPARTID=   0|OWNERINDEX= -42|FONTID=2|LOCATION.X=120|LOCATION.Y=530|ORIENTATION=1|SHOWNETNAME=T|STYLE=2|TEXT=+3.3V|UNIQUEID=OAOSWFIO|
RECORD=17|LINENO= 102|OWNERPARTID=   0|OWNERINDEX= -42|FONTID=2|LOCATION.X=120|LOCATION.Y=480|ORIENTATION=3|SHOWNETNAME=T|STYLE=4|TEXT=GND|UNIQUEID=GVXHEJXN|
RECORD=25|LINENO= 103|OWNERPARTID=   0|OWNERINDEX= -42|FONTID=1|LOCATION.X=205|LOCATION.Y=510|TEXT=NRST|UNIQUEID=AXBMLAJL|
RECORD=25|LINENO= 104|OWNERPARTID=   0|OWNERINDEX= -42|FONTID=1|LOCATION.X=865|LOCATION.Y=535|TEXT=RADIO_SPI|UNIQUEID=WJTNQWIF|
RECORD=37|LINENO= 105|OWNERPARTID=   0|OWNERINDEX= -42|CORNER.X=715|CORNER.Y=560|LINEWIDTH=1|LOCATION.X=705|LOCATION.Y=570|
RECORD=37|LINENO= 106|OWNERPARTID=   0|OWNERINDEX= -42|CORNER.X=705|CORNER.Y=580|LINEWIDTH=1|LOCATION.X=715|LOCATION.Y=570|
RECORD=25|LINENO= 107|OWNERPARTID=   0|OWNERINDEX= -42|FONTID=1|LOCATION.X=660|LOCATION.Y=570|TEXT=RGBLED1|UNIQUEID=TEEOGCJV|
RECORD=25|LINENO= 108|OWNERPARTID=   0|OWNERINDEX= -42|FONTID=1|LOCATION.X=420|LOCATION.Y=520|TEXT=RGBLED2|UNIQUEID=JOGDLHER|
RECORD=25|LINENO= 109|OWNERPARTID=   0|OWNERINDEX= -42|FONTID=1|LOCATION.X=660|LOCATION.Y=580|TEXT=RGBLED3|UNIQUEID=HVNGIEIY|
RECORD=25|LINENO= 110|OWNERPARTID=   0|OWNERINDEX= -42|FONTID=1|LOCATION.X=720|LOCATION.Y=560|TEXT=RGBLED[1..3]|UNIQUEID=RTIBPVLQ|
RECORD= 4|LINENO= 111|OWNERPARTID=   0|OWNERINDEX= -42|FONTID=3|LOCATION.X=145|LOCATION.Y=415|TEXT=SWD Connector|
RECORD=17|LINENO= 112|OWNERPARTID=   0|OWNERINDEX= -42|FONTID=2|LOCATION.X=110|LOCATION.Y=340|ORIENTATION=3|SHOWNETNAME=T|STYLE=4|TEXT=GND|UNIQUEID=ERPQNHTU|
RECORD=17|LINENO= 113|OWNERPARTID=   0|OWNERINDEX= -42|FONTID=2|LOCATION.X=160|LOCATION.Y=340|ORIENTATION=3|SHOWNETNAME=T|STYLE=4|TEXT=GND|UNIQUEID=TNITTTUJ|
RECORD= 4|LINENO= 114|OWNERPARTID=   0|OWNERINDEX= -42|FONTID=3|LOCATION.X=215|LOCATION.Y=280|TEXT=Crystal|
RECORD=25|LINENO= 115|OWNERPARTID=   0|OWNERINDEX= -42|FONTID=1|LOCATION.X=415|LOCATION.Y=370|TEXT=MCU_X1_16MHZ|UNIQUEID=AEBIBKUN|
RECORD= 1|LINENO= 116|OWNERPARTID=   0|OWNERINDEX= -42|%UTF8%COMPONENTDESCRIPTION=100K 0402 1/16W Â±1%|AREACOLOR=11599871|COMPONENTDESCRIPTION=100K 0402 1/16W ±1%|CURRENTPARTID=1|DESIGNITEMID=100K|DISPLAYMODECOUNT=1|LIBRARYPATH=*|LIBREFERENCE=100K|LOCATION.X=670|LOCATION.Y=450|ORIENTATION=1|PARTCOUNT=2|PARTIDLOCKED=T|SOURCELIBRARYNAME=SBComponentsSchematics.SchLib|TARGETFILENAME=*|UNIQUEID=GJMLCCSS|
RECORD=41|LINENO= 117|OWNERPARTID=   0|OWNERINDEX= 116|FONTID=1|ISHIDDEN=T|LOCATION.X=648|LOCATION.Y=465|NAME=Supplier 1|TEXT=Farnell|UNIQUEID=LCXSAFCH|
RECORD=41|LINENO= 118|OWNERPARTID=   0|OWNERINDEX= 116|FONTID=1|ISHIDDEN=T|LOCATION.X=648|LOCATION.Y=465|NAME=Supplier Part Number 1|TEXT=2072519|UNIQUEID=IKCEQGCO|
RECORD=41|LINENO= 119|OWNERPARTID=   0|OWNERINDEX= 116|FONTID=1|ISHIDDEN=T|LOCATION.X=648|LOCATION.Y=465|NAME=Supplier 2|TEXT=Digi-Key|UNIQUEID=DXXMXKGC|
RECORD=41|LINENO= 120|OWNERPARTID=   0|OWNERINDEX= 116|FONTID=1|ISHIDDEN=T|LOCATION.X=648|LOCATION.Y=465|NAME=Supplier Part Number 2|TEXT=541-100KLCT-ND|UNIQUEID=MIITSQBB|
RECORD=41|LINENO= 121|OWNERPARTID=   0|OWNERINDEX= 116|FONTID=1|LOCATION.X=674|LOCATION.Y=451|NAME=Value|TEXT=100K|UNIQUEID=ESXVRRGD|
RECORD= 2|LINENO= 122|OWNERPARTID=   2|OWNERINDEX= 116|DESIGNATOR=1|ELECTRICAL=4|FORMALTYPE=1|LOCATION.X=670|LOCATION.Y=440|NAME=1|PINCONGLOMERATE=35|PINLENGTH=10|
RECORD=41|LINENO= 123|OWNERPARTID=   0|OWNERINDEX= 122|FONTID=1|ISHIDDEN=T|LOCATION.X=670|LOCATION.Y=440|NAME=PinUniqueId|TEXT=UQPMJSHM|UNIQUEID=TMEBBBHR|
RECORD= 2|LINENO= 124|OWNERPARTID=   2|OWNERINDEX= 116|DESIGNATOR=2|ELECTRICAL=4|FORMALTYPE=1|LOCATION.X=670|LOCATION.Y=470|NAME=2|PINCONGLOMERATE=33|PINLENGTH=10|
RECORD=41|LINENO= 125|OWNERPARTID=   0|OWNERINDEX= 124|FONTID=1|ISHIDDEN=T|LOCATION.X=670|LOCATION.Y=470|NAME=PinUniqueId|TEXT=PAOJRWCQ|UNIQUEID=SQEVMULJ|
RECORD= 6|LINENO= 126|OWNERPARTID=   2|OWNERINDEX= 116|LINEWIDTH=1|LOCATIONCOUNT=7|X1=670|X2=667|X3=673|X4=667|X5=673|X6=667|X7=670|Y1=470|Y2=467|Y3=461|Y4=455|Y5=449|Y6=443|Y7=440|
RECORD=34|LINENO= 127|OWNERPARTID=   0|OWNERINDEX= 116|FONTID=1|LOCATION.X=674|LOCATION.Y=461|NAME=Designator|TEXT=R4|UNIQUEID=FCGVWRKH|
RECORD=41|LINENO= 128|OWNERPARTID=   0|OWNERINDEX= 116|FONTID=1|ISHIDDEN=T|LOCATION.X=665|LOCATION.Y=435|NAME=Comment|TEXT=100K|UNIQUEID=TTLCGARY|
RECORD=44|LINENO= 129|OWNERPARTID= -42|OWNERINDEX= 116|
RECORD=45|LINENO= 130|OWNERPARTID= -42|OWNERINDEX= 129|DATAFILECOUNT=1|DESCRIPTION=Chip Body 1.0 x 0.5 mm (LxW typ)|ISCURRENT=T|MODELDATAFILE0=SBComponentsFootprints.PcbLib|MODELDATAFILEENTITY0=0402|MODELDATAFILEKIND0=PCBLib|MODELNAME=0402|MODELTYPE=PCBLIB|UNIQUEID=OWHFYMVL|
RECORD=46|LINENO= 131|OWNERPARTID= -42|OWNERINDEX= 130|
RECORD=48|LINENO= 132|OWNERPARTID= -42|OWNERINDEX= 130|
RECORD=17|LINENO= 133|OWNERPARTID=   0|OWNERINDEX= -42|FONTID=2|LOCATION.X=670|LOCATION.Y=430|ORIENTATION=3|SHOWNETNAME=T|STYLE=4|TEXT=GND|UNIQUEID=VBNCDAWX|
RECORD=41|LINENO= 134|OWNERPARTID=   0|OWNERINDEX= -42|FONTID=1|ISHIDDEN=T|NAME=Application_BuildNumber|TEXT=*|UNIQUEID=BSPGXWPC|
RECORD=25|LINENO= 135|OWNERPARTID=   0|OWNERINDEX= -42|FONTID=1|LOCATION.X=415|LOCATION.Y=360|TEXT=MCU_X2_16MHZ|UNIQUEID=TJDDQUND|
RECORD=25|LINENO= 136|OWNERPARTID=   0|OWNERINDEX= -42|FONTID=1|LOCATION.X=40|LOCATION.Y=380|TEXT=MCU_X1_16MHZ|UNIQUEID=WCXKIDCN|
RECORD=25|LINENO= 137|OWNERPARTID=   0|OWNERINDEX= -42|FONTID=1|LOCATION.X=160|LOCATION.Y=380|TEXT=MCU_X2_16MHZ|UNIQUEID=PPNMGHFU|
RECORD= 1|LINENO= 138|OWNERPARTID=   0|OWNERINDEX= -42|AREACOLOR=11599871|COMPONENTDESCRIPTION=TXC - 7V-16.000MAAE-T, 16MHZ, 30PPM, 12PF - CRYSTAL|CURRENTPARTID=1|DESIGNITEMID=7V-16.000MAAE-T|DISPLAYMODECOUNT=1|LIBRARYPATH=*|LIBREFERENCE=7V-16.000MAAE-T|LOCATION.X=135|LOCATION.Y=380|PARTCOUNT=2|PARTIDLOCKED=T|SOURCELIBRARYNAME=SBComponentsSchematics.SchLib|TARGETFILENAME=*|UNIQUEID=BPFPKBTS|
RECORD=41|LINENO= 139|OWNERPARTID=   0|OWNERINDEX= 138|FONTID=1|ISHIDDEN=T|LOCATION.X=108|LOCATION.Y=395|NAME=Supplier 1|TEXT=Digi-Key|UNIQUEID=RKAXIYHI|
RECORD=41|LINENO= 140|OWNERPARTID=   0|OWNERINDEX= 138|FONTID=1|ISHIDDEN=T|LOCATION.X=108|LOCATION.Y=405|NAME=Supplier 2|TEXT=Farnell|UNIQUEID=DMILEDFS|
RECORD=41|LINENO= 141|OWNERPARTID=   0|OWNERINDEX= 138|FONTID=1|ISHIDDEN=T|LOCATION.X=108|LOCATION.Y=395|NAME=Supplier Part Number 1|TEXT=887-1462-1-ND|UNIQUEID=RKMIXTOJ|
RECORD=41|LINENO= 142|OWNERPARTID=   0|OWNERINDEX= 138|FONTID=1|ISHIDDEN=T|LOCATION.X=108|LOCATION.Y=405|NAME=Supplier Part Number 2|TEXT=1892172|UNIQUEID=MCJARJKN|
RECORD= 2|LINENO= 143|OWNERPARTID=   2|OWNERINDEX= 138|DESIGNATOR=2|ELECTRICAL=4|FORMALTYPE=1|LOCATION.X=75|LOCATION.Y=420|NAME=GND|PINCONGLOMERATE=62|PINLENGTH=20|
RECORD=41|LINENO= 144|OWNERPARTID=   0|OWNERINDEX= 143|FONTID=1|NAME=HiddenNetName|TEXT=GND|UNIQUEID=QRFTWYHQ|
RECORD=41|LINENO= 145|OWNERPARTID=   0|OWNERINDEX= 143|FONTID=1|ISHIDDEN=T|LOCATION.X=75|LOCATION.Y=420|NAME=PinUniqueId|TEXT=JABBSQLS|UNIQUEID=UYOCFCEK|
RECORD= 2|LINENO= 146|OWNERPARTID=   2|OWNERINDEX= 138|DESIGNATOR=4|ELECTRICAL=4|FORMALTYPE=1|LOCATION.X=75|LOCATION.Y=430|NAME=GND|PINCONGLOMERATE=62|PINLENGTH=20|
RECORD=41|LINENO= 147|OWNERPARTID=   0|OWNERINDEX= 146|FONTID=1|NAME=HiddenNetName|TEXT=GND|UNIQUEID=VIEJANSX|
RECORD=41|LINENO= 148|OWNERPARTID=   0|OWNERINDEX= 146|FONTID=1|ISHIDDEN=T|LOCATION.X=75|LOCATION.Y=430|NAME=PinUniqueId|TEXT=YBASECRT|UNIQUEID=NTJSBFPQ|
RECORD= 2|LINENO= 149|OWNERPARTID=   2|OWNERINDEX= 138|DESIGNATOR=1|ELECTRICAL=4|FORMALTYPE=1|LOCATION.X=130|LOCATION.Y=380|NAME=X1|PINCONGLOMERATE=50|PINLENGTH=20|
RECORD=41|LINENO= 150|OWNERPARTID=   0|OWNERINDEX= 149|FONTID=1|ISHIDDEN=T|LOCATION.X=130|LOCATION.Y=380|NAME=PinUniqueId|TEXT=MNWYIOUP|UNIQUEID=ESTNOPLT|
RECORD= 2|LINENO= 151|OWNERPARTID=   2|OWNERINDEX= 138|DESIGNATOR=3|ELECTRICAL=4|FORMALTYPE=1|LOCATION.X=140|LOCATION.Y=380|NAME=X2|PINCONGLOMERATE=48|PINLENGTH=20|
RECORD=41|LINENO= 152|OWNERPARTID=   0|OWNERINDEX= 151|FONTID=1|ISHIDDEN=T|LOCATION.X=140|LOCATION.Y=380|NAME=PinUniqueId|TEXT=SPHGPVTL|UNIQUEID=OLIETBNL|
RECORD= 6|LINENO= 153|OWNERPARTID=   2|OWNERINDEX= 138|LINEWIDTH=1|LOCATIONCOUNT=2|X1=140|X2=140|Y1=384|Y2=376|
RECORD= 6|LINENO= 154|OWNERPARTID=   2|OWNERINDEX= 138|LINEWIDTH=1|LOCATIONCOUNT=2|X1=132|X2=138|Y1=387|Y2=387|
RECORD= 6|LINENO= 155|OWNERPARTID=   2|OWNERINDEX= 138|LINEWIDTH=1|LOCATIONCOUNT=2|X1=130|X2=130|Y1=384|Y2=376|
RECORD= 6|LINENO= 156|OWNERPARTID=   2|OWNERINDEX= 138|LINEWIDTH=1|LOCATIONCOUNT=4|X1=138|X2=138|X3=132|X4=132|Y1=387|Y2=373|Y3=373|Y4=387|
RECORD=34|LINENO= 157|OWNERPARTID=   0|OWNERINDEX= 138|FONTID=1|LOCATION.X=129|LOCATION.Y=362|NAME=Designator|TEXT=Y1|
RECORD=41|LINENO= 158|OWNERPARTID=   0|OWNERINDEX= 138|FONTID=1|ISHIDDEN=T|LOCATION.X=130|LOCATION.Y=365|NAME=Comment|TEXT=7V-16.000MAAE-T|UNIQUEID=AVDPFWEX|
RECORD=44|LINENO= 159|OWNERPARTID= -42|OWNERINDEX= 138|
RECORD=45|LINENO= 160|OWNERPARTID= -42|OWNERINDEX= 159|DATAFILECOUNT=1|ISCURRENT=T|MODELDATAFILE0=SBComponentsFootprints.PcbLib|MODELDATAFILEENTITY0=3.2x2.5 CRYSTAL|MODELDATAFILEKIND0=PCBLib|MODELNAME=3.2x2.5 CRYSTAL|MODELTYPE=PCBLIB|UNIQUEID=WCLYNQOG|
RECORD=46|LINENO= 161|OWNERPARTID= -42|OWNERINDEX= 160|
RECORD=48|LINENO= 162|OWNERPARTID= -42|OWNERINDEX= 160|
RECORD= 1|LINENO= 163|OWNERPARTID=   0|OWNERINDEX= -42|%UTF8%COMPONENTDESCRIPTION=22pF 0402 NP0/CG0 50V Â±5%|AREACOLOR=11599871|COMPONENTDESCRIPTION=22pF 0402 NP0/CG0 50V ±5%|CURRENTPARTID=1|DESIGNITEMID=22pF|DISPLAYMODECOUNT=1|LIBRARYPATH=*|LIBREFERENCE=22pF|LOCATION.X=110|LOCATION.Y=355|ORIENTATION=1|PARTCOUNT=2|PARTIDLOCKED=T|SOURCELIBRARYNAME=SBComponentsSchematics.SchLib|TARGETFILENAME=*|UNIQUEID=ANSEXXCK|
RECORD=41|LINENO= 164|OWNERPARTID=   0|OWNERINDEX= 163|FONTID=1|ISHIDDEN=T|LOCATION.X=90|LOCATION.Y=370|NAME=Supplier 1|TEXT=Farnell|UNIQUEID=RHGISOCY|
RECORD=41|LINENO= 165|OWNERPARTID=   0|OWNERINDEX= 163|FONTID=1|ISHIDDEN=T|LOCATION.X=90|LOCATION.Y=380|NAME=Supplier 2|TEXT=Digi-Key|UNIQUEID=PCLNJLPK|
RECORD=41|LINENO= 166|OWNERPARTID=   0|OWNERINDEX= 163|FONTID=1|ISHIDDEN=T|LOCATION.X=90|LOCATION.Y=370|NAME=Supplier Part Number 1|TEXT=1414580|UNIQUEID=VBYJMJHR|
RECORD=41|LINENO= 167|OWNERPARTID=   0|OWNERINDEX= 163|FONTID=1|ISHIDDEN=T|LOCATION.X=90|LOCATION.Y=380|NAME=Supplier Part Number 2|TEXT=490-5868-1-ND|UNIQUEID=NRWIJYIC|
RECORD=41|LINENO= 168|OWNERPARTID=   0|OWNERINDEX= 163|FONTID=1|LOCATION.X=119|LOCATION.Y=341|NAME=Value|TEXT=22pF|UNIQUEID=XWWTDWCR|
RECORD= 2|LINENO= 169|OWNERPARTID=   2|OWNERINDEX= 163|DESIGNATOR=1|ELECTRICAL=4|FORMALTYPE=1|LOCATION.X=110|LOCATION.Y=350|NAME=1|PINCONGLOMERATE=35|PINLENGTH=10|
RECORD=41|LINENO= 170|OWNERPARTID=   0|OWNERINDEX= 169|FONTID=1|ISHIDDEN=T|LOCATION.X=110|LOCATION.Y=350|NAME=PinUniqueId|TEXT=CHGWETGL|UNIQUEID=NQUQJIEF|
RECORD= 2|LINENO= 171|OWNERPARTID=   2|OWNERINDEX= 163|DESIGNATOR=2|ELECTRICAL=4|FORMALTYPE=1|LOCATION.X=110|LOCATION.Y=360|NAME=2|PINCONGLOMERATE=33|PINLENGTH=10|
RECORD=41|LINENO= 172|OWNERPARTID=   0|OWNERINDEX= 171|FONTID=1|ISHIDDEN=T|LOCATION.X=110|LOCATION.Y=360|NAME=PinUniqueId|TEXT=HTGQOWBG|UNIQUEID=URKSCUJP|
RECORD=13|LINENO= 173|OWNERPARTID=   2|OWNERINDEX= 163|CORNER.X=118|CORNER.Y=357|LINEWIDTH=1|LOCATION.X=102|LOCATION.Y=357|
RECORD=13|LINENO= 174|OWNERPARTID=   2|OWNERINDEX= 163|CORNER.X=102|CORNER.Y=353|LINEWIDTH=1|LOCATION.X=118|LOCATION.Y=353|
RECORD= 6|LINENO= 175|OWNERPARTID=   2|OWNERINDEX= 163|LINEWIDTH=1|LOCATIONCOUNT=2|X1=110|X2=110|Y1=350|Y2=353|
RECORD= 6|LINENO= 176|OWNERPARTID=   2|OWNERINDEX= 163|LINEWIDTH=1|LOCATIONCOUNT=2|X1=110|X2=110|Y1=360|Y2=357|
RECORD=34|LINENO= 177|OWNERPARTID=   0|OWNERINDEX= 163|FONTID=1|LOCATION.X=119|LOCATION.Y=351|NAME=Designator|TEXT=C8|
RECORD=41|LINENO= 178|OWNERPARTID=   0|OWNERINDEX= 163|FONTID=1|ISHIDDEN=T|LOCATION.X=101|LOCATION.Y=372|NAME=Comment|TEXT=22pF|UNIQUEID=MUGDVSRU|
RECORD=44|LINENO= 179|OWNERPARTID= -42|OWNERINDEX= 163|
RECORD=45|LINENO= 180|OWNERPARTID= -42|OWNERINDEX= 179|DATAFILECOUNT=1|DESCRIPTION=Chip Body 1.0 x 0.5 mm (LxW typ)|ISCURRENT=T|MODELDATAFILE0=SBComponentsFootprints.PcbLib|MODELDATAFILEENTITY0=0402|MODELDATAFILEKIND0=PCBLib|MODELNAME=0402|MODELTYPE=PCBLIB|UNIQUEID=SFSPQQHL|
RECORD=46|LINENO= 181|OWNERPARTID= -42|OWNERINDEX= 180|
RECORD=48|LINENO= 182|OWNERPARTID= -42|OWNERINDEX= 180|
RECORD= 1|LINENO= 183|OWNERPARTID=   0|OWNERINDEX= -42|%UTF8%COMPONENTDESCRIPTION=22pF 0402 NP0/CG0 50V Â±5%|AREACOLOR=11599871|COMPONENTDESCRIPTION=22pF 0402 NP0/CG0 50V ±5%|CURRENTPARTID=1|DESIGNITEMID=22pF|DISPLAYMODECOUNT=1|LIBRARYPATH=*|LIBREFERENCE=22pF|LOCATION.X=160|LOCATION.Y=355|ORIENTATION=1|PARTCOUNT=2|PARTIDLOCKED=T|SOURCELIBRARYNAME=SBComponentsSchematics.SchLib|TARGETFILENAME=*|UNIQUEID=JKMDYGWV|
RECORD=41|LINENO= 184|OWNERPARTID=   0|OWNERINDEX= 183|FONTID=1|ISHIDDEN=T|LOCATION.X=140|LOCATION.Y=370|NAME=Supplier 1|TEXT=Farnell|UNIQUEID=EAOVBHNP|
RECORD=41|LINENO= 185|OWNERPARTID=   0|OWNERINDEX= 183|FONTID=1|ISHIDDEN=T|LOCATION.X=140|LOCATION.Y=380|NAME=Supplier 2|TEXT=Digi-Key|UNIQUEID=KKNQMGCE|
RECORD=41|LINENO= 186|OWNERPARTID=   0|OWNERINDEX= 183|FONTID=1|ISHIDDEN=T|LOCATION.X=140|LOCATION.Y=370|NAME=Supplier Part Number 1|TEXT=1414580|UNIQUEID=RSKPNGMV|
RECORD=41|LINENO= 187|OWNERPARTID=   0|OWNERINDEX= 183|FONTID=1|ISHIDDEN=T|LOCATION.X=140|LOCATION.Y=380|NAME=Supplier Part Number 2|TEXT=490-5868-1-ND|UNIQUEID=MVIAWMRK|
RECORD=41|LINENO= 188|OWNERPARTID=   0|OWNERINDEX= 183|FONTID=1|LOCATION.X=169|LOCATION.Y=341|NAME=Value|TEXT=22pF|UNIQUEID=LBATUBCB|
RECORD= 2|LINENO= 189|OWNERPARTID=   2|OWNERINDEX= 183|DESIGNATOR=1|ELECTRICAL=4|FORMALTYPE=1|LOCATION.X=160|LOCATION.Y=350|NAME=1|PINCONGLOMERATE=35|PINLENGTH=10|
RECORD=41|LINENO= 190|OWNERPARTID=   0|OWNERINDEX= 189|FONTID=1|ISHIDDEN=T|LOCATION.X=160|LOCATION.Y=350|NAME=PinUniqueId|TEXT=RFYWAAVS|UNIQUEID=VVJHLODH|
RECORD= 2|LINENO= 191|OWNERPARTID=   2|OWNERINDEX= 183|DESIGNATOR=2|ELECTRICAL=4|FORMALTYPE=1|LOCATION.X=160|LOCATION.Y=360|NAME=2|PINCONGLOMERATE=33|PINLENGTH=10|
RECORD=41|LINENO= 192|OWNERPARTID=   0|OWNERINDEX= 191|FONTID=1|ISHIDDEN=T|LOCATION.X=160|LOCATION.Y=360|NAME=PinUniqueId|TEXT=CWNGSVHT|UNIQUEID=XCJALBQL|
RECORD=13|LINENO= 193|OWNERPARTID=   2|OWNERINDEX= 183|CORNER.X=168|CORNER.Y=357|LINEWIDTH=1|LOCATION.X=152|LOCATION.Y=357|
RECORD=13|LINENO= 194|OWNERPARTID=   2|OWNERINDEX= 183|CORNER.X=152|CORNER.Y=353|LINEWIDTH=1|LOCATION.X=168|LOCATION.Y=353|
RECORD= 6|LINENO= 195|OWNERPARTID=   2|OWNERINDEX= 183|LINEWIDTH=1|LOCATIONCOUNT=2|X1=160|X2=160|Y1=350|Y2=353|
RECORD= 6|LINENO= 196|OWNERPARTID=   2|OWNERINDEX= 183|LINEWIDTH=1|LOCATIONCOUNT=2|X1=160|X2=160|Y1=360|Y2=357|
RECORD=34|LINENO= 197|OWNERPARTID=   0|OWNERINDEX= 183|FONTID=1|LOCATION.X=169|LOCATION.Y=351|NAME=Designator|TEXT=C9|
RECORD=41|LINENO= 198|OWNERPARTID=   0|OWNERINDEX= 183|FONTID=1|ISHIDDEN=T|LOCATION.X=151|LOCATION.Y=372|NAME=Comment|TEXT=22pF|UNIQUEID=UOSNOMPI|
RECORD=44|LINENO= 199|OWNERPARTID= -42|OWNERINDEX= 183|
RECORD=45|LINENO= 200|OWNERPARTID= -42|OWNERINDEX= 199|DATAFILECOUNT=1|DESCRIPTION=Chip Body 1.0 x 0.5 mm (LxW typ)|ISCURRENT=T|MODELDATAFILE0=SBComponentsFootprints.PcbLib|MODELDATAFILEENTITY0=0402|MODELDATAFILEKIND0=PCBLib|MODELNAME=0402|MODELTYPE=PCBLIB|UNIQUEID=IUTDDUDP|
RECORD=46|LINENO= 201|OWNERPARTID= -42|OWNERINDEX= 200|
RECORD=48|LINENO= 202|OWNERPARTID= -42|OWNERINDEX= 200|
RECORD= 4|LINENO= 203|OWNERPARTID=   0|OWNERINDEX= -42|FONTID=3|LOCATION.X=90|LOCATION.Y=575|TEXT=Decoupling Capacitors|
RECORD= 4|LINENO= 204|OWNERPARTID=   0|OWNERINDEX= -42|FONTID=3|LOCATION.X=880|LOCATION.Y=280|TEXT=MCU|
RECORD= 6|LINENO= 205|OWNERPARTID=   0|OWNERINDEX= -42|LINEWIDTH=2|LOCATIONCOUNT=3|X1=20|X2=290|X3=290|Y1=570|Y2=570|Y3=740|
RECORD= 6|LINENO= 206|OWNERPARTID=   0|OWNERINDEX= -42|LINEWIDTH=2|LOCATIONCOUNT=3|X1=290|X2=85|X3=85|Y1=600|Y2=600|Y3=570|
RECORD= 6|LINENO= 207|OWNERPARTID=   0|OWNERINDEX= -42|LINEWIDTH=2|LOCATIONCOUNT=3|X1=20|X2=290|X3=290|Y1=410|Y2=410|Y3=570|
RECORD= 6|LINENO= 208|OWNERPARTID=   0|OWNERINDEX= -42|LINEWIDTH=2|LOCATIONCOUNT=3|X1=290|X2=135|X3=135|Y1=440|Y2=440|Y3=410|
RECORD= 6|LINENO= 209|OWNERPARTID=   0|OWNERINDEX= -42|LINEWIDTH=2|LOCATIONCOUNT=3|X1=20|X2=290|X3=290|Y1=275|Y2=275|Y3=410|
RECORD= 6|LINENO= 210|OWNERPARTID=   0|OWNERINDEX= -42|LINEWIDTH=2|LOCATIONCOUNT=3|X1=290|X2=205|X3=205|Y1=305|Y2=305|Y3=275|
RECORD= 6|LINENO= 211|OWNERPARTID=   0|OWNERINDEX= -42|LINEWIDTH=2|LOCATIONCOUNT=2|X1=290|X2=930|Y1=275|Y2=275|
RECORD= 6|LINENO= 212|OWNERPARTID=   0|OWNERINDEX= -42|LINEWIDTH=2|LOCATIONCOUNT=3|X1=930|X2=865|X3=865|Y1=305|Y2=305|Y3=275|
RECORD= 1|LINENO= 213|OWNERPARTID=   0|OWNERINDEX= -42|AREACOLOR=11599871|COMPONENTDESCRIPTION=TagConnect TC2030-IDC-NL SWD Programming Connector|CURRENTPARTID=1|DESIGNITEMID=TC2030-IDC-NL|DISPLAYMODECOUNT=1|LIBRARYPATH=*|LIBREFERENCE=TC2030-IDC-NL|LOCATION.X=65|LOCATION.Y=505|PARTCOUNT=2|PARTIDLOCKED=T|SOURCELIBRARYNAME=SBComponentsSchematics.SchLib|TARGETFILENAME=*|UNIQUEID=RRFNVFLM|
RECORD=14|LINENO= 214|OWNERPARTID=   2|OWNERINDEX= 213|AREACOLOR=11599871|CORNER.X=90|CORNER.Y=540|ISSOLID=T|LOCATION.X=40|LOCATION.Y=470|
RECORD= 2|LINENO= 215|OWNERPARTID=   2|OWNERINDEX= 213|DESIGNATOR=1|ELECTRICAL=7|FORMALTYPE=1|LOCATION.X=90|LOCATION.Y=530|NAME=VCC|PINCONGLOMERATE=56|PINLENGTH=20|SWAPIDPART=0|
RECORD=41|LINENO= 216|OWNERPARTID=   0|OWNERINDEX= 215|FONTID=1|NAME=HiddenNetName|TEXT=GND|UNIQUEID=YWMIGWJG|
RECORD=41|LINENO= 217|OWNERPARTID=   0|OWNERINDEX= 215|FONTID=1|ISHIDDEN=T|LOCATION.X=90|LOCATION.Y=530|NAME=PinUniqueId|TEXT=MTLEUYIQ|UNIQUEID=QUUWEGMD|
RECORD= 2|LINENO= 218|OWNERPARTID=   2|OWNERINDEX= 213|DESIGNATOR=2|ELECTRICAL=1|FORMALTYPE=1|LOCATION.X=90|LOCATION.Y=520|NAME=SWDIO|PINCONGLOMERATE=56|PINLENGTH=20|SWAPIDPART=0|
RECORD=41|LINENO= 219|OWNERPARTID=   0|OWNERINDEX= 218|FONTID=1|NAME=HiddenNetName|TEXT=GND|UNIQUEID=QUJALCER|
RECORD=41|LINENO= 220|OWNERPARTID=   0|OWNERINDEX= 218|FONTID=1|ISHIDDEN=T|LOCATION.X=90|LOCATION.Y=520|NAME=PinUniqueId|TEXT=LQRLJDWM|UNIQUEID=OKYUGJAS|
RECORD= 2|LINENO= 221|OWNERPARTID=   2|OWNERINDEX= 213|DESIGNATOR=3|ELECTRICAL=1|FORMALTYPE=1|LOCATION.X=90|LOCATION.Y=510|NAME=nRESET|PINCONGLOMERATE=56|PINLENGTH=20|SWAPIDPART=0|
RECORD=41|LINENO= 222|OWNERPARTID=   0|OWNERINDEX= 221|FONTID=1|NAME=HiddenNetName|TEXT=GND|UNIQUEID=LTDGUVNT|
RECORD=41|LINENO= 223|OWNERPARTID=   0|OWNERINDEX= 221|FONTID=1|ISHIDDEN=T|LOCATION.X=90|LOCATION.Y=510|NAME=PinUniqueId|TEXT=EMXVTESJ|UNIQUEID=YJAXJTRO|
RECORD= 2|LINENO= 224|OWNERPARTID=   2|OWNERINDEX= 213|DESIGNATOR=4|ELECTRICAL=1|FORMALTYPE=1|LOCATION.X=90|LOCATION.Y=500|NAME=SWCLK|PINCONGLOMERATE=56|PINLENGTH=20|SWAPIDPART=0|
RECORD=41|LINENO= 225|OWNERPARTID=   0|OWNERINDEX= 224|FONTID=1|NAME=HiddenNetName|TEXT=GND|UNIQUEID=UTVTKNPK|
RECORD=41|LINENO= 226|OWNERPARTID=   0|OWNERINDEX= 224|FONTID=1|ISHIDDEN=T|LOCATION.X=90|LOCATION.Y=500|NAME=PinUniqueId|TEXT=TLAOXGPT|UNIQUEID=AVNJUTAG|
RECORD= 2|LINENO= 227|OWNERPARTID=   2|OWNERINDEX= 213|DESIGNATOR=5|ELECTRICAL=7|FORMALTYPE=1|LOCATION.X=90|LOCATION.Y=490|NAME=GND|PINCONGLOMERATE=56|PINLENGTH=20|SWAPIDPART=0|
RECORD=41|LINENO= 228|OWNERPARTID=   0|OWNERINDEX= 227|FONTID=1|NAME=HiddenNetName|TEXT=GND|UNIQUEID=RHIIFTEL|
RECORD=41|LINENO= 229|OWNERPARTID=   0|OWNERINDEX= 227|FONTID=1|ISHIDDEN=T|LOCATION.X=90|LOCATION.Y=490|NAME=PinUniqueId|TEXT=NWVOSVNG|UNIQUEID=KKVHHHOU|
RECORD= 2|LINENO= 230|OWNERPARTID=   2|OWNERINDEX= 213|DESIGNATOR=6|ELECTRICAL=1|FORMALTYPE=1|LOCATION.X=90|LOCATION.Y=480|NAME=SWO|PINCONGLOMERATE=56|PINLENGTH=20|SWAPIDPART=0|
RECORD=41|LINENO= 231|OWNERPARTID=   0|OWNERINDEX= 230|FONTID=1|NAME=HiddenNetName|TEXT=GND|UNIQUEID=VDLVGHYV|
RECORD=41|LINENO= 232|OWNERPARTID=   0|OWNERINDEX= 230|FONTID=1|ISHIDDEN=T|LOCATION.X=90|LOCATION.Y=480|NAME=PinUniqueId|TEXT=KIJXHAOJ|UNIQUEID=NPPGEQXF|
RECORD=34|LINENO= 233|OWNERPARTID=   0|OWNERINDEX= 213|FONTID=1|LOCATION.X=40|LOCATION.Y=460|NAME=Designator|TEXT=P1|
RECORD=41|LINENO= 234|OWNERPARTID=   0|OWNERINDEX= 213|FONTID=1|ISHIDDEN=T|LOCATION.X=60|LOCATION.Y=490|NAME=Comment|TEXT=TC2030-IDC-NL|UNIQUEID=JAIWLGKY|
RECORD=44|LINENO= 235|OWNERPARTID= -42|OWNERINDEX= 213|
RECORD=45|LINENO= 236|OWNERPARTID= -42|OWNERINDEX= 235|DATAFILECOUNT=1|DESCRIPTION=TagConnector TC2030-IDC-NL|ISCURRENT=T|MODELDATAFILE0=SBComponentsFootprints.PcbLib|MODELDATAFILEENTITY0=TC2030-IDC-NL|MODELDATAFILEKIND0=PCBLib|MODELNAME=TC2030-IDC-NL|MODELTYPE=PCBLIB|UNIQUEID=LDBXXMAJ|
RECORD=46|LINENO= 237|OWNERPARTID= -42|OWNERINDEX= 236|
RECORD=48|LINENO= 238|OWNERPARTID= -42|OWNERINDEX= 236|
RECORD= 1|LINENO= 239|OWNERPARTID=   0|OWNERINDEX= -42|%UTF8%COMPONENTDESCRIPTION=100K 0402 1/16W Â±1%|AREACOLOR=11599871|COMPONENTDESCRIPTION=100K 0402 1/16W ±1%|CURRENTPARTID=1|DESIGNITEMID=100K|DISPLAYMODECOUNT=1|LIBRARYPATH=*|LIBREFERENCE=100K|LOCATION.X=875|LOCATION.Y=430|ORIENTATION=1|PARTCOUNT=2|PARTIDLOCKED=T|SOURCELIBRARYNAME=SBComponentsSchematics.SchLib|TARGETFILENAME=*|UNIQUEID=AATPXGBQ|
RECORD=41|LINENO= 240|OWNERPARTID=   0|OWNERINDEX= 239|FONTID=1|ISHIDDEN=T|LOCATION.X=853|LOCATION.Y=445|NAME=Supplier 1|TEXT=Farnell|UNIQUEID=HKTBPERK|
RECORD=41|LINENO= 241|OWNERPARTID=   0|OWNERINDEX= 239|FONTID=1|ISHIDDEN=T|LOCATION.X=853|LOCATION.Y=445|NAME=Supplier Part Number 1|TEXT=2072519|UNIQUEID=PXDVIRXO|
RECORD=41|LINENO= 242|OWNERPARTID=   0|OWNERINDEX= 239|FONTID=1|ISHIDDEN=T|LOCATION.X=853|LOCATION.Y=445|NAME=Supplier 2|TEXT=Digi-Key|UNIQUEID=AFJOTGBN|
RECORD=41|LINENO= 243|OWNERPARTID=   0|OWNERINDEX= 239|FONTID=1|ISHIDDEN=T|LOCATION.X=853|LOCATION.Y=445|NAME=Supplier Part Number 2|TEXT=541-100KLCT-ND|UNIQUEID=DGCJPDHF|
RECORD=41|LINENO= 244|OWNERPARTID=   0|OWNERINDEX= 239|FONTID=1|LOCATION.X=879|LOCATION.Y=431|NAME=Value|TEXT=100K|UNIQUEID=YDFXAGXE|
RECORD= 2|LINENO= 245|OWNERPARTID=   2|OWNERINDEX= 239|DESIGNATOR=1|ELECTRICAL=4|FORMALTYPE=1|LOCATION.X=875|LOCATION.Y=420|NAME=1|PINCONGLOMERATE=35|PINLENGTH=10|
RECORD=41|LINENO= 246|OWNERPARTID=   0|OWNERINDEX= 245|FONTID=1|ISHIDDEN=T|LOCATION.X=875|LOCATION.Y=420|NAME=PinUniqueId|TEXT=VYDTEYBB|UNIQUEID=NWLSOKGW|
RECORD= 2|LINENO= 247|OWNERPARTID=   2|OWNERINDEX= 239|DESIGNATOR=2|ELECTRICAL=4|FORMALTYPE=1|LOCATION.X=875|LOCATION.Y=450|NAME=2|PINCONGLOMERATE=33|PINLENGTH=10|
RECORD=41|LINENO= 248|OWNERPARTID=   0|OWNERINDEX= 247|FONTID=1|ISHIDDEN=T|LOCATION.X=875|LOCATION.Y=450|NAME=PinUniqueId|TEXT=MUBSMGRD|UNIQUEID=IVCDBEPD|
RECORD= 6|LINENO= 249|OWNERPARTID=   2|OWNERINDEX= 239|LINEWIDTH=1|LOCATIONCOUNT=7|X1=875|X2=872|X3=878|X4=872|X5=878|X6=872|X7=875|Y1=450|Y2=447|Y3=441|Y4=435|Y5=429|Y6=423|Y7=420|
RECORD=34|LINENO= 250|OWNERPARTID=   0|OWNERINDEX= 239|FONTID=1|LOCATION.X=879|LOCATION.Y=441|NAME=Designator|TEXT=R5|UNIQUEID=EJOTICJN|
RECORD=41|LINENO= 251|OWNERPARTID=   0|OWNERINDEX= 239|FONTID=1|ISHIDDEN=T|LOCATION.X=870|LOCATION.Y=415|NAME=Comment|TEXT=100K|UNIQUEID=UCTINSNY|
RECORD=44|LINENO= 252|OWNERPARTID= -42|OWNERINDEX= 239|
RECORD=45|LINENO= 253|OWNERPARTID= -42|OWNERINDEX= 252|DATAFILECOUNT=1|DESCRIPTION=Chip Body 1.0 x 0.5 mm (LxW typ)|ISCURRENT=T|MODELDATAFILE0=SBComponentsFootprints.PcbLib|MODELDATAFILEENTITY0=0402|MODELDATAFILEKIND0=PCBLib|MODELNAME=0402|MODELTYPE=PCBLIB|UNIQUEID=YTJYUMAO|
RECORD=46|LINENO= 254|OWNERPARTID= -42|OWNERINDEX= 253|
RECORD=48|LINENO= 255|OWNERPARTID= -42|OWNERINDEX= 253|
RECORD=17|LINENO= 256|OWNERPARTID=   0|OWNERINDEX= -42|FONTID=2|LOCATION.X=875|LOCATION.Y=380|ORIENTATION=3|SHOWNETNAME=T|STYLE=4|TEXT=GND|UNIQUEID=HVWQTYEJ|
RECORD=25|LINENO= 257|OWNERPARTID=   0|OWNERINDEX= -42|FONTID=1|LOCATION.X=835|LOCATION.Y=410|TEXT=NRST|UNIQUEID=RIMMNDPD|
RECORD=17|LINENO= 258|OWNERPARTID=   0|OWNERINDEX= -42|FONTID=2|LOCATION.X=875|LOCATION.Y=460|ORIENTATION=1|SHOWNETNAME=T|STYLE=2|TEXT=+3.3V|UNIQUEID=FKAEOYTT|
RECORD= 1|LINENO= 259|OWNERPARTID=   0|OWNERINDEX= -42|%UTF8%COMPONENTDESCRIPTION=100nF 0402 X7R 16V Â±10%|AREACOLOR=11599871|COMPONENTDESCRIPTION=100nF 0402 X7R 16V ±10%|CURRENTPARTID=1|DESIGNITEMID=100nF|DISPLAYMODECOUNT=1|LIBRARYPATH=*|LIBREFERENCE=100nF|LOCATION.X=170|LOCATION.Y=685|ORIENTATION=1|PARTCOUNT=2|PARTIDLOCKED=T|SOURCELIBRARYNAME=SBComponentsSchematics.SchLib|TARGETFILENAME=*|UNIQUEID=OWEHMRUP|
RECORD=41|LINENO= 260|OWNERPARTID=   0|OWNERINDEX= 259|FONTID=1|ISHIDDEN=T|LOCATION.X=150|LOCATION.Y=700|NAME=Supplier 1|TEXT=Farnell|UNIQUEID=EGVVNPHU|
RECORD=41|LINENO= 261|OWNERPARTID=   0|OWNERINDEX= 259|FONTID=1|ISHIDDEN=T|LOCATION.X=150|LOCATION.Y=700|NAME=Supplier Part Number 1|TEXT=1288252|UNIQUEID=VYRSRNJH|
RECORD=41|LINENO= 262|OWNERPARTID=   0|OWNERINDEX= 259|FONTID=1|ISHIDDEN=T|LOCATION.X=150|LOCATION.Y=700|NAME=Supplier 2|TEXT=Digi-Key|UNIQUEID=XOJJRKQM|
RECORD=41|LINENO= 263|OWNERPARTID=   0|OWNERINDEX= 259|FONTID=1|ISHIDDEN=T|LOCATION.X=150|LOCATION.Y=700|NAME=Supplier Part Number 2|TEXT=399-3521-1-ND|UNIQUEID=UFNWEAXT|
RECORD=41|LINENO= 264|OWNERPARTID=   0|OWNERINDEX= 259|FONTID=1|LOCATION.X=179|LOCATION.Y=671|NAME=Value|TEXT=100nF|UNIQUEID=DACTQDKC|
RECORD= 2|LINENO= 265|OWNERPARTID=   2|OWNERINDEX= 259|DESIGNATOR=1|ELECTRICAL=4|FORMALTYPE=1|LOCATION.X=170|LOCATION.Y=680|NAME=1|PINCONGLOMERATE=35|PINLENGTH=10|
RECORD=41|LINENO= 266|OWNERPARTID=   0|OWNERINDEX= 265|FONTID=1|ISHIDDEN=T|LOCATION.X=170|LOCATION.Y=680|NAME=PinUniqueId|TEXT=JXMJYMDL|UNIQUEID=OSNUYXDI|
RECORD= 2|LINENO= 267|OWNERPARTID=   2|OWNERINDEX= 259|DESIGNATOR=2|ELECTRICAL=4|FORMALTYPE=1|LOCATION.X=170|LOCATION.Y=690|NAME=2|PINCONGLOMERATE=33|PINLENGTH=10|
RECORD=41|LINENO= 268|OWNERPARTID=   0|OWNERINDEX= 267|FONTID=1|ISHIDDEN=T|LOCATION.X=170|LOCATION.Y=690|NAME=PinUniqueId|TEXT=IYTVLNSP|UNIQUEID=EUUQYXYL|
RECORD=13|LINENO= 269|OWNERPARTID=   2|OWNERINDEX= 259|CORNER.X=178|CORNER.Y=687|LINEWIDTH=1|LOCATION.X=162|LOCATION.Y=687|
RECORD=13|LINENO= 270|OWNERPARTID=   2|OWNERINDEX= 259|CORNER.X=162|CORNER.Y=683|LINEWIDTH=1|LOCATION.X=178|LOCATION.Y=683|
RECORD= 6|LINENO= 271|OWNERPARTID=   2|OWNERINDEX= 259|LINEWIDTH=1|LOCATIONCOUNT=2|X1=170|X2=170|Y1=680|Y2=683|
RECORD= 6|LINENO= 272|OWNERPARTID=   2|OWNERINDEX= 259|LINEWIDTH=1|LOCATIONCOUNT=2|X1=170|X2=170|Y1=690|Y2=687|
RECORD=34|LINENO= 273|OWNERPARTID=   0|OWNERINDEX= 259|FONTID=1|LOCATION.X=179|LOCATION.Y=681|NAME=Designator|TEXT=C4|UNIQUEID=URXTPSHK|
RECORD=41|LINENO= 274|OWNERPARTID=   0|OWNERINDEX= 259|FONTID=1|ISHIDDEN=T|LOCATION.X=161|LOCATION.Y=702|NAME=Comment|TEXT=100nF|UNIQUEID=JMTMRTNL|
RECORD=44|LINENO= 275|OWNERPARTID= -42|OWNERINDEX= 259|
RECORD=45|LINENO= 276|OWNERPARTID= -42|OWNERINDEX= 275|DATAFILECOUNT=1|DESCRIPTION=Chip Body 1.0 x 0.5 mm (LxW typ)|ISCURRENT=T|MODELDATAFILE0=SBComponentsFootprints.PcbLib|MODELDATAFILEENTITY0=0402|MODELDATAFILEKIND0=PCBLib|MODELNAME=0402|MODELTYPE=PCBLIB|UNIQUEID=HAQOIJQB|
RECORD=46|LINENO= 277|OWNERPARTID= -42|OWNERINDEX= 276|
RECORD=48|LINENO= 278|OWNERPARTID= -42|OWNERINDEX= 276|
RECORD= 1|LINENO= 279|OWNERPARTID=   0|OWNERINDEX= -42|%UTF8%COMPONENTDESCRIPTION=100nF 0402 X7R 16V Â±10%|AREACOLOR=11599871|COMPONENTDESCRIPTION=100nF 0402 X7R 16V ±10%|CURRENTPARTID=1|DESIGNITEMID=100nF|DISPLAYMODECOUNT=1|LIBRARYPATH=*|LIBREFERENCE=100nF|LOCATION.X=210|LOCATION.Y=685|ORIENTATION=1|PARTCOUNT=2|PARTIDLOCKED=T|SOURCELIBRARYNAME=SBComponentsSchematics.SchLib|TARGETFILENAME=*|UNIQUEID=FOWMTFWN|
RECORD=41|LINENO= 280|OWNERPARTID=   0|OWNERINDEX= 279|FONTID=1|ISHIDDEN=T|LOCATION.X=190|LOCATION.Y=700|NAME=Supplier 1|TEXT=Farnell|UNIQUEID=OSXMKWKO|
RECORD=41|LINENO= 281|OWNERPARTID=   0|OWNERINDEX= 279|FONTID=1|ISHIDDEN=T|LOCATION.X=190|LOCATION.Y=700|NAME=Supplier Part Number 1|TEXT=1288252|UNIQUEID=TWISRWTU|
RECORD=41|LINENO= 282|OWNERPARTID=   0|OWNERINDEX= 279|FONTID=1|ISHIDDEN=T|LOCATION.X=190|LOCATION.Y=700|NAME=Supplier 2|TEXT=Digi-Key|UNIQUEID=TWXAPNNG|
RECORD=41|LINENO= 283|OWNERPARTID=   0|OWNERINDEX= 279|FONTID=1|ISHIDDEN=T|LOCATION.X=190|LOCATION.Y=700|NAME=Supplier Part Number 2|TEXT=399-3521-1-ND|UNIQUEID=SQELOAHQ|
RECORD=41|LINENO= 284|OWNERPARTID=   0|OWNERINDEX= 279|FONTID=1|LOCATION.X=219|LOCATION.Y=671|NAME=Value|TEXT=100nF|UNIQUEID=DRPPASCS|
RECORD= 2|LINENO= 285|OWNERPARTID=   2|OWNERINDEX= 279|DESIGNATOR=1|ELECTRICAL=4|FORMALTYPE=1|LOCATION.X=210|LOCATION.Y=680|NAME=1|PINCONGLOMERATE=35|PINLENGTH=10|
RECORD=41|LINENO= 286|OWNERPARTID=   0|OWNERINDEX= 285|FONTID=1|ISHIDDEN=T|LOCATION.X=210|LOCATION.Y=680|NAME=PinUniqueId|TEXT=DAOMBQYO|UNIQUEID=EFGUCOCP|
RECORD= 2|LINENO= 287|OWNERPARTID=   2|OWNERINDEX= 279|DESIGNATOR=2|ELECTRICAL=4|FORMALTYPE=1|LOCATION.X=210|LOCATION.Y=690|NAME=2|PINCONGLOMERATE=33|PINLENGTH=10|
RECORD=41|LINENO= 288|OWNERPARTID=   0|OWNERINDEX= 287|FONTID=1|ISHIDDEN=T|LOCATION.X=210|LOCATION.Y=690|NAME=PinUniqueId|TEXT=HFASYDJH|UNIQUEID=XKTHGKFG|
RECORD=13|LINENO= 289|OWNERPARTID=   2|OWNERINDEX= 279|CORNER.X=218|CORNER.Y=687|LINEWIDTH=1|LOCATION.X=202|LOCATION.Y=687|
RECORD=13|LINENO= 290|OWNERPARTID=   2|OWNERINDEX= 279|CORNER.X=202|CORNER.Y=683|LINEWIDTH=1|LOCATION.X=218|LOCATION.Y=683|
RECORD= 6|LINENO= 291|OWNERPARTID=   2|OWNERINDEX= 279|LINEWIDTH=1|LOCATIONCOUNT=2|X1=210|X2=210|Y1=680|Y2=683|
RECORD= 6|LINENO= 292|OWNERPARTID=   2|OWNERINDEX= 279|LINEWIDTH=1|LOCATIONCOUNT=2|X1=210|X2=210|Y1=690|Y2=687|
RECORD=34|LINENO= 293|OWNERPARTID=   0|OWNERINDEX= 279|FONTID=1|LOCATION.X=219|LOCATION.Y=681|NAME=Designator|TEXT=C5|UNIQUEID=TYWUCCTY|
RECORD=41|LINENO= 294|OWNERPARTID=   0|OWNERINDEX= 279|FONTID=1|ISHIDDEN=T|LOCATION.X=201|LOCATION.Y=702|NAME=Comment|TEXT=100nF|UNIQUEID=UVKSPNII|
RECORD=44|LINENO= 295|OWNERPARTID= -42|OWNERINDEX= 279|
RECORD=45|LINENO= 296|OWNERPARTID= -42|OWNERINDEX= 295|DATAFILECOUNT=1|DESCRIPTION=Chip Body 1.0 x 0.5 mm (LxW typ)|ISCURRENT=T|MODELDATAFILE0=SBComponentsFootprints.PcbLib|MODELDATAFILEENTITY0=0402|MODELDATAFILEKIND0=PCBLib|MODELNAME=0402|MODELTYPE=PCBLIB|UNIQUEID=YMEFWRCY|
RECORD=46|LINENO= 297|OWNERPARTID= -42|OWNERINDEX= 296|
RECORD=48|LINENO= 298|OWNERPARTID= -42|OWNERINDEX= 296|
RECORD= 1|LINENO= 299|OWNERPARTID=   0|OWNERINDEX= -42|%UTF8%COMPONENTDESCRIPTION=100nF 0402 X7R 16V Â±10%|AREACOLOR=11599871|COMPONENTDESCRIPTION=100nF 0402 X7R 16V ±10%|CURRENTPARTID=1|DESIGNITEMID=100nF|DISPLAYMODECOUNT=1|LIBRARYPATH=*|LIBREFERENCE=100nF|LOCATION.X=875|LOCATION.Y=395|ORIENTATION=1|PARTCOUNT=2|PARTIDLOCKED=T|SOURCELIBRARYNAME=SBComponentsSchematics.SchLib|TARGETFILENAME=*|UNIQUEID=BYSQNPAS|
RECORD=41|LINENO= 300|OWNERPARTID=   0|OWNERINDEX= 299|FONTID=1|ISHIDDEN=T|LOCATION.X=855|LOCATION.Y=410|NAME=Supplier 1|TEXT=Farnell|UNIQUEID=PDBMUUMH|
RECORD=41|LINENO= 301|OWNERPARTID=   0|OWNERINDEX= 299|FONTID=1|ISHIDDEN=T|LOCATION.X=855|LOCATION.Y=410|NAME=Supplier Part Number 1|TEXT=1288252|UNIQUEID=SQYOYBQL|
RECORD=41|LINENO= 302|OWNERPARTID=   0|OWNERINDEX= 299|FONTID=1|ISHIDDEN=T|LOCATION.X=855|LOCATION.Y=410|NAME=Supplier 2|TEXT=Digi-Key|UNIQUEID=XPCRORTY|
RECORD=41|LINENO= 303|OWNERPARTID=   0|OWNERINDEX= 299|FONTID=1|ISHIDDEN=T|LOCATION.X=855|LOCATION.Y=410|NAME=Supplier Part Number 2|TEXT=399-3521-1-ND|UNIQUEID=FWYWDOID|
RECORD=41|LINENO= 304|OWNERPARTID=   0|OWNERINDEX= 299|FONTID=1|LOCATION.X=884|LOCATION.Y=381|NAME=Value|TEXT=100nF|UNIQUEID=ALWIFLXE|
RECORD= 2|LINENO= 305|OWNERPARTID=   2|OWNERINDEX= 299|DESIGNATOR=1|ELECTRICAL=4|FORMALTYPE=1|LOCATION.X=875|LOCATION.Y=390|NAME=1|PINCONGLOMERATE=35|PINLENGTH=10|
RECORD=41|LINENO= 306|OWNERPARTID=   0|OWNERINDEX= 305|FONTID=1|ISHIDDEN=T|LOCATION.X=875|LOCATION.Y=390|NAME=PinUniqueId|TEXT=SSUPMNLJ|UNIQUEID=ASAJKYJC|
RECORD= 2|LINENO= 307|OWNERPARTID=   2|OWNERINDEX= 299|DESIGNATOR=2|ELECTRICAL=4|FORMALTYPE=1|LOCATION.X=875|LOCATION.Y=400|NAME=2|PINCONGLOMERATE=33|PINLENGTH=10|
RECORD=41|LINENO= 308|OWNERPARTID=   0|OWNERINDEX= 307|FONTID=1|ISHIDDEN=T|LOCATION.X=875|LOCATION.Y=400|NAME=PinUniqueId|TEXT=VOAGYTES|UNIQUEID=SHAPJFED|
RECORD=13|LINENO= 309|OWNERPARTID=   2|OWNERINDEX= 299|CORNER.X=883|CORNER.Y=397|LINEWIDTH=1|LOCATION.X=867|LOCATION.Y=397|
RECORD=13|LINENO= 310|OWNERPARTID=   2|OWNERINDEX= 299|CORNER.X=867|CORNER.Y=393|LINEWIDTH=1|LOCATION.X=883|LOCATION.Y=393|
RECORD= 6|LINENO= 311|OWNERPARTID=   2|OWNERINDEX= 299|LINEWIDTH=1|LOCATIONCOUNT=2|X1=875|X2=875|Y1=390|Y2=393|
RECORD= 6|LINENO= 312|OWNERPARTID=   2|OWNERINDEX= 299|LINEWIDTH=1|LOCATIONCOUNT=2|X1=875|X2=875|Y1=400|Y2=397|
RECORD=34|LINENO= 313|OWNERPARTID=   0|OWNERINDEX= 299|FONTID=1|LOCATION.X=884|LOCATION.Y=391|NAME=Designator|TEXT=C7|
RECORD=41|LINENO= 314|OWNERPARTID=   0|OWNERINDEX= 299|FONTID=1|ISHIDDEN=T|LOCATION.X=866|LOCATION.Y=412|NAME=Comment|TEXT=100nF|UNIQUEID=ONKVSGAC|
RECORD=44|LINENO= 315|OWNERPARTID= -42|OWNERINDEX= 299|
RECORD=45|LINENO= 316|OWNERPARTID= -42|OWNERINDEX= 315|DATAFILECOUNT=1|DESCRIPTION=Chip Body 1.0 x 0.5 mm (LxW typ)|ISCURRENT=T|MODELDATAFILE0=SBComponentsFootprints.PcbLib|MODELDATAFILEENTITY0=0402|MODELDATAFILEKIND0=PCBLib|MODELNAME=0402|MODELTYPE=PCBLIB|UNIQUEID=IHSBHQAT|
RECORD=46|LINENO= 317|OWNERPARTID= -42|OWNERINDEX= 316|
RECORD=48|LINENO= 318|OWNERPARTID= -42|OWNERINDEX= 316|
RECORD= 6|LINENO= 319|OWNERPARTID=   0|OWNERINDEX= -42|LINEWIDTH=2|LOCATIONCOUNT=2|X1=930|X2=930|Y1=275|Y2=740|
RECORD= 1|LINENO= 320|OWNERPARTID=   0|OWNERINDEX= -42|%UTF8%COMPONENTDESCRIPTION=100nF 0402 X7R 16V Â±10%|AREACOLOR=11599871|COMPONENTDESCRIPTION=100nF 0402 X7R 16V ±10%|CURRENTPARTID=1|DESIGNITEMID=100nF|DISPLAYMODECOUNT=1|LIBRARYPATH=*|LIBREFERENCE=100nF|LOCATION.X=250|LOCATION.Y=685|ORIENTATION=1|PARTCOUNT=2|PARTIDLOCKED=T|SOURCELIBRARYNAME=SBComponentsSchematics.SchLib|TARGETFILENAME=*|UNIQUEID=JGOEQXTX|
RECORD=41|LINENO= 321|OWNERPARTID=   0|OWNERINDEX= 320|FONTID=1|ISHIDDEN=T|LOCATION.X=230|LOCATION.Y=700|NAME=Supplier 1|TEXT=Farnell|UNIQUEID=EJXGMRBA|
RECORD=41|LINENO= 322|OWNERPARTID=   0|OWNERINDEX= 320|FONTID=1|ISHIDDEN=T|LOCATION.X=230|LOCATION.Y=700|NAME=Supplier Part Number 1|TEXT=1288252|UNIQUEID=GKQHGGAB|
RECORD=41|LINENO= 323|OWNERPARTID=   0|OWNERINDEX= 320|FONTID=1|ISHIDDEN=T|LOCATION.X=230|LOCATION.Y=700|NAME=Supplier 2|TEXT=Digi-Key|UNIQUEID=PHHGQWRE|
RECORD=41|LINENO= 324|OWNERPARTID=   0|OWNERINDEX= 320|FONTID=1|ISHIDDEN=T|LOCATION.X=230|LOCATION.Y=700|NAME=Supplier Part Number 2|TEXT=399-3521-1-ND|UNIQUEID=RKNPEVTF|
RECORD=41|LINENO= 325|OWNERPARTID=   0|OWNERINDEX= 320|FONTID=1|LOCATION.X=259|LOCATION.Y=671|NAME=Value|TEXT=100nF|UNIQUEID=XNIAJAVS|
RECORD= 2|LINENO= 326|OWNERPARTID=   2|OWNERINDEX= 320|DESIGNATOR=1|ELECTRICAL=4|FORMALTYPE=1|LOCATION.X=250|LOCATION.Y=680|NAME=1|PINCONGLOMERATE=35|PINLENGTH=10|
RECORD=41|LINENO= 327|OWNERPARTID=   0|OWNERINDEX= 326|FONTID=1|ISHIDDEN=T|LOCATION.X=250|LOCATION.Y=680|NAME=PinUniqueId|TEXT=VCQHLDXN|UNIQUEID=BIJEACLD|
RECORD= 2|LINENO= 328|OWNERPARTID=   2|OWNERINDEX= 320|DESIGNATOR=2|ELECTRICAL=4|FORMALTYPE=1|LOCATION.X=250|LOCATION.Y=690|NAME=2|PINCONGLOMERATE=33|PINLENGTH=10|
RECORD=41|LINENO= 329|OWNERPARTID=   0|OWNERINDEX= 328|FONTID=1|ISHIDDEN=T|LOCATION.X=250|LOCATION.Y=690|NAME=PinUniqueId|TEXT=GFKEJKFY|UNIQUEID=DQBJBQOI|
RECORD=13|LINENO= 330|OWNERPARTID=   2|OWNERINDEX= 320|CORNER.X=258|CORNER.Y=687|LINEWIDTH=1|LOCATION.X=242|LOCATION.Y=687|
RECORD=13|LINENO= 331|OWNERPARTID=   2|OWNERINDEX= 320|CORNER.X=242|CORNER.Y=683|LINEWIDTH=1|LOCATION.X=258|LOCATION.Y=683|
RECORD= 6|LINENO= 332|OWNERPARTID=   2|OWNERINDEX= 320|LINEWIDTH=1|LOCATIONCOUNT=2|X1=250|X2=250|Y1=680|Y2=683|
RECORD= 6|LINENO= 333|OWNERPARTID=   2|OWNERINDEX= 320|LINEWIDTH=1|LOCATIONCOUNT=2|X1=250|X2=250|Y1=690|Y2=687|
RECORD=34|LINENO= 334|OWNERPARTID=   0|OWNERINDEX= 320|FONTID=1|LOCATION.X=259|LOCATION.Y=681|NAME=Designator|TEXT=C6|UNIQUEID=FHXKBCTQ|
RECORD=41|LINENO= 335|OWNERPARTID=   0|OWNERINDEX= 320|FONTID=1|ISHIDDEN=T|LOCATION.X=241|LOCATION.Y=702|NAME=Comment|TEXT=100nF|UNIQUEID=YYRYQTNL|
RECORD=44|LINENO= 336|OWNERPARTID= -42|OWNERINDEX= 320|
RECORD=45|LINENO= 337|OWNERPARTID= -42|OWNERINDEX= 336|DATAFILECOUNT=1|DESCRIPTION=Chip Body 1.0 x 0.5 mm (LxW typ)|ISCURRENT=T|MODELDATAFILE0=SBComponentsFootprints.PcbLib|MODELDATAFILEENTITY0=0402|MODELDATAFILEKIND0=PCBLib|MODELNAME=0402|MODELTYPE=PCBLIB|UNIQUEID=VDOJUVIQ|
RECORD=46|LINENO= 338|OWNERPARTID= -42|OWNERINDEX= 337|
RECORD=48|LINENO= 339|OWNERPARTID= -42|OWNERINDEX= 337|
RECORD=25|LINENO= 340|OWNERPARTID=   0|OWNERINDEX= -42|FONTID=1|LOCATION.X=420|LOCATION.Y=530|TEXT=STATUS_LED|UNIQUEID=YIPPIITG|
RECORD=25|LINENO= 341|OWNERPARTID=   0|OWNERINDEX= -42|FONTID=1|LOCATION.X=720|LOCATION.Y=630|TEXT=USB_D_P|UNIQUEID=OMWQQJKC|
RECORD=25|LINENO= 342|OWNERPARTID=   0|OWNERINDEX= -42|FONTID=1|LOCATION.X=720|LOCATION.Y=640|TEXT=USB_D_N|UNIQUEID=KKIAJJKP|
RECORD=43|LINENO= 343|OWNERPARTID=   0|OWNERINDEX= -42|LOCATION.X=760|LOCATION.Y=640|NAME=USB|
RECORD=41|LINENO= 344|OWNERPARTID=   0|OWNERINDEX= 343|FONTID=1|ISHIDDEN=T|LOCATION.X=760|LOCATION.Y=640|NAME=DifferentialPair|SHOWNAME=T|TEXT=True|UNIQUEID=AGLHPVDB|
RECORD=43|LINENO= 345|OWNERPARTID=   0|OWNERINDEX= -42|LOCATION.X=760|LOCATION.Y=630|NAME=USB|
RECORD=41|LINENO= 346|OWNERPARTID=   0|OWNERINDEX= 345|FONTID=1|ISHIDDEN=T|LOCATION.X=760|LOCATION.Y=630|NAME=DifferentialPair|SHOWNAME=T|TEXT=True|UNIQUEID=VWKHQFQS|
RECORD=43|LINENO= 347|OWNERPARTID=   0|OWNERINDEX= -42|LOCATION.X=750|LOCATION.Y=655|NAME=USB|ORIENTATION=1|
RECORD=41|LINENO= 348|OWNERPARTID=   0|OWNERINDEX= 347|FONTID=1|ISHIDDEN=T|LOCATION.X=730|LOCATION.X_FRAC=94577|LOCATION.Y=699|NAME=ClassName|SHOWNAME=T|TEXT=USB|UNIQUEID=PBGYPPFA|
RECORD=27|LINENO= 349|OWNERPARTID=   0|OWNERINDEX= -42|LINEWIDTH=1|LOCATIONCOUNT=2|UNIQUEID=VERBINNU|X1=490|X2=480|Y1=670|Y2=670|
RECORD=27|LINENO= 350|OWNERPARTID=   0|OWNERINDEX= -42|LINEWIDTH=1|LOCATIONCOUNT=2|UNIQUEID=OMBIPHIW|X1=480|X2=480|Y1=670|Y2=660|
RECORD=27|LINENO= 351|OWNERPARTID=   0|OWNERINDEX= -42|LINEWIDTH=1|LOCATIONCOUNT=2|UNIQUEID=AULYCOTE|X1=480|X2=490|Y1=660|Y2=660|
RECORD=27|LINENO= 352|OWNERPARTID=   0|OWNERINDEX= -42|LINEWIDTH=1|LOCATIONCOUNT=3|UNIQUEID=HNXCFVPV|X1=40|X2=60|X3=80|Y1=670|Y2=670|Y3=670|
RECORD=27|LINENO= 353|OWNERPARTID=   0|OWNERINDEX= -42|LINEWIDTH=1|LOCATIONCOUNT=3|UNIQUEID=UFEFXNGJ|X1=80|X2=60|X3=40|Y1=700|Y2=700|Y3=700|
RECORD=27|LINENO= 354|OWNERPARTID=   0|OWNERINDEX= -42|LINEWIDTH=1|LOCATIONCOUNT=2|UNIQUEID=XEMJHMXC|X1=650|X2=700|Y1=610|Y2=610|
RECORD=27|LINENO= 355|OWNERPARTID=   0|OWNERINDEX= -42|LINEWIDTH=1|LOCATIONCOUNT=2|UNIQUEID=KNGVXRFI|X1=650|X2=700|Y1=620|Y2=620|
RECORD=27|LINENO= 356|OWNERPARTID=   0|OWNERINDEX= -42|LINEWIDTH=1|LOCATIONCOUNT=3|UNIQUEID=LPYIAGKM|X1=155|X2=155|X3=110|Y1=540|Y2=520|Y3=520|
RECORD=27|LINENO= 357|OWNERPARTID=   0|OWNERINDEX= -42|LINEWIDTH=1|LOCATIONCOUNT=2|UNIQUEID=AQCNXXFH|X1=235|X2=205|Y1=510|Y2=510|
RECORD=27|LINENO= 358|OWNERPARTID=   0|OWNERINDEX= -42|LINEWIDTH=1|LOCATIONCOUNT=2|UNIQUEID=YASELUEK|X1=110|X2=155|Y1=510|Y2=510|
RECORD=27|LINENO= 359|OWNERPARTID=   0|OWNERINDEX= -42|LINEWIDTH=1|LOCATIONCOUNT=3|UNIQUEID=MUTUJTOA|X1=110|X2=155|X3=155|Y1=500|Y2=500|Y3=480|
RECORD=27|LINENO= 360|OWNERPARTID=   0|OWNERINDEX= -42|LINEWIDTH=1|LOCATIONCOUNT=2|UNIQUEID=TRXOSQCI|X1=205|X2=235|Y1=480|Y2=480|
RECORD=27|LINENO= 361|OWNERPARTID=   0|OWNERINDEX= -42|LINEWIDTH=1|LOCATIONCOUNT=2|UNIQUEID=VQRSADNT|X1=205|X2=235|Y1=540|Y2=540|
RECORD=27|LINENO= 362|OWNERPARTID=   0|OWNERINDEX= -42|LINEWIDTH=1|LOCATIONCOUNT=2|UNIQUEID=FIBXNTCF|X1=805|X2=650|Y1=550|Y2=550|
RECORD=27|LINENO= 363|OWNERPARTID=   0|OWNERINDEX= -42|LINEWIDTH=1|LOCATIONCOUNT=2|UNIQUEID=PRHDBESV|X1=805|X2=650|Y1=540|Y2=540|
RECORD=27|LINENO= 364|OWNERPARTID=   0|OWNERINDEX= -42|LINEWIDTH=1|LOCATIONCOUNT=2|UNIQUEID=XYUTTWCI|X1=650|X2=805|Y1=530|Y2=530|
RECORD=27|LINENO= 365|OWNERPARTID=   0|OWNERINDEX= -42|LINEWIDTH=1|LOCATIONCOUNT=2|UNIQUEID=KDLNCPQP|X1=650|X2=805|Y1=520|Y2=520|
RECORD=27|LINENO= 366|OWNERPARTID=   0|OWNERINDEX= -42|LINEWIDTH=1|LOCATIONCOUNT=2|UNIQUEID=TFYXTKGL|X1=805|X2=650|Y1=510|Y2=510|
RECORD=27|LINENO= 367|OWNERPARTID=   0|OWNERINDEX= -42|LINEWIDTH=1|LOCATIONCOUNT=2|UNIQUEID=TARDMKNT|X1=120|X2=110|Y1=530|Y2=530|
RECORD=27|LINENO= 368|OWNERPARTID=   0|OWNERINDEX= -42|LINEWIDTH=1|LOCATIONCOUNT=3|UNIQUEID=EGBOVJSG|X1=230|X2=160|X3=160|Y1=380|Y2=380|Y3=370|
RECORD=27|LINENO= 369|OWNERPARTID=   0|OWNERINDEX= -42|LINEWIDTH=1|LOCATIONCOUNT=2|UNIQUEID=OABKGWLW|X1=415|X2=490|Y1=370|Y2=370|
RECORD=27|LINENO= 370|OWNERPARTID=   0|OWNERINDEX= -42|LINEWIDTH=1|LOCATIONCOUNT=2|UNIQUEID=CUPHCFNA|X1=415|X2=490|Y1=360|Y2=360|
RECORD=27|LINENO= 371|OWNERPARTID=   0|OWNERINDEX= -42|LINEWIDTH=1|LOCATIONCOUNT=2|UNIQUEID=GKSLJNOP|X1=650|X2=670|Y1=480|Y2=480|
RECORD=27|LINENO= 372|OWNERPARTID=   0|OWNERINDEX= -42|LINEWIDTH=1|LOCATIONCOUNT=3|UNIQUEID=OCTGHUYN|X1=40|X2=110|X3=110|Y1=380|Y2=380|Y3=370|
RECORD=27|LINENO= 373|OWNERPARTID=   0|OWNERINDEX= -42|LINEWIDTH=1|LOCATIONCOUNT=3|UNIQUEID=IGOPKFQI|X1=120|X2=120|X3=110|Y1=480|Y2=490|Y3=490|
RECORD=27|LINENO= 374|OWNERPARTID=   0|OWNERINDEX= -42|LINEWIDTH=1|LOCATIONCOUNT=2|UNIQUEID=HMANXIIX|X1=650|X2=685|Y1=490|Y2=490|
RECORD=27|LINENO= 375|OWNERPARTID=   0|OWNERINDEX= -42|LINEWIDTH=1|LOCATIONCOUNT=2|UNIQUEID=CDTAWQSV|X1=875|X2=830|Y1=410|Y2=410|
RECORD=27|LINENO= 376|OWNERPARTID=   0|OWNERINDEX= -42|LINEWIDTH=1|LOCATIONCOUNT=2|UNIQUEID=RAJGTPJG|X1=490|X2=480|Y1=630|Y2=630|
RECORD=27|LINENO= 377|OWNERPARTID=   0|OWNERINDEX= -42|LINEWIDTH=1|LOCATIONCOUNT=2|UNIQUEID=VMCUSUWX|X1=490|X2=480|Y1=650|Y2=650|
RECORD=27|LINENO= 378|OWNERPARTID=   0|OWNERINDEX= -42|LINEWIDTH=1|LOCATIONCOUNT=2|UNIQUEID=QAEEQNFG|X1=420|X2=490|Y1=530|Y2=530|
RECORD=27|LINENO= 379|OWNERPARTID=   0|OWNERINDEX= -42|LINEWIDTH=1|LOCATIONCOUNT=5|UNIQUEID=PUKHYYBE|X1=130|X2=170|X3=190|X4=210|X5=250|Y1=670|Y2=670|Y3=670|Y4=670|Y5=670|
RECORD=27|LINENO= 380|OWNERPARTID=   0|OWNERINDEX= -42|LINEWIDTH=1|LOCATIONCOUNT=5|UNIQUEID=DCWPXFAK|X1=250|X2=210|X3=190|X4=170|X5=130|Y1=700|Y2=700|Y3=700|Y4=700|Y5=700|
RECORD=27|LINENO= 381|OWNERPARTID=   0|OWNERINDEX= -42|LINEWIDTH=1|LOCATIONCOUNT=5|UNIQUEID=DDUAHXOW|X1=650|X2=650|X3=650|X4=650|X5=650|Y1=350|Y2=360|Y3=370|Y4=380|Y5=390|
RECORD=27|LINENO= 382|OWNERPARTID=   0|OWNERINDEX= -42|LINEWIDTH=1|LOCATIONCOUNT=2|UNIQUEID=DTJAMOEB|X1=420|X2=490|Y1=520|Y2=520|
RECORD=27|LINENO= 383|OWNERPARTID=   0|OWNERINDEX= -42|LINEWIDTH=1|LOCATIONCOUNT=2|UNIQUEID=SHYLAOWS|X1=705|X2=650|Y1=580|Y2=580|
RECORD=27|LINENO= 384|OWNERPARTID=   0|OWNERINDEX= -42|LINEWIDTH=1|LOCATIONCOUNT=2|UNIQUEID=GIDDPWSH|X1=650|X2=705|Y1=570|Y2=570|
RECORD=27|LINENO= 385|OWNERPARTID=   0|OWNERINDEX= -42|LINEWIDTH=1|LOCATIONCOUNT=4|UNIQUEID=DASFUFPN|X1=650|X2=790|X3=790|X4=805|Y1=600|Y2=600|Y3=560|Y4=560|
RECORD=26|LINENO= 386|OWNERPARTID=   0|OWNERINDEX= -42|LINEWIDTH=1|LOCATIONCOUNT=3|X1=715|X2=715|X3=775|Y1=570|Y2=560|Y3=560|
RECORD= 1|LINENO= 387|OWNERPARTID=   0|OWNERINDEX= -42|%UTF8%COMPONENTDESCRIPTION=22R 0402 1/16W Â±1%|AREACOLOR=11599871|COMPONENTDESCRIPTION=22R 0402 1/16W ±1%|CURRENTPARTID=1|DESIGNITEMID=22R|DISPLAYMODECOUNT=1|LIBRARYPATH=*|LIBREFERENCE=22R|LOCATION.X=185|LOCATION.Y=480|ORIENTATION=2|PARTCOUNT=2|PARTIDLOCKED=T|SOURCELIBRARYNAME=SBComponentsSchematics.SchLib|TARGETFILENAME=*|UNIQUEID=BYOFNJBD|
RECORD=41|LINENO= 388|OWNERPARTID=   0|OWNERINDEX= 387|FONTID=1|ISHIDDEN=T|LOCATION.X=153|LOCATION.Y=484|NAME=Supplier 1|TEXT=Farnell|UNIQUEID=YTUAIKBH|
RECORD=41|LINENO= 389|OWNERPARTID=   0|OWNERINDEX= 387|FONTID=1|ISHIDDEN=T|LOCATION.X=153|LOCATION.Y=484|NAME=Supplier 2|TEXT=Digi-Key|UNIQUEID=AVESUPQC|
RECORD=41|LINENO= 390|OWNERPARTID=   0|OWNERINDEX= 387|FONTID=1|ISHIDDEN=T|LOCATION.X=153|LOCATION.Y=484|NAME=Supplier Part Number 1|TEXT=2072797|UNIQUEID=RORLPEXU|
RECORD=41|LINENO= 391|OWNERPARTID=   0|OWNERINDEX= 387|FONTID=1|ISHIDDEN=T|LOCATION.X=153|LOCATION.Y=484|NAME=Supplier Part Number 2|TEXT=541-22.0LCT-ND|UNIQUEID=ATHMSCAF|
RECORD=41|LINENO= 392|OWNERPARTID=   0|OWNERINDEX= 387|FONTID=1|LOCATION.X=164|LOCATION.Y=466|NAME=Value|TEXT=22R|UNIQUEID=USNMWMEJ|
RECORD= 2|LINENO= 393|OWNERPARTID=   2|OWNERINDEX= 387|DESIGNATOR=1|ELECTRICAL=4|FORMALTYPE=1|LOCATION.X=195|LOCATION.Y=480|NAME=1|PINCONGLOMERATE=32|PINLENGTH=10|
RECORD=41|LINENO= 394|OWNERPARTID=   0|OWNERINDEX= 393|FONTID=1|ISHIDDEN=T|LOCATION.X=195|LOCATION.Y=480|NAME=PinUniqueId|TEXT=HLMQOJLF|UNIQUEID=NMOJOCJK|
RECORD= 2|LINENO= 395|OWNERPARTID=   2|OWNERINDEX= 387|DESIGNATOR=2|ELECTRICAL=4|FORMALTYPE=1|LOCATION.X=165|LOCATION.Y=480|NAME=2|PINCONGLOMERATE=34|PINLENGTH=10|
RECORD=41|LINENO= 396|OWNERPARTID=   0|OWNERINDEX= 395|FONTID=1|ISHIDDEN=T|LOCATION.X=165|LOCATION.Y=480|NAME=PinUniqueId|TEXT=KYJWAXHL|UNIQUEID=TTESAOMX|
RECORD= 6|LINENO= 397|OWNERPARTID=   2|OWNERINDEX= 387|LINEWIDTH=1|LOCATIONCOUNT=7|X1=165|X2=168|X3=174|X4=180|X5=186|X6=192|X7=195|Y1=480|Y2=477|Y3=483|Y4=477|Y5=483|Y6=477|Y7=480|
RECORD=34|LINENO= 398|OWNERPARTID=   0|OWNERINDEX= 387|FONTID=1|LOCATION.X=164|LOCATION.Y=484|NAME=Designator|TEXT=R3|UNIQUEID=GNVVIDKF|
RECORD=41|LINENO= 399|OWNERPARTID=   0|OWNERINDEX= 387|FONTID=1|ISHIDDEN=T|LOCATION.X=153|LOCATION.Y=484|NAME=Comment|TEXT=22R|UNIQUEID=QACFSPUK|
RECORD=44|LINENO= 400|OWNERPARTID= -42|OWNERINDEX= 387|
RECORD=45|LINENO= 401|OWNERPARTID= -42|OWNERINDEX= 400|DATAFILECOUNT=1|DESCRIPTION=Chip Body 1.0 x 0.5 mm (LxW typ)|ISCURRENT=T|MODELDATAFILE0=SBComponentsFootprints.PcbLib|MODELDATAFILEENTITY0=0402|MODELDATAFILEKIND0=PCBLib|MODELNAME=0402|MODELTYPE=PCBLIB|UNIQUEID=QQGESHWF|
RECORD=46|LINENO= 402|OWNERPARTID= -42|OWNERINDEX= 401|
RECORD=48|LINENO= 403|OWNERPARTID= -42|OWNERINDEX= 401|
RECORD= 1|LINENO= 404|OWNERPARTID=   0|OWNERINDEX= -42|%UTF8%COMPONENTDESCRIPTION=22R 0402 1/16W Â±1%|AREACOLOR=11599871|COMPONENTDESCRIPTION=22R 0402 1/16W ±1%|CURRENTPARTID=1|DESIGNITEMID=22R|DISPLAYMODECOUNT=1|LIBRARYPATH=*|LIBREFERENCE=22R|LOCATION.X=185|LOCATION.Y=510|ORIENTATION=2|PARTCOUNT=2|PARTIDLOCKED=T|SOURCELIBRARYNAME=SBComponentsSchematics.SchLib|TARGETFILENAME=*|UNIQUEID=BBRQEVWF|
RECORD=41|LINENO= 405|OWNERPARTID=   0|OWNERINDEX= 404|FONTID=1|ISHIDDEN=T|LOCATION.X=153|LOCATION.Y=514|NAME=Supplier 1|TEXT=Farnell|UNIQUEID=VDAQMEQJ|
RECORD=41|LINENO= 406|OWNERPARTID=   0|OWNERINDEX= 404|FONTID=1|ISHIDDEN=T|LOCATION.X=153|LOCATION.Y=514|NAME=Supplier 2|TEXT=Digi-Key|UNIQUEID=OOMWSTAK|
RECORD=41|LINENO= 407|OWNERPARTID=   0|OWNERINDEX= 404|FONTID=1|ISHIDDEN=T|LOCATION.X=153|LOCATION.Y=514|NAME=Supplier Part Number 1|TEXT=2072797|UNIQUEID=YMELQVRN|
RECORD=41|LINENO= 408|OWNERPARTID=   0|OWNERINDEX= 404|FONTID=1|ISHIDDEN=T|LOCATION.X=153|LOCATION.Y=514|NAME=Supplier Part Number 2|TEXT=541-22.0LCT-ND|UNIQUEID=SKNBJNPB|
RECORD=41|LINENO= 409|OWNERPARTID=   0|OWNERINDEX= 404|FONTID=1|LOCATION.X=164|LOCATION.Y=496|NAME=Value|TEXT=22R|UNIQUEID=CHTFLGOP|
RECORD= 2|LINENO= 410|OWNERPARTID=   2|OWNERINDEX= 404|DESIGNATOR=1|ELECTRICAL=4|FORMALTYPE=1|LOCATION.X=195|LOCATION.Y=510|NAME=1|PINCONGLOMERATE=32|PINLENGTH=10|
RECORD=41|LINENO= 411|OWNERPARTID=   0|OWNERINDEX= 410|FONTID=1|ISHIDDEN=T|LOCATION.X=195|LOCATION.Y=510|NAME=PinUniqueId|TEXT=CFGVYQYR|UNIQUEID=VPYNMWKY|
RECORD= 2|LINENO= 412|OWNERPARTID=   2|OWNERINDEX= 404|DESIGNATOR=2|ELECTRICAL=4|FORMALTYPE=1|LOCATION.X=165|LOCATION.Y=510|NAME=2|PINCONGLOMERATE=34|PINLENGTH=10|
RECORD=41|LINENO= 413|OWNERPARTID=   0|OWNERINDEX= 412|FONTID=1|ISHIDDEN=T|LOCATION.X=165|LOCATION.Y=510|NAME=PinUniqueId|TEXT=VMLKGYGA|UNIQUEID=PXDNCYWB|
RECORD= 6|LINENO= 414|OWNERPARTID=   2|OWNERINDEX= 404|LINEWIDTH=1|LOCATIONCOUNT=7|X1=165|X2=168|X3=174|X4=180|X5=186|X6=192|X7=195|Y1=510|Y2=507|Y3=513|Y4=507|Y5=513|Y6=507|Y7=510|
RECORD=34|LINENO= 415|OWNERPARTID=   0|OWNERINDEX= 404|FONTID=1|LOCATION.X=164|LOCATION.Y=514|NAME=Designator|TEXT=R2|UNIQUEID=QRGCMHIK|
RECORD=41|LINENO= 416|OWNERPARTID=   0|OWNERINDEX= 404|FONTID=1|ISHIDDEN=T|LOCATION.X=153|LOCATION.Y=514|NAME=Comment|TEXT=22R|UNIQUEID=LUXHATHA|
RECORD=44|LINENO= 417|OWNERPARTID= -42|OWNERINDEX= 404|
RECORD=45|LINENO= 418|OWNERPARTID= -42|OWNERINDEX= 417|DATAFILECOUNT=1|DESCRIPTION=Chip Body 1.0 x 0.5 mm (LxW typ)|ISCURRENT=T|MODELDATAFILE0=SBComponentsFootprints.PcbLib|MODELDATAFILEENTITY0=0402|MODELDATAFILEKIND0=PCBLib|MODELNAME=0402|MODELTYPE=PCBLIB|UNIQUEID=RRASUKGB|
RECORD=46|LINENO= 419|OWNERPARTID= -42|OWNERINDEX= 418|
RECORD=48|LINENO= 420|OWNERPARTID= -42|OWNERINDEX= 418|
RECORD= 1|LINENO= 421|OWNERPARTID=   0|OWNERINDEX= -42|%UTF8%COMPONENTDESCRIPTION=22R 0402 1/16W Â±1%|AREACOLOR=11599871|COMPONENTDESCRIPTION=22R 0402 1/16W ±1%|CURRENTPARTID=1|DESIGNITEMID=22R|DISPLAYMODECOUNT=1|LIBRARYPATH=*|LIBREFERENCE=22R|LOCATION.X=185|LOCATION.Y=540|ORIENTATION=2|PARTCOUNT=2|PARTIDLOCKED=T|SOURCELIBRARYNAME=SBComponentsSchematics.SchLib|TARGETFILENAME=*|UNIQUEID=ODQUVEMG|
RECORD=41|LINENO= 422|OWNERPARTID=   0|OWNERINDEX= 421|FONTID=1|ISHIDDEN=T|LOCATION.X=153|LOCATION.Y=544|NAME=Supplier 1|TEXT=Farnell|UNIQUEID=AQSULMTY|
RECORD=41|LINENO= 423|OWNERPARTID=   0|OWNERINDEX= 421|FONTID=1|ISHIDDEN=T|LOCATION.X=153|LOCATION.Y=544|NAME=Supplier 2|TEXT=Digi-Key|UNIQUEID=DTPKTRGM|
RECORD=41|LINENO= 424|OWNERPARTID=   0|OWNERINDEX= 421|FONTID=1|ISHIDDEN=T|LOCATION.X=153|LOCATION.Y=544|NAME=Supplier Part Number 1|TEXT=2072797|UNIQUEID=WGHPVUVT|
RECORD=41|LINENO= 425|OWNERPARTID=   0|OWNERINDEX= 421|FONTID=1|ISHIDDEN=T|LOCATION.X=153|LOCATION.Y=544|NAME=Supplier Part Number 2|TEXT=541-22.0LCT-ND|UNIQUEID=YXORWSRI|
RECORD=41|LINENO= 426|OWNERPARTID=   0|OWNERINDEX= 421|FONTID=1|LOCATION.X=164|LOCATION.Y=526|NAME=Value|TEXT=22R|UNIQUEID=TMIORDWT|
RECORD= 2|LINENO= 427|OWNERPARTID=   2|OWNERINDEX= 421|DESIGNATOR=1|ELECTRICAL=4|FORMALTYPE=1|LOCATION.X=195|LOCATION.Y=540|NAME=1|PINCONGLOMERATE=32|PINLENGTH=10|
RECORD=41|LINENO= 428|OWNERPARTID=   0|OWNERINDEX= 427|FONTID=1|ISHIDDEN=T|LOCATION.X=195|LOCATION.Y=540|NAME=PinUniqueId|TEXT=LDBSPLMP|UNIQUEID=PULYLAFM|
RECORD= 2|LINENO= 429|OWNERPARTID=   2|OWNERINDEX= 421|DESIGNATOR=2|ELECTRICAL=4|FORMALTYPE=1|LOCATION.X=165|LOCATION.Y=540|NAME=2|PINCONGLOMERATE=34|PINLENGTH=10|
RECORD=41|LINENO= 430|OWNERPARTID=   0|OWNERINDEX= 429|FONTID=1|ISHIDDEN=T|LOCATION.X=165|LOCATION.Y=540|NAME=PinUniqueId|TEXT=RHUTSYSX|UNIQUEID=QUJJBSVY|
RECORD= 6|LINENO= 431|OWNERPARTID=   2|OWNERINDEX= 421|LINEWIDTH=1|LOCATIONCOUNT=7|X1=165|X2=168|X3=174|X4=180|X5=186|X6=192|X7=195|Y1=540|Y2=537|Y3=543|Y4=537|Y5=543|Y6=537|Y7=540|
RECORD=34|LINENO= 432|OWNERPARTID=   0|OWNERINDEX= 421|FONTID=1|LOCATION.X=164|LOCATION.Y=544|NAME=Designator|TEXT=R1|UNIQUEID=HTXRCMQX|
RECORD=41|LINENO= 433|OWNERPARTID=   0|OWNERINDEX= 421|FONTID=1|ISHIDDEN=T|LOCATION.X=153|LOCATION.Y=544|NAME=Comment|TEXT=22R|UNIQUEID=QJOCQRCR|
RECORD=44|LINENO= 434|OWNERPARTID= -42|OWNERINDEX= 421|
RECORD=45|LINENO= 435|OWNERPARTID= -42|OWNERINDEX= 434|DATAFILECOUNT=1|DESCRIPTION=Chip Body 1.0 x 0.5 mm (LxW typ)|ISCURRENT=T|MODELDATAFILE0=SBComponentsFootprints.PcbLib|MODELDATAFILEENTITY0=0402|MODELDATAFILEKIND0=PCBLib|MODELNAME=0402|MODELTYPE=PCBLIB|UNIQUEID=GPKHDVVK|
RECORD=46|LINENO= 436|OWNERPARTID= -42|OWNERINDEX= 435|
RECORD=48|LINENO= 437|OWNERPARTID= -42|OWNERINDEX= 435|
RECORD= 1|LINENO= 438|OWNERPARTID=   0|OWNERINDEX= -42|AREACOLOR=11599871|COMPONENTDESCRIPTION=STMICROELECTRONICS  STM32F103CBU6 ARM Cortex-M3, 72 MHz, 128 KB, 20 KB, 48, VFQFPN|CURRENTPARTID=1|DESIGNITEMID=STM32F103CBU6|DISPLAYMODECOUNT=1|LIBRARYPATH=*|LIBREFERENCE=STM32F103CBU6|LOCATION.X=570|LOCATION.Y=510|PARTCOUNT=2|PARTIDLOCKED=T|SOURCELIBRARYNAME=SBComponentsSchematics.SchLib|TARGETFILENAME=*|UNIQUEID=AHAWYMMY|
RECORD=41|LINENO= 439|OWNERPARTID=   0|OWNERINDEX= 438|FONTID=1|ISHIDDEN=T|LOCATION.X=488|LOCATION.Y=680|NAME=Supplier 1|TEXT=Farnell|UNIQUEID=PGDNVCVI|
RECORD=41|LINENO= 440|OWNERPARTID=   0|OWNERINDEX= 438|FONTID=1|ISHIDDEN=T|LOCATION.X=488|LOCATION.Y=690|NAME=Supplier 2|TEXT=Mouser|UNIQUEID=MBWQQQAE|
RECORD=41|LINENO= 441|OWNERPARTID=   0|OWNERINDEX= 438|FONTID=1|ISHIDDEN=T|LOCATION.X=488|LOCATION.Y=680|NAME=Supplier Part Number 1|TEXT=2060891|UNIQUEID=FAJSNFEE|
RECORD=41|LINENO= 442|OWNERPARTID=   0|OWNERINDEX= 438|FONTID=1|ISHIDDEN=T|LOCATION.X=488|LOCATION.Y=690|NAME=Supplier Part Number 2|TEXT=511-STM32F103CBU6|UNIQUEID=ANIIFYOJ|
RECORD=14|LINENO= 443|OWNERPARTID=   2|OWNERINDEX= 438|AREACOLOR=11599871|CORNER.X=630|CORNER.Y=680|ISSOLID=T|LOCATION.X=510|LOCATION.Y=340|
RECORD= 2|LINENO= 444|OWNERPARTID=   2|OWNERINDEX= 438|DESCRIPTION=PC13/RTC_TAMP1,RTC_TS,RTC_OUT,WKUP2|DESIGNATOR=2|ELECTRICAL=1|FORMALTYPE=1|LOCATION.X=510|LOCATION.Y=410|NAME=PC13|PINCONGLOMERATE=58|PINLENGTH=20|
RECORD=41|LINENO= 445|OWNERPARTID=   0|OWNERINDEX= 444|FONTID=1|ISHIDDEN=T|LOCATION.X=510|LOCATION.Y=410|NAME=PinUniqueId|TEXT=EKNEPFRN|UNIQUEID=NRVWTBMM|
RECORD= 2|LINENO= 446|OWNERPARTID=   2|OWNERINDEX= 438|DESCRIPTION=PC14-OSC32_IN(PC14)/OSC32_IN|DESIGNATOR=3|ELECTRICAL=1|FORMALTYPE=1|LOCATION.X=510|LOCATION.Y=400|NAME=PC14-OSC32_IN|PINCONGLOMERATE=58|PINLENGTH=20|
RECORD=41|LINENO= 447|OWNERPARTID=   0|OWNERINDEX= 446|FONTID=1|ISHIDDEN=T|LOCATION.X=510|LOCATION.Y=400|NAME=PinUniqueId|TEXT=EIYSLDYC|UNIQUEID=WLMUOEEL|
RECORD= 2|LINENO= 448|OWNERPARTID=   2|OWNERINDEX= 438|DESCRIPTION=PC15-OSC32_OUT(PC15)/OSC32_OUT|DESIGNATOR=4|ELECTRICAL=1|FORMALTYPE=1|LOCATION.X=510|LOCATION.Y=390|NAME=PC15-OSC32_OUT|PINCONGLOMERATE=58|PINLENGTH=20|
RECORD=41|LINENO= 449|OWNERPARTID=   0|OWNERINDEX= 448|FONTID=1|ISHIDDEN=T|LOCATION.X=510|LOCATION.Y=390|NAME=PinUniqueId|TEXT=WDWRSWPV|UNIQUEID=FVLNAOIL|
RECORD= 2|LINENO= 450|OWNERPARTID=   2|OWNERINDEX= 438|DESCRIPTION=PF0-OSC_IN(PF0)/OSC_IN|DESIGNATOR=5|ELECTRICAL=1|FORMALTYPE=1|LOCATION.X=510|LOCATION.Y=370|NAME=PF0-OSC_IN|PINCONGLOMERATE=58|PINLENGTH=20|
RECORD=41|LINENO= 451|OWNERPARTID=   0|OWNERINDEX= 450|FONTID=1|ISHIDDEN=T|LOCATION.X=510|LOCATION.Y=370|NAME=PinUniqueId|TEXT=COPRWRVA|UNIQUEID=KTUPDXWU|
RECORD= 2|LINENO= 452|OWNERPARTID=   2|OWNERINDEX= 438|DESCRIPTION=PF1-OSC_OUT(PF1)/OSC_OUT|DESIGNATOR=6|ELECTRICAL=1|FORMALTYPE=1|LOCATION.X=510|LOCATION.Y=360|NAME=PF1-OSC_OUT|PINCONGLOMERATE=58|PINLENGTH=20|
RECORD=41|LINENO= 453|OWNERPARTID=   0|OWNERINDEX= 452|FONTID=1|ISHIDDEN=T|LOCATION.X=510|LOCATION.Y=360|NAME=PinUniqueId|TEXT=HOCTTSJV|UNIQUEID=HQLKDRQC|
RECORD= 2|LINENO= 454|OWNERPARTID=   2|OWNERINDEX= 438|DESCRIPTION=Device  reset  input  /  internal  reset  output  (active  low)|DESIGNATOR=7|ELECTRICAL=1|FORMALTYPE=1|LOCATION.X=630|LOCATION.Y=490|NAME=NRST|PINCONGLOMERATE=56|PINLENGTH=20|
RECORD=41|LINENO= 455|OWNERPARTID=   0|OWNERINDEX= 454|FONTID=1|ISHIDDEN=T|LOCATION.X=630|LOCATION.Y=490|NAME=PinUniqueId|TEXT=AFLHNQMB|UNIQUEID=EHQVDMKE|
RECORD= 2|LINENO= 456|OWNERPARTID=   2|OWNERINDEX= 438|DESCRIPTION=PA0/USART2_CTS,TIM2_CH1_ETR,COMP1_OUT,TSC_G1_IO1/ADC_IN0,COMP1_INM6,RTC_TAMP2,WKUP1|DESIGNATOR=10|ELECTRICAL=1|FORMALTYPE=1|LOCATION.X=510|LOCATION.Y=590|NAME=PA0|PINCONGLOMERATE=58|PINLENGTH=20|
RECORD=41|LINENO= 457|OWNERPARTID=   0|OWNERINDEX= 456|FONTID=1|ISHIDDEN=T|LOCATION.X=510|LOCATION.Y=590|NAME=PinUniqueId|TEXT=FDGLHIVJ|UNIQUEID=IYFNGROK|
RECORD= 2|LINENO= 458|OWNERPARTID=   2|OWNERINDEX= 438|DESCRIPTION=PA1/USART2_RTS,TIM2_CH2,TSC_G1_IO2,EVENTOUT/ADC_IN1,COMP1_INP|DESIGNATOR=11|ELECTRICAL=1|FORMALTYPE=1|LOCATION.X=510|LOCATION.Y=580|NAME=PA1|PINCONGLOMERATE=58|PINLENGTH=20|
RECORD=41|LINENO= 459|OWNERPARTID=   0|OWNERINDEX= 458|FONTID=1|ISHIDDEN=T|LOCATION.X=510|LOCATION.Y=580|NAME=PinUniqueId|TEXT=BNKMNRIH|UNIQUEID=AWXENBGN|
RECORD= 2|LINENO= 460|OWNERPARTID=   2|OWNERINDEX= 438|DESCRIPTION=PA2/USART2_TX,TIM2_CH3,TIM15_CH1,COMP2_OUT,TSC_G1_IO3/ADC_IN2,COMP2_INM6|DESIGNATOR=12|ELECTRICAL=1|FORMALTYPE=1|LOCATION.X=510|LOCATION.Y=570|NAME=PA2|PINCONGLOMERATE=58|PINLENGTH=20|
RECORD=41|LINENO= 461|OWNERPARTID=   0|OWNERINDEX= 460|FONTID=1|ISHIDDEN=T|LOCATION.X=510|LOCATION.Y=570|NAME=PinUniqueId|TEXT=EUGFLQNL|UNIQUEID=RTWMTXCB|
RECORD= 2|LINENO= 462|OWNERPARTID=   2|OWNERINDEX= 438|DESCRIPTION=PA3/USART2_RX,TIM2_CH4,TIM15_CH2,TSC_G1_IO4/ADC_IN3,COMP2_INP|DESIGNATOR=13|ELECTRICAL=1|FORMALTYPE=1|LOCATION.X=510|LOCATION.Y=560|NAME=PA3|PINCONGLOMERATE=58|PINLENGTH=20|
RECORD=41|LINENO= 463|OWNERPARTID=   0|OWNERINDEX= 462|FONTID=1|ISHIDDEN=T|LOCATION.X=510|LOCATION.Y=560|NAME=PinUniqueId|TEXT=WPCIXVBV|UNIQUEID=MIJYAWJD|
RECORD= 2|LINENO= 464|OWNERPARTID=   2|OWNERINDEX= 438|DESCRIPTION=PA4/SPI1_NSS/I2S1_WS,USART2_CK,TIM14_CH1,TSC_G2_IO1/ADC_IN4,COMP1_INM4,COMP2_INM4,DAC1_OUT|DESIGNATOR=14|ELECTRICAL=1|FORMALTYPE=1|LOCATION.X=510|LOCATION.Y=550|NAME=PA4|PINCONGLOMERATE=58|PINLENGTH=20|
RECORD=41|LINENO= 465|OWNERPARTID=   0|OWNERINDEX= 464|FONTID=1|ISHIDDEN=T|LOCATION.X=510|LOCATION.Y=550|NAME=PinUniqueId|TEXT=EPUCOVRD|UNIQUEID=KXVRFHEK|
RECORD= 2|LINENO= 466|OWNERPARTID=   2|OWNERINDEX= 438|DESCRIPTION=PA5/SPI1_SCK/I2S1_CK,CEC,TIM2_CH1_ETR,TSC_G2_IO2/ADC_IN5,COMP1_INM5,COMP2_INM5|DESIGNATOR=15|ELECTRICAL=1|FORMALTYPE=1|LOCATION.X=510|LOCATION.Y=540|NAME=PA5|PINCONGLOMERATE=58|PINLENGTH=20|
RECORD=41|LINENO= 467|OWNERPARTID=   0|OWNERINDEX= 466|FONTID=1|ISHIDDEN=T|LOCATION.X=510|LOCATION.Y=540|NAME=PinUniqueId|TEXT=MSDSHVOW|UNIQUEID=YDEOVMNN|
RECORD= 2|LINENO= 468|OWNERPARTID=   2|OWNERINDEX= 438|DESCRIPTION=PA6/SPI1_MISO/I2S1_MCK,TIM3_CH1,TIM1_BKIN,TIM16_CH1,COMP1_OUT,TSC_G2_IO3,EVENTOUT/ADC_IN6|DESIGNATOR=16|ELECTRICAL=1|FORMALTYPE=1|LOCATION.X=510|LOCATION.Y=530|NAME=PA6|PINCONGLOMERATE=58|PINLENGTH=20|
RECORD=41|LINENO= 469|OWNERPARTID=   0|OWNERINDEX= 468|FONTID=1|ISHIDDEN=T|LOCATION.X=510|LOCATION.Y=530|NAME=PinUniqueId|TEXT=GXTJVHQK|UNIQUEID=KUXQBBNS|
RECORD= 2|LINENO= 470|OWNERPARTID=   2|OWNERINDEX= 438|DESCRIPTION=PA7/SPI1_MOSI/I2S1_SD,TIM3_CH2,TIM14_CH1,TIM1_CH1N,TIM17_CH1,COMP2_OUT,TSC_G2_IO4,EVENTOUT/ADC_IN7|DESIGNATOR=17|ELECTRICAL=1|FORMALTYPE=1|LOCATION.X=510|LOCATION.Y=520|NAME=PA7|PINCONGLOMERATE=58|PINLENGTH=20|
RECORD=41|LINENO= 471|OWNERPARTID=   0|OWNERINDEX= 470|FONTID=1|ISHIDDEN=T|LOCATION.X=510|LOCATION.Y=520|NAME=PinUniqueId|TEXT=PSILILOP|UNIQUEID=NEKIWUUU|
RECORD= 2|LINENO= 472|OWNERPARTID=   2|OWNERINDEX= 438|DESCRIPTION=PB0/TIM3_CH3,TIM1_CH2N,TSC_G3_IO2,EVENTOUT/ADC_IN8|DESIGNATOR=18|ELECTRICAL=1|FORMALTYPE=1|LOCATION.X=630|LOCATION.Y=580|NAME=PB0|PINCONGLOMERATE=56|PINLENGTH=20|
RECORD=41|LINENO= 473|OWNERPARTID=   0|OWNERINDEX= 472|FONTID=1|ISHIDDEN=T|LOCATION.X=630|LOCATION.Y=580|NAME=PinUniqueId|TEXT=GYESBGVF|UNIQUEID=DWEAWLTL|
RECORD= 2|LINENO= 474|OWNERPARTID=   2|OWNERINDEX= 438|DESCRIPTION=PB1/TIM3_CH4,TIM14_CH1,TIM1_CH3N,TSC_G3_IO3/ADC_IN9|DESIGNATOR=19|ELECTRICAL=1|FORMALTYPE=1|LOCATION.X=630|LOCATION.Y=570|NAME=PB1|PINCONGLOMERATE=56|PINLENGTH=20|
RECORD=41|LINENO= 475|OWNERPARTID=   0|OWNERINDEX= 474|FONTID=1|ISHIDDEN=T|LOCATION.X=630|LOCATION.Y=570|NAME=PinUniqueId|TEXT=TOUAUAKW|UNIQUEID=TJHYKGCT|
RECORD= 2|LINENO= 476|OWNERPARTID=   2|OWNERINDEX= 438|DESCRIPTION=PB2/TSC_G3_IO4|DESIGNATOR=20|ELECTRICAL=1|FORMALTYPE=1|LOCATION.X=630|LOCATION.Y=560|NAME=PB2|PINCONGLOMERATE=56|PINLENGTH=20|
RECORD=41|LINENO= 477|OWNERPARTID=   0|OWNERINDEX= 476|FONTID=1|ISHIDDEN=T|LOCATION.X=630|LOCATION.Y=560|NAME=PinUniqueId|TEXT=JIMCGHFJ|UNIQUEID=ORYTFLBH|
RECORD= 2|LINENO= 478|OWNERPARTID=   2|OWNERINDEX= 438|DESCRIPTION=PB10/I2C2_SCL,CEC,TIM2_CH3,TSC_SYNC|DESIGNATOR=21|ELECTRICAL=1|FORMALTYPE=1|LOCATION.X=510|LOCATION.Y=480|NAME=PB10|PINCONGLOMERATE=58|PINLENGTH=20|
RECORD=41|LINENO= 479|OWNERPARTID=   0|OWNERINDEX= 478|FONTID=1|ISHIDDEN=T|LOCATION.X=510|LOCATION.Y=480|NAME=PinUniqueId|TEXT=RSHRXWLQ|UNIQUEID=WKUPBGIC|
RECORD= 2|LINENO= 480|OWNERPARTID=   2|OWNERINDEX= 438|DESCRIPTION=PB11/I2C2_SDA,TIM2_CH4,TSC_G6_IO1,EVENTOUT|DESIGNATOR=22|ELECTRICAL=1|FORMALTYPE=1|LOCATION.X=510|LOCATION.Y=470|NAME=PB11|PINCONGLOMERATE=58|PINLENGTH=20|
RECORD=41|LINENO= 481|OWNERPARTID=   0|OWNERINDEX= 480|FONTID=1|ISHIDDEN=T|LOCATION.X=510|LOCATION.Y=470|NAME=PinUniqueId|TEXT=CEYNIRBM|UNIQUEID=HFQNJHJM|
RECORD= 2|LINENO= 482|OWNERPARTID=   2|OWNERINDEX= 438|DESCRIPTION=PB12/SPI2_NSS,TIM1_BKIN,TSC_G6_IO2,EVENTOUT|DESIGNATOR=25|ELECTRICAL=1|FORMALTYPE=1|LOCATION.X=510|LOCATION.Y=460|NAME=PB12|PINCONGLOMERATE=58|PINLENGTH=20|
RECORD=41|LINENO= 483|OWNERPARTID=   0|OWNERINDEX= 482|FONTID=1|ISHIDDEN=T|LOCATION.X=510|LOCATION.Y=460|NAME=PinUniqueId|TEXT=DQEKIWFM|UNIQUEID=NIAFWYFP|
RECORD= 2|LINENO= 484|OWNERPARTID=   2|OWNERINDEX= 438|DESCRIPTION=PB13/SPI2_SCK,TIM1_CH1N,TSC_G6_IO3|DESIGNATOR=26|ELECTRICAL=1|FORMALTYPE=1|LOCATION.X=510|LOCATION.Y=450|NAME=PB13|PINCONGLOMERATE=58|PINLENGTH=20|
RECORD=41|LINENO= 485|OWNERPARTID=   0|OWNERINDEX= 484|FONTID=1|ISHIDDEN=T|LOCATION.X=510|LOCATION.Y=450|NAME=PinUniqueId|TEXT=PAOHYVPW|UNIQUEID=JTYSOLCX|
RECORD= 2|LINENO= 486|OWNERPARTID=   2|OWNERINDEX= 438|DESCRIPTION=PB14/SPI2_MISO,TIM1_CH2N,TIM15_CH1,TSC_G6_IO4|DESIGNATOR=27|ELECTRICAL=1|FORMALTYPE=1|LOCATION.X=510|LOCATION.Y=440|NAME=PB14|PINCONGLOMERATE=58|PINLENGTH=20|
RECORD=41|LINENO= 487|OWNERPARTID=   0|OWNERINDEX= 486|FONTID=1|ISHIDDEN=T|LOCATION.X=510|LOCATION.Y=440|NAME=PinUniqueId|TEXT=OCUQOPOR|UNIQUEID=UJPJGXKJ|
RECORD= 2|LINENO= 488|OWNERPARTID=   2|OWNERINDEX= 438|DESCRIPTION=PB15/SPI2_MOSI,TIM1_CH3N,TIM15_CH1N,TIM15_CH2/RTC_REFIN|DESIGNATOR=28|ELECTRICAL=1|FORMALTYPE=1|LOCATION.X=510|LOCATION.Y=430|NAME=PB15|PINCONGLOMERATE=58|PINLENGTH=20|
RECORD=41|LINENO= 489|OWNERPARTID=   0|OWNERINDEX= 488|FONTID=1|ISHIDDEN=T|LOCATION.X=510|LOCATION.Y=430|NAME=PinUniqueId|TEXT=TVHQBTYO|UNIQUEID=EPJRSBIL|
RECORD= 2|LINENO= 490|OWNERPARTID=   2|OWNERINDEX= 438|DESCRIPTION=PA8/USART1_CK,TIM1_CH1,EVENTOUT,MCO|DESIGNATOR=29|ELECTRICAL=1|FORMALTYPE=1|LOCATION.X=630|LOCATION.Y=670|NAME=PA8|PINCONGLOMERATE=56|PINLENGTH=20|
RECORD=41|LINENO= 491|OWNERPARTID=   0|OWNERINDEX= 490|FONTID=1|ISHIDDEN=T|LOCATION.X=630|LOCATION.Y=670|NAME=PinUniqueId|TEXT=RQQMTBWF|UNIQUEID=FMHWPTCX|
RECORD= 2|LINENO= 492|OWNERPARTID=   2|OWNERINDEX= 438|DESCRIPTION=PA9/USART1_TX,TIM1_CH2,TIM15_BKIN,TSC_G4_IO1|DESIGNATOR=30|ELECTRICAL=1|FORMALTYPE=1|LOCATION.X=630|LOCATION.Y=660|NAME=PA9|PINCONGLOMERATE=56|PINLENGTH=20|
RECORD=41|LINENO= 493|OWNERPARTID=   0|OWNERINDEX= 492|FONTID=1|ISHIDDEN=T|LOCATION.X=630|LOCATION.Y=660|NAME=PinUniqueId|TEXT=MSHWLKHF|UNIQUEID=LRPULPMU|
RECORD= 2|LINENO= 494|OWNERPARTID=   2|OWNERINDEX= 438|DESCRIPTION=PA10/USART1_RX,TIM1_CH3,TIM17_BKIN,TSC_G4_IO2|DESIGNATOR=31|ELECTRICAL=1|FORMALTYPE=1|LOCATION.X=630|LOCATION.Y=650|NAME=PA10|PINCONGLOMERATE=56|PINLENGTH=20|
RECORD=41|LINENO= 495|OWNERPARTID=   0|OWNERINDEX= 494|FONTID=1|ISHIDDEN=T|LOCATION.X=630|LOCATION.Y=650|NAME=PinUniqueId|TEXT=LGKKOVGP|UNIQUEID=KFESRYKM|
RECORD= 2|LINENO= 496|OWNERPARTID=   2|OWNERINDEX= 438|DESCRIPTION=PA11/USART1_CTS,TIM1_CH4,COMP1_OUT,TSC_G4_IO3,EVENTOUT|DESIGNATOR=32|ELECTRICAL=1|FORMALTYPE=1|LOCATION.X=630|LOCATION.Y=640|NAME=PA11|PINCONGLOMERATE=56|PINLENGTH=20|
RECORD=41|LINENO= 497|OWNERPARTID=   0|OWNERINDEX= 496|FONTID=1|ISHIDDEN=T|LOCATION.X=630|LOCATION.Y=640|NAME=PinUniqueId|TEXT=RFFFVJDW|UNIQUEID=EGBXAXOE|
RECORD= 2|LINENO= 498|OWNERPARTID=   2|OWNERINDEX= 438|DESCRIPTION=PA12/USART1_RTS,TIM1_ETR,COMP2_OUT,TSC_G4_IO4,EVENTOUT|DESIGNATOR=33|ELECTRICAL=1|FORMALTYPE=1|LOCATION.X=630|LOCATION.Y=630|NAME=PA12|PINCONGLOMERATE=56|PINLENGTH=20|
RECORD=41|LINENO= 499|OWNERPARTID=   0|OWNERINDEX= 498|FONTID=1|ISHIDDEN=T|LOCATION.X=630|LOCATION.Y=630|NAME=PinUniqueId|TEXT=ILJJMXQV|UNIQUEID=LFGHHKVA|
RECORD= 2|LINENO= 500|OWNERPARTID=   2|OWNERINDEX= 438|DESCRIPTION=PA13(SWDAT)/IR_OUT,SWDAT|DESIGNATOR=34|ELECTRICAL=1|FORMALTYPE=1|LOCATION.X=630|LOCATION.Y=620|NAME=PA13(SWDAT)|PINCONGLOMERATE=56|PINLENGTH=20|
RECORD=41|LINENO= 501|OWNERPARTID=   0|OWNERINDEX= 500|FONTID=1|ISHIDDEN=T|LOCATION.X=630|LOCATION.Y=620|NAME=PinUniqueId|TEXT=TSETFXNJ|UNIQUEID=NMFJEMOA|
RECORD= 2|LINENO= 502|OWNERPARTID=   2|OWNERINDEX= 438|DESCRIPTION=Ground|DESIGNATOR=35|ELECTRICAL=7|FORMALTYPE=1|LOCATION.X=630|LOCATION.Y=370|NAME=VSS|PINCONGLOMERATE=56|PINLENGTH=20|
RECORD=41|LINENO= 503|OWNERPARTID=   0|OWNERINDEX= 502|FONTID=1|ISHIDDEN=T|LOCATION.X=630|LOCATION.Y=370|NAME=PinUniqueId|TEXT=KYKPXUFN|UNIQUEID=MAVOFERP|
RECORD= 2|LINENO= 504|OWNERPARTID=   2|OWNERINDEX= 438|DESCRIPTION=Digital power supply|DESIGNATOR=36|ELECTRICAL=7|FORMALTYPE=1|LOCATION.X=510|LOCATION.Y=650|NAME=VDDIO2|PINCONGLOMERATE=58|PINLENGTH=20|
RECORD=41|LINENO= 505|OWNERPARTID=   0|OWNERINDEX= 504|FONTID=1|ISHIDDEN=T|LOCATION.X=510|LOCATION.Y=650|NAME=PinUniqueId|TEXT=NEDLPVEQ|UNIQUEID=YKCCIJDM|
RECORD= 2|LINENO= 506|OWNERPARTID=   2|OWNERINDEX= 438|DESCRIPTION=PA14(SWCLK)/USART2_TX,SWCLK|DESIGNATOR=37|ELECTRICAL=1|FORMALTYPE=1|LOCATION.X=630|LOCATION.Y=610|NAME=PA14(SWCLK)|PINCONGLOMERATE=56|PINLENGTH=20|
RECORD=41|LINENO= 507|OWNERPARTID=   0|OWNERINDEX= 506|FONTID=1|ISHIDDEN=T|LOCATION.X=630|LOCATION.Y=610|NAME=PinUniqueId|TEXT=TBGSNAGL|UNIQUEID=TQBKGFLO|
RECORD= 2|LINENO= 508|OWNERPARTID=   2|OWNERINDEX= 438|DESCRIPTION=PA15/SPI1_NSS/I2S1_WS,USART2_RX,TIM2_CH1_ETR,EVENTOUT|DESIGNATOR=38|ELECTRICAL=1|FORMALTYPE=1|LOCATION.X=630|LOCATION.Y=600|NAME=PA15|PINCONGLOMERATE=56|PINLENGTH=20|
RECORD=41|LINENO= 509|OWNERPARTID=   0|OWNERINDEX= 508|FONTID=1|ISHIDDEN=T|LOCATION.X=630|LOCATION.Y=600|NAME=PinUniqueId|TEXT=OCXWUPPE|UNIQUEID=UKSYDTWO|
RECORD= 2|LINENO= 510|OWNERPARTID=   2|OWNERINDEX= 438|DESCRIPTION=PB3/SPI1_SCK/I2S1_CK,TIM2_CH2,TSC_G5_IO1,EVENTOUT|DESIGNATOR=39|ELECTRICAL=1|FORMALTYPE=1|LOCATION.X=630|LOCATION.Y=550|NAME=PB3|PINCONGLOMERATE=56|PINLENGTH=20|
RECORD=41|LINENO= 511|OWNERPARTID=   0|OWNERINDEX= 510|FONTID=1|ISHIDDEN=T|LOCATION.X=630|LOCATION.Y=550|NAME=PinUniqueId|TEXT=IARKENQW|UNIQUEID=QMENCXIO|
RECORD= 2|LINENO= 512|OWNERPARTID=   2|OWNERINDEX= 438|DESCRIPTION=PB4/SPI1_MISO/I2S1_MCK,TIM3_CH1,TSC_G5_IO2,EVENTOUT|DESIGNATOR=40|ELECTRICAL=1|FORMALTYPE=1|LOCATION.X=630|LOCATION.Y=540|NAME=PB4|PINCONGLOMERATE=56|PINLENGTH=20|
RECORD=41|LINENO= 513|OWNERPARTID=   0|OWNERINDEX= 512|FONTID=1|ISHIDDEN=T|LOCATION.X=630|LOCATION.Y=540|NAME=PinUniqueId|TEXT=IHONDXOS|UNIQUEID=NXMBUTSE|
RECORD= 2|LINENO= 514|OWNERPARTID=   2|OWNERINDEX= 438|DESCRIPTION=PB5/SPI1_MOSI,I2S1_SD,I2C1_SMBA,TIM16_BKIN,TIM3_CH2|DESIGNATOR=41|ELECTRICAL=1|FORMALTYPE=1|LOCATION.X=630|LOCATION.Y=530|NAME=PB5|PINCONGLOMERATE=56|PINLENGTH=20|
RECORD=41|LINENO= 515|OWNERPARTID=   0|OWNERINDEX= 514|FONTID=1|ISHIDDEN=T|LOCATION.X=630|LOCATION.Y=530|NAME=PinUniqueId|TEXT=NOTPLLWI|UNIQUEID=JUCWHBSV|
RECORD= 2|LINENO= 516|OWNERPARTID=   2|OWNERINDEX= 438|DESCRIPTION=PB6/I2C1_SCL,USART1_TX,TIM16_CH1N,TSC_G5_IO3|DESIGNATOR=42|ELECTRICAL=1|FORMALTYPE=1|LOCATION.X=630|LOCATION.Y=520|NAME=PB6|PINCONGLOMERATE=56|PINLENGTH=20|
RECORD=41|LINENO= 517|OWNERPARTID=   0|OWNERINDEX= 516|FONTID=1|ISHIDDEN=T|LOCATION.X=630|LOCATION.Y=520|NAME=PinUniqueId|TEXT=JHLGXEVG|UNIQUEID=OERMRDML|
RECORD= 2|LINENO= 518|OWNERPARTID=   2|OWNERINDEX= 438|DESCRIPTION=PB7/I2C1_SDA,USART1_RX,TIM17_CH1N,TSC_G5_IO4|DESIGNATOR=43|ELECTRICAL=1|FORMALTYPE=1|LOCATION.X=630|LOCATION.Y=510|NAME=PB7|PINCONGLOMERATE=56|PINLENGTH=20|
RECORD=41|LINENO= 519|OWNERPARTID=   0|OWNERINDEX= 518|FONTID=1|ISHIDDEN=T|LOCATION.X=630|LOCATION.Y=510|NAME=PinUniqueId|TEXT=XJYJLBHK|UNIQUEID=FKVUDDML|
RECORD= 2|LINENO= 520|OWNERPARTID=   2|OWNERINDEX= 438|DESCRIPTION=Boot memory selection|DESIGNATOR=44|FORMALTYPE=1|LOCATION.X=630|LOCATION.Y=480|NAME=BOOT0|PINCONGLOMERATE=56|PINLENGTH=20|
RECORD=41|LINENO= 521|OWNERPARTID=   0|OWNERINDEX= 520|FONTID=1|ISHIDDEN=T|LOCATION.X=630|LOCATION.Y=480|NAME=PinUniqueId|TEXT=KSIQKTTV|UNIQUEID=EUXYNRGX|
RECORD= 2|LINENO= 522|OWNERPARTID=   2|OWNERINDEX= 438|DESCRIPTION=PB8/I2C1_SCL,CEC,TIM16_CH1,TSC_SYNC|DESIGNATOR=45|ELECTRICAL=1|FORMALTYPE=1|LOCATION.X=510|LOCATION.Y=500|NAME=PB8|PINCONGLOMERATE=58|PINLENGTH=20|
RECORD=41|LINENO= 523|OWNERPARTID=   0|OWNERINDEX= 522|FONTID=1|ISHIDDEN=T|LOCATION.X=510|LOCATION.Y=500|NAME=PinUniqueId|TEXT=AIGTKLFB|UNIQUEID=GMWERKLL|
RECORD= 2|LINENO= 524|OWNERPARTID=   2|OWNERINDEX= 438|DESCRIPTION=PB9/I2C1_SDA,IR_OUT,TIM17_CH1,EVENTOUT|DESIGNATOR=46|ELECTRICAL=1|FORMALTYPE=1|LOCATION.X=510|LOCATION.Y=490|NAME=PB9|PINCONGLOMERATE=58|PINLENGTH=20|
RECORD=41|LINENO= 525|OWNERPARTID=   0|OWNERINDEX= 524|FONTID=1|ISHIDDEN=T|LOCATION.X=510|LOCATION.Y=490|NAME=PinUniqueId|TEXT=WRVTHQIU|UNIQUEID=LRKVFJTQ|
RECORD= 2|LINENO= 526|OWNERPARTID=   2|OWNERINDEX= 438|DESCRIPTION=Backup power supply|DESIGNATOR=1|ELECTRICAL=7|FORMALTYPE=1|LOCATION.X=510|LOCATION.Y=610|NAME=VBAT|PINCONGLOMERATE=58|PINLENGTH=20|
RECORD=41|LINENO= 527|OWNERPARTID=   0|OWNERINDEX= 526|FONTID=1|ISHIDDEN=T|LOCATION.X=510|LOCATION.Y=610|NAME=PinUniqueId|TEXT=TDNTKCFC|UNIQUEID=IFRMQIAX|
RECORD= 2|LINENO= 528|OWNERPARTID=   2|OWNERINDEX= 438|DESCRIPTION=Analog ground|DESIGNATOR=8|ELECTRICAL=7|FORMALTYPE=1|LOCATION.X=630|LOCATION.Y=390|NAME=VSSA|PINCONGLOMERATE=56|PINLENGTH=20|
RECORD=41|LINENO= 529|OWNERPARTID=   0|OWNERINDEX= 528|FONTID=1|ISHIDDEN=T|LOCATION.X=630|LOCATION.Y=390|NAME=PinUniqueId|TEXT=NIKCLUGM|UNIQUEID=HLQFSRBL|
RECORD= 2|LINENO= 530|OWNERPARTID=   2|OWNERINDEX= 438|DESCRIPTION=Analog power supply|DESIGNATOR=9|ELECTRICAL=7|FORMALTYPE=1|LOCATION.X=510|LOCATION.Y=630|NAME=VDDA|PINCONGLOMERATE=58|PINLENGTH=20|
RECORD=41|LINENO= 531|OWNERPARTID=   0|OWNERINDEX= 530|FONTID=1|ISHIDDEN=T|LOCATION.X=510|LOCATION.Y=630|NAME=PinUniqueId|TEXT=KRPHDBGL|UNIQUEID=DJBHIJHL|
RECORD= 2|LINENO= 532|OWNERPARTID=   2|OWNERINDEX= 438|DESCRIPTION=Ground|DESIGNATOR=23|ELECTRICAL=7|FORMALTYPE=1|LOCATION.X=630|LOCATION.Y=380|NAME=VSS|PINCONGLOMERATE=56|PINLENGTH=20|
RECORD=41|LINENO= 533|OWNERPARTID=   0|OWNERINDEX= 532|FONTID=1|ISHIDDEN=T|LOCATION.X=630|LOCATION.Y=380|NAME=PinUniqueId|TEXT=GDMMROGC|UNIQUEID=IGRHDKOC|
RECORD= 2|LINENO= 534|OWNERPARTID=   2|OWNERINDEX= 438|DESCRIPTION=Digital power supply|DESIGNATOR=24|ELECTRICAL=7|FORMALTYPE=1|LOCATION.X=510|LOCATION.Y=670|NAME=VDD|PINCONGLOMERATE=58|PINLENGTH=20|
RECORD=41|LINENO= 535|OWNERPARTID=   0|OWNERINDEX= 534|FONTID=1|ISHIDDEN=T|LOCATION.X=510|LOCATION.Y=670|NAME=PinUniqueId|TEXT=EMMEJMYB|UNIQUEID=WFPFNPUB|
RECORD= 2|LINENO= 536|OWNERPARTID=   2|OWNERINDEX= 438|DESCRIPTION=Ground|DESIGNATOR=47|ELECTRICAL=7|FORMALTYPE=1|LOCATION.X=630|LOCATION.Y=360|NAME=VSS|PINCONGLOMERATE=56|PINLENGTH=20|
RECORD=41|LINENO= 537|OWNERPARTID=   0|OWNERINDEX= 536|FONTID=1|ISHIDDEN=T|LOCATION.X=630|LOCATION.Y=360|NAME=PinUniqueId|TEXT=RMXCIAIV|UNIQUEID=TNQJMLXJ|
RECORD= 2|LINENO= 538|OWNERPARTID=   2|OWNERINDEX= 438|DESCRIPTION=Digital power supply|DESIGNATOR=48|ELECTRICAL=7|FORMALTYPE=1|LOCATION.X=510|LOCATION.Y=660|NAME=VDD|PINCONGLOMERATE=58|PINLENGTH=20|
RECORD=41|LINENO= 539|OWNERPARTID=   0|OWNERINDEX= 538|FONTID=1|ISHIDDEN=T|LOCATION.X=510|LOCATION.Y=660|NAME=PinUniqueId|TEXT=UFNXXFQR|UNIQUEID=OXJCONTM|
RECORD= 2|LINENO= 540|OWNERPARTID=   2|OWNERINDEX= 438|DESCRIPTION=Ground|DESIGNATOR=49|ELECTRICAL=7|FORMALTYPE=1|LOCATION.X=630|LOCATION.Y=350|NAME=VSS|PINCONGLOMERATE=56|PINLENGTH=20|
RECORD=41|LINENO= 541|OWNERPARTID=   0|OWNERINDEX= 540|FONTID=1|ISHIDDEN=T|LOCATION.X=630|LOCATION.Y=350|NAME=PinUniqueId|TEXT=WDWIBRSV|UNIQUEID=JNBFUGCO|
RECORD=34|LINENO= 542|OWNERPARTID=   0|OWNERINDEX= 438|FONTID=1|LOCATION.X=510|LOCATION.Y=680|NAME=Designator|TEXT=U1|UNIQUEID=EKHWHQIY|
RECORD=41|LINENO= 543|OWNERPARTID=   0|OWNERINDEX= 438|FONTID=1|LOCATION.X=510|LOCATION.Y=330|NAME=Comment|TEXT=STM32F103CBU6|UNIQUEID=BPJVRRJC|
RECORD=44|LINENO= 544|OWNERPARTID= -42|OWNERINDEX= 438|
RECORD=45|LINENO= 545|OWNERPARTID= -42|OWNERINDEX= 544|DATAFILECOUNT=1|DESCRIPTION=QFN, 48-Leads, Body 7,00x7,00mm, Pitch 0,50mm, Thermal Pad 5,60x5,60mm, IPC High Density|ISCURRENT=T|MODELDATAFILE0=SBComponentsFootprints.PcbLib|MODELDATAFILEENTITY0=QFN50P700X700X60_HS-49L|MODELDATAFILEKIND0=PCBLib|MODELNAME=QFN50P700X700X60_HS-49L|MODELTYPE=PCBLIB|UNIQUEID=KWPVDVPW|
RECORD=46|LINENO= 546|OWNERPARTID= -42|OWNERINDEX= 545|
RECORD=48|LINENO= 547|OWNERPARTID= -42|OWNERINDEX= 545|
RECORD=27|LINENO= 548|OWNERPARTID=   0|OWNERINDEX= -42|LINEWIDTH=1|LOCATIONCOUNT=5|UNIQUEID=TLKNMIWM|X1=490|X2=480|X3=480|X4=480|X5=480|Y1=610|Y2=610|Y3=630|Y4=650|Y5=660|
RECORD=27|LINENO= 549|OWNERPARTID=   0|OWNERINDEX= -42|LINEWIDTH=1|LOCATIONCOUNT=3|UNIQUEID=IQFVPCTH|X1=785|X2=760|X3=650|Y1=630|Y2=630|Y3=630|
RECORD=27|LINENO= 550|OWNERPARTID=   0|OWNERINDEX= -42|LINEWIDTH=1|LOCATIONCOUNT=3|UNIQUEID=KVCEQWUF|X1=785|X2=760|X3=650|Y1=640|Y2=640|Y3=640|
RECORD=41|LINENO= 551|OWNERPARTID=   0|OWNERINDEX= -42|%UTF8%TEXT=Record=PageOptionsÂ¦CenterHorizontal=TrueÂ¦CenterVertical=TrueÂ¦PrintScale=0.91Â¦XCorrection=1.00Â¦YCorrection=1.00Â¦PrintKind=0Â¦BorderSize=5000000Â¦LeftOffset=0Â¦BottomOffset=0Â¦Orientation=2Â¦PaperLength=1000Â¦PaperWidth=1000Â¦Scale=100Â¦PaperSource=7Â¦PrintQuality=-3Â¦MediaType=1Â¦DitherType=10Â¦PrintScaleMode=1Â¦PaperKind=A4Â¦PaperIndex=9|FONTID=1|ISHIDDEN=T|NAME=PageSetup|TEXT=Record=PageOptionsCenterHorizontal=TrueCenterVertical=TruePrintScale=0.91XCorrection=1.00YCorrection=1.00PrintKind=0BorderSize=5000000LeftOffset=0BottomOffset=0Orientation=2PaperLength=1000PaperWidth=1000Scale=100PaperSource=7PrintQuality=-3MediaType=1DitherType=10PrintScaleMode=1PaperKind=A4PaperIndex=9|UNIQUEID=HOETOVJR|
RECORD=29|LINENO= 552|OWNERPARTID=   0|OWNERINDEX= -42|LOCATION.X=60|LOCATION.Y=670|
RECORD=29|LINENO= 553|OWNERPARTID=   0|OWNERINDEX= -42|LOCATION.X=60|LOCATION.Y=700|
RECORD=29|LINENO= 554|OWNERPARTID=   0|OWNERINDEX= -42|LOCATION.X=110|LOCATION.Y=380|
RECORD=29|LINENO= 555|OWNERPARTID=   0|OWNERINDEX= -42|LOCATION.X=160|LOCATION.Y=380|
RECORD=29|LINENO= 556|OWNERPARTID=   0|OWNERINDEX= -42|LOCATION.X=170|LOCATION.Y=670|
RECORD=29|LINENO= 557|OWNERPARTID=   0|OWNERINDEX= -42|LOCATION.X=170|LOCATION.Y=700|
RECORD=29|LINENO= 558|OWNERPARTID=   0|OWNERINDEX= -42|LOCATION.X=190|LOCATION.Y=670|
RECORD=29|LINENO= 559|OWNERPARTID=   0|OWNERINDEX= -42|LOCATION.X=190|LOCATION.Y=700|
RECORD=29|LINENO= 560|OWNERPARTID=   0|OWNERINDEX= -42|LOCATION.X=210|LOCATION.Y=670|
RECORD=29|LINENO= 561|OWNERPARTID=   0|OWNERINDEX= -42|LOCATION.X=210|LOCATION.Y=700|
RECORD=29|LINENO= 562|OWNERPARTID=   0|OWNERINDEX= -42|LOCATION.X=480|LOCATION.Y=630|
RECORD=29|LINENO= 563|OWNERPARTID=   0|OWNERINDEX= -42|LOCATION.X=480|LOCATION.Y=650|
RECORD=29|LINENO= 564|OWNERPARTID=   0|OWNERINDEX= -42|LOCATION.X=480|LOCATION.Y=660|
RECORD=29|LINENO= 565|OWNERPARTID=   0|OWNERINDEX= -42|LOCATION.X=480|LOCATION.Y=670|
RECORD=29|LINENO= 566|OWNERPARTID=   0|OWNERINDEX= -42|LOCATION.X=650|LOCATION.Y=350|
RECORD=29|LINENO= 567|OWNERPARTID=   0|OWNERINDEX= -42|LOCATION.X=650|LOCATION.Y=360|
RECORD=29|LINENO= 568|OWNERPARTID=   0|OWNERINDEX= -42|LOCATION.X=650|LOCATION.Y=370|
RECORD=29|LINENO= 569|OWNERPARTID=   0|OWNERINDEX= -42|LOCATION.X=650|LOCATION.Y=380|
RECORD=29|LINENO= 570|OWNERPARTID=   0|OWNERINDEX= -42|LOCATION.X=875|LOCATION.Y=410|
