RECORD=-42|LINENO=   0|OWNERPARTID= -42|OWNERINDEX= -42|HEADER=Protel for Windows - Schematic Capture Binary File Version 5.0|MINORVERSION=2|UNIQUEID=EFVXPFYB|WEIGHT=321|
RECORD=31|LINENO=   1|OWNERPARTID= -42|OWNERINDEX= -42|AREACOLOR=16317695|BOLD3=T|BORDERON=T|CUSTOMMARGINWIDTH=20|CUSTOMX=1500|CUSTOMXZONES=6|CUSTOMY=950|CUSTOMYZONES=4|DISPLAY_UNIT=1|FONTIDCOUNT=4|FONTNAME1=Times New Roman|FONTNAME2=Times New Roman|FONTNAME3=Arial|FONTNAME4=Times New Roman|HOTSPOTGRIDON=T|HOTSPOTGRIDSIZE=3|ISBOC=T|ROTATION2=90|ROTATION4=270|SHEETNUMBERSPACESIZE=4|SIZE1=10|SIZE2=10|SIZE3=20|SIZE4=10|SNAPGRIDON=T|SNAPGRIDSIZE=5|SYSTEMFONT=1|TITLEBLOCKON=T|USEMBCS=T|VISIBLEGRIDON=T|VISIBLEGRIDSIZE=10|
RECORD=41|LINENO=   2|OWNERPARTID=   0|OWNERINDEX= -42|FONTID=1|ISHIDDEN=T|NAME=CurrentTime|TEXT=*|UNIQUEID=EKACXHJG|
RECORD=41|LINENO=   3|OWNERPARTID=   0|OWNERINDEX= -42|FONTID=1|ISHIDDEN=T|NAME=CurrentDate|TEXT=*|UNIQUEID=OXFQPCWA|
RECORD=41|LINENO=   4|OWNERPARTID=   0|OWNERINDEX= -42|FONTID=1|ISHIDDEN=T|NAME=Time|TEXT=*|UNIQUEID=JXCJJVQW|
RECORD=41|LINENO=   5|OWNERPARTID=   0|OWNERINDEX= -42|FONTID=1|ISHIDDEN=T|NAME=Date|TEXT=*|UNIQUEID=NUCAFIJQ|
RECORD=41|LINENO=   6|OWNERPARTID=   0|OWNERINDEX= -42|FONTID=1|ISHIDDEN=T|NAME=DocumentFullPathAndName|TEXT=*|UNIQUEID=LFDFJBXA|
RECORD=41|LINENO=   7|OWNERPARTID=   0|OWNERINDEX= -42|FONTID=1|ISHIDDEN=T|NAME=DocumentName|TEXT=*|UNIQUEID=EBAKHDUD|
RECORD=41|LINENO=   8|OWNERPARTID=   0|OWNERINDEX= -42|FONTID=1|ISHIDDEN=T|NAME=ModifiedDate|TEXT=*|UNIQUEID=UECAFKGT|
RECORD=41|LINENO=   9|OWNERPARTID=   0|OWNERINDEX= -42|FONTID=1|ISHIDDEN=T|NAME=ApprovedBy|TEXT=*|UNIQUEID=OYXRLBWP|
RECORD=41|LINENO=  10|OWNERPARTID=   0|OWNERINDEX= -42|FONTID=1|ISHIDDEN=T|NAME=CheckedBy|TEXT=*|UNIQUEID=QOGETWJX|
RECORD=41|LINENO=  11|OWNERPARTID=   0|OWNERINDEX= -42|FONTID=1|ISHIDDEN=T|NAME=Author|TEXT=*|UNIQUEID=GDLJBCRK|
RECORD=41|LINENO=  12|OWNERPARTID=   0|OWNERINDEX= -42|FONTID=1|ISHIDDEN=T|NAME=CompanyName|TEXT=*|UNIQUEID=LWROTYCR|
RECORD=41|LINENO=  13|OWNERPARTID=   0|OWNERINDEX= -42|FONTID=1|ISHIDDEN=T|NAME=DrawnBy|TEXT=*|UNIQUEID=ORPIOBPP|
RECORD=41|LINENO=  14|OWNERPARTID=   0|OWNERINDEX= -42|FONTID=1|ISHIDDEN=T|NAME=Engineer|TEXT=*|UNIQUEID=DVRJGVYI|
RECORD=41|LINENO=  15|OWNERPARTID=   0|OWNERINDEX= -42|FONTID=1|ISHIDDEN=T|NAME=Organization|TEXT=*|UNIQUEID=HKVTCLIO|
RECORD=41|LINENO=  16|OWNERPARTID=   0|OWNERINDEX= -42|FONTID=1|ISHIDDEN=T|NAME=Address1|TEXT=*|UNIQUEID=UKBSCTHW|
RECORD=41|LINENO=  17|OWNERPARTID=   0|OWNERINDEX= -42|FONTID=1|ISHIDDEN=T|NAME=Address2|TEXT=*|UNIQUEID=WXBLOXTU|
RECORD=41|LINENO=  18|OWNERPARTID=   0|OWNERINDEX= -42|FONTID=1|ISHIDDEN=T|NAME=Address3|TEXT=*|UNIQUEID=BXXKJCCU|
RECORD=41|LINENO=  19|OWNERPARTID=   0|OWNERINDEX= -42|FONTID=1|ISHIDDEN=T|NAME=Address4|TEXT=*|UNIQUEID=CXGUPIYR|
RECORD=41|LINENO=  20|OWNERPARTID=   0|OWNERINDEX= -42|FONTID=1|ISHIDDEN=T|NAME=Title|TEXT=*|UNIQUEID=INQOXKXQ|
RECORD=41|LINENO=  21|OWNERPARTID=   0|OWNERINDEX= -42|FONTID=1|ISHIDDEN=T|NAME=DocumentNumber|TEXT=*|UNIQUEID=IMWJNYDA|
RECORD=41|LINENO=  22|OWNERPARTID=   0|OWNERINDEX= -42|FONTID=1|ISHIDDEN=T|NAME=Revision|TEXT=*|UNIQUEID=MBUINYAV|
RECORD=41|LINENO=  23|OWNERPARTID=   0|OWNERINDEX= -42|FONTID=1|ISHIDDEN=T|NAME=SheetNumber|TEXT=*|UNIQUEID=YWMOARKQ|
RECORD=41|LINENO=  24|OWNERPARTID=   0|OWNERINDEX= -42|FONTID=1|ISHIDDEN=T|NAME=SheetTotal|TEXT=*|UNIQUEID=FNENPQBI|
RECORD=41|LINENO=  25|OWNERPARTID=   0|OWNERINDEX= -42|FONTID=1|ISHIDDEN=T|NAME=Rule|TEXT=*|UNIQUEID=BFRHPEYM|
RECORD=41|LINENO=  26|OWNERPARTID=   0|OWNERINDEX= -42|FONTID=1|ISHIDDEN=T|NAME=ImagePath|TEXT=*|UNIQUEID=KALKPDDE|
RECORD=41|LINENO=  27|OWNERPARTID=   0|OWNERINDEX= -42|FONTID=1|ISHIDDEN=T|NAME=ProjectName|TEXT=*|UNIQUEID=NGDTWCXT|
RECORD=41|LINENO=  28|OWNERPARTID=   0|OWNERINDEX= -42|FONTID=1|ISHIDDEN=T|NAME=Application_BuildNumber|TEXT=*|UNIQUEID=PDWDRFHC|
RECORD= 1|LINENO=  29|OWNERPARTID=   0|OWNERINDEX= -42|AREACOLOR=11599871|COMPONENTDESCRIPTION=Analog Devices ADP122ACPZ-3.3-R7 - 5.5 V Input, 300 mA, Low Quiescent  Current, CMOS Linear Regulator|CURRENTPARTID=1|DESIGNITEMID=ADP122ACPZ-3.3-R7|DISPLAYMODECOUNT=1|LIBRARYPATH=*|LIBREFERENCE=ADP122ACPZ-3.3-R7|LOCATION.X=200|LOCATION.Y=695|PARTCOUNT=2|PARTIDLOCKED=T|SOURCELIBRARYNAME=SBComponentsSchematics.SchLib|TARGETFILENAME=*|UNIQUEID=PJBPQDDQ|
RECORD=41|LINENO=  30|OWNERPARTID=   0|OWNERINDEX=  29|FONTID=1|ISHIDDEN=T|LOCATION.X=133|LOCATION.Y=740|NAME=Supplier 1|TEXT=Farnell|UNIQUEID=TQMRXVPQ|
RECORD=41|LINENO=  31|OWNERPARTID=   0|OWNERINDEX=  29|FONTID=1|ISHIDDEN=T|LOCATION.X=133|LOCATION.Y=750|NAME=Supplier 2|TEXT=Digi-Key|UNIQUEID=NWFBBPGO|
RECORD=41|LINENO=  32|OWNERPARTID=   0|OWNERINDEX=  29|FONTID=1|ISHIDDEN=T|LOCATION.X=133|LOCATION.Y=740|NAME=Supplier Part Number 1|TEXT=2457164|UNIQUEID=GOMXFIHG|
RECORD=41|LINENO=  33|OWNERPARTID=   0|OWNERINDEX=  29|FONTID=1|ISHIDDEN=T|LOCATION.X=133|LOCATION.Y=750|NAME=Supplier Part Number 2|TEXT=ADP122ACPZ-3.3-R7CT-ND|UNIQUEID=TITGHRME|
RECORD= 2|LINENO=  34|OWNERPARTID=   2|OWNERINDEX=  29|DESCRIPTION=No Connect. These pins are not internally bonded. They can be left floating or connected  to ground.|DESIGNATOR=5|ELECTRICAL=4|FORMALTYPE=1|LOCATION.X=225|LOCATION.Y=650|NAME=NC|PINCONGLOMERATE=63|PINLENGTH=30|
RECORD=41|LINENO=  35|OWNERPARTID=   0|OWNERINDEX=  34|FONTID=1|NAME=HiddenNetName|TEXT=GND|UNIQUEID=KAXSHCWN|
RECORD=41|LINENO=  36|OWNERPARTID=   0|OWNERINDEX=  34|FONTID=1|ISHIDDEN=T|LOCATION.X=225|LOCATION.Y=650|NAME=PinUniqueId|TEXT=KWFYDDFB|UNIQUEID=EQOAURKB|
RECORD= 2|LINENO=  37|OWNERPARTID=   2|OWNERINDEX=  29|DESCRIPTION=No Connect. These pins are not internally bonded. They can be left floating or connected  to ground.|DESIGNATOR=2|ELECTRICAL=4|FORMALTYPE=1|LOCATION.X=215|LOCATION.Y=650|NAME=NC|PINCONGLOMERATE=63|PINLENGTH=30|
RECORD=41|LINENO=  38|OWNERPARTID=   0|OWNERINDEX=  37|FONTID=1|NAME=HiddenNetName|TEXT=GND|UNIQUEID=OAHYHKGL|
RECORD=41|LINENO=  39|OWNERPARTID=   0|OWNERINDEX=  37|FONTID=1|ISHIDDEN=T|LOCATION.X=215|LOCATION.Y=650|NAME=PinUniqueId|TEXT=BNTMQJAQ|UNIQUEID=SYGWJBJM|
RECORD= 2|LINENO=  40|OWNERPARTID=   2|OWNERINDEX=  29|DESCRIPTION=Thermal Pad|DESIGNATOR=7|ELECTRICAL=4|FORMALTYPE=1|LOCATION.X=190|LOCATION.Y=650|NAME=THPAD|PINCONGLOMERATE=63|PINLENGTH=30|
RECORD=41|LINENO=  41|OWNERPARTID=   0|OWNERINDEX=  40|FONTID=1|NAME=HiddenNetName|TEXT=GND|UNIQUEID=MUJOFPAO|
RECORD=41|LINENO=  42|OWNERPARTID=   0|OWNERINDEX=  40|FONTID=1|ISHIDDEN=T|LOCATION.X=190|LOCATION.Y=650|NAME=PinUniqueId|TEXT=LFYQPUBS|UNIQUEID=LTDWYFQS|
RECORD=14|LINENO=  43|OWNERPARTID=   2|OWNERINDEX=  29|AREACOLOR=11599871|CORNER.X=240|CORNER.Y=720|ISSOLID=T|LOCATION.X=160|LOCATION.Y=670|
RECORD= 2|LINENO=  44|OWNERPARTID=   2|OWNERINDEX=  29|DESCRIPTION=Regulator Input Supply.|DESIGNATOR=6|ELECTRICAL=7|FORMALTYPE=1|LOCATION.X=160|LOCATION.Y=710|NAME=VIN|PINCONGLOMERATE=58|PINLENGTH=20|
RECORD=41|LINENO=  45|OWNERPARTID=   0|OWNERINDEX=  44|FONTID=1|ISHIDDEN=T|LOCATION.X=160|LOCATION.Y=710|NAME=PinUniqueId|TEXT=TFPXMYYN|UNIQUEID=OESBJBFT|
RECORD= 2|LINENO=  46|OWNERPARTID=   2|OWNERINDEX=  29|DESCRIPTION=Ground|DESIGNATOR=3|ELECTRICAL=7|FORMALTYPE=1|LOCATION.X=200|LOCATION.Y=670|NAME=GND|PINCONGLOMERATE=59|PINLENGTH=20|
RECORD=41|LINENO=  47|OWNERPARTID=   0|OWNERINDEX=  46|FONTID=1|ISHIDDEN=T|LOCATION.X=200|LOCATION.Y=670|NAME=PinUniqueId|TEXT=PYBKCAGP|UNIQUEID=YWATJJBY|
RECORD= 2|LINENO=  48|OWNERPARTID=   2|OWNERINDEX=  29|DESCRIPTION=N Enable Input. Drive EN high to turn on the regulator; drive EN low to turn off the  regulator. For automatic startup, connect EN to VIN.|DESIGNATOR=4|FORMALTYPE=1|LOCATION.X=160|LOCATION.Y=690|NAME=EN|PINCONGLOMERATE=58|PINLENGTH=20|
RECORD=41|LINENO=  49|OWNERPARTID=   0|OWNERINDEX=  48|FONTID=1|ISHIDDEN=T|LOCATION.X=160|LOCATION.Y=690|NAME=PinUniqueId|TEXT=EPSDMRPF|UNIQUEID=EVRDVKBP|
RECORD= 2|LINENO=  50|OWNERPARTID=   2|OWNERINDEX=  29|DESCRIPTION=Regulated Output Voltage.|DESIGNATOR=1|ELECTRICAL=7|FORMALTYPE=1|LOCATION.X=240|LOCATION.Y=710|NAME=VOUT|PINCONGLOMERATE=56|PINLENGTH=20|
RECORD=41|LINENO=  51|OWNERPARTID=   0|OWNERINDEX=  50|FONTID=1|ISHIDDEN=T|LOCATION.X=240|LOCATION.Y=710|NAME=PinUniqueId|TEXT=YHCWAURQ|UNIQUEID=SDMKOBEN|
RECORD=34|LINENO=  52|OWNERPARTID=   0|OWNERINDEX=  29|FONTID=1|LOCATION.X=160|LOCATION.Y=720|NAME=Designator|TEXT=U2|UNIQUEID=JTKFIVGO|
RECORD=41|LINENO=  53|OWNERPARTID=   0|OWNERINDEX=  29|FONTID=1|LOCATION.X=180|LOCATION.Y=720|NAME=Comment|TEXT=ADP122ACPZ-3.3-R7|UNIQUEID=OGHMSSJL|
RECORD=44|LINENO=  54|OWNERPARTID= -42|OWNERINDEX=  29|
RECORD=45|LINENO=  55|OWNERPARTID= -42|OWNERINDEX=  54|%UTF8%DESCRIPTION=. 6-Lead Lead Frame Chip Scale Package [LFCSP_UD]  2.00 mmÃ— 2.00 mm Body, Ultra Thin, Dual Lead  (CP-6-3)|DATAFILECOUNT=1|DESCRIPTION=. 6-Lead Lead Frame Chip Scale Package [LFCSP_UD]  2.00 mm× 2.00 mm Body, Ultra Thin, Dual Lead  (CP-6-3)|ISCURRENT=T|MODELDATAFILE0=SBComponentsFootprints.PcbLib|MODELDATAFILEENTITY0=LFCSP-6 2.0X2.0X0.55|MODELDATAFILEKIND0=PCBLib|MODELNAME=LFCSP-6 2.0X2.0X0.55|MODELTYPE=PCBLIB|UNIQUEID=PVJFJLJS|
RECORD=46|LINENO=  56|OWNERPARTID= -42|OWNERINDEX=  55|
RECORD=48|LINENO=  57|OWNERPARTID= -42|OWNERINDEX=  55|
RECORD=17|LINENO=  58|OWNERPARTID=   0|OWNERINDEX= -42|FONTID=2|LOCATION.X=280|LOCATION.Y=710|ORIENTATION=1|SHOWNETNAME=T|STYLE=2|TEXT=+3.3V|UNIQUEID=JJDSIGVM|
RECORD= 1|LINENO=  59|OWNERPARTID=   0|OWNERINDEX= -42|%UTF8%COMPONENTDESCRIPTION=1uF 0603 X5R 10V Â±10%|AREACOLOR=11599871|COMPONENTDESCRIPTION=1uF 0603 X5R 10V ±10%|CURRENTPARTID=1|DESIGNITEMID=1uF|DISPLAYMODECOUNT=1|LIBRARYPATH=*|LIBREFERENCE=1uF|LOCATION.X=100|LOCATION.Y=695|ORIENTATION=1|PARTCOUNT=2|PARTIDLOCKED=T|SOURCELIBRARYNAME=SBComponentsSchematics.SchLib|TARGETFILENAME=*|UNIQUEID=HKNHQGNN|
RECORD=41|LINENO=  60|OWNERPARTID=   0|OWNERINDEX=  59|FONTID=1|ISHIDDEN=T|LOCATION.X=80|LOCATION.Y=710|NAME=Supplier 1|TEXT=Farnell|UNIQUEID=QUOFQNLF|
RECORD=41|LINENO=  61|OWNERPARTID=   0|OWNERINDEX=  59|FONTID=1|ISHIDDEN=T|LOCATION.X=80|LOCATION.Y=710|NAME=Supplier Part Number 1|TEXT=1759399|UNIQUEID=NOONKDMP|
RECORD=41|LINENO=  62|OWNERPARTID=   0|OWNERINDEX=  59|FONTID=1|ISHIDDEN=T|LOCATION.X=80|LOCATION.Y=710|NAME=Supplier 2|TEXT=Digi-Key|UNIQUEID=SGPXSBTH|
RECORD=41|LINENO=  63|OWNERPARTID=   0|OWNERINDEX=  59|FONTID=1|ISHIDDEN=T|LOCATION.X=80|LOCATION.Y=710|NAME=Supplier Part Number 2|TEXT=478-1251-1-ND|UNIQUEID=OFMGNOQI|
RECORD=41|LINENO=  64|OWNERPARTID=   0|OWNERINDEX=  59|FONTID=1|LOCATION.X=109|LOCATION.Y=681|NAME=Value|TEXT=1uF|UNIQUEID=IXLYMMPK|
RECORD= 2|LINENO=  65|OWNERPARTID=   2|OWNERINDEX=  59|DESIGNATOR=1|ELECTRICAL=4|FORMALTYPE=1|LOCATION.X=100|LOCATION.Y=690|NAME=1|PINCONGLOMERATE=35|PINLENGTH=10|
RECORD=41|LINENO=  66|OWNERPARTID=   0|OWNERINDEX=  65|FONTID=1|ISHIDDEN=T|LOCATION.X=100|LOCATION.Y=690|NAME=PinUniqueId|TEXT=NQIQDSSR|UNIQUEID=QENSQGGG|
RECORD= 2|LINENO=  67|OWNERPARTID=   2|OWNERINDEX=  59|DESIGNATOR=2|ELECTRICAL=4|FORMALTYPE=1|LOCATION.X=100|LOCATION.Y=700|NAME=2|PINCONGLOMERATE=33|PINLENGTH=10|
RECORD=41|LINENO=  68|OWNERPARTID=   0|OWNERINDEX=  67|FONTID=1|ISHIDDEN=T|LOCATION.X=100|LOCATION.Y=700|NAME=PinUniqueId|TEXT=GLASVYPD|UNIQUEID=DNMGVGXD|
RECORD=13|LINENO=  69|OWNERPARTID=   2|OWNERINDEX=  59|CORNER.X=108|CORNER.Y=697|LINEWIDTH=1|LOCATION.X=92|LOCATION.Y=697|
RECORD=13|LINENO=  70|OWNERPARTID=   2|OWNERINDEX=  59|CORNER.X=92|CORNER.Y=693|LINEWIDTH=1|LOCATION.X=108|LOCATION.Y=693|
RECORD= 6|LINENO=  71|OWNERPARTID=   2|OWNERINDEX=  59|LINEWIDTH=1|LOCATIONCOUNT=2|X1=100|X2=100|Y1=690|Y2=693|
RECORD= 6|LINENO=  72|OWNERPARTID=   2|OWNERINDEX=  59|LINEWIDTH=1|LOCATIONCOUNT=2|X1=100|X2=100|Y1=700|Y2=697|
RECORD=34|LINENO=  73|OWNERPARTID=   0|OWNERINDEX=  59|FONTID=1|LOCATION.X=109|LOCATION.Y=691|NAME=Designator|TEXT=C10|UNIQUEID=FXVMIKCJ|
RECORD=41|LINENO=  74|OWNERPARTID=   0|OWNERINDEX=  59|FONTID=1|ISHIDDEN=T|LOCATION.X=91|LOCATION.Y=712|NAME=Comment|TEXT=1uF|UNIQUEID=VCSRUMIS|
RECORD=44|LINENO=  75|OWNERPARTID= -42|OWNERINDEX=  59|
RECORD=45|LINENO=  76|OWNERPARTID= -42|OWNERINDEX=  75|DATAFILECOUNT=1|DESCRIPTION=Chip Body 1.6 x 0.8 mm (LxW typ)|ISCURRENT=T|MODELDATAFILE0=SBComponentsFootprints.PcbLib|MODELDATAFILEENTITY0=0603|MODELDATAFILEKIND0=PCBLib|MODELNAME=0603|MODELTYPE=PCBLIB|UNIQUEID=MKFFQCKV|
RECORD=46|LINENO=  77|OWNERPARTID= -42|OWNERINDEX=  76|
RECORD=48|LINENO=  78|OWNERPARTID= -42|OWNERINDEX=  76|
RECORD=17|LINENO=  79|OWNERPARTID=   0|OWNERINDEX= -42|FONTID=2|LOCATION.X=100|LOCATION.Y=680|ORIENTATION=3|SHOWNETNAME=T|STYLE=4|TEXT=GND|UNIQUEID=HSOFSNPJ|
RECORD=17|LINENO=  80|OWNERPARTID=   0|OWNERINDEX= -42|FONTID=2|LOCATION.X=200|LOCATION.Y=650|ORIENTATION=3|SHOWNETNAME=T|STYLE=4|TEXT=GND|UNIQUEID=DNHCKQHM|
RECORD=17|LINENO=  81|OWNERPARTID=   0|OWNERINDEX= -42|FONTID=2|LOCATION.X=280|LOCATION.Y=680|ORIENTATION=3|SHOWNETNAME=T|STYLE=4|TEXT=GND|UNIQUEID=DXTLWMGO|
RECORD= 1|LINENO=  82|OWNERPARTID=   0|OWNERINDEX= -42|%UTF8%COMPONENTDESCRIPTION=1uF 0603 X5R 10V Â±10%|AREACOLOR=11599871|COMPONENTDESCRIPTION=1uF 0603 X5R 10V ±10%|CURRENTPARTID=1|DESIGNITEMID=1uF|DISPLAYMODECOUNT=1|LIBRARYPATH=*|LIBREFERENCE=1uF|LOCATION.X=280|LOCATION.Y=695|ORIENTATION=1|PARTCOUNT=2|PARTIDLOCKED=T|SOURCELIBRARYNAME=SBComponentsSchematics.SchLib|TARGETFILENAME=*|UNIQUEID=MAWWNKLC|
RECORD=41|LINENO=  83|OWNERPARTID=   0|OWNERINDEX=  82|FONTID=1|ISHIDDEN=T|LOCATION.X=260|LOCATION.Y=710|NAME=Supplier 1|TEXT=Farnell|UNIQUEID=QNQRSKVU|
RECORD=41|LINENO=  84|OWNERPARTID=   0|OWNERINDEX=  82|FONTID=1|ISHIDDEN=T|LOCATION.X=260|LOCATION.Y=710|NAME=Supplier Part Number 1|TEXT=1759399|UNIQUEID=LRXWYOVG|
RECORD=41|LINENO=  85|OWNERPARTID=   0|OWNERINDEX=  82|FONTID=1|ISHIDDEN=T|LOCATION.X=260|LOCATION.Y=710|NAME=Supplier 2|TEXT=Digi-Key|UNIQUEID=YHTMRMTY|
RECORD=41|LINENO=  86|OWNERPARTID=   0|OWNERINDEX=  82|FONTID=1|ISHIDDEN=T|LOCATION.X=260|LOCATION.Y=710|NAME=Supplier Part Number 2|TEXT=478-1251-1-ND|UNIQUEID=VUDWIGWT|
RECORD=41|LINENO=  87|OWNERPARTID=   0|OWNERINDEX=  82|FONTID=1|LOCATION.X=289|LOCATION.Y=681|NAME=Value|TEXT=1uF|UNIQUEID=OGRQEIKC|
RECORD= 2|LINENO=  88|OWNERPARTID=   2|OWNERINDEX=  82|DESIGNATOR=1|ELECTRICAL=4|FORMALTYPE=1|LOCATION.X=280|LOCATION.Y=690|NAME=1|PINCONGLOMERATE=35|PINLENGTH=10|
RECORD=41|LINENO=  89|OWNERPARTID=   0|OWNERINDEX=  88|FONTID=1|ISHIDDEN=T|LOCATION.X=280|LOCATION.Y=690|NAME=PinUniqueId|TEXT=SYGEMNLT|UNIQUEID=ESDNISOA|
RECORD= 2|LINENO=  90|OWNERPARTID=   2|OWNERINDEX=  82|DESIGNATOR=2|ELECTRICAL=4|FORMALTYPE=1|LOCATION.X=280|LOCATION.Y=700|NAME=2|PINCONGLOMERATE=33|PINLENGTH=10|
RECORD=41|LINENO=  91|OWNERPARTID=   0|OWNERINDEX=  90|FONTID=1|ISHIDDEN=T|LOCATION.X=280|LOCATION.Y=700|NAME=PinUniqueId|TEXT=COSUXUUE|UNIQUEID=JMQIRSBC|
RECORD=13|LINENO=  92|OWNERPARTID=   2|OWNERINDEX=  82|CORNER.X=288|CORNER.Y=697|LINEWIDTH=1|LOCATION.X=272|LOCATION.Y=697|
RECORD=13|LINENO=  93|OWNERPARTID=   2|OWNERINDEX=  82|CORNER.X=272|CORNER.Y=693|LINEWIDTH=1|LOCATION.X=288|LOCATION.Y=693|
RECORD= 6|LINENO=  94|OWNERPARTID=   2|OWNERINDEX=  82|LINEWIDTH=1|LOCATIONCOUNT=2|X1=280|X2=280|Y1=690|Y2=693|
RECORD= 6|LINENO=  95|OWNERPARTID=   2|OWNERINDEX=  82|LINEWIDTH=1|LOCATIONCOUNT=2|X1=280|X2=280|Y1=700|Y2=697|
RECORD=34|LINENO=  96|OWNERPARTID=   0|OWNERINDEX=  82|FONTID=1|LOCATION.X=289|LOCATION.Y=691|NAME=Designator|TEXT=C11|UNIQUEID=NXFJMXYM|
RECORD=41|LINENO=  97|OWNERPARTID=   0|OWNERINDEX=  82|FONTID=1|ISHIDDEN=T|LOCATION.X=271|LOCATION.Y=712|NAME=Comment|TEXT=1uF|UNIQUEID=DQRKWSCX|
RECORD=44|LINENO=  98|OWNERPARTID= -42|OWNERINDEX=  82|
RECORD=45|LINENO=  99|OWNERPARTID= -42|OWNERINDEX=  98|DATAFILECOUNT=1|DESCRIPTION=Chip Body 1.6 x 0.8 mm (LxW typ)|ISCURRENT=T|MODELDATAFILE0=SBComponentsFootprints.PcbLib|MODELDATAFILEENTITY0=0603|MODELDATAFILEKIND0=PCBLib|MODELNAME=0603|MODELTYPE=PCBLIB|UNIQUEID=AGTYKKBH|
RECORD=46|LINENO= 100|OWNERPARTID= -42|OWNERINDEX=  99|
RECORD=48|LINENO= 101|OWNERPARTID= -42|OWNERINDEX=  99|
RECORD=17|LINENO= 102|OWNERPARTID=   0|OWNERINDEX= -42|FONTID=2|LOCATION.X=100|LOCATION.Y=710|ORIENTATION=1|SHOWNETNAME=T|STYLE=2|TEXT=VUSB|UNIQUEID=DSGOOWFG|
RECORD= 4|LINENO= 103|OWNERPARTID=   0|OWNERINDEX= -42|FONTID=3|LOCATION.X=220|LOCATION.Y=590|TEXT=Voltage Regulator|
RECORD= 6|LINENO= 104|OWNERPARTID=   0|OWNERINDEX= -42|LINEWIDTH=2|LOCATIONCOUNT=3|X1=20|X2=380|X3=380|Y1=580|Y2=580|Y3=740|
RECORD= 6|LINENO= 105|OWNERPARTID=   0|OWNERINDEX= -42|LINEWIDTH=2|LOCATIONCOUNT=3|X1=380|X2=210|X3=210|Y1=620|Y2=620|Y3=580|
RECORD= 4|LINENO= 106|OWNERPARTID=   0|OWNERINDEX= -42|FONTID=3|LOCATION.X=425|LOCATION.Y=440|TEXT=RGB LED|
RECORD= 6|LINENO= 107|OWNERPARTID=   0|OWNERINDEX= -42|LINEWIDTH=2|LOCATIONCOUNT=3|X1=380|X2=515|X3=515|Y1=430|Y2=430|Y3=740|
RECORD= 6|LINENO= 108|OWNERPARTID=   0|OWNERINDEX= -42|LINEWIDTH=2|LOCATIONCOUNT=3|X1=650|X2=540|X3=540|Y1=470|Y2=470|Y3=430|
RECORD=27|LINENO= 109|OWNERPARTID=   0|OWNERINDEX= -42|LINEWIDTH=1|LOCATIONCOUNT=2|UNIQUEID=CJQRHWHG|X1=280|X2=260|Y1=710|Y2=710|
RECORD=27|LINENO= 110|OWNERPARTID=   0|OWNERINDEX= -42|LINEWIDTH=1|LOCATIONCOUNT=2|UNIQUEID=PMSLHTTD|X1=140|X2=140|Y1=690|Y2=710|
RECORD=27|LINENO= 111|OWNERPARTID=   0|OWNERINDEX= -42|LINEWIDTH=1|LOCATIONCOUNT=2|UNIQUEID=IKBQUVXP|X1=140|X2=100|Y1=710|Y2=710|
RECORD= 1|LINENO= 112|OWNERPARTID=   0|OWNERINDEX= -42|AREACOLOR=11599871|COMPONENTDESCRIPTION=Molex USB 2.0 Connector Plug USB Type A|CURRENTPARTID=1|DESIGNITEMID=48037-2200|DISPLAYMODECOUNT=1|LIBRARYPATH=*|LIBREFERENCE=48037-2200|LOCATION.X=55|LOCATION.Y=490|PARTCOUNT=2|PARTIDLOCKED=T|SOURCELIBRARYNAME=SBComponentsSchematics.SchLib|TARGETFILENAME=*|UNIQUEID=QGJUQFYN|
RECORD=41|LINENO= 113|OWNERPARTID=   0|OWNERINDEX= 112|FONTID=1|ISHIDDEN=T|LOCATION.X=35|LOCATION.Y=525|NAME=Supplier 1|TEXT=Farnell|UNIQUEID=KYKPJLCG|
RECORD=41|LINENO= 114|OWNERPARTID=   0|OWNERINDEX= 112|FONTID=1|ISHIDDEN=T|LOCATION.X=35|LOCATION.Y=535|NAME=Supplier 2|TEXT=Digi-Key|UNIQUEID=PGQOSJPR|
RECORD=41|LINENO= 115|OWNERPARTID=   0|OWNERINDEX= 112|FONTID=1|ISHIDDEN=T|LOCATION.X=35|LOCATION.Y=525|NAME=Supplier Part Number 1|TEXT=2313729|UNIQUEID=ORRIOOYW|
RECORD=41|LINENO= 116|OWNERPARTID=   0|OWNERINDEX= 112|FONTID=1|ISHIDDEN=T|LOCATION.X=35|LOCATION.Y=535|NAME=Supplier Part Number 2|TEXT=WM3983CT-ND|UNIQUEID=CBLHHLBV|
RECORD=14|LINENO= 117|OWNERPARTID=   2|OWNERINDEX= 112|AREACOLOR=11599871|CORNER.X=75|CORNER.Y=520|ISSOLID=T|LOCATION.X=35|LOCATION.Y=460|
RECORD= 2|LINENO= 118|OWNERPARTID=   2|OWNERINDEX= 112|DESIGNATOR=1|ELECTRICAL=7|FORMALTYPE=1|LOCATION.X=75|LOCATION.Y=510|NAME=VCC|PINCONGLOMERATE=56|PINLENGTH=30|SWAPIDPART=0|SWAPIDPIN=1|
RECORD=41|LINENO= 119|OWNERPARTID=   0|OWNERINDEX= 118|FONTID=1|ISHIDDEN=T|LOCATION.X=75|LOCATION.Y=510|NAME=PinUniqueId|TEXT=OKMUFTPJ|UNIQUEID=RFHSFHDG|
RECORD= 2|LINENO= 120|OWNERPARTID=   2|OWNERINDEX= 112|%UTF8%SWAPIDPART=0Â¦&Â¦0|DESIGNATOR=2|ELECTRICAL=1|FORMALTYPE=1|LOCATION.X=75|LOCATION.Y=500|NAME=D-|PINCONGLOMERATE=56|PINLENGTH=30|SWAPIDPART=0Ž&Ž0|SWAPIDPIN=2|
RECORD=41|LINENO= 121|OWNERPARTID=   0|OWNERINDEX= 120|FONTID=1|ISHIDDEN=T|LOCATION.X=75|LOCATION.Y=500|NAME=PinUniqueId|TEXT=JVLEFACY|UNIQUEID=LBTMSBGK|
RECORD= 2|LINENO= 122|OWNERPARTID=   2|OWNERINDEX= 112|%UTF8%SWAPIDPART=0Â¦&Â¦0|DESIGNATOR=3|ELECTRICAL=1|FORMALTYPE=1|LOCATION.X=75|LOCATION.Y=490|NAME=D+|PINCONGLOMERATE=56|PINLENGTH=30|SWAPIDPART=0Ž&Ž0|SWAPIDPIN=3|
RECORD=41|LINENO= 123|OWNERPARTID=   0|OWNERINDEX= 122|FONTID=1|ISHIDDEN=T|LOCATION.X=75|LOCATION.Y=490|NAME=PinUniqueId|TEXT=HCWQGGLV|UNIQUEID=YVEPDJXR|
RECORD= 2|LINENO= 124|OWNERPARTID=   2|OWNERINDEX= 112|DESIGNATOR=4|ELECTRICAL=7|FORMALTYPE=1|LOCATION.X=75|LOCATION.Y=480|NAME=GND|PINCONGLOMERATE=56|PINLENGTH=30|SWAPIDPART=0|SWAPIDPIN=0|
RECORD=41|LINENO= 125|OWNERPARTID=   0|OWNERINDEX= 124|FONTID=1|ISHIDDEN=T|LOCATION.X=75|LOCATION.Y=480|NAME=PinUniqueId|TEXT=PUQPAJMS|UNIQUEID=AWGPOWWC|
RECORD= 2|LINENO= 126|OWNERPARTID=   2|OWNERINDEX= 112|DESIGNATOR=5|ELECTRICAL=7|FORMALTYPE=1|LOCATION.X=75|LOCATION.Y=470|NAME=SHELL|PINCONGLOMERATE=56|PINLENGTH=30|SWAPIDPART=0|SWAPIDPIN=0|
RECORD=41|LINENO= 127|OWNERPARTID=   0|OWNERINDEX= 126|FONTID=1|ISHIDDEN=T|LOCATION.X=75|LOCATION.Y=470|NAME=PinUniqueId|TEXT=ALIFHDTW|UNIQUEID=JJSMPBJO|
RECORD=34|LINENO= 128|OWNERPARTID=   0|OWNERINDEX= 112|FONTID=1|LOCATION.X=35|LOCATION.Y=450|NAME=Designator|TEXT=J1|UNIQUEID=XPVQYGPC|
RECORD=41|LINENO= 129|OWNERPARTID=   0|OWNERINDEX= 112|FONTID=1|ISHIDDEN=T|LOCATION.X=50|LOCATION.Y=475|NAME=Comment|TEXT=48037-2200|UNIQUEID=CUFKVYLF|
RECORD=44|LINENO= 130|OWNERPARTID= -42|OWNERINDEX= 112|
RECORD=45|LINENO= 131|OWNERPARTID= -42|OWNERINDEX= 130|DATAFILECOUNT=1|DESCRIPTION=Molex 48037-2200 USB Type A Receptacle|ISCURRENT=T|MODELDATAFILE0=SBComponentsFootprints.PcbLib|MODELDATAFILEENTITY0=48037-2200|MODELDATAFILEKIND0=PCBLib|MODELNAME=48037-2200|MODELTYPE=PCBLIB|UNIQUEID=LBNKEIPF|
RECORD=46|LINENO= 132|OWNERPARTID= -42|OWNERINDEX= 131|
RECORD=48|LINENO= 133|OWNERPARTID= -42|OWNERINDEX= 131|
RECORD=17|LINENO= 134|OWNERPARTID=   0|OWNERINDEX= -42|FONTID=2|LOCATION.X=105|LOCATION.Y=510|ORIENTATION=1|SHOWNETNAME=T|STYLE=2|TEXT=VUSB|UNIQUEID=CYBIMQVR|
RECORD=17|LINENO= 135|OWNERPARTID=   0|OWNERINDEX= -42|FONTID=2|LOCATION.X=105|LOCATION.Y=470|ORIENTATION=3|SHOWNETNAME=T|STYLE=4|TEXT=GND|UNIQUEID=REPQTXKX|
RECORD=27|LINENO= 136|OWNERPARTID=   0|OWNERINDEX= -42|LINEWIDTH=1|LOCATIONCOUNT=2|UNIQUEID=OWMPXJJL|X1=105|X2=105|Y1=470|Y2=480|
RECORD=27|LINENO= 137|OWNERPARTID=   0|OWNERINDEX= -42|LINEWIDTH=1|LOCATIONCOUNT=2|UNIQUEID=AKSOODSF|X1=105|X2=190|Y1=500|Y2=500|
RECORD= 4|LINENO= 138|OWNERPARTID=   0|OWNERINDEX= -42|FONTID=3|LOCATION.X=230|LOCATION.Y=440|TEXT=USB Connector|
RECORD= 6|LINENO= 139|OWNERPARTID=   0|OWNERINDEX= -42|LINEWIDTH=2|LOCATIONCOUNT=3|X1=20|X2=380|X3=380|Y1=430|Y2=430|Y3=590|
RECORD= 6|LINENO= 140|OWNERPARTID=   0|OWNERINDEX= -42|LINEWIDTH=2|LOCATIONCOUNT=3|X1=380|X2=210|X3=210|Y1=470|Y2=470|Y3=430|
RECORD= 1|LINENO= 141|OWNERPARTID=   0|OWNERINDEX= -42|AREACOLOR=11599871|COMPONENTDESCRIPTION=BRIGHT BLUE LED 20mA|CURRENTPARTID=1|DESIGNITEMID=BLUE LED|DISPLAYMODECOUNT=1|LIBRARYPATH=*|LIBREFERENCE=BLUE LED|LOCATION.X=555|LOCATION.Y=665|ORIENTATION=3|PARTCOUNT=2|PARTIDLOCKED=T|SOURCELIBRARYNAME=SBComponentsSchematics.SchLib|TARGETFILENAME=*|UNIQUEID=KYUUNLSW|
RECORD=41|LINENO= 142|OWNERPARTID=   0|OWNERINDEX= 141|FONTID=1|ISHIDDEN=T|LOCATION.X=544|LOCATION.Y=692|NAME=Supplier 1|TEXT=Farnell|UNIQUEID=BFSNHNII|
RECORD=41|LINENO= 143|OWNERPARTID=   0|OWNERINDEX= 141|FONTID=1|ISHIDDEN=T|LOCATION.X=544|LOCATION.Y=692|NAME=Supplier Part Number 1|TEXT=1716770|UNIQUEID=OROWUVTS|
RECORD=41|LINENO= 144|OWNERPARTID=   0|OWNERINDEX= 141|FONTID=1|ISHIDDEN=T|LOCATION.X=544|LOCATION.Y=692|NAME=Supplier 2|TEXT=Digi-Key|UNIQUEID=WELARTUM|
RECORD=41|LINENO= 145|OWNERPARTID=   0|OWNERINDEX= 141|FONTID=1|ISHIDDEN=T|LOCATION.X=544|LOCATION.Y=692|NAME=Supplier Part Number 2|TEXT=160-1646-1-ND|UNIQUEID=WPLTFFIE|
RECORD= 2|LINENO= 146|OWNERPARTID=   2|OWNERINDEX= 141|DESIGNATOR=1|ELECTRICAL=4|FORMALTYPE=1|LOCATION.X=555|LOCATION.Y=670|NAME=A|PINCONGLOMERATE=33|PINLENGTH=20|
RECORD=41|LINENO= 147|OWNERPARTID=   0|OWNERINDEX= 146|FONTID=1|ISHIDDEN=T|LOCATION.X=555|LOCATION.Y=670|NAME=PinUniqueId|TEXT=KOBIKCFH|UNIQUEID=KVOSWEKF|
RECORD= 2|LINENO= 148|OWNERPARTID=   2|OWNERINDEX= 141|DESIGNATOR=2|ELECTRICAL=4|FORMALTYPE=1|LOCATION.X=555|LOCATION.Y=660|NAME=K|PINCONGLOMERATE=35|PINLENGTH=20|
RECORD=41|LINENO= 149|OWNERPARTID=   0|OWNERINDEX= 148|FONTID=1|ISHIDDEN=T|LOCATION.X=555|LOCATION.Y=660|NAME=PinUniqueId|TEXT=EYVDGQPA|UNIQUEID=WLGYLTLW|
RECORD= 7|LINENO= 150|OWNERPARTID=   2|OWNERINDEX= 141|AREACOLOR=16711680|ISSOLID=T|LINEWIDTH=1|LOCATIONCOUNT=3|X1=545|X2=555|X3=565|Y1=670|Y2=660|Y3=670|
RECORD= 6|LINENO= 151|OWNERPARTID=   2|OWNERINDEX= 141|LINEWIDTH=1|LOCATIONCOUNT=2|X1=565|X2=572|Y1=656|Y2=649|
RECORD= 6|LINENO= 152|OWNERPARTID=   2|OWNERINDEX= 141|LINEWIDTH=1|LOCATIONCOUNT=2|X1=569|X2=576|Y1=660|Y2=653|
RECORD= 7|LINENO= 153|OWNERPARTID=   2|OWNERINDEX= 141|AREACOLOR=16711680|ISSOLID=T|LINEWIDTH=1|LOCATIONCOUNT=3|X1=572|X2=570|X3=568|Y1=649|Y2=653|Y3=651|
RECORD= 7|LINENO= 154|OWNERPARTID=   2|OWNERINDEX= 141|AREACOLOR=16711680|ISSOLID=T|LINEWIDTH=1|LOCATIONCOUNT=3|X1=576|X2=574|X3=572|Y1=653|Y2=657|Y3=655|
RECORD= 6|LINENO= 155|OWNERPARTID=   2|OWNERINDEX= 141|LINEWIDTH=1|LOCATIONCOUNT=2|X1=565|X2=545|Y1=660|Y2=660|
RECORD=41|LINENO= 156|OWNERPARTID=   0|OWNERINDEX= 141|FONTID=1|LOCATION.X=577|LOCATION.Y=651|NAME=Value|TEXT=BLUE|UNIQUEID=LLVJMTFI|
RECORD=34|LINENO= 157|OWNERPARTID=   0|OWNERINDEX= 141|FONTID=1|LOCATION.X=577|LOCATION.Y=661|NAME=Designator|TEXT=D2|UNIQUEID=AWQXSMPF|
RECORD=41|LINENO= 158|OWNERPARTID=   0|OWNERINDEX= 141|FONTID=1|ISHIDDEN=T|LOCATION.X=544|LOCATION.Y=692|NAME=Comment|TEXT=BLUE LED|UNIQUEID=VYHYKTUB|
RECORD=44|LINENO= 159|OWNERPARTID= -42|OWNERINDEX= 141|
RECORD=45|LINENO= 160|OWNERPARTID= -42|OWNERINDEX= 159|DATAFILECOUNT=1|DESCRIPTION=Chip Body 1.6 x 0.8 mm (LxW typ)|ISCURRENT=T|MODELDATAFILEENTITY0=0603 - LED|MODELDATAFILEKIND0=PCBLib|MODELNAME=0603 - LED|MODELTYPE=PCBLIB|UNIQUEID=TGSIGMOK|
RECORD=46|LINENO= 161|OWNERPARTID= -42|OWNERINDEX= 160|
RECORD=48|LINENO= 162|OWNERPARTID= -42|OWNERINDEX= 160|
RECORD=17|LINENO= 163|OWNERPARTID=   0|OWNERINDEX= -42|FONTID=2|LOCATION.X=555|LOCATION.Y=690|ORIENTATION=1|SHOWNETNAME=T|STYLE=2|TEXT=+3.3V|UNIQUEID=NBFDDHEA|
RECORD= 1|LINENO= 164|OWNERPARTID=   0|OWNERINDEX= -42|%UTF8%COMPONENTDESCRIPTION=22R 0402 1/16W Â±1%|AREACOLOR=11599871|COMPONENTDESCRIPTION=22R 0402 1/16W ±1%|CURRENTPARTID=1|DESIGNITEMID=22R|DISPLAYMODECOUNT=1|LIBRARYPATH=*|LIBREFERENCE=22R|LOCATION.X=555|LOCATION.Y=610|ORIENTATION=1|PARTCOUNT=2|PARTIDLOCKED=T|SOURCELIBRARYNAME=SBComponentsSchematics.SchLib|TARGETFILENAME=*|UNIQUEID=QXDNNOLU|
RECORD=41|LINENO= 165|OWNERPARTID=   0|OWNERINDEX= 164|FONTID=1|ISHIDDEN=T|LOCATION.X=551|LOCATION.Y=642|NAME=Supplier 1|TEXT=Farnell|UNIQUEID=RRTGIDRP|
RECORD=41|LINENO= 166|OWNERPARTID=   0|OWNERINDEX= 164|FONTID=1|ISHIDDEN=T|LOCATION.X=551|LOCATION.Y=642|NAME=Supplier 2|TEXT=Digi-Key|UNIQUEID=HWSMHPKN|
RECORD=41|LINENO= 167|OWNERPARTID=   0|OWNERINDEX= 164|FONTID=1|ISHIDDEN=T|LOCATION.X=551|LOCATION.Y=642|NAME=Supplier Part Number 1|TEXT=2072797|UNIQUEID=VADGWYQY|
RECORD=41|LINENO= 168|OWNERPARTID=   0|OWNERINDEX= 164|FONTID=1|ISHIDDEN=T|LOCATION.X=551|LOCATION.Y=642|NAME=Supplier Part Number 2|TEXT=541-22.0LCT-ND|UNIQUEID=NOKWYJPG|
RECORD=41|LINENO= 169|OWNERPARTID=   0|OWNERINDEX= 164|FONTID=1|LOCATION.X=559|LOCATION.Y=611|NAME=Value|TEXT=22R|UNIQUEID=KCMXBUWU|
RECORD= 2|LINENO= 170|OWNERPARTID=   2|OWNERINDEX= 164|DESIGNATOR=1|ELECTRICAL=4|FORMALTYPE=1|LOCATION.X=555|LOCATION.Y=600|NAME=1|PINCONGLOMERATE=35|PINLENGTH=10|
RECORD=41|LINENO= 171|OWNERPARTID=   0|OWNERINDEX= 170|FONTID=1|ISHIDDEN=T|LOCATION.X=555|LOCATION.Y=600|NAME=PinUniqueId|TEXT=BTQNEVAG|UNIQUEID=OROJHHPE|
RECORD= 2|LINENO= 172|OWNERPARTID=   2|OWNERINDEX= 164|DESIGNATOR=2|ELECTRICAL=4|FORMALTYPE=1|LOCATION.X=555|LOCATION.Y=630|NAME=2|PINCONGLOMERATE=33|PINLENGTH=10|
RECORD=41|LINENO= 173|OWNERPARTID=   0|OWNERINDEX= 172|FONTID=1|ISHIDDEN=T|LOCATION.X=555|LOCATION.Y=630|NAME=PinUniqueId|TEXT=IUHKRLIU|UNIQUEID=CNRDAXLM|
RECORD= 6|LINENO= 174|OWNERPARTID=   2|OWNERINDEX= 164|LINEWIDTH=1|LOCATIONCOUNT=7|X1=555|X2=552|X3=558|X4=552|X5=558|X6=552|X7=555|Y1=630|Y2=627|Y3=621|Y4=615|Y5=609|Y6=603|Y7=600|
RECORD=34|LINENO= 175|OWNERPARTID=   0|OWNERINDEX= 164|FONTID=1|LOCATION.X=559|LOCATION.Y=621|NAME=Designator|TEXT=R9|UNIQUEID=JVJHFBBB|
RECORD=41|LINENO= 176|OWNERPARTID=   0|OWNERINDEX= 164|FONTID=1|ISHIDDEN=T|LOCATION.X=551|LOCATION.Y=642|NAME=Comment|TEXT=22R|UNIQUEID=OEFVQQYL|
RECORD=44|LINENO= 177|OWNERPARTID= -42|OWNERINDEX= 164|
RECORD=45|LINENO= 178|OWNERPARTID= -42|OWNERINDEX= 177|DATAFILECOUNT=1|DESCRIPTION=Chip Body 1.0 x 0.5 mm (LxW typ)|ISCURRENT=T|MODELDATAFILE0=SBComponentsFootprints.PcbLib|MODELDATAFILEENTITY0=0402|MODELDATAFILEKIND0=PCBLib|MODELNAME=0402|MODELTYPE=PCBLIB|UNIQUEID=RDLJWTIJ|
RECORD=46|LINENO= 179|OWNERPARTID= -42|OWNERINDEX= 178|
RECORD=48|LINENO= 180|OWNERPARTID= -42|OWNERINDEX= 178|
RECORD=27|LINENO= 181|OWNERPARTID=   0|OWNERINDEX= -42|LINEWIDTH=1|LOCATIONCOUNT=2|UNIQUEID=FURSOXCG|X1=555|X2=555|Y1=590|Y2=530|
RECORD=25|LINENO= 182|OWNERPARTID=   0|OWNERINDEX= -42|FONTID=4|LOCATION.X=555|LOCATION.Y=585|ORIENTATION=3|TEXT=STATUS_LED|UNIQUEID=MFHISOOR|
RECORD=25|LINENO= 183|OWNERPARTID=   0|OWNERINDEX= -42|FONTID=1|LOCATION.X=145|LOCATION.Y=490|TEXT=USB_D_P|UNIQUEID=XQRFPVFD|
RECORD=25|LINENO= 184|OWNERPARTID=   0|OWNERINDEX= -42|FONTID=1|LOCATION.X=145|LOCATION.Y=500|TEXT=USB_D_N|UNIQUEID=PIQWCPCY|
RECORD=17|LINENO= 185|OWNERPARTID=   0|OWNERINDEX= -42|FONTID=2|LOCATION.X=440|LOCATION.Y=705|ORIENTATION=1|SHOWNETNAME=T|STYLE=2|TEXT=+3.3V|UNIQUEID=LAXGLQWQ|
RECORD=37|LINENO= 186|OWNERPARTID=   0|OWNERINDEX= -42|CORNER.X=410|CORNER.Y=560|LINEWIDTH=1|LOCATION.X=400|LOCATION.Y=550|
RECORD=37|LINENO= 187|OWNERPARTID=   0|OWNERINDEX= -42|CORNER.X=440|CORNER.Y=560|LINEWIDTH=1|LOCATION.X=430|LOCATION.Y=550|
RECORD=37|LINENO= 188|OWNERPARTID=   0|OWNERINDEX= -42|CORNER.X=470|CORNER.Y=560|LINEWIDTH=1|LOCATION.X=460|LOCATION.Y=550|
RECORD=25|LINENO= 189|OWNERPARTID=   0|OWNERINDEX= -42|FONTID=4|LOCATION.X=440|LOCATION.Y=600|ORIENTATION=3|TEXT=RGBLED1|UNIQUEID=NTSDNYLI|
RECORD=25|LINENO= 190|OWNERPARTID=   0|OWNERINDEX= -42|FONTID=4|LOCATION.X=410|LOCATION.Y=600|ORIENTATION=3|TEXT=RGBLED2|UNIQUEID=FWQHQHVC|
RECORD=25|LINENO= 191|OWNERPARTID=   0|OWNERINDEX= -42|FONTID=4|LOCATION.X=470|LOCATION.Y=600|ORIENTATION=3|TEXT=RGBLED3|UNIQUEID=KSELRNIE|
RECORD=25|LINENO= 192|OWNERPARTID=   0|OWNERINDEX= -42|FONTID=4|LOCATION.X=400|LOCATION.Y=545|ORIENTATION=3|TEXT=RGBLED[1..3]|UNIQUEID=YUSYOLAV|
RECORD= 1|LINENO= 193|OWNERPARTID=   0|OWNERINDEX= -42|AREACOLOR=11599871|COMPONENTDESCRIPTION=ROHM SMLVN6RGB1W1 LED Tri-Color Blue/Green/Red Chip LED 6-Pin 1411 T/RLED Tri-Color Blue/Green/Red Chip LED 6-Pin 1411|CURRENTPARTID=1|DESIGNITEMID=SMLVN6RGB1W1|DISPLAYMODECOUNT=1|LIBRARYPATH=*|LIBREFERENCE=SMLVN6RGB1W1|LOCATION.X=440|LOCATION.Y=680|PARTCOUNT=2|PARTIDLOCKED=T|SOURCELIBRARYNAME=SBComponentsSchematics.SchLib|TARGETFILENAME=*|UNIQUEID=FOOIOBHT|
RECORD=41|LINENO= 194|OWNERPARTID=   0|OWNERINDEX= 193|FONTID=1|ISHIDDEN=T|LOCATION.X=399|LOCATION.Y=707|NAME=Supplier 1|TEXT=Mouser|UNIQUEID=XJTNCSIV|
RECORD=41|LINENO= 195|OWNERPARTID=   0|OWNERINDEX= 193|FONTID=1|ISHIDDEN=T|LOCATION.X=399|LOCATION.Y=717|NAME=Supplier 2|TEXT=Digi-Key|UNIQUEID=AVJBGMSD|
RECORD=41|LINENO= 196|OWNERPARTID=   0|OWNERINDEX= 193|FONTID=1|ISHIDDEN=T|LOCATION.X=399|LOCATION.Y=707|NAME=Supplier Part Number 1|TEXT=755-SMLVN6RGB1W1|UNIQUEID=ROLWMMHG|
RECORD=41|LINENO= 197|OWNERPARTID=   0|OWNERINDEX= 193|FONTID=1|ISHIDDEN=T|LOCATION.X=399|LOCATION.Y=717|NAME=Supplier Part Number 2|TEXT=846-1187-1-ND|UNIQUEID=HEJKPXKY|
RECORD= 2|LINENO= 198|OWNERPARTID=   2|OWNERINDEX= 193|DESIGNATOR=5|ELECTRICAL=4|FORMALTYPE=1|LOCATION.X=440|LOCATION.Y=675|NAME=KR|PINCONGLOMERATE=35|PINLENGTH=20|
RECORD=41|LINENO= 199|OWNERPARTID=   0|OWNERINDEX= 198|FONTID=1|ISHIDDEN=T|LOCATION.X=440|LOCATION.Y=675|NAME=PinUniqueId|TEXT=KNBTIJJI|UNIQUEID=VSDNHDIV|
RECORD= 6|LINENO= 200|OWNERPARTID=   2|OWNERINDEX= 193|LINEWIDTH=1|LOCATIONCOUNT=2|X1=450|X2=457|Y1=671|Y2=664|
RECORD= 6|LINENO= 201|OWNERPARTID=   2|OWNERINDEX= 193|LINEWIDTH=1|LOCATIONCOUNT=2|X1=454|X2=461|Y1=675|Y2=668|
RECORD= 7|LINENO= 202|OWNERPARTID=   2|OWNERINDEX= 193|AREACOLOR=16711680|ISSOLID=T|LINEWIDTH=1|LOCATIONCOUNT=3|X1=457|X2=455|X3=453|Y1=664|Y2=668|Y3=666|
RECORD= 7|LINENO= 203|OWNERPARTID=   2|OWNERINDEX= 193|AREACOLOR=16711680|ISSOLID=T|LINEWIDTH=1|LOCATIONCOUNT=3|X1=461|X2=459|X3=457|Y1=668|Y2=672|Y3=670|
RECORD= 6|LINENO= 204|OWNERPARTID=   2|OWNERINDEX= 193|LINEWIDTH=1|LOCATIONCOUNT=2|X1=450|X2=430|Y1=675|Y2=675|
RECORD= 2|LINENO= 205|OWNERPARTID=   2|OWNERINDEX= 193|DESIGNATOR=4|ELECTRICAL=4|FORMALTYPE=1|LOCATION.X=410|LOCATION.Y=675|NAME=KG|PINCONGLOMERATE=35|PINLENGTH=20|
RECORD=41|LINENO= 206|OWNERPARTID=   0|OWNERINDEX= 205|FONTID=1|ISHIDDEN=T|LOCATION.X=410|LOCATION.Y=675|NAME=PinUniqueId|TEXT=YIFJKETU|UNIQUEID=YNCUVUHJ|
RECORD= 6|LINENO= 207|OWNERPARTID=   2|OWNERINDEX= 193|LINEWIDTH=1|LOCATIONCOUNT=2|X1=420|X2=427|Y1=671|Y2=664|
RECORD= 6|LINENO= 208|OWNERPARTID=   2|OWNERINDEX= 193|LINEWIDTH=1|LOCATIONCOUNT=2|X1=424|X2=431|Y1=675|Y2=668|
RECORD= 7|LINENO= 209|OWNERPARTID=   2|OWNERINDEX= 193|AREACOLOR=16711680|ISSOLID=T|LINEWIDTH=1|LOCATIONCOUNT=3|X1=427|X2=425|X3=423|Y1=664|Y2=668|Y3=666|
RECORD= 7|LINENO= 210|OWNERPARTID=   2|OWNERINDEX= 193|AREACOLOR=16711680|ISSOLID=T|LINEWIDTH=1|LOCATIONCOUNT=3|X1=431|X2=429|X3=427|Y1=668|Y2=672|Y3=670|
RECORD= 6|LINENO= 211|OWNERPARTID=   2|OWNERINDEX= 193|LINEWIDTH=1|LOCATIONCOUNT=2|X1=420|X2=400|Y1=675|Y2=675|
RECORD= 2|LINENO= 212|OWNERPARTID=   2|OWNERINDEX= 193|DESIGNATOR=6|ELECTRICAL=4|FORMALTYPE=1|LOCATION.X=470|LOCATION.Y=675|NAME=KB|PINCONGLOMERATE=35|PINLENGTH=20|
RECORD=41|LINENO= 213|OWNERPARTID=   0|OWNERINDEX= 212|FONTID=1|ISHIDDEN=T|LOCATION.X=470|LOCATION.Y=675|NAME=PinUniqueId|TEXT=LEVAJGRA|UNIQUEID=EPLADPPV|
RECORD= 6|LINENO= 214|OWNERPARTID=   2|OWNERINDEX= 193|LINEWIDTH=1|LOCATIONCOUNT=2|X1=480|X2=487|Y1=671|Y2=664|
RECORD= 6|LINENO= 215|OWNERPARTID=   2|OWNERINDEX= 193|LINEWIDTH=1|LOCATIONCOUNT=2|X1=484|X2=491|Y1=675|Y2=668|
RECORD= 7|LINENO= 216|OWNERPARTID=   2|OWNERINDEX= 193|AREACOLOR=16711680|ISSOLID=T|LINEWIDTH=1|LOCATIONCOUNT=3|X1=487|X2=485|X3=483|Y1=664|Y2=668|Y3=666|
RECORD= 7|LINENO= 217|OWNERPARTID=   2|OWNERINDEX= 193|AREACOLOR=16711680|ISSOLID=T|LINEWIDTH=1|LOCATIONCOUNT=3|X1=491|X2=489|X3=487|Y1=668|Y2=672|Y3=670|
RECORD= 6|LINENO= 218|OWNERPARTID=   2|OWNERINDEX= 193|LINEWIDTH=1|LOCATIONCOUNT=2|X1=480|X2=460|Y1=675|Y2=675|
RECORD= 4|LINENO= 219|OWNERPARTID=   2|OWNERINDEX= 193|FONTID=1|LOCATION.X=400|LOCATION.Y=685|TEXT=G|
RECORD= 4|LINENO= 220|OWNERPARTID=   2|OWNERINDEX= 193|FONTID=1|JUSTIFICATION=2|LOCATION.X=435|LOCATION.Y=685|TEXT=R|
RECORD= 4|LINENO= 221|OWNERPARTID=   2|OWNERINDEX= 193|FONTID=1|LOCATION.X=460|LOCATION.Y=685|TEXT=B|
RECORD= 2|LINENO= 222|OWNERPARTID=   2|OWNERINDEX= 193|DESIGNATOR=3|ELECTRICAL=4|FORMALTYPE=1|LOCATION.X=410|LOCATION.Y=685|NAME=AG|PINCONGLOMERATE=33|PINLENGTH=20|
RECORD=41|LINENO= 223|OWNERPARTID=   0|OWNERINDEX= 222|FONTID=1|ISHIDDEN=T|LOCATION.X=410|LOCATION.Y=685|NAME=PinUniqueId|TEXT=FPRXWLMJ|UNIQUEID=YLEOYYUT|
RECORD= 2|LINENO= 224|OWNERPARTID=   2|OWNERINDEX= 193|DESIGNATOR=2|ELECTRICAL=4|FORMALTYPE=1|LOCATION.X=440|LOCATION.Y=685|NAME=AR|PINCONGLOMERATE=33|PINLENGTH=20|
RECORD=41|LINENO= 225|OWNERPARTID=   0|OWNERINDEX= 224|FONTID=1|ISHIDDEN=T|LOCATION.X=440|LOCATION.Y=685|NAME=PinUniqueId|TEXT=PWQONTES|UNIQUEID=TVMOVMHP|
RECORD= 2|LINENO= 226|OWNERPARTID=   2|OWNERINDEX= 193|DESIGNATOR=1|ELECTRICAL=4|FORMALTYPE=1|LOCATION.X=470|LOCATION.Y=685|NAME=AB|PINCONGLOMERATE=33|PINLENGTH=20|
RECORD=41|LINENO= 227|OWNERPARTID=   0|OWNERINDEX= 226|FONTID=1|ISHIDDEN=T|LOCATION.X=470|LOCATION.Y=685|NAME=PinUniqueId|TEXT=NRIJDFAM|UNIQUEID=YBNCMCMK|
RECORD= 7|LINENO= 228|OWNERPARTID=   2|OWNERINDEX= 193|AREACOLOR=16711680|ISSOLID=T|LINEWIDTH=1|LOCATIONCOUNT=3|X1=400|X2=410|X3=420|Y1=685|Y2=675|Y3=685|
RECORD= 7|LINENO= 229|OWNERPARTID=   2|OWNERINDEX= 193|AREACOLOR=16711680|ISSOLID=T|LINEWIDTH=1|LOCATIONCOUNT=3|X1=430|X2=440|X3=450|Y1=685|Y2=675|Y3=685|
RECORD= 7|LINENO= 230|OWNERPARTID=   2|OWNERINDEX= 193|AREACOLOR=16711680|ISSOLID=T|LINEWIDTH=1|LOCATIONCOUNT=3|X1=460|X2=470|X3=480|Y1=685|Y2=675|Y3=685|
RECORD=34|LINENO= 231|OWNERPARTID=   0|OWNERINDEX= 193|FONTID=1|LOCATION.X=492|LOCATION.Y=675|NAME=Designator|TEXT=D1|UNIQUEID=QGSPPPRM|
RECORD=41|LINENO= 232|OWNERPARTID=   0|OWNERINDEX= 193|FONTID=1|ISHIDDEN=T|LOCATION.X=435|LOCATION.Y=665|NAME=Comment|TEXT=SMLVN6RGB1W1|UNIQUEID=FWTFJBWQ|
RECORD=44|LINENO= 233|OWNERPARTID= -42|OWNERINDEX= 193|
RECORD=45|LINENO= 234|OWNERPARTID= -42|OWNERINDEX= 233|DATAFILECOUNT=1|DESCRIPTION=3.5 x 2.8 mm 6-SMD Flat Leads|ISCURRENT=T|MODELDATAFILE0=SBComponentsFootprints.PcbLib|MODELDATAFILEENTITY0=3.5x2.8 mm 6-SMD|MODELDATAFILEKIND0=PCBLib|MODELNAME=3.5x2.8 mm 6-SMD|MODELTYPE=PCBLIB|UNIQUEID=UIYYVXFU|
RECORD=46|LINENO= 235|OWNERPARTID= -42|OWNERINDEX= 234|
RECORD=48|LINENO= 236|OWNERPARTID= -42|OWNERINDEX= 234|
RECORD= 1|LINENO= 237|OWNERPARTID=   0|OWNERINDEX= -42|%UTF8%COMPONENTDESCRIPTION=130R 0402 1/16W Â±0.05R|AREACOLOR=11599871|COMPONENTDESCRIPTION=130R 0402 1/16W ±0.05R|CURRENTPARTID=1|DESIGNITEMID=130R|DISPLAYMODECOUNT=1|LIBRARYPATH=*|LIBREFERENCE=130R|LOCATION.X=440|LOCATION.Y=625|ORIENTATION=1|PARTCOUNT=2|PARTIDLOCKED=T|SOURCELIBRARYNAME=SBComponentsSchematics.SchLib|TARGETFILENAME=*|UNIQUEID=IQYEKJOI|
RECORD=41|LINENO= 238|OWNERPARTID=   0|OWNERINDEX= 237|FONTID=1|ISHIDDEN=T|LOCATION.X=436|LOCATION.Y=657|NAME=Supplier 1|TEXT=Farnell|UNIQUEID=COUDCERT|
RECORD=41|LINENO= 239|OWNERPARTID=   0|OWNERINDEX= 237|FONTID=1|ISHIDDEN=T|LOCATION.X=436|LOCATION.Y=657|NAME=Supplier 2|TEXT=Digi-Key|UNIQUEID=OTGLAJNS|
RECORD=41|LINENO= 240|OWNERPARTID=   0|OWNERINDEX= 237|FONTID=1|ISHIDDEN=T|LOCATION.X=436|LOCATION.Y=657|NAME=Supplier Part Number 1|TEXT=2059115|UNIQUEID=SQXOXYPF|
RECORD=41|LINENO= 241|OWNERPARTID=   0|OWNERINDEX= 237|FONTID=1|ISHIDDEN=T|LOCATION.X=436|LOCATION.Y=657|NAME=Supplier Part Number 2|TEXT=P130LCT-ND|UNIQUEID=FJBAGLWL|
RECORD=41|LINENO= 242|OWNERPARTID=   0|OWNERINDEX= 237|FONTID=1|LOCATION.X=444|LOCATION.Y=626|NAME=Value|TEXT=130R|UNIQUEID=KHRNSHVM|
RECORD= 2|LINENO= 243|OWNERPARTID=   2|OWNERINDEX= 237|DESIGNATOR=1|ELECTRICAL=4|FORMALTYPE=1|LOCATION.X=440|LOCATION.Y=615|NAME=1|PINCONGLOMERATE=35|PINLENGTH=10|
RECORD=41|LINENO= 244|OWNERPARTID=   0|OWNERINDEX= 243|FONTID=1|ISHIDDEN=T|LOCATION.X=440|LOCATION.Y=615|NAME=PinUniqueId|TEXT=FETQIXVL|UNIQUEID=GRLCFVNQ|
RECORD= 2|LINENO= 245|OWNERPARTID=   2|OWNERINDEX= 237|DESIGNATOR=2|ELECTRICAL=4|FORMALTYPE=1|LOCATION.X=440|LOCATION.Y=645|NAME=2|PINCONGLOMERATE=33|PINLENGTH=10|
RECORD=41|LINENO= 246|OWNERPARTID=   0|OWNERINDEX= 245|FONTID=1|ISHIDDEN=T|LOCATION.X=440|LOCATION.Y=645|NAME=PinUniqueId|TEXT=IHQJAWFY|UNIQUEID=AQHHSQQP|
RECORD= 6|LINENO= 247|OWNERPARTID=   2|OWNERINDEX= 237|LINEWIDTH=1|LOCATIONCOUNT=7|X1=440|X2=437|X3=443|X4=437|X5=443|X6=437|X7=440|Y1=645|Y2=642|Y3=636|Y4=630|Y5=624|Y6=618|Y7=615|
RECORD=34|LINENO= 248|OWNERPARTID=   0|OWNERINDEX= 237|FONTID=1|LOCATION.X=444|LOCATION.Y=636|NAME=Designator|TEXT=R7|UNIQUEID=PRXYACJX|
RECORD=41|LINENO= 249|OWNERPARTID=   0|OWNERINDEX= 237|FONTID=1|ISHIDDEN=T|LOCATION.X=436|LOCATION.Y=657|NAME=Comment|TEXT=130R|UNIQUEID=BUJNUJAA|
RECORD=44|LINENO= 250|OWNERPARTID= -42|OWNERINDEX= 237|
RECORD=45|LINENO= 251|OWNERPARTID= -42|OWNERINDEX= 250|DATAFILECOUNT=1|DESCRIPTION=Chip Body 1.0 x 0.5 mm (LxW typ)|ISCURRENT=T|MODELDATAFILE0=SBComponentsFootprints.PcbLib|MODELDATAFILEENTITY0=0402|MODELDATAFILEKIND0=PCBLib|MODELNAME=0402|MODELTYPE=PCBLIB|UNIQUEID=HFCNQJVA|
RECORD=46|LINENO= 252|OWNERPARTID= -42|OWNERINDEX= 251|
RECORD=48|LINENO= 253|OWNERPARTID= -42|OWNERINDEX= 251|
RECORD= 1|LINENO= 254|OWNERPARTID=   0|OWNERINDEX= -42|%UTF8%COMPONENTDESCRIPTION=22.6R 0402 1/16W Â±0.05R|AREACOLOR=11599871|COMPONENTDESCRIPTION=22.6R 0402 1/16W ±0.05R|CURRENTPARTID=1|DESIGNITEMID=22.6R|DISPLAYMODECOUNT=1|LIBRARYPATH=*|LIBREFERENCE=22.6R|LOCATION.X=410|LOCATION.Y=625|ORIENTATION=1|PARTCOUNT=2|PARTIDLOCKED=T|SOURCELIBRARYNAME=SBComponentsSchematics.SchLib|TARGETFILENAME=*|UNIQUEID=BPPYSPOW|
RECORD=41|LINENO= 255|OWNERPARTID=   0|OWNERINDEX= 254|FONTID=1|ISHIDDEN=T|LOCATION.X=406|LOCATION.Y=657|NAME=Supplier 1|TEXT=Farnell|UNIQUEID=XYFJOCPB|
RECORD=41|LINENO= 256|OWNERPARTID=   0|OWNERINDEX= 254|FONTID=1|ISHIDDEN=T|LOCATION.X=406|LOCATION.Y=657|NAME=Supplier 2|TEXT=Digi-Key|UNIQUEID=ITCWQBTQ|
RECORD=41|LINENO= 257|OWNERPARTID=   0|OWNERINDEX= 254|FONTID=1|ISHIDDEN=T|LOCATION.X=406|LOCATION.Y=657|NAME=Supplier Part Number 1|TEXT=2302454|UNIQUEID=WJUSTAPQ|
RECORD=41|LINENO= 258|OWNERPARTID=   0|OWNERINDEX= 254|FONTID=1|ISHIDDEN=T|LOCATION.X=406|LOCATION.Y=657|NAME=Supplier Part Number 2|TEXT=P22.6LCT-ND|UNIQUEID=QIQKUQIM|
RECORD=41|LINENO= 259|OWNERPARTID=   0|OWNERINDEX= 254|FONTID=1|LOCATION.X=414|LOCATION.Y=626|NAME=Value|TEXT=22.6R|UNIQUEID=STHNDQVN|
RECORD= 2|LINENO= 260|OWNERPARTID=   2|OWNERINDEX= 254|DESIGNATOR=1|ELECTRICAL=4|FORMALTYPE=1|LOCATION.X=410|LOCATION.Y=615|NAME=1|PINCONGLOMERATE=35|PINLENGTH=10|
RECORD=41|LINENO= 261|OWNERPARTID=   0|OWNERINDEX= 260|FONTID=1|ISHIDDEN=T|LOCATION.X=410|LOCATION.Y=615|NAME=PinUniqueId|TEXT=YLUMUDKM|UNIQUEID=MQFTNXAS|
RECORD= 2|LINENO= 262|OWNERPARTID=   2|OWNERINDEX= 254|DESIGNATOR=2|ELECTRICAL=4|FORMALTYPE=1|LOCATION.X=410|LOCATION.Y=645|NAME=2|PINCONGLOMERATE=33|PINLENGTH=10|
RECORD=41|LINENO= 263|OWNERPARTID=   0|OWNERINDEX= 262|FONTID=1|ISHIDDEN=T|LOCATION.X=410|LOCATION.Y=645|NAME=PinUniqueId|TEXT=SVKALFTP|UNIQUEID=LRLLAQBP|
RECORD= 6|LINENO= 264|OWNERPARTID=   2|OWNERINDEX= 254|LINEWIDTH=1|LOCATIONCOUNT=7|X1=410|X2=407|X3=413|X4=407|X5=413|X6=407|X7=410|Y1=645|Y2=642|Y3=636|Y4=630|Y5=624|Y6=618|Y7=615|
RECORD=34|LINENO= 265|OWNERPARTID=   0|OWNERINDEX= 254|FONTID=1|LOCATION.X=414|LOCATION.Y=636|NAME=Designator|TEXT=R6|UNIQUEID=RXSCIFPL|
RECORD=41|LINENO= 266|OWNERPARTID=   0|OWNERINDEX= 254|FONTID=1|ISHIDDEN=T|LOCATION.X=406|LOCATION.Y=657|NAME=Comment|TEXT=22.6R|UNIQUEID=RIWPIXPW|
RECORD=44|LINENO= 267|OWNERPARTID= -42|OWNERINDEX= 254|
RECORD=45|LINENO= 268|OWNERPARTID= -42|OWNERINDEX= 267|DATAFILECOUNT=1|DESCRIPTION=Chip Body 1.0 x 0.5 mm (LxW typ)|ISCURRENT=T|MODELDATAFILE0=SBComponentsFootprints.PcbLib|MODELDATAFILEENTITY0=0402|MODELDATAFILEKIND0=PCBLib|MODELNAME=0402|MODELTYPE=PCBLIB|UNIQUEID=RATNOCFP|
RECORD=46|LINENO= 269|OWNERPARTID= -42|OWNERINDEX= 268|
RECORD=48|LINENO= 270|OWNERPARTID= -42|OWNERINDEX= 268|
RECORD= 1|LINENO= 271|OWNERPARTID=   0|OWNERINDEX= -42|%UTF8%COMPONENTDESCRIPTION=24.9R 0402 1/16W Â±0.05R|AREACOLOR=11599871|COMPONENTDESCRIPTION=24.9R 0402 1/16W ±0.05R|CURRENTPARTID=1|DESIGNITEMID=24.9R|DISPLAYMODECOUNT=1|LIBRARYPATH=*|LIBREFERENCE=24.9R|LOCATION.X=470|LOCATION.Y=625|ORIENTATION=1|PARTCOUNT=2|PARTIDLOCKED=T|SOURCELIBRARYNAME=SBComponentsSchematics.SchLib|TARGETFILENAME=*|UNIQUEID=VOGJFIYC|
RECORD=41|LINENO= 272|OWNERPARTID=   0|OWNERINDEX= 271|FONTID=1|ISHIDDEN=T|LOCATION.X=466|LOCATION.Y=657|NAME=Supplier 1|TEXT=Farnell|UNIQUEID=KXBSQMPQ|
RECORD=41|LINENO= 273|OWNERPARTID=   0|OWNERINDEX= 271|FONTID=1|ISHIDDEN=T|LOCATION.X=466|LOCATION.Y=657|NAME=Supplier 2|TEXT=Digi-Key|UNIQUEID=WHRKGXGR|
RECORD=41|LINENO= 274|OWNERPARTID=   0|OWNERINDEX= 271|FONTID=1|ISHIDDEN=T|LOCATION.X=466|LOCATION.Y=657|NAME=Supplier Part Number 1|TEXT=2059102|UNIQUEID=LAGVJPOR|
RECORD=41|LINENO= 275|OWNERPARTID=   0|OWNERINDEX= 271|FONTID=1|ISHIDDEN=T|LOCATION.X=466|LOCATION.Y=657|NAME=Supplier Part Number 2|TEXT=P24.9LCT-ND|UNIQUEID=UFYYIWAF|
RECORD=41|LINENO= 276|OWNERPARTID=   0|OWNERINDEX= 271|FONTID=1|LOCATION.X=474|LOCATION.Y=626|NAME=Value|TEXT=24.9R|UNIQUEID=VHUFKBXK|
RECORD= 2|LINENO= 277|OWNERPARTID=   2|OWNERINDEX= 271|DESIGNATOR=1|ELECTRICAL=4|FORMALTYPE=1|LOCATION.X=470|LOCATION.Y=615|NAME=1|PINCONGLOMERATE=35|PINLENGTH=10|
RECORD=41|LINENO= 278|OWNERPARTID=   0|OWNERINDEX= 277|FONTID=1|ISHIDDEN=T|LOCATION.X=470|LOCATION.Y=615|NAME=PinUniqueId|TEXT=VVUBYDOD|UNIQUEID=OHSITVOA|
RECORD= 2|LINENO= 279|OWNERPARTID=   2|OWNERINDEX= 271|DESIGNATOR=2|ELECTRICAL=4|FORMALTYPE=1|LOCATION.X=470|LOCATION.Y=645|NAME=2|PINCONGLOMERATE=33|PINLENGTH=10|
RECORD=41|LINENO= 280|OWNERPARTID=   0|OWNERINDEX= 279|FONTID=1|ISHIDDEN=T|LOCATION.X=470|LOCATION.Y=645|NAME=PinUniqueId|TEXT=WTALTXJD|UNIQUEID=VMIOVFEP|
RECORD= 6|LINENO= 281|OWNERPARTID=   2|OWNERINDEX= 271|LINEWIDTH=1|LOCATIONCOUNT=7|X1=470|X2=467|X3=473|X4=467|X5=473|X6=467|X7=470|Y1=645|Y2=642|Y3=636|Y4=630|Y5=624|Y6=618|Y7=615|
RECORD=34|LINENO= 282|OWNERPARTID=   0|OWNERINDEX= 271|FONTID=1|LOCATION.X=474|LOCATION.Y=636|NAME=Designator|TEXT=R8|UNIQUEID=XDKVOPME|
RECORD=41|LINENO= 283|OWNERPARTID=   0|OWNERINDEX= 271|FONTID=1|ISHIDDEN=T|LOCATION.X=466|LOCATION.Y=657|NAME=Comment|TEXT=24.9R|UNIQUEID=GBNROETO|
RECORD=44|LINENO= 284|OWNERPARTID= -42|OWNERINDEX= 271|
RECORD=45|LINENO= 285|OWNERPARTID= -42|OWNERINDEX= 284|DATAFILECOUNT=1|DESCRIPTION=Chip Body 1.0 x 0.5 mm (LxW typ)|ISCURRENT=T|MODELDATAFILE0=SBComponentsFootprints.PcbLib|MODELDATAFILEENTITY0=0402|MODELDATAFILEKIND0=PCBLib|MODELNAME=0402|MODELTYPE=PCBLIB|UNIQUEID=LSWFEMEC|
RECORD=46|LINENO= 286|OWNERPARTID= -42|OWNERINDEX= 285|
RECORD=48|LINENO= 287|OWNERPARTID= -42|OWNERINDEX= 285|
RECORD=27|LINENO= 288|OWNERPARTID=   0|OWNERINDEX= -42|LINEWIDTH=1|LOCATIONCOUNT=2|UNIQUEID=MTJLUFAA|X1=410|X2=410|Y1=605|Y2=560|
RECORD=27|LINENO= 289|OWNERPARTID=   0|OWNERINDEX= -42|LINEWIDTH=1|LOCATIONCOUNT=2|UNIQUEID=VLYRDSCS|X1=440|X2=440|Y1=560|Y2=605|
RECORD=27|LINENO= 290|OWNERPARTID=   0|OWNERINDEX= -42|LINEWIDTH=1|LOCATIONCOUNT=2|UNIQUEID=EGKGKMKP|X1=470|X2=470|Y1=605|Y2=560|
RECORD=27|LINENO= 291|OWNERPARTID=   0|OWNERINDEX= -42|LINEWIDTH=1|LOCATIONCOUNT=3|UNIQUEID=APVJFMKU|X1=410|X2=440|X3=470|Y1=705|Y2=705|Y3=705|
RECORD=26|LINENO= 292|OWNERPARTID=   0|OWNERINDEX= -42|LINEWIDTH=1|LOCATIONCOUNT=3|X1=460|X2=400|X3=400|Y1=550|Y2=550|Y3=490|
RECORD= 4|LINENO= 293|OWNERPARTID=   0|OWNERINDEX= -42|FONTID=3|LOCATION.X=550|LOCATION.Y=440|TEXT=Status LED|
RECORD= 6|LINENO= 294|OWNERPARTID=   0|OWNERINDEX= -42|LINEWIDTH=2|LOCATIONCOUNT=3|X1=515|X2=650|X3=650|Y1=430|Y2=430|Y3=740|
RECORD= 6|LINENO= 295|OWNERPARTID=   0|OWNERINDEX= -42|LINEWIDTH=2|LOCATIONCOUNT=3|X1=515|X2=415|X3=415|Y1=470|Y2=470|Y3=430|
RECORD= 1|LINENO= 296|OWNERPARTID=   0|OWNERINDEX= -42|%UTF8%COMPONENTDESCRIPTION=1.5K 0402 1/16W Â±1%|AREACOLOR=11599871|COMPONENTDESCRIPTION=1.5K 0402 1/16W ±1%|CURRENTPARTID=1|DESIGNITEMID=1.5K|DISPLAYMODECOUNT=1|LIBRARYPATH=*|LIBREFERENCE=1.5K|LOCATION.X=130|LOCATION.Y=510|ORIENTATION=1|PARTCOUNT=2|PARTIDLOCKED=T|SOURCELIBRARYNAME=SBComponentsSchematics.SchLib|TARGETFILENAME=*|UNIQUEID=HHRGXARG|
RECORD=41|LINENO= 297|OWNERPARTID=   0|OWNERINDEX= 296|FONTID=1|ISHIDDEN=T|LOCATION.X=126|LOCATION.Y=542|NAME=Supplier 1|TEXT=Farnell|UNIQUEID=WCSFTFSN|
RECORD=41|LINENO= 298|OWNERPARTID=   0|OWNERINDEX= 296|FONTID=1|ISHIDDEN=T|LOCATION.X=126|LOCATION.Y=542|NAME=Supplier Part Number 1|TEXT=1653201|UNIQUEID=QTOTJTYD|
RECORD=41|LINENO= 299|OWNERPARTID=   0|OWNERINDEX= 296|FONTID=1|ISHIDDEN=T|LOCATION.X=126|LOCATION.Y=542|NAME=Supplier 2|TEXT=Digi-Key|UNIQUEID=ROIYVANH|
RECORD=41|LINENO= 300|OWNERPARTID=   0|OWNERINDEX= 296|FONTID=1|ISHIDDEN=T|LOCATION.X=126|LOCATION.Y=542|NAME=Supplier Part Number 2|TEXT=541-1.50KLCT-ND|UNIQUEID=SGARJWIM|
RECORD=41|LINENO= 301|OWNERPARTID=   0|OWNERINDEX= 296|FONTID=1|LOCATION.X=134|LOCATION.Y=511|NAME=Value|TEXT=1.5K|UNIQUEID=KYSRFTKS|
RECORD= 2|LINENO= 302|OWNERPARTID=   2|OWNERINDEX= 296|DESIGNATOR=1|ELECTRICAL=4|FORMALTYPE=1|LOCATION.X=130|LOCATION.Y=500|NAME=1|PINCONGLOMERATE=35|PINLENGTH=10|
RECORD=41|LINENO= 303|OWNERPARTID=   0|OWNERINDEX= 302|FONTID=1|ISHIDDEN=T|LOCATION.X=130|LOCATION.Y=500|NAME=PinUniqueId|TEXT=EGLCSMAH|UNIQUEID=PWOGHFMJ|
RECORD= 2|LINENO= 304|OWNERPARTID=   2|OWNERINDEX= 296|DESIGNATOR=2|ELECTRICAL=4|FORMALTYPE=1|LOCATION.X=130|LOCATION.Y=530|NAME=2|PINCONGLOMERATE=33|PINLENGTH=10|
RECORD=41|LINENO= 305|OWNERPARTID=   0|OWNERINDEX= 304|FONTID=1|ISHIDDEN=T|LOCATION.X=130|LOCATION.Y=530|NAME=PinUniqueId|TEXT=LYRLFCGY|UNIQUEID=UYAHOHUC|
RECORD= 6|LINENO= 306|OWNERPARTID=   2|OWNERINDEX= 296|LINEWIDTH=1|LOCATIONCOUNT=7|X1=130|X2=127|X3=133|X4=127|X5=133|X6=127|X7=130|Y1=530|Y2=527|Y3=521|Y4=515|Y5=509|Y6=503|Y7=500|
RECORD=34|LINENO= 307|OWNERPARTID=   0|OWNERINDEX= 296|FONTID=1|LOCATION.X=134|LOCATION.Y=521|NAME=Designator|TEXT=R15|UNIQUEID=MXDPLHHE|
RECORD=41|LINENO= 308|OWNERPARTID=   0|OWNERINDEX= 296|FONTID=1|ISHIDDEN=T|LOCATION.X=126|LOCATION.Y=542|NAME=Comment|TEXT=1.5K|UNIQUEID=QGKBYESH|
RECORD=44|LINENO= 309|OWNERPARTID= -42|OWNERINDEX= 296|
RECORD=45|LINENO= 310|OWNERPARTID= -42|OWNERINDEX= 309|DATAFILECOUNT=1|DESCRIPTION=Chip Body 1.0 x 0.5 mm (LxW typ)|ISCURRENT=T|MODELDATAFILE0=SBComponentsFootprints.PcbLib|MODELDATAFILEENTITY0=0402|MODELDATAFILEKIND0=PCBLib|MODELNAME=0402|MODELTYPE=PCBLIB|UNIQUEID=FHYINHTE|
RECORD=46|LINENO= 311|OWNERPARTID= -42|OWNERINDEX= 310|
RECORD=48|LINENO= 312|OWNERPARTID= -42|OWNERINDEX= 310|
RECORD=17|LINENO= 313|OWNERPARTID=   0|OWNERINDEX= -42|FONTID=2|LOCATION.X=130|LOCATION.Y=540|ORIENTATION=1|SHOWNETNAME=T|STYLE=2|TEXT=+3.3V|UNIQUEID=VJKSGBKM|
RECORD=27|LINENO= 314|OWNERPARTID=   0|OWNERINDEX= -42|LINEWIDTH=1|LOCATIONCOUNT=3|UNIQUEID=MTTWUOUJ|X1=190|X2=130|X3=105|Y1=490|Y2=490|Y3=490|
RECORD=41|LINENO= 315|OWNERPARTID=   0|OWNERINDEX= -42|%UTF8%TEXT=Record=PageOptionsÂ¦CenterHorizontal=FalseÂ¦CenterVertical=FalseÂ¦PrintScale=1.00Â¦XCorrection=0.00Â¦YCorrection=0.00Â¦PrintKind=0Â¦BorderSize=5000000Â¦LeftOffset=0Â¦BottomOffset=0Â¦Orientation=2Â¦PaperLength=1000Â¦PaperWidth=1000Â¦Scale=100Â¦PaperSource=7Â¦PrintQuality=-3Â¦MediaType=1Â¦DitherType=10Â¦PrintScaleMode=1Â¦PaperKind=A4Â¦PaperIndex=9|FONTID=1|ISHIDDEN=T|NAME=PageSetup|TEXT=Record=PageOptionsŽCenterHorizontal=FalseŽCenterVertical=FalseŽPrintScale=1.00ŽXCorrection=0.00ŽYCorrection=0.00ŽPrintKind=0ŽBorderSize=5000000ŽLeftOffset=0ŽBottomOffset=0ŽOrientation=2ŽPaperLength=1000ŽPaperWidth=1000ŽScale=100ŽPaperSource=7ŽPrintQuality=-3ŽMediaType=1ŽDitherType=10ŽPrintScaleMode=1ŽPaperKind=A4ŽPaperIndex=9|UNIQUEID=BKIRGHHI|
RECORD=29|LINENO= 316|OWNERPARTID=   0|OWNERINDEX= -42|LOCATION.X=100|LOCATION.Y=710|
RECORD=29|LINENO= 317|OWNERPARTID=   0|OWNERINDEX= -42|LOCATION.X=105|LOCATION.Y=470|
RECORD=29|LINENO= 318|OWNERPARTID=   0|OWNERINDEX= -42|LOCATION.X=130|LOCATION.Y=490|
RECORD=29|LINENO= 319|OWNERPARTID=   0|OWNERINDEX= -42|LOCATION.X=140|LOCATION.Y=710|
RECORD=29|LINENO= 320|OWNERPARTID=   0|OWNERINDEX= -42|LOCATION.X=280|LOCATION.Y=710|
RECORD=29|LINENO= 321|OWNERPARTID=   0|OWNERINDEX= -42|LOCATION.X=440|LOCATION.Y=705|
