RECORD=-42|LINENO=   0|OWNERPARTID= -42|OWNERINDEX= -42|HEADER=Protel for Windows - Schematic Capture Binary File Version 5.0|MINORVERSION=2|UNIQUEID=QAQRAYCA|WEIGHT=476|
RECORD=31|LINENO=   1|OWNERPARTID= -42|OWNERINDEX= -42|AREACOLOR=16317695|BOLD3=T|BOLD4=T|BORDERON=T|CUSTOMMARGINWIDTH=20|CUSTOMX=1500|CUSTOMXZONES=6|CUSTOMY=950|CUSTOMYZONES=4|DISPLAY_UNIT=4|FONTIDCOUNT=4|FONTNAME1=Times New Roman|FONTNAME2=Times New Roman|FONTNAME3=Arial|FONTNAME4=Times New Roman|HOTSPOTGRIDON=T|HOTSPOTGRIDSIZE=3|ISBOC=T|ITALIC4=T|ROTATION2=90|SHEETNUMBERSPACESIZE=4|SIZE1=10|SIZE2=10|SIZE3=20|SIZE4=10|SNAPGRIDON=T|SNAPGRIDSIZE=5|SYSTEMFONT=1|TITLEBLOCKON=T|USEMBCS=T|VISIBLEGRIDON=T|VISIBLEGRIDSIZE=10|
RECORD=41|LINENO=   2|OWNERPARTID=   0|OWNERINDEX= -42|FONTID=1|ISHIDDEN=T|NAME=CurrentTime|TEXT=*|UNIQUEID=KHKYOGOT|
RECORD=41|LINENO=   3|OWNERPARTID=   0|OWNERINDEX= -42|FONTID=1|ISHIDDEN=T|NAME=CurrentDate|TEXT=*|UNIQUEID=AUSAAGUW|
RECORD=41|LINENO=   4|OWNERPARTID=   0|OWNERINDEX= -42|FONTID=1|ISHIDDEN=T|NAME=Time|TEXT=*|UNIQUEID=FFIHAIYW|
RECORD=41|LINENO=   5|OWNERPARTID=   0|OWNERINDEX= -42|FONTID=1|ISHIDDEN=T|NAME=Date|TEXT=*|UNIQUEID=QSJPHRFY|
RECORD=41|LINENO=   6|OWNERPARTID=   0|OWNERINDEX= -42|FONTID=1|ISHIDDEN=T|NAME=DocumentFullPathAndName|TEXT=*|UNIQUEID=YMNBHNEK|
RECORD=41|LINENO=   7|OWNERPARTID=   0|OWNERINDEX= -42|FONTID=1|ISHIDDEN=T|NAME=DocumentName|TEXT=*|UNIQUEID=VOIKKRRK|
RECORD=41|LINENO=   8|OWNERPARTID=   0|OWNERINDEX= -42|FONTID=1|ISHIDDEN=T|NAME=ModifiedDate|TEXT=*|UNIQUEID=VFYEAEKY|
RECORD=41|LINENO=   9|OWNERPARTID=   0|OWNERINDEX= -42|FONTID=1|ISHIDDEN=T|NAME=ApprovedBy|TEXT=*|UNIQUEID=EPPRVQKO|
RECORD=41|LINENO=  10|OWNERPARTID=   0|OWNERINDEX= -42|FONTID=1|ISHIDDEN=T|NAME=CheckedBy|TEXT=*|UNIQUEID=XYMSBGVJ|
RECORD=41|LINENO=  11|OWNERPARTID=   0|OWNERINDEX= -42|FONTID=1|ISHIDDEN=T|NAME=Author|TEXT=*|UNIQUEID=YSHDWYAQ|
RECORD=41|LINENO=  12|OWNERPARTID=   0|OWNERINDEX= -42|FONTID=1|ISHIDDEN=T|NAME=CompanyName|TEXT=*|UNIQUEID=FCGHOXWR|
RECORD=41|LINENO=  13|OWNERPARTID=   0|OWNERINDEX= -42|FONTID=1|ISHIDDEN=T|NAME=DrawnBy|TEXT=*|UNIQUEID=OCXBMOGT|
RECORD=41|LINENO=  14|OWNERPARTID=   0|OWNERINDEX= -42|FONTID=1|ISHIDDEN=T|NAME=Engineer|TEXT=*|UNIQUEID=MVDBXJQR|
RECORD=41|LINENO=  15|OWNERPARTID=   0|OWNERINDEX= -42|FONTID=1|ISHIDDEN=T|NAME=Organization|TEXT=*|UNIQUEID=BWAJISHH|
RECORD=41|LINENO=  16|OWNERPARTID=   0|OWNERINDEX= -42|FONTID=1|ISHIDDEN=T|NAME=Address1|TEXT=*|UNIQUEID=KKECMJJU|
RECORD=41|LINENO=  17|OWNERPARTID=   0|OWNERINDEX= -42|FONTID=1|ISHIDDEN=T|NAME=Address2|TEXT=*|UNIQUEID=GYNXQQDV|
RECORD=41|LINENO=  18|OWNERPARTID=   0|OWNERINDEX= -42|FONTID=1|ISHIDDEN=T|NAME=Address3|TEXT=*|UNIQUEID=FLXKVXYL|
RECORD=41|LINENO=  19|OWNERPARTID=   0|OWNERINDEX= -42|FONTID=1|ISHIDDEN=T|NAME=Address4|TEXT=*|UNIQUEID=PNDVGFBQ|
RECORD=41|LINENO=  20|OWNERPARTID=   0|OWNERINDEX= -42|FONTID=1|ISHIDDEN=T|NAME=Title|TEXT=*|UNIQUEID=VXEHNFHC|
RECORD=41|LINENO=  21|OWNERPARTID=   0|OWNERINDEX= -42|FONTID=1|ISHIDDEN=T|NAME=DocumentNumber|TEXT=*|UNIQUEID=HVVHJQDM|
RECORD=41|LINENO=  22|OWNERPARTID=   0|OWNERINDEX= -42|FONTID=1|ISHIDDEN=T|NAME=Revision|TEXT=*|UNIQUEID=VQBIYXRP|
RECORD=41|LINENO=  23|OWNERPARTID=   0|OWNERINDEX= -42|FONTID=1|ISHIDDEN=T|NAME=SheetNumber|TEXT=*|UNIQUEID=XWIDQFPG|
RECORD=41|LINENO=  24|OWNERPARTID=   0|OWNERINDEX= -42|FONTID=1|ISHIDDEN=T|NAME=SheetTotal|TEXT=*|UNIQUEID=GWOTMJJG|
RECORD=41|LINENO=  25|OWNERPARTID=   0|OWNERINDEX= -42|FONTID=1|ISHIDDEN=T|NAME=Rule|TEXT=*|UNIQUEID=RDKSCWIU|
RECORD=41|LINENO=  26|OWNERPARTID=   0|OWNERINDEX= -42|FONTID=1|ISHIDDEN=T|NAME=ImagePath|TEXT=*|UNIQUEID=MKFOGQYC|
RECORD=41|LINENO=  27|OWNERPARTID=   0|OWNERINDEX= -42|FONTID=1|ISHIDDEN=T|NAME=ProjectName|TEXT=*|UNIQUEID=CCMLYCFI|
RECORD= 1|LINENO=  28|OWNERPARTID=   0|OWNERINDEX= -42|AREACOLOR=11599871|COMPONENTDESCRIPTION=Nordic Semi Ultra low power 2.4GHz RF Transceiver IC|CURRENTPARTID=1|DESIGNITEMID=nRF24L01+|DISPLAYMODECOUNT=1|LIBRARYPATH=*|LIBREFERENCE=nRF24L01+|LOCATION.X=330|LOCATION.Y=630|PARTCOUNT=2|PARTIDLOCKED=T|SOURCELIBRARYNAME=SBComponentsSchematics.SchLib|TARGETFILENAME=*|UNIQUEID=KXQQNVSO|
RECORD=41|LINENO=  29|OWNERPARTID=   0|OWNERINDEX=  28|FONTID=1|ISHIDDEN=T|LOCATION.X=248|LOCATION.Y=710|NAME=Supplier 1|TEXT=Digi-Key|UNIQUEID=VSMXWGGF|
RECORD=41|LINENO=  30|OWNERPARTID=   0|OWNERINDEX=  28|FONTID=1|ISHIDDEN=T|LOCATION.X=248|LOCATION.Y=710|NAME=Supplier Part Number 1|TEXT=1490-1033-1-ND|UNIQUEID=LLIULDOO|
RECORD=14|LINENO=  31|OWNERPARTID=   2|OWNERINDEX=  28|AREACOLOR=11599871|CORNER.X=380|CORNER.Y=710|ISSOLID=T|LOCATION.X=280|LOCATION.Y=550|
RECORD= 2|LINENO=  32|OWNERPARTID=   2|OWNERINDEX=  28|DESCRIPTION=Chip Enable Activates RX or TX mode|DESIGNATOR=1|FORMALTYPE=1|LOCATION.X=280|LOCATION.Y=660|NAME=CE|PINCONGLOMERATE=58|PINLENGTH=30|
RECORD=41|LINENO=  33|OWNERPARTID=   0|OWNERINDEX=  32|FONTID=1|ISHIDDEN=T|LOCATION.X=280|LOCATION.Y=660|NAME=PinUniqueId|TEXT=DEANDNOL|UNIQUEID=OEDURNTE|
RECORD= 2|LINENO=  34|OWNERPARTID=   2|OWNERINDEX=  28|DESCRIPTION=SPI Chip Select|DESIGNATOR=2|FORMALTYPE=1|LOCATION.X=280|LOCATION.Y=640|NAME=CSN|PINCONGLOMERATE=58|PINLENGTH=30|
RECORD=41|LINENO=  35|OWNERPARTID=   0|OWNERINDEX=  34|FONTID=1|ISHIDDEN=T|LOCATION.X=280|LOCATION.Y=640|NAME=PinUniqueId|TEXT=MHNMEOXF|UNIQUEID=EEXIIEHB|
RECORD= 2|LINENO=  36|OWNERPARTID=   2|OWNERINDEX=  28|DESCRIPTION=SPI Clock|DESIGNATOR=3|FORMALTYPE=1|LOCATION.X=280|LOCATION.Y=630|NAME=SCK|PINCONGLOMERATE=58|PINLENGTH=30|
RECORD=41|LINENO=  37|OWNERPARTID=   0|OWNERINDEX=  36|FONTID=1|ISHIDDEN=T|LOCATION.X=280|LOCATION.Y=630|NAME=PinUniqueId|TEXT=WFEFXAGU|UNIQUEID=CLPBDEYT|
RECORD= 2|LINENO=  38|OWNERPARTID=   2|OWNERINDEX=  28|DESCRIPTION=SPI Slave Data Input|DESIGNATOR=4|FORMALTYPE=1|LOCATION.X=280|LOCATION.Y=620|NAME=MOSI|PINCONGLOMERATE=58|PINLENGTH=30|
RECORD=41|LINENO=  39|OWNERPARTID=   0|OWNERINDEX=  38|FONTID=1|ISHIDDEN=T|LOCATION.X=280|LOCATION.Y=620|NAME=PinUniqueId|TEXT=OMJMLOEF|UNIQUEID=VRWHEFLS|
RECORD= 2|LINENO=  40|OWNERPARTID=   2|OWNERINDEX=  28|DESCRIPTION=SPI Slave Data Output, with tri-state option|DESIGNATOR=5|ELECTRICAL=2|FORMALTYPE=1|LOCATION.X=280|LOCATION.Y=610|NAME=MISO|PINCONGLOMERATE=58|PINLENGTH=30|
RECORD=41|LINENO=  41|OWNERPARTID=   0|OWNERINDEX=  40|FONTID=1|ISHIDDEN=T|LOCATION.X=280|LOCATION.Y=610|NAME=PinUniqueId|TEXT=MCOEKQDV|UNIQUEID=WOYODBGO|
RECORD= 2|LINENO=  42|OWNERPARTID=   2|OWNERINDEX=  28|DESCRIPTION=Maskable interrupt pin. Active low|DESIGNATOR=6|ELECTRICAL=2|FORMALTYPE=1|LOCATION.X=280|LOCATION.Y=590|NAME=IRQ|PINCONGLOMERATE=58|PINLENGTH=30|
RECORD=41|LINENO=  43|OWNERPARTID=   0|OWNERINDEX=  42|FONTID=1|ISHIDDEN=T|LOCATION.X=280|LOCATION.Y=590|NAME=PinUniqueId|TEXT=EKANUFVX|UNIQUEID=NVWIAPPX|
RECORD= 2|LINENO=  44|OWNERPARTID=   2|OWNERINDEX=  28|DESCRIPTION=Power Supply (+1.9V - +3.6V DC)|DESIGNATOR=7|ELECTRICAL=7|FORMALTYPE=1|LOCATION.X=280|LOCATION.Y=700|NAME=VDD|PINCONGLOMERATE=58|PINLENGTH=30|
RECORD=41|LINENO=  45|OWNERPARTID=   0|OWNERINDEX=  44|FONTID=1|ISHIDDEN=T|LOCATION.X=280|LOCATION.Y=700|NAME=PinUniqueId|TEXT=DBWXPYDW|UNIQUEID=RPUJNOBW|
RECORD= 2|LINENO=  46|OWNERPARTID=   2|OWNERINDEX=  28|DESCRIPTION=Ground (0V)|DESIGNATOR=8|ELECTRICAL=7|FORMALTYPE=1|LOCATION.X=380|LOCATION.Y=600|NAME=VSS|PINCONGLOMERATE=56|PINLENGTH=30|
RECORD=41|LINENO=  47|OWNERPARTID=   0|OWNERINDEX=  46|FONTID=1|ISHIDDEN=T|LOCATION.X=380|LOCATION.Y=600|NAME=PinUniqueId|TEXT=QJCTKBNL|UNIQUEID=RGVLOSSP|
RECORD= 2|LINENO=  48|OWNERPARTID=   2|OWNERINDEX=  28|DESCRIPTION=Crystal Pin 2|DESIGNATOR=9|ELECTRICAL=2|FORMALTYPE=1|LOCATION.X=380|LOCATION.Y=640|NAME=XC2|PINCONGLOMERATE=56|PINLENGTH=30|
RECORD=41|LINENO=  49|OWNERPARTID=   0|OWNERINDEX=  48|FONTID=1|ISHIDDEN=T|LOCATION.X=380|LOCATION.Y=640|NAME=PinUniqueId|TEXT=JAJAEMJP|UNIQUEID=OUFWCLUD|
RECORD= 2|LINENO=  50|OWNERPARTID=   2|OWNERINDEX=  28|DESCRIPTION=Crystal Pin 1|DESIGNATOR=10|FORMALTYPE=1|LOCATION.X=380|LOCATION.Y=650|NAME=XC1|PINCONGLOMERATE=56|PINLENGTH=30|
RECORD=41|LINENO=  51|OWNERPARTID=   0|OWNERINDEX=  50|FONTID=1|ISHIDDEN=T|LOCATION.X=380|LOCATION.Y=650|NAME=PinUniqueId|TEXT=IYNKESLM|UNIQUEID=IEMPDGLB|
RECORD= 2|LINENO=  52|OWNERPARTID=   2|OWNERINDEX=  28|DESCRIPTION=Power Supply Output (+1.8V) for the internal  nRF24L01+ Power Amplifier. Must be connected  to ANT1 and ANT2 as shown in Figure 32|DESIGNATOR=11|ELECTRICAL=7|FORMALTYPE=1|LOCATION.X=380|LOCATION.Y=670|NAME=VDD_PA|PINCONGLOMERATE=56|PINLENGTH=30|
RECORD=41|LINENO=  53|OWNERPARTID=   0|OWNERINDEX=  52|FONTID=1|ISHIDDEN=T|LOCATION.X=380|LOCATION.Y=670|NAME=PinUniqueId|TEXT=OTMUSSEU|UNIQUEID=ELLKNLRH|
RECORD= 2|LINENO=  54|OWNERPARTID=   2|OWNERINDEX=  28|DESCRIPTION=Antenna interface 1|DESIGNATOR=12|ELECTRICAL=4|FORMALTYPE=1|LOCATION.X=380|LOCATION.Y=690|NAME=ANT1|PINCONGLOMERATE=56|PINLENGTH=30|
RECORD=41|LINENO=  55|OWNERPARTID=   0|OWNERINDEX=  54|FONTID=1|ISHIDDEN=T|LOCATION.X=380|LOCATION.Y=690|NAME=PinUniqueId|TEXT=EGQEHANI|UNIQUEID=DJAJMUCF|
RECORD= 2|LINENO=  56|OWNERPARTID=   2|OWNERINDEX=  28|DESCRIPTION=Antenna interface 1|DESIGNATOR=13|ELECTRICAL=4|FORMALTYPE=1|LOCATION.X=380|LOCATION.Y=700|NAME=ANT2|PINCONGLOMERATE=56|PINLENGTH=30|
RECORD=41|LINENO=  57|OWNERPARTID=   0|OWNERINDEX=  56|FONTID=1|ISHIDDEN=T|LOCATION.X=380|LOCATION.Y=700|NAME=PinUniqueId|TEXT=GFDGILCC|UNIQUEID=ATQIUJHH|
RECORD= 2|LINENO=  58|OWNERPARTID=   2|OWNERINDEX=  28|DESCRIPTION=Ground (0V)|DESIGNATOR=14|ELECTRICAL=7|FORMALTYPE=1|LOCATION.X=380|LOCATION.Y=590|NAME=VSS|PINCONGLOMERATE=56|PINLENGTH=30|
RECORD=41|LINENO=  59|OWNERPARTID=   0|OWNERINDEX=  58|FONTID=1|ISHIDDEN=T|LOCATION.X=380|LOCATION.Y=590|NAME=PinUniqueId|TEXT=YXCGPXJH|UNIQUEID=QBWGHEDJ|
RECORD= 2|LINENO=  60|OWNERPARTID=   2|OWNERINDEX=  28|DESCRIPTION=Power Supply (+1.9V - +3.6V DC)|DESIGNATOR=15|ELECTRICAL=7|FORMALTYPE=1|LOCATION.X=280|LOCATION.Y=690|NAME=VDD|PINCONGLOMERATE=58|PINLENGTH=30|
RECORD=41|LINENO=  61|OWNERPARTID=   0|OWNERINDEX=  60|FONTID=1|ISHIDDEN=T|LOCATION.X=280|LOCATION.Y=690|NAME=PinUniqueId|TEXT=PKIIYTTL|UNIQUEID=NVLVIEEM|
RECORD= 2|LINENO=  62|OWNERPARTID=   2|OWNERINDEX=  28|%UTF8%DESCRIPTION=Reference current. Connect a 22kÎ© resistor to  ground. See Figure 32.|DESCRIPTION=Reference current. Connect a 22kO resistor to  ground. See Figure 32.|DESIGNATOR=16|FORMALTYPE=1|LOCATION.X=380|LOCATION.Y=620|NAME=IREF|PINCONGLOMERATE=56|PINLENGTH=30|
RECORD=41|LINENO=  63|OWNERPARTID=   0|OWNERINDEX=  62|FONTID=1|ISHIDDEN=T|LOCATION.X=380|LOCATION.Y=620|NAME=PinUniqueId|TEXT=XNPUBACO|UNIQUEID=ORJDDDBI|
RECORD= 2|LINENO=  64|OWNERPARTID=   2|OWNERINDEX=  28|DESCRIPTION=Ground (0V)|DESIGNATOR=17|ELECTRICAL=7|FORMALTYPE=1|LOCATION.X=380|LOCATION.Y=580|NAME=VSS|PINCONGLOMERATE=56|PINLENGTH=30|
RECORD=41|LINENO=  65|OWNERPARTID=   0|OWNERINDEX=  64|FONTID=1|ISHIDDEN=T|LOCATION.X=380|LOCATION.Y=580|NAME=PinUniqueId|TEXT=YXHBXLUD|UNIQUEID=KRRFAQTD|
RECORD= 2|LINENO=  66|OWNERPARTID=   2|OWNERINDEX=  28|DESCRIPTION=Power Supply (+1.9V - +3.6V DC)|DESIGNATOR=18|ELECTRICAL=7|FORMALTYPE=1|LOCATION.X=280|LOCATION.Y=680|NAME=VDD|PINCONGLOMERATE=58|PINLENGTH=30|
RECORD=41|LINENO=  67|OWNERPARTID=   0|OWNERINDEX=  66|FONTID=1|ISHIDDEN=T|LOCATION.X=280|LOCATION.Y=680|NAME=PinUniqueId|TEXT=YQCQCOJV|UNIQUEID=UGHTWGVC|
RECORD= 2|LINENO=  68|OWNERPARTID=   2|OWNERINDEX=  28|DESCRIPTION=Internal digital supply output for de-coupling purposes.  See Figure 32.|DESIGNATOR=19|ELECTRICAL=7|FORMALTYPE=1|LOCATION.X=280|LOCATION.Y=570|NAME=DVDD|PINCONGLOMERATE=58|PINLENGTH=30|
RECORD=41|LINENO=  69|OWNERPARTID=   0|OWNERINDEX=  68|FONTID=1|ISHIDDEN=T|LOCATION.X=280|LOCATION.Y=570|NAME=PinUniqueId|TEXT=DWLUGCVF|UNIQUEID=PBEGPNYQ|
RECORD= 2|LINENO=  70|OWNERPARTID=   2|OWNERINDEX=  28|DESCRIPTION=Ground (0V)|DESIGNATOR=20|ELECTRICAL=7|FORMALTYPE=1|LOCATION.X=380|LOCATION.Y=570|NAME=VSS|PINCONGLOMERATE=56|PINLENGTH=30|
RECORD=41|LINENO=  71|OWNERPARTID=   0|OWNERINDEX=  70|FONTID=1|ISHIDDEN=T|LOCATION.X=380|LOCATION.Y=570|NAME=PinUniqueId|TEXT=KCOCFSGY|UNIQUEID=SUVFTEWA|
RECORD= 2|LINENO=  72|OWNERPARTID=   2|OWNERINDEX=  28|DESCRIPTION=Ground (0V) - Thermal Pad|DESIGNATOR=21|ELECTRICAL=7|FORMALTYPE=1|LOCATION.X=380|LOCATION.Y=560|NAME=VSS|PINCONGLOMERATE=56|PINLENGTH=30|
RECORD=41|LINENO=  73|OWNERPARTID=   0|OWNERINDEX=  72|FONTID=1|ISHIDDEN=T|LOCATION.X=380|LOCATION.Y=560|NAME=PinUniqueId|TEXT=VHCKDGJG|UNIQUEID=QKHTUJTI|
RECORD=34|LINENO=  74|OWNERPARTID=   0|OWNERINDEX=  28|FONTID=1|LOCATION.X=280|LOCATION.Y=710|NAME=Designator|TEXT=U3|UNIQUEID=YNYNAGWG|
RECORD=41|LINENO=  75|OWNERPARTID=   0|OWNERINDEX=  28|FONTID=1|LOCATION.X=280|LOCATION.Y=540|NAME=Comment|TEXT=nRF24L01+|UNIQUEID=MHWHUWAY|
RECORD=44|LINENO=  76|OWNERPARTID= -42|OWNERINDEX=  28|
RECORD=45|LINENO=  77|OWNERPARTID= -42|OWNERINDEX=  76|DATAFILECOUNT=1|DESCRIPTION=QFN, 20-Leads, Body 4,00x4,00mm, Pitch 0,50mm, Thermal Pad 2,60x2,60mm, IPC High Density|ISCURRENT=T|MODELDATAFILEENTITY0=QFN50P400X400X95_HS-21L|MODELDATAFILEKIND0=PCBLib|MODELNAME=QFN50P400X400X95_HS-21L|MODELTYPE=PCBLIB|UNIQUEID=YGSFKOGH|
RECORD=46|LINENO=  78|OWNERPARTID= -42|OWNERINDEX=  77|
RECORD=48|LINENO=  79|OWNERPARTID= -42|OWNERINDEX=  77|
RECORD=17|LINENO=  80|OWNERPARTID=   0|OWNERINDEX= -42|FONTID=2|LOCATION.X=110|LOCATION.Y=710|ORIENTATION=1|SHOWNETNAME=T|STYLE=2|TEXT=+3.3V|UNIQUEID=OKQIIXJW|
RECORD=17|LINENO=  81|OWNERPARTID=   0|OWNERINDEX= -42|FONTID=2|LOCATION.X=150|LOCATION.Y=710|ORIENTATION=1|SHOWNETNAME=T|STYLE=2|TEXT=+3.3V|UNIQUEID=VUVBXKJU|
RECORD=17|LINENO=  82|OWNERPARTID=   0|OWNERINDEX= -42|FONTID=2|LOCATION.X=240|LOCATION.Y=710|ORIENTATION=1|SHOWNETNAME=T|STYLE=2|TEXT=+3.3V|UNIQUEID=CCBMDQMV|
RECORD=17|LINENO=  83|OWNERPARTID=   0|OWNERINDEX= -42|FONTID=2|LOCATION.X=115|LOCATION.Y=385|ORIENTATION=3|SHOWNETNAME=T|STYLE=4|TEXT=GND|UNIQUEID=LBUWFILE|
RECORD=17|LINENO=  84|OWNERPARTID=   0|OWNERINDEX= -42|FONTID=2|LOCATION.X=165|LOCATION.Y=385|ORIENTATION=3|SHOWNETNAME=T|STYLE=4|TEXT=GND|UNIQUEID=OAFIMGOQ|
RECORD=25|LINENO=  85|OWNERPARTID=   0|OWNERINDEX= -42|FONTID=1|LOCATION.X=35|LOCATION.Y=450|TEXT=RADIO_X1_16MHZ|UNIQUEID=XBWHKIQH|
RECORD=25|LINENO=  86|OWNERPARTID=   0|OWNERINDEX= -42|FONTID=1|LOCATION.X=165|LOCATION.Y=450|TEXT=RADIO_X2_16MHZ|UNIQUEID=MWTUCQKL|
RECORD= 4|LINENO=  87|OWNERPARTID=   0|OWNERINDEX= -42|FONTID=3|LOCATION.X=200|LOCATION.Y=340|TEXT=Crystal|
RECORD=25|LINENO=  88|OWNERPARTID=   0|OWNERINDEX= -42|FONTID=1|LOCATION.X=410|LOCATION.Y=650|TEXT=RADIO_X1_16MHZ|UNIQUEID=MBUOWKSL|
RECORD=25|LINENO=  89|OWNERPARTID=   0|OWNERINDEX= -42|FONTID=1|LOCATION.X=410|LOCATION.Y=640|TEXT=RADIO_X2_16MHZ|UNIQUEID=RVJDRKXW|
RECORD= 4|LINENO=  90|OWNERPARTID=   0|OWNERINDEX= -42|FONTID=3|LOCATION.X=395|LOCATION.Y=485|TEXT=Radio Chip|
RECORD= 1|LINENO=  91|OWNERPARTID=   0|OWNERINDEX= -42|%UTF8%COMPONENTDESCRIPTION=10nF 0402 X7R 25V Â±5%|AREACOLOR=11599871|COMPONENTDESCRIPTION=10nF 0402 X7R 25V ±5%|CURRENTPARTID=1|DESIGNITEMID=10nF|DISPLAYMODECOUNT=1|LIBRARYPATH=*|LIBREFERENCE=10nF|LOCATION.X=110|LOCATION.Y=695|ORIENTATION=1|PARTCOUNT=2|PARTIDLOCKED=T|SOURCELIBRARYNAME=SBComponentsSchematics.SchLib|TARGETFILENAME=*|UNIQUEID=OWGPHRLY|
RECORD=41|LINENO=  92|OWNERPARTID=   0|OWNERINDEX=  91|FONTID=1|ISHIDDEN=T|LOCATION.X=90|LOCATION.Y=710|NAME=Supplier 1|TEXT=Farnell|UNIQUEID=BIREFJFW|
RECORD=41|LINENO=  93|OWNERPARTID=   0|OWNERINDEX=  91|FONTID=1|ISHIDDEN=T|LOCATION.X=90|LOCATION.Y=710|NAME=Supplier Part Number 1|TEXT=1692285|UNIQUEID=JBFEPCCY|
RECORD=41|LINENO=  94|OWNERPARTID=   0|OWNERINDEX=  91|FONTID=1|ISHIDDEN=T|LOCATION.X=90|LOCATION.Y=710|NAME=Supplier 2|TEXT=Digi-Key|UNIQUEID=ULUSEXNI|
RECORD=41|LINENO=  95|OWNERPARTID=   0|OWNERINDEX=  91|FONTID=1|ISHIDDEN=T|LOCATION.X=90|LOCATION.Y=710|NAME=Supplier Part Number 2|TEXT=399-1279-1-ND|UNIQUEID=HTCCJDHG|
RECORD=41|LINENO=  96|OWNERPARTID=   0|OWNERINDEX=  91|FONTID=1|LOCATION.X=119|LOCATION.Y=681|NAME=Value|TEXT=10nF|UNIQUEID=TWVIKDKV|
RECORD= 2|LINENO=  97|OWNERPARTID=   2|OWNERINDEX=  91|DESIGNATOR=1|ELECTRICAL=4|FORMALTYPE=1|LOCATION.X=110|LOCATION.Y=690|NAME=1|PINCONGLOMERATE=35|PINLENGTH=10|
RECORD=41|LINENO=  98|OWNERPARTID=   0|OWNERINDEX=  97|FONTID=1|ISHIDDEN=T|LOCATION.X=110|LOCATION.Y=690|NAME=PinUniqueId|TEXT=FDSKKFDB|UNIQUEID=HSBEMDNN|
RECORD= 2|LINENO=  99|OWNERPARTID=   2|OWNERINDEX=  91|DESIGNATOR=2|ELECTRICAL=4|FORMALTYPE=1|LOCATION.X=110|LOCATION.Y=700|NAME=2|PINCONGLOMERATE=33|PINLENGTH=10|
RECORD=41|LINENO= 100|OWNERPARTID=   0|OWNERINDEX=  99|FONTID=1|ISHIDDEN=T|LOCATION.X=110|LOCATION.Y=700|NAME=PinUniqueId|TEXT=MRJPDERY|UNIQUEID=VWSCMNAO|
RECORD=13|LINENO= 101|OWNERPARTID=   2|OWNERINDEX=  91|CORNER.X=118|CORNER.Y=697|LINEWIDTH=1|LOCATION.X=102|LOCATION.Y=697|
RECORD=13|LINENO= 102|OWNERPARTID=   2|OWNERINDEX=  91|CORNER.X=102|CORNER.Y=693|LINEWIDTH=1|LOCATION.X=118|LOCATION.Y=693|
RECORD= 6|LINENO= 103|OWNERPARTID=   2|OWNERINDEX=  91|LINEWIDTH=1|LOCATIONCOUNT=2|X1=110|X2=110|Y1=690|Y2=693|
RECORD= 6|LINENO= 104|OWNERPARTID=   2|OWNERINDEX=  91|LINEWIDTH=1|LOCATIONCOUNT=2|X1=110|X2=110|Y1=700|Y2=697|
RECORD=34|LINENO= 105|OWNERPARTID=   0|OWNERINDEX=  91|FONTID=1|LOCATION.X=119|LOCATION.Y=691|NAME=Designator|TEXT=C14|UNIQUEID=MGUVAVSS|
RECORD=41|LINENO= 106|OWNERPARTID=   0|OWNERINDEX=  91|FONTID=1|ISHIDDEN=T|LOCATION.X=101|LOCATION.Y=712|NAME=Comment|TEXT=10nF|UNIQUEID=UDNWGNXD|
RECORD=44|LINENO= 107|OWNERPARTID= -42|OWNERINDEX=  91|
RECORD=45|LINENO= 108|OWNERPARTID= -42|OWNERINDEX= 107|DATAFILECOUNT=1|DESCRIPTION=Chip Body 1.0 x 0.5 mm (LxW typ)|ISCURRENT=T|MODELDATAFILE0=SBComponentsFootprints.PcbLib|MODELDATAFILEENTITY0=0402|MODELDATAFILEKIND0=PCBLib|MODELNAME=0402|MODELTYPE=PCBLIB|UNIQUEID=PJIBMNVX|
RECORD=46|LINENO= 109|OWNERPARTID= -42|OWNERINDEX= 108|
RECORD=48|LINENO= 110|OWNERPARTID= -42|OWNERINDEX= 108|
RECORD= 1|LINENO= 111|OWNERPARTID=   0|OWNERINDEX= -42|%UTF8%COMPONENTDESCRIPTION=1nF 0402 X7R 50V Â±10%|AREACOLOR=11599871|COMPONENTDESCRIPTION=1nF 0402 X7R 50V ±10%|CURRENTPARTID=1|DESIGNITEMID=1nF|DISPLAYMODECOUNT=1|LIBRARYPATH=*|LIBREFERENCE=1nF|LOCATION.X=150|LOCATION.Y=695|ORIENTATION=1|PARTCOUNT=2|PARTIDLOCKED=T|SOURCELIBRARYNAME=SBComponentsSchematics.SchLib|TARGETFILENAME=*|UNIQUEID=CNJFSDOA|
RECORD=41|LINENO= 112|OWNERPARTID=   0|OWNERINDEX= 111|FONTID=1|ISHIDDEN=T|LOCATION.X=130|LOCATION.Y=710|NAME=Supplier 1|TEXT=Farnell|UNIQUEID=RDOYYIVP|
RECORD=41|LINENO= 113|OWNERPARTID=   0|OWNERINDEX= 111|FONTID=1|ISHIDDEN=T|LOCATION.X=130|LOCATION.Y=720|NAME=Supplier 2|TEXT=Digi-Key|UNIQUEID=TVKMBMCK|
RECORD=41|LINENO= 114|OWNERPARTID=   0|OWNERINDEX= 111|FONTID=1|ISHIDDEN=T|LOCATION.X=130|LOCATION.Y=710|NAME=Supplier Part Number 1|TEXT=1414573|UNIQUEID=LXGMIRJC|
RECORD=41|LINENO= 115|OWNERPARTID=   0|OWNERINDEX= 111|FONTID=1|ISHIDDEN=T|LOCATION.X=130|LOCATION.Y=720|NAME=Supplier Part Number 2|TEXT=399-1032-1-ND|UNIQUEID=AARMVMSJ|
RECORD=41|LINENO= 116|OWNERPARTID=   0|OWNERINDEX= 111|FONTID=1|LOCATION.X=159|LOCATION.Y=681|NAME=Value|TEXT=1nF|UNIQUEID=EUUNLTUN|
RECORD= 2|LINENO= 117|OWNERPARTID=   2|OWNERINDEX= 111|DESIGNATOR=1|ELECTRICAL=4|FORMALTYPE=1|LOCATION.X=150|LOCATION.Y=690|NAME=1|PINCONGLOMERATE=35|PINLENGTH=10|
RECORD=41|LINENO= 118|OWNERPARTID=   0|OWNERINDEX= 117|FONTID=1|ISHIDDEN=T|LOCATION.X=150|LOCATION.Y=690|NAME=PinUniqueId|TEXT=PQIXWQJU|UNIQUEID=KKPMOFUK|
RECORD= 2|LINENO= 119|OWNERPARTID=   2|OWNERINDEX= 111|DESIGNATOR=2|ELECTRICAL=4|FORMALTYPE=1|LOCATION.X=150|LOCATION.Y=700|NAME=2|PINCONGLOMERATE=33|PINLENGTH=10|
RECORD=41|LINENO= 120|OWNERPARTID=   0|OWNERINDEX= 119|FONTID=1|ISHIDDEN=T|LOCATION.X=150|LOCATION.Y=700|NAME=PinUniqueId|TEXT=ELOGSGQG|UNIQUEID=JGBFUYBI|
RECORD=13|LINENO= 121|OWNERPARTID=   2|OWNERINDEX= 111|CORNER.X=158|CORNER.Y=697|LINEWIDTH=1|LOCATION.X=142|LOCATION.Y=697|
RECORD=13|LINENO= 122|OWNERPARTID=   2|OWNERINDEX= 111|CORNER.X=142|CORNER.Y=693|LINEWIDTH=1|LOCATION.X=158|LOCATION.Y=693|
RECORD= 6|LINENO= 123|OWNERPARTID=   2|OWNERINDEX= 111|LINEWIDTH=1|LOCATIONCOUNT=2|X1=150|X2=150|Y1=690|Y2=693|
RECORD= 6|LINENO= 124|OWNERPARTID=   2|OWNERINDEX= 111|LINEWIDTH=1|LOCATIONCOUNT=2|X1=150|X2=150|Y1=700|Y2=697|
RECORD=34|LINENO= 125|OWNERPARTID=   0|OWNERINDEX= 111|FONTID=1|LOCATION.X=159|LOCATION.Y=691|NAME=Designator|TEXT=C15|UNIQUEID=BPLBRCBG|
RECORD=41|LINENO= 126|OWNERPARTID=   0|OWNERINDEX= 111|FONTID=1|ISHIDDEN=T|LOCATION.X=141|LOCATION.Y=712|NAME=Comment|TEXT=1nF|UNIQUEID=TQRTPRKA|
RECORD=44|LINENO= 127|OWNERPARTID= -42|OWNERINDEX= 111|
RECORD=45|LINENO= 128|OWNERPARTID= -42|OWNERINDEX= 127|DATAFILECOUNT=1|DESCRIPTION=Chip Body 1.0 x 0.5 mm (LxW typ)|ISCURRENT=T|MODELDATAFILE0=SBComponentsFootprints.PcbLib|MODELDATAFILEENTITY0=0402|MODELDATAFILEKIND0=PCBLib|MODELNAME=0402|MODELTYPE=PCBLIB|UNIQUEID=BITGKSUX|
RECORD=46|LINENO= 129|OWNERPARTID= -42|OWNERINDEX= 128|
RECORD=48|LINENO= 130|OWNERPARTID= -42|OWNERINDEX= 128|
RECORD= 1|LINENO= 131|OWNERPARTID=   0|OWNERINDEX= -42|%UTF8%COMPONENTDESCRIPTION=33nF 0402 X7R 50V Â±10%|AREACOLOR=11599871|COMPONENTDESCRIPTION=33nF 0402 X7R 50V ±10%|CURRENTPARTID=1|DESIGNITEMID=33nF|DISPLAYMODECOUNT=1|LIBRARYPATH=*|LIBREFERENCE=33nF|LOCATION.X=230|LOCATION.Y=555|ORIENTATION=1|PARTCOUNT=2|PARTIDLOCKED=T|SOURCELIBRARYNAME=SBComponentsSchematics.SchLib|TARGETFILENAME=*|UNIQUEID=XUIPRUFQ|
RECORD=41|LINENO= 132|OWNERPARTID=   0|OWNERINDEX= 131|FONTID=1|ISHIDDEN=T|LOCATION.X=210|LOCATION.Y=570|NAME=Supplier 1|TEXT=Farnell|UNIQUEID=TUFFMBKX|
RECORD=41|LINENO= 133|OWNERPARTID=   0|OWNERINDEX= 131|FONTID=1|ISHIDDEN=T|LOCATION.X=210|LOCATION.Y=580|NAME=Supplier 2|TEXT=Digi-Key|UNIQUEID=LPPTESGL|
RECORD=41|LINENO= 134|OWNERPARTID=   0|OWNERINDEX= 131|FONTID=1|ISHIDDEN=T|LOCATION.X=210|LOCATION.Y=570|NAME=Supplier Part Number 1|TEXT=2210826|UNIQUEID=FQVIFNVL|
RECORD=41|LINENO= 135|OWNERPARTID=   0|OWNERINDEX= 131|FONTID=1|ISHIDDEN=T|LOCATION.X=210|LOCATION.Y=580|NAME=Supplier Part Number 2|TEXT=445-7334-1-ND|UNIQUEID=SVLPWKQD|
RECORD=41|LINENO= 136|OWNERPARTID=   0|OWNERINDEX= 131|FONTID=1|LOCATION.X=239|LOCATION.Y=541|NAME=Value|TEXT=33nF|UNIQUEID=QOAYEBIR|
RECORD= 2|LINENO= 137|OWNERPARTID=   2|OWNERINDEX= 131|DESIGNATOR=1|ELECTRICAL=4|FORMALTYPE=1|LOCATION.X=230|LOCATION.Y=550|NAME=1|PINCONGLOMERATE=35|PINLENGTH=10|
RECORD=41|LINENO= 138|OWNERPARTID=   0|OWNERINDEX= 137|FONTID=1|ISHIDDEN=T|LOCATION.X=230|LOCATION.Y=550|NAME=PinUniqueId|TEXT=CBALTQHE|UNIQUEID=UJNRLDCE|
RECORD= 2|LINENO= 139|OWNERPARTID=   2|OWNERINDEX= 131|DESIGNATOR=2|ELECTRICAL=4|FORMALTYPE=1|LOCATION.X=230|LOCATION.Y=560|NAME=2|PINCONGLOMERATE=33|PINLENGTH=10|
RECORD=41|LINENO= 140|OWNERPARTID=   0|OWNERINDEX= 139|FONTID=1|ISHIDDEN=T|LOCATION.X=230|LOCATION.Y=560|NAME=PinUniqueId|TEXT=QGRMVQPS|UNIQUEID=MTPQNKMR|
RECORD=13|LINENO= 141|OWNERPARTID=   2|OWNERINDEX= 131|CORNER.X=238|CORNER.Y=557|LINEWIDTH=1|LOCATION.X=222|LOCATION.Y=557|
RECORD=13|LINENO= 142|OWNERPARTID=   2|OWNERINDEX= 131|CORNER.X=222|CORNER.Y=553|LINEWIDTH=1|LOCATION.X=238|LOCATION.Y=553|
RECORD= 6|LINENO= 143|OWNERPARTID=   2|OWNERINDEX= 131|LINEWIDTH=1|LOCATIONCOUNT=2|X1=230|X2=230|Y1=550|Y2=553|
RECORD= 6|LINENO= 144|OWNERPARTID=   2|OWNERINDEX= 131|LINEWIDTH=1|LOCATIONCOUNT=2|X1=230|X2=230|Y1=560|Y2=557|
RECORD=34|LINENO= 145|OWNERPARTID=   0|OWNERINDEX= 131|FONTID=1|LOCATION.X=239|LOCATION.Y=551|NAME=Designator|TEXT=C17|UNIQUEID=HSNIIXHY|
RECORD=41|LINENO= 146|OWNERPARTID=   0|OWNERINDEX= 131|FONTID=1|ISHIDDEN=T|LOCATION.X=221|LOCATION.Y=572|NAME=Comment|TEXT=33nF|UNIQUEID=MVIOXWAN|
RECORD=44|LINENO= 147|OWNERPARTID= -42|OWNERINDEX= 131|
RECORD=45|LINENO= 148|OWNERPARTID= -42|OWNERINDEX= 147|DATAFILECOUNT=1|DESCRIPTION=Chip Body 1.0 x 0.5 mm (LxW typ)|ISCURRENT=T|MODELDATAFILE0=SBComponentsFootprints.PcbLib|MODELDATAFILEENTITY0=0402|MODELDATAFILEKIND0=PCBLib|MODELNAME=0402|MODELTYPE=PCBLIB|UNIQUEID=ROKYGGRN|
RECORD=46|LINENO= 149|OWNERPARTID= -42|OWNERINDEX= 148|
RECORD=48|LINENO= 150|OWNERPARTID= -42|OWNERINDEX= 148|
RECORD= 1|LINENO= 151|OWNERPARTID=   0|OWNERINDEX= -42|%UTF8%COMPONENTDESCRIPTION=22K 0402 1/16W Â±1%|AREACOLOR=11599871|COMPONENTDESCRIPTION=22K 0402 1/16W ±1%|CURRENTPARTID=1|DESIGNITEMID=22K|DISPLAYMODECOUNT=1|LIBRARYPATH=*|LIBREFERENCE=22K|LOCATION.X=440|LOCATION.Y=590|ORIENTATION=1|PARTCOUNT=2|PARTIDLOCKED=T|SOURCELIBRARYNAME=SBComponentsSchematics.SchLib|TARGETFILENAME=*|UNIQUEID=IGSBHENW|
RECORD=41|LINENO= 152|OWNERPARTID=   0|OWNERINDEX= 151|FONTID=1|ISHIDDEN=T|LOCATION.X=418|LOCATION.Y=605|NAME=Supplier 1|TEXT=Farnell|UNIQUEID=BCKQBRRB|
RECORD=41|LINENO= 153|OWNERPARTID=   0|OWNERINDEX= 151|FONTID=1|ISHIDDEN=T|LOCATION.X=418|LOCATION.Y=615|NAME=Supplier 2|TEXT=Digi-Key|UNIQUEID=XEJUEIDI|
RECORD=41|LINENO= 154|OWNERPARTID=   0|OWNERINDEX= 151|FONTID=1|ISHIDDEN=T|LOCATION.X=418|LOCATION.Y=605|NAME=Supplier Part Number 1|TEXT=2072781|UNIQUEID=HOFDHSIY|
RECORD=41|LINENO= 155|OWNERPARTID=   0|OWNERINDEX= 151|FONTID=1|ISHIDDEN=T|LOCATION.X=418|LOCATION.Y=615|NAME=Supplier Part Number 2|TEXT=541-22.0KLCT-ND|UNIQUEID=WVEJNQEG|
RECORD=41|LINENO= 156|OWNERPARTID=   0|OWNERINDEX= 151|FONTID=1|LOCATION.X=444|LOCATION.Y=591|NAME=Value|TEXT=22K|UNIQUEID=LWRELNIV|
RECORD= 2|LINENO= 157|OWNERPARTID=   2|OWNERINDEX= 151|DESIGNATOR=1|ELECTRICAL=4|FORMALTYPE=1|LOCATION.X=440|LOCATION.Y=580|NAME=1|PINCONGLOMERATE=35|PINLENGTH=10|
RECORD=41|LINENO= 158|OWNERPARTID=   0|OWNERINDEX= 157|FONTID=1|ISHIDDEN=T|LOCATION.X=440|LOCATION.Y=580|NAME=PinUniqueId|TEXT=VVCVDLOQ|UNIQUEID=QDVFQHTT|
RECORD= 2|LINENO= 159|OWNERPARTID=   2|OWNERINDEX= 151|DESIGNATOR=2|ELECTRICAL=4|FORMALTYPE=1|LOCATION.X=440|LOCATION.Y=610|NAME=2|PINCONGLOMERATE=33|PINLENGTH=10|
RECORD=41|LINENO= 160|OWNERPARTID=   0|OWNERINDEX= 159|FONTID=1|ISHIDDEN=T|LOCATION.X=440|LOCATION.Y=610|NAME=PinUniqueId|TEXT=YDQLQODQ|UNIQUEID=UDBNCBUD|
RECORD= 6|LINENO= 161|OWNERPARTID=   2|OWNERINDEX= 151|LINEWIDTH=1|LOCATIONCOUNT=7|X1=440|X2=437|X3=443|X4=437|X5=443|X6=437|X7=440|Y1=610|Y2=607|Y3=601|Y4=595|Y5=589|Y6=583|Y7=580|
RECORD=34|LINENO= 162|OWNERPARTID=   0|OWNERINDEX= 151|FONTID=1|LOCATION.X=444|LOCATION.Y=601|NAME=Designator|TEXT=R13|UNIQUEID=WYDQJDNW|
RECORD=41|LINENO= 163|OWNERPARTID=   0|OWNERINDEX= 151|%UTF8%TEXT=22K 0402 1/16W Â±1%|FONTID=1|ISHIDDEN=T|LOCATION.X=435|LOCATION.Y=575|NAME=Comment|TEXT=22K 0402 1/16W ±1%|UNIQUEID=FUHCJXRH|
RECORD=44|LINENO= 164|OWNERPARTID= -42|OWNERINDEX= 151|
RECORD=45|LINENO= 165|OWNERPARTID= -42|OWNERINDEX= 164|DATAFILECOUNT=1|DESCRIPTION=Chip Body 1.0 x 0.5 mm (LxW typ)|ISCURRENT=T|MODELDATAFILE0=SBComponentsFootprints.PcbLib|MODELDATAFILEENTITY0=0402|MODELDATAFILEKIND0=PCBLib|MODELNAME=0402|MODELTYPE=PCBLIB|UNIQUEID=YNXPDWJR|
RECORD=46|LINENO= 166|OWNERPARTID= -42|OWNERINDEX= 165|
RECORD=48|LINENO= 167|OWNERPARTID= -42|OWNERINDEX= 165|
RECORD=25|LINENO= 168|OWNERPARTID=   0|OWNERINDEX= -42|FONTID=1|LOCATION.X=135|LOCATION.Y=625|TEXT=RADIO_SPI|UNIQUEID=PGXMEWML|
RECORD=41|LINENO= 169|OWNERPARTID=   0|OWNERINDEX= -42|FONTID=1|ISHIDDEN=T|NAME=Application_BuildNumber|TEXT=*|UNIQUEID=DTIYTGCT|
RECORD= 1|LINENO= 170|OWNERPARTID=   0|OWNERINDEX= -42|AREACOLOR=11599871|COMPONENTDESCRIPTION=TXC - 7V-16.000MAAE-T, 16MHZ, 30PPM, 12PF - CRYSTAL|CURRENTPARTID=1|DESIGNITEMID=7V-16.000MAAE-T|DISPLAYMODECOUNT=1|LIBRARYPATH=*|LIBREFERENCE=7V-16.000MAAE-T|LOCATION.X=140|LOCATION.Y=450|ORIENTATION=2|PARTCOUNT=2|PARTIDLOCKED=T|SOURCELIBRARYNAME=SBComponentsSchematics.SchLib|TARGETFILENAME=*|UNIQUEID=FAESCULS|
RECORD=41|LINENO= 171|OWNERPARTID=   0|OWNERINDEX= 170|FONTID=1|ISHIDDEN=T|LOCATION.X=113|LOCATION.Y=465|NAME=Supplier 1|TEXT=Digi-Key|UNIQUEID=RKAXIYHI|
RECORD=41|LINENO= 172|OWNERPARTID=   0|OWNERINDEX= 170|FONTID=1|ISHIDDEN=T|LOCATION.X=113|LOCATION.Y=475|NAME=Supplier 2|TEXT=Farnell|UNIQUEID=DMILEDFS|
RECORD=41|LINENO= 173|OWNERPARTID=   0|OWNERINDEX= 170|FONTID=1|ISHIDDEN=T|LOCATION.X=113|LOCATION.Y=465|NAME=Supplier Part Number 1|TEXT=887-1462-1-ND|UNIQUEID=RKMIXTOJ|
RECORD=41|LINENO= 174|OWNERPARTID=   0|OWNERINDEX= 170|FONTID=1|ISHIDDEN=T|LOCATION.X=113|LOCATION.Y=475|NAME=Supplier Part Number 2|TEXT=1892172|UNIQUEID=MCJARJKN|
RECORD= 2|LINENO= 175|OWNERPARTID=   2|OWNERINDEX= 170|DESIGNATOR=2|ELECTRICAL=4|FORMALTYPE=1|LOCATION.X=200|LOCATION.Y=410|NAME=GND|PINCONGLOMERATE=60|PINLENGTH=20|
RECORD=41|LINENO= 176|OWNERPARTID=   0|OWNERINDEX= 175|FONTID=1|NAME=HiddenNetName|TEXT=GND|UNIQUEID=HCFBCMCQ|
RECORD=41|LINENO= 177|OWNERPARTID=   0|OWNERINDEX= 175|FONTID=1|ISHIDDEN=T|LOCATION.X=200|LOCATION.Y=410|NAME=PinUniqueId|TEXT=JABBSQLS|UNIQUEID=KMCFURAC|
RECORD= 2|LINENO= 178|OWNERPARTID=   2|OWNERINDEX= 170|DESIGNATOR=4|ELECTRICAL=4|FORMALTYPE=1|LOCATION.X=200|LOCATION.Y=400|NAME=GND|PINCONGLOMERATE=60|PINLENGTH=20|
RECORD=41|LINENO= 179|OWNERPARTID=   0|OWNERINDEX= 178|FONTID=1|NAME=HiddenNetName|TEXT=GND|UNIQUEID=TPSACDON|
RECORD=41|LINENO= 180|OWNERPARTID=   0|OWNERINDEX= 178|FONTID=1|ISHIDDEN=T|LOCATION.X=200|LOCATION.Y=400|NAME=PinUniqueId|TEXT=YBASECRT|UNIQUEID=AIBQDOKI|
RECORD= 2|LINENO= 181|OWNERPARTID=   2|OWNERINDEX= 170|DESIGNATOR=1|ELECTRICAL=4|FORMALTYPE=1|LOCATION.X=145|LOCATION.Y=450|NAME=X1|PINCONGLOMERATE=48|PINLENGTH=20|
RECORD=41|LINENO= 182|OWNERPARTID=   0|OWNERINDEX= 181|FONTID=1|ISHIDDEN=T|LOCATION.X=145|LOCATION.Y=450|NAME=PinUniqueId|TEXT=MNWYIOUP|UNIQUEID=UUPHSBAQ|
RECORD= 2|LINENO= 183|OWNERPARTID=   2|OWNERINDEX= 170|DESIGNATOR=3|ELECTRICAL=4|FORMALTYPE=1|LOCATION.X=135|LOCATION.Y=450|NAME=X2|PINCONGLOMERATE=50|PINLENGTH=20|
RECORD=41|LINENO= 184|OWNERPARTID=   0|OWNERINDEX= 183|FONTID=1|ISHIDDEN=T|LOCATION.X=135|LOCATION.Y=450|NAME=PinUniqueId|TEXT=SPHGPVTL|UNIQUEID=FLUWTFIL|
RECORD= 6|LINENO= 185|OWNERPARTID=   2|OWNERINDEX= 170|LINEWIDTH=1|LOCATIONCOUNT=2|X1=135|X2=135|Y1=446|Y2=454|
RECORD= 6|LINENO= 186|OWNERPARTID=   2|OWNERINDEX= 170|LINEWIDTH=1|LOCATIONCOUNT=2|X1=143|X2=137|Y1=443|Y2=443|
RECORD= 6|LINENO= 187|OWNERPARTID=   2|OWNERINDEX= 170|LINEWIDTH=1|LOCATIONCOUNT=2|X1=145|X2=145|Y1=446|Y2=454|
RECORD= 6|LINENO= 188|OWNERPARTID=   2|OWNERINDEX= 170|LINEWIDTH=1|LOCATIONCOUNT=4|X1=137|X2=137|X3=143|X4=143|Y1=443|Y2=457|Y3=457|Y4=443|
RECORD=34|LINENO= 189|OWNERPARTID=   0|OWNERINDEX= 170|FONTID=1|LOCATION.X=134|LOCATION.Y=458|NAME=Designator|TEXT=Y2|
RECORD=41|LINENO= 190|OWNERPARTID=   0|OWNERINDEX= 170|FONTID=1|LOCATION.X=150|LOCATION.Y=460|NAME=Comment|TEXT=7V-16.000MAAE-T|UNIQUEID=RDFTGJNP|
RECORD=44|LINENO= 191|OWNERPARTID= -42|OWNERINDEX= 170|
RECORD=45|LINENO= 192|OWNERPARTID= -42|OWNERINDEX= 191|DATAFILECOUNT=1|ISCURRENT=T|MODELDATAFILE0=SBComponentsFootprints.PcbLib|MODELDATAFILEENTITY0=3.2x2.5 CRYSTAL|MODELDATAFILEKIND0=PCBLib|MODELNAME=3.2x2.5 CRYSTAL|MODELTYPE=PCBLIB|UNIQUEID=NFUEQTLV|
RECORD=46|LINENO= 193|OWNERPARTID= -42|OWNERINDEX= 192|
RECORD=48|LINENO= 194|OWNERPARTID= -42|OWNERINDEX= 192|
RECORD= 1|LINENO= 195|OWNERPARTID=   0|OWNERINDEX= -42|%UTF8%COMPONENTDESCRIPTION=22pF 0402 NP0/CG0 50V Â±5%|AREACOLOR=11599871|COMPONENTDESCRIPTION=22pF 0402 NP0/CG0 50V ±5%|CURRENTPARTID=1|DESIGNITEMID=22pF|DISPLAYMODECOUNT=1|LIBRARYPATH=*|LIBREFERENCE=22pF|LOCATION.X=115|LOCATION.Y=400|ORIENTATION=1|PARTCOUNT=2|PARTIDLOCKED=T|SOURCELIBRARYNAME=SBComponentsSchematics.SchLib|TARGETFILENAME=*|UNIQUEID=JYTFKBUV|
RECORD=41|LINENO= 196|OWNERPARTID=   0|OWNERINDEX= 195|FONTID=1|ISHIDDEN=T|LOCATION.X=95|LOCATION.Y=415|NAME=Supplier 1|TEXT=Farnell|UNIQUEID=RHGISOCY|
RECORD=41|LINENO= 197|OWNERPARTID=   0|OWNERINDEX= 195|FONTID=1|ISHIDDEN=T|LOCATION.X=95|LOCATION.Y=425|NAME=Supplier 2|TEXT=Digi-Key|UNIQUEID=PCLNJLPK|
RECORD=41|LINENO= 198|OWNERPARTID=   0|OWNERINDEX= 195|FONTID=1|ISHIDDEN=T|LOCATION.X=95|LOCATION.Y=415|NAME=Supplier Part Number 1|TEXT=1414580|UNIQUEID=VBYJMJHR|
RECORD=41|LINENO= 199|OWNERPARTID=   0|OWNERINDEX= 195|FONTID=1|ISHIDDEN=T|LOCATION.X=95|LOCATION.Y=425|NAME=Supplier Part Number 2|TEXT=490-5868-1-ND|UNIQUEID=NRWIJYIC|
RECORD=41|LINENO= 200|OWNERPARTID=   0|OWNERINDEX= 195|FONTID=1|LOCATION.X=124|LOCATION.Y=386|NAME=Value|TEXT=22pF|UNIQUEID=XWWTDWCR|
RECORD= 2|LINENO= 201|OWNERPARTID=   2|OWNERINDEX= 195|DESIGNATOR=1|ELECTRICAL=4|FORMALTYPE=1|LOCATION.X=115|LOCATION.Y=395|NAME=1|PINCONGLOMERATE=35|PINLENGTH=10|
RECORD=41|LINENO= 202|OWNERPARTID=   0|OWNERINDEX= 201|FONTID=1|ISHIDDEN=T|LOCATION.X=115|LOCATION.Y=395|NAME=PinUniqueId|TEXT=CHGWETGL|UNIQUEID=EPRWXJWG|
RECORD= 2|LINENO= 203|OWNERPARTID=   2|OWNERINDEX= 195|DESIGNATOR=2|ELECTRICAL=4|FORMALTYPE=1|LOCATION.X=115|LOCATION.Y=405|NAME=2|PINCONGLOMERATE=33|PINLENGTH=10|
RECORD=41|LINENO= 204|OWNERPARTID=   0|OWNERINDEX= 203|FONTID=1|ISHIDDEN=T|LOCATION.X=115|LOCATION.Y=405|NAME=PinUniqueId|TEXT=HTGQOWBG|UNIQUEID=QTHKWQRF|
RECORD=13|LINENO= 205|OWNERPARTID=   2|OWNERINDEX= 195|CORNER.X=123|CORNER.Y=402|LINEWIDTH=1|LOCATION.X=107|LOCATION.Y=402|
RECORD=13|LINENO= 206|OWNERPARTID=   2|OWNERINDEX= 195|CORNER.X=107|CORNER.Y=398|LINEWIDTH=1|LOCATION.X=123|LOCATION.Y=398|
RECORD= 6|LINENO= 207|OWNERPARTID=   2|OWNERINDEX= 195|LINEWIDTH=1|LOCATIONCOUNT=2|X1=115|X2=115|Y1=395|Y2=398|
RECORD= 6|LINENO= 208|OWNERPARTID=   2|OWNERINDEX= 195|LINEWIDTH=1|LOCATIONCOUNT=2|X1=115|X2=115|Y1=405|Y2=402|
RECORD=34|LINENO= 209|OWNERPARTID=   0|OWNERINDEX= 195|FONTID=1|LOCATION.X=124|LOCATION.Y=396|NAME=Designator|TEXT=C18|
RECORD=41|LINENO= 210|OWNERPARTID=   0|OWNERINDEX= 195|FONTID=1|ISHIDDEN=T|LOCATION.X=106|LOCATION.Y=417|NAME=Comment|TEXT=22pF|UNIQUEID=QIDJPDRD|
RECORD=44|LINENO= 211|OWNERPARTID= -42|OWNERINDEX= 195|
RECORD=45|LINENO= 212|OWNERPARTID= -42|OWNERINDEX= 211|DATAFILECOUNT=1|DESCRIPTION=Chip Body 1.0 x 0.5 mm (LxW typ)|ISCURRENT=T|MODELDATAFILE0=SBComponentsFootprints.PcbLib|MODELDATAFILEENTITY0=0402|MODELDATAFILEKIND0=PCBLib|MODELNAME=0402|MODELTYPE=PCBLIB|UNIQUEID=QVCVBFWY|
RECORD=46|LINENO= 213|OWNERPARTID= -42|OWNERINDEX= 212|
RECORD=48|LINENO= 214|OWNERPARTID= -42|OWNERINDEX= 212|
RECORD= 1|LINENO= 215|OWNERPARTID=   0|OWNERINDEX= -42|%UTF8%COMPONENTDESCRIPTION=22pF 0402 NP0/CG0 50V Â±5%|AREACOLOR=11599871|COMPONENTDESCRIPTION=22pF 0402 NP0/CG0 50V ±5%|CURRENTPARTID=1|DESIGNITEMID=22pF|DISPLAYMODECOUNT=1|LIBRARYPATH=*|LIBREFERENCE=22pF|LOCATION.X=165|LOCATION.Y=400|ORIENTATION=1|PARTCOUNT=2|PARTIDLOCKED=T|SOURCELIBRARYNAME=SBComponentsSchematics.SchLib|TARGETFILENAME=*|UNIQUEID=VDEDLYGJ|
RECORD=41|LINENO= 216|OWNERPARTID=   0|OWNERINDEX= 215|FONTID=1|ISHIDDEN=T|LOCATION.X=145|LOCATION.Y=415|NAME=Supplier 1|TEXT=Farnell|UNIQUEID=OBOJLYXC|
RECORD=41|LINENO= 217|OWNERPARTID=   0|OWNERINDEX= 215|FONTID=1|ISHIDDEN=T|LOCATION.X=145|LOCATION.Y=425|NAME=Supplier 2|TEXT=Digi-Key|UNIQUEID=PVDUQTNG|
RECORD=41|LINENO= 218|OWNERPARTID=   0|OWNERINDEX= 215|FONTID=1|ISHIDDEN=T|LOCATION.X=145|LOCATION.Y=415|NAME=Supplier Part Number 1|TEXT=1414580|UNIQUEID=OJQHBUAA|
RECORD=41|LINENO= 219|OWNERPARTID=   0|OWNERINDEX= 215|FONTID=1|ISHIDDEN=T|LOCATION.X=145|LOCATION.Y=425|NAME=Supplier Part Number 2|TEXT=490-5868-1-ND|UNIQUEID=GLPYRESQ|
RECORD=41|LINENO= 220|OWNERPARTID=   0|OWNERINDEX= 215|FONTID=1|LOCATION.X=174|LOCATION.Y=386|NAME=Value|TEXT=22pF|UNIQUEID=HIXSULRD|
RECORD= 2|LINENO= 221|OWNERPARTID=   2|OWNERINDEX= 215|DESIGNATOR=1|ELECTRICAL=4|FORMALTYPE=1|LOCATION.X=165|LOCATION.Y=395|NAME=1|PINCONGLOMERATE=35|PINLENGTH=10|
RECORD=41|LINENO= 222|OWNERPARTID=   0|OWNERINDEX= 221|FONTID=1|ISHIDDEN=T|LOCATION.X=165|LOCATION.Y=395|NAME=PinUniqueId|TEXT=QDRWSTKO|UNIQUEID=SNIYRNFB|
RECORD= 2|LINENO= 223|OWNERPARTID=   2|OWNERINDEX= 215|DESIGNATOR=2|ELECTRICAL=4|FORMALTYPE=1|LOCATION.X=165|LOCATION.Y=405|NAME=2|PINCONGLOMERATE=33|PINLENGTH=10|
RECORD=41|LINENO= 224|OWNERPARTID=   0|OWNERINDEX= 223|FONTID=1|ISHIDDEN=T|LOCATION.X=165|LOCATION.Y=405|NAME=PinUniqueId|TEXT=IXHFXHYQ|UNIQUEID=FNFRIBTE|
RECORD=13|LINENO= 225|OWNERPARTID=   2|OWNERINDEX= 215|CORNER.X=173|CORNER.Y=402|LINEWIDTH=1|LOCATION.X=157|LOCATION.Y=402|
RECORD=13|LINENO= 226|OWNERPARTID=   2|OWNERINDEX= 215|CORNER.X=157|CORNER.Y=398|LINEWIDTH=1|LOCATION.X=173|LOCATION.Y=398|
RECORD= 6|LINENO= 227|OWNERPARTID=   2|OWNERINDEX= 215|LINEWIDTH=1|LOCATIONCOUNT=2|X1=165|X2=165|Y1=395|Y2=398|
RECORD= 6|LINENO= 228|OWNERPARTID=   2|OWNERINDEX= 215|LINEWIDTH=1|LOCATIONCOUNT=2|X1=165|X2=165|Y1=405|Y2=402|
RECORD=34|LINENO= 229|OWNERPARTID=   0|OWNERINDEX= 215|FONTID=1|LOCATION.X=174|LOCATION.Y=396|NAME=Designator|TEXT=C19|
RECORD=41|LINENO= 230|OWNERPARTID=   0|OWNERINDEX= 215|FONTID=1|ISHIDDEN=T|LOCATION.X=156|LOCATION.Y=417|NAME=Comment|TEXT=22pF|UNIQUEID=SEWNBIOT|
RECORD=44|LINENO= 231|OWNERPARTID= -42|OWNERINDEX= 215|
RECORD=45|LINENO= 232|OWNERPARTID= -42|OWNERINDEX= 231|DATAFILECOUNT=1|DESCRIPTION=Chip Body 1.0 x 0.5 mm (LxW typ)|ISCURRENT=T|MODELDATAFILE0=SBComponentsFootprints.PcbLib|MODELDATAFILEENTITY0=0402|MODELDATAFILEKIND0=PCBLib|MODELNAME=0402|MODELTYPE=PCBLIB|UNIQUEID=RYOCKYPK|
RECORD=46|LINENO= 233|OWNERPARTID= -42|OWNERINDEX= 232|
RECORD=48|LINENO= 234|OWNERPARTID= -42|OWNERINDEX= 232|
RECORD=25|LINENO= 235|OWNERPARTID=   0|OWNERINDEX= -42|FONTID=1|LOCATION.X=410|LOCATION.Y=690|TEXT=ANT1|UNIQUEID=OJHHIJXA|
RECORD=25|LINENO= 236|OWNERPARTID=   0|OWNERINDEX= -42|FONTID=1|LOCATION.X=410|LOCATION.Y=700|TEXT=ANT2|UNIQUEID=TPTPXHUL|
RECORD=25|LINENO= 237|OWNERPARTID=   0|OWNERINDEX= -42|FONTID=1|LOCATION.X=410|LOCATION.Y=670|TEXT=VDD_PA|UNIQUEID=RAPSHTQN|
RECORD= 6|LINENO= 238|OWNERPARTID=   0|OWNERINDEX= -42|LINEWIDTH=2|LOCATIONCOUNT=3|X1=20|X2=500|X3=500|Y1=480|Y2=480|Y3=740|
RECORD= 6|LINENO= 239|OWNERPARTID=   0|OWNERINDEX= -42|LINEWIDTH=2|LOCATIONCOUNT=3|X1=20|X2=270|X3=270|Y1=330|Y2=330|Y3=480|
RECORD= 6|LINENO= 240|OWNERPARTID=   0|OWNERINDEX= -42|LINEWIDTH=2|LOCATIONCOUNT=3|X1=270|X2=190|X3=190|Y1=370|Y2=370|Y3=330|
RECORD= 6|LINENO= 241|OWNERPARTID=   0|OWNERINDEX= -42|LINEWIDTH=2|LOCATIONCOUNT=3|X1=500|X2=380|X3=380|Y1=510|Y2=510|Y3=480|
RECORD= 1|LINENO= 242|OWNERPARTID=   0|OWNERINDEX= -42|%UTF8%COMPONENTDESCRIPTION=1M 0402 1/16W Â±1%|AREACOLOR=11599871|COMPONENTDESCRIPTION=1M 0402 1/16W ±1%|CURRENTPARTID=1|DESIGNITEMID=1M|DISPLAYMODECOUNT=1|LIBRARYPATH=*|LIBREFERENCE=1M|LOCATION.X=135|LOCATION.Y=425|PARTCOUNT=2|PARTIDLOCKED=T|SOURCELIBRARYNAME=SBComponentsSchematics.SchLib|TARGETFILENAME=*|UNIQUEID=AWXFXVTG|
RECORD=41|LINENO= 243|OWNERPARTID=   0|OWNERINDEX= 242|FONTID=1|ISHIDDEN=T|LOCATION.X=113|LOCATION.Y=440|NAME=Supplier 1|TEXT=Farnell|UNIQUEID=ITLGDYFD|
RECORD=41|LINENO= 244|OWNERPARTID=   0|OWNERINDEX= 242|FONTID=1|ISHIDDEN=T|LOCATION.X=113|LOCATION.Y=440|NAME=Supplier Part Number 1|TEXT=2072521|UNIQUEID=VGRODEIV|
RECORD=41|LINENO= 245|OWNERPARTID=   0|OWNERINDEX= 242|FONTID=1|ISHIDDEN=T|LOCATION.X=113|LOCATION.Y=440|NAME=Supplier 2|TEXT=Digi-Key|UNIQUEID=ULBFIPUL|
RECORD=41|LINENO= 246|OWNERPARTID=   0|OWNERINDEX= 242|FONTID=1|ISHIDDEN=T|LOCATION.X=113|LOCATION.Y=440|NAME=Supplier Part Number 2|TEXT=P1.00MLCT-ND|UNIQUEID=BAHTSMMY|
RECORD=41|LINENO= 247|OWNERPARTID=   0|OWNERINDEX= 242|FONTID=1|LOCATION.X=124|LOCATION.Y=411|NAME=Value|TEXT=1M|UNIQUEID=WFIXFJDI|
RECORD= 2|LINENO= 248|OWNERPARTID=   2|OWNERINDEX= 242|DESIGNATOR=1|ELECTRICAL=4|FORMALTYPE=1|LOCATION.X=125|LOCATION.Y=425|NAME=1|PINCONGLOMERATE=34|PINLENGTH=10|
RECORD=41|LINENO= 249|OWNERPARTID=   0|OWNERINDEX= 248|FONTID=1|ISHIDDEN=T|LOCATION.X=125|LOCATION.Y=425|NAME=PinUniqueId|TEXT=MVFFWHKI|UNIQUEID=OTBIEGDQ|
RECORD= 2|LINENO= 250|OWNERPARTID=   2|OWNERINDEX= 242|DESIGNATOR=2|ELECTRICAL=4|FORMALTYPE=1|LOCATION.X=155|LOCATION.Y=425|NAME=2|PINCONGLOMERATE=32|PINLENGTH=10|
RECORD=41|LINENO= 251|OWNERPARTID=   0|OWNERINDEX= 250|FONTID=1|ISHIDDEN=T|LOCATION.X=155|LOCATION.Y=425|NAME=PinUniqueId|TEXT=IOCTSALF|UNIQUEID=EVRMUUTT|
RECORD= 6|LINENO= 252|OWNERPARTID=   2|OWNERINDEX= 242|LINEWIDTH=1|LOCATIONCOUNT=7|X1=155|X2=152|X3=146|X4=140|X5=134|X6=128|X7=125|Y1=425|Y2=428|Y3=422|Y4=428|Y5=422|Y6=428|Y7=425|
RECORD=34|LINENO= 253|OWNERPARTID=   0|OWNERINDEX= 242|FONTID=1|LOCATION.X=124|LOCATION.Y=429|NAME=Designator|TEXT=R14|
RECORD=41|LINENO= 254|OWNERPARTID=   0|OWNERINDEX= 242|FONTID=1|ISHIDDEN=T|LOCATION.X=130|LOCATION.Y=410|NAME=Comment|TEXT=1M|UNIQUEID=NIFRUFEO|
RECORD=44|LINENO= 255|OWNERPARTID= -42|OWNERINDEX= 242|
RECORD=45|LINENO= 256|OWNERPARTID= -42|OWNERINDEX= 255|DATAFILECOUNT=1|DESCRIPTION=Chip Body 1.0 x 0.5 mm (LxW typ)|ISCURRENT=T|MODELDATAFILE0=SBComponentsFootprints.PcbLib|MODELDATAFILEENTITY0=0402|MODELDATAFILEKIND0=PCBLib|MODELNAME=0402|MODELTYPE=PCBLIB|UNIQUEID=EBPFCEFR|
RECORD=46|LINENO= 257|OWNERPARTID= -42|OWNERINDEX= 256|
RECORD=48|LINENO= 258|OWNERPARTID= -42|OWNERINDEX= 256|
RECORD= 1|LINENO= 259|OWNERPARTID=   0|OWNERINDEX= -42|AREACOLOR=11599871|COMPONENTDESCRIPTION=Johanson Technology Impedance Matched Balun Filter Integrated Passive for nRF24L01|CURRENTPARTID=1|DESIGNITEMID=2450BM14A0002T|DISPLAYMODECOUNT=1|LIBRARYPATH=*|LIBREFERENCE=2450BM14A0002T|LOCATION.X=690|LOCATION.Y=680|PARTCOUNT=2|PARTIDLOCKED=T|SOURCELIBRARYNAME=SBComponentsSchematics.SchLib|TARGETFILENAME=*|UNIQUEID=WFKLVXEF|
RECORD=41|LINENO= 260|OWNERPARTID=   0|OWNERINDEX= 259|FONTID=1|ISHIDDEN=T|LOCATION.X=628|LOCATION.Y=710|NAME=Supplier 1|TEXT=Farnell|UNIQUEID=PFCMGABD|
RECORD=41|LINENO= 261|OWNERPARTID=   0|OWNERINDEX= 259|FONTID=1|ISHIDDEN=T|LOCATION.X=628|LOCATION.Y=720|NAME=Supplier 2|TEXT=Digi-Key|UNIQUEID=TIJWJVJC|
RECORD=41|LINENO= 262|OWNERPARTID=   0|OWNERINDEX= 259|FONTID=1|ISHIDDEN=T|LOCATION.X=628|LOCATION.Y=710|NAME=Supplier Part Number 1|TEXT=2148533|UNIQUEID=RVRWQSTO|
RECORD=41|LINENO= 263|OWNERPARTID=   0|OWNERINDEX= 259|FONTID=1|ISHIDDEN=T|LOCATION.X=628|LOCATION.Y=720|NAME=Supplier Part Number 2|TEXT=712-1574-1-ND|UNIQUEID=MVHROWUO|
RECORD=14|LINENO= 264|OWNERPARTID=   2|OWNERINDEX= 259|AREACOLOR=11599871|CORNER.X=725|CORNER.Y=710|ISSOLID=T|LOCATION.X=655|LOCATION.Y=650|
RECORD= 2|LINENO= 265|OWNERPARTID=   2|OWNERINDEX= 259|DESIGNATOR=1|ELECTRICAL=4|FORMALTYPE=1|LOCATION.X=725|LOCATION.Y=700|NAME=Unbal|PINCONGLOMERATE=56|PINLENGTH=20|
RECORD=41|LINENO= 266|OWNERPARTID=   0|OWNERINDEX= 265|FONTID=1|NAME=HiddenNetName|TEXT=GND|UNIQUEID=MDCWDKSX|
RECORD=41|LINENO= 267|OWNERPARTID=   0|OWNERINDEX= 265|FONTID=1|ISHIDDEN=T|LOCATION.X=725|LOCATION.Y=700|NAME=PinUniqueId|TEXT=AFYWMULS|UNIQUEID=KDCMYMTF|
RECORD= 2|LINENO= 268|OWNERPARTID=   2|OWNERINDEX= 259|%UTF8%SWAPIDPART=Â¦&Â¦1|DESIGNATOR=2|ELECTRICAL=4|FORMALTYPE=1|LOCATION.X=725|LOCATION.Y=660|NAME=GND|PINCONGLOMERATE=56|PINLENGTH=20|SWAPIDPART=Ž&Ž1|
RECORD=41|LINENO= 269|OWNERPARTID=   0|OWNERINDEX= 268|FONTID=1|NAME=HiddenNetName|TEXT=GND|UNIQUEID=VWICTXQO|
RECORD=41|LINENO= 270|OWNERPARTID=   0|OWNERINDEX= 268|FONTID=1|ISHIDDEN=T|LOCATION.X=725|LOCATION.Y=660|NAME=PinUniqueId|TEXT=XNEJBXTX|UNIQUEID=PMQNSSBN|
RECORD= 2|LINENO= 271|OWNERPARTID=   2|OWNERINDEX= 259|%UTF8%SWAPIDPART=Â¦&Â¦1|DESIGNATOR=3|ELECTRICAL=4|FORMALTYPE=1|LOCATION.X=655|LOCATION.Y=700|NAME=BAL1|PINCONGLOMERATE=58|PINLENGTH=20|SWAPIDPART=Ž&Ž1|
RECORD=41|LINENO= 272|OWNERPARTID=   0|OWNERINDEX= 271|FONTID=1|NAME=HiddenNetName|TEXT=GND|UNIQUEID=WRRIFVQK|
RECORD=41|LINENO= 273|OWNERPARTID=   0|OWNERINDEX= 271|FONTID=1|ISHIDDEN=T|LOCATION.X=655|LOCATION.Y=700|NAME=PinUniqueId|TEXT=OYNNIQGJ|UNIQUEID=MEADLDEG|
RECORD= 2|LINENO= 274|OWNERPARTID=   2|OWNERINDEX= 259|%UTF8%SWAPIDPART=Â¦&Â¦1|DESIGNATOR=4|ELECTRICAL=4|FORMALTYPE=1|LOCATION.X=655|LOCATION.Y=680|NAME=BAL2|PINCONGLOMERATE=58|PINLENGTH=20|SWAPIDPART=Ž&Ž1|
RECORD=41|LINENO= 275|OWNERPARTID=   0|OWNERINDEX= 274|FONTID=1|NAME=HiddenNetName|TEXT=GND|UNIQUEID=APDKOFNA|
RECORD=41|LINENO= 276|OWNERPARTID=   0|OWNERINDEX= 274|FONTID=1|ISHIDDEN=T|LOCATION.X=655|LOCATION.Y=680|NAME=PinUniqueId|TEXT=NNPKBAJW|UNIQUEID=VDEAAJIR|
RECORD= 2|LINENO= 277|OWNERPARTID=   2|OWNERINDEX= 259|%UTF8%SWAPIDPART=Â¦&Â¦1|DESIGNATOR=5|ELECTRICAL=4|FORMALTYPE=1|LOCATION.X=655|LOCATION.Y=660|NAME=DC|PINCONGLOMERATE=58|PINLENGTH=20|SWAPIDPART=Ž&Ž1|
RECORD=41|LINENO= 278|OWNERPARTID=   0|OWNERINDEX= 277|FONTID=1|NAME=HiddenNetName|TEXT=GND|UNIQUEID=UDYXCWQV|
RECORD=41|LINENO= 279|OWNERPARTID=   0|OWNERINDEX= 277|FONTID=1|ISHIDDEN=T|LOCATION.X=655|LOCATION.Y=660|NAME=PinUniqueId|TEXT=HGCYPSPG|UNIQUEID=WDAHCWGN|
RECORD= 2|LINENO= 280|OWNERPARTID=   2|OWNERINDEX= 259|%UTF8%SWAPIDPART=Â¦&Â¦1|DESIGNATOR=6|ELECTRICAL=4|FORMALTYPE=1|LOCATION.X=725|LOCATION.Y=680|NAME=NC|PINCONGLOMERATE=56|PINLENGTH=20|SWAPIDPART=Ž&Ž1|
RECORD=41|LINENO= 281|OWNERPARTID=   0|OWNERINDEX= 280|FONTID=1|NAME=HiddenNetName|TEXT=GND|UNIQUEID=JTAVLRSB|
RECORD=41|LINENO= 282|OWNERPARTID=   0|OWNERINDEX= 280|FONTID=1|ISHIDDEN=T|LOCATION.X=725|LOCATION.Y=680|NAME=PinUniqueId|TEXT=BTBDYXMW|UNIQUEID=IRXGJARD|
RECORD=34|LINENO= 283|OWNERPARTID=   0|OWNERINDEX= 259|FONTID=1|LOCATION.X=655|LOCATION.Y=710|NAME=Designator|TEXT=B1|
RECORD=41|LINENO= 284|OWNERPARTID=   0|OWNERINDEX= 259|FONTID=1|ISHIDDEN=T|LOCATION.X=633|LOCATION.Y=710|NAME=Comment|TEXT=2450BM14A0002T|UNIQUEID=GHYSFNTM|
RECORD=44|LINENO= 285|OWNERPARTID= -42|OWNERINDEX= 259|
RECORD=45|LINENO= 286|OWNERPARTID= -42|OWNERINDEX= 285|DATAFILECOUNT=1|DESCRIPTION=2.45 GHz Impedance Matched Balun-Filter: Optimized for Nordic's Chipset nRF24L01|ISCURRENT=T|MODELDATAFILE0=SBComponentsFootprints.PcbLib|MODELDATAFILEENTITY0=2450BM14A0002|MODELDATAFILEKIND0=PCBLib|MODELNAME=2450BM14A0002|MODELTYPE=PCBLIB|UNIQUEID=WXLMULHH|
RECORD=46|LINENO= 287|OWNERPARTID= -42|OWNERINDEX= 286|
RECORD=48|LINENO= 288|OWNERPARTID= -42|OWNERINDEX= 286|
RECORD= 4|LINENO= 289|OWNERPARTID=   0|OWNERINDEX= -42|FONTID=3|LOCATION.X=760|LOCATION.Y=565|TEXT=Antenna Circuit (Balun)|
RECORD= 1|LINENO= 290|OWNERPARTID=   0|OWNERINDEX= -42|%UTF8%COMPONENTDESCRIPTION=2.2nF 0402 X7R 50V Â±10%|AREACOLOR=11599871|COMPONENTDESCRIPTION=2.2nF 0402 X7R 50V ±10%|CURRENTPARTID=1|DESIGNITEMID=2.2nF|DISPLAYMODECOUNT=1|LIBRARYPATH=*|LIBREFERENCE=2.2nF|LOCATION.X=630|LOCATION.Y=645|ORIENTATION=1|PARTCOUNT=2|PARTIDLOCKED=T|SOURCELIBRARYNAME=SBComponentsSchematics.SchLib|TARGETFILENAME=*|UNIQUEID=LXAAJKHA|
RECORD=41|LINENO= 291|OWNERPARTID=   0|OWNERINDEX= 290|FONTID=1|ISHIDDEN=T|LOCATION.X=610|LOCATION.Y=660|NAME=Supplier 1|TEXT=Farnell|UNIQUEID=HQUPRRRQ|
RECORD=41|LINENO= 292|OWNERPARTID=   0|OWNERINDEX= 290|FONTID=1|ISHIDDEN=T|LOCATION.X=610|LOCATION.Y=670|NAME=Supplier 2|TEXT=Digi-Key|UNIQUEID=XIYDPCNP|
RECORD=41|LINENO= 293|OWNERPARTID=   0|OWNERINDEX= 290|FONTID=1|ISHIDDEN=T|LOCATION.X=610|LOCATION.Y=660|NAME=Supplier Part Number 1|TEXT=1414582|UNIQUEID=VEVIFYRW|
RECORD=41|LINENO= 294|OWNERPARTID=   0|OWNERINDEX= 290|FONTID=1|ISHIDDEN=T|LOCATION.X=610|LOCATION.Y=670|NAME=Supplier Part Number 2|TEXT=399-3068-1-ND|UNIQUEID=YFWJPETI|
RECORD=41|LINENO= 295|OWNERPARTID=   0|OWNERINDEX= 290|FONTID=1|LOCATION.X=639|LOCATION.Y=631|NAME=Value|TEXT=2.2nF|UNIQUEID=KAEDMGXR|
RECORD= 2|LINENO= 296|OWNERPARTID=   2|OWNERINDEX= 290|DESIGNATOR=1|ELECTRICAL=4|FORMALTYPE=1|LOCATION.X=630|LOCATION.Y=640|NAME=1|PINCONGLOMERATE=35|PINLENGTH=10|
RECORD=41|LINENO= 297|OWNERPARTID=   0|OWNERINDEX= 296|FONTID=1|ISHIDDEN=T|LOCATION.X=630|LOCATION.Y=640|NAME=PinUniqueId|TEXT=AWPFJIEL|UNIQUEID=KLWTUFJQ|
RECORD= 2|LINENO= 298|OWNERPARTID=   2|OWNERINDEX= 290|DESIGNATOR=2|ELECTRICAL=4|FORMALTYPE=1|LOCATION.X=630|LOCATION.Y=650|NAME=2|PINCONGLOMERATE=33|PINLENGTH=10|
RECORD=41|LINENO= 299|OWNERPARTID=   0|OWNERINDEX= 298|FONTID=1|ISHIDDEN=T|LOCATION.X=630|LOCATION.Y=650|NAME=PinUniqueId|TEXT=UWEARGAT|UNIQUEID=RXSNRUKA|
RECORD=13|LINENO= 300|OWNERPARTID=   2|OWNERINDEX= 290|CORNER.X=638|CORNER.Y=647|LINEWIDTH=1|LOCATION.X=622|LOCATION.Y=647|
RECORD=13|LINENO= 301|OWNERPARTID=   2|OWNERINDEX= 290|CORNER.X=622|CORNER.Y=643|LINEWIDTH=1|LOCATION.X=638|LOCATION.Y=643|
RECORD= 6|LINENO= 302|OWNERPARTID=   2|OWNERINDEX= 290|LINEWIDTH=1|LOCATIONCOUNT=2|X1=630|X2=630|Y1=640|Y2=643|
RECORD= 6|LINENO= 303|OWNERPARTID=   2|OWNERINDEX= 290|LINEWIDTH=1|LOCATIONCOUNT=2|X1=630|X2=630|Y1=650|Y2=647|
RECORD=34|LINENO= 304|OWNERPARTID=   0|OWNERINDEX= 290|FONTID=1|LOCATION.X=639|LOCATION.Y=641|NAME=Designator|TEXT=C16|
RECORD=41|LINENO= 305|OWNERPARTID=   0|OWNERINDEX= 290|FONTID=1|ISHIDDEN=T|LOCATION.X=621|LOCATION.Y=662|NAME=Comment|TEXT=2.2nF|UNIQUEID=BLIYXCXI|
RECORD=44|LINENO= 306|OWNERPARTID= -42|OWNERINDEX= 290|
RECORD=45|LINENO= 307|OWNERPARTID= -42|OWNERINDEX= 306|DATAFILECOUNT=1|DESCRIPTION=Chip Body 1.0 x 0.5 mm (LxW typ)|ISCURRENT=T|MODELDATAFILE0=SBComponentsFootprints.PcbLib|MODELDATAFILEENTITY0=0402|MODELDATAFILEKIND0=PCBLib|MODELNAME=0402|MODELTYPE=PCBLIB|UNIQUEID=CAIGKTXR|
RECORD=46|LINENO= 308|OWNERPARTID= -42|OWNERINDEX= 307|
RECORD=48|LINENO= 309|OWNERPARTID= -42|OWNERINDEX= 307|
RECORD=25|LINENO= 310|OWNERPARTID=   0|OWNERINDEX= -42|FONTID=1|LOCATION.X=590|LOCATION.Y=680|TEXT=ANT1|UNIQUEID=JWYALDAF|
RECORD=25|LINENO= 311|OWNERPARTID=   0|OWNERINDEX= -42|FONTID=1|LOCATION.X=590|LOCATION.Y=700|TEXT=ANT2|UNIQUEID=CHFBBKIL|
RECORD=25|LINENO= 312|OWNERPARTID=   0|OWNERINDEX= -42|FONTID=1|LOCATION.X=590|LOCATION.Y=660|TEXT=VDD_PA|UNIQUEID=HCOOVYFE|
RECORD= 6|LINENO= 313|OWNERPARTID=   0|OWNERINDEX= -42|LINEWIDTH=2|LOCATIONCOUNT=3|X1=500|X2=985|X3=985|Y1=560|Y2=560|Y3=740|
RECORD= 6|LINENO= 314|OWNERPARTID=   0|OWNERINDEX= -42|LINEWIDTH=2|LOCATIONCOUNT=3|X1=985|X2=755|X3=755|Y1=590|Y2=590|Y3=560|
RECORD= 1|LINENO= 315|OWNERPARTID=   0|OWNERINDEX= -42|AREACOLOR=11599871|COMPONENTDESCRIPTION=JOHNSON  142-4701-801  SMA FEMELLE REVERSE POLARITY TERMINAISON|CURRENTPARTID=1|DESIGNITEMID=142-4701-801|DISPLAYMODECOUNT=1|ISMIRRORED=T|LIBRARYPATH=*|LIBREFERENCE=142-4701-801|LOCATION.X=905|LOCATION.Y=700|PARTCOUNT=2|PARTIDLOCKED=T|SOURCELIBRARYNAME=SBComponentsSchematics.SchLib|TARGETFILENAME=*|UNIQUEID=CSUFAEIK|
RECORD=41|LINENO= 316|OWNERPARTID=   0|OWNERINDEX= 315|FONTID=1|ISHIDDEN=T|ISMIRRORED=T|LOCATION.X=883|LOCATION.Y=710|NAME=Supplier 1|TEXT=Farnell|UNIQUEID=DDMAMVAV|
RECORD=41|LINENO= 317|OWNERPARTID=   0|OWNERINDEX= 315|FONTID=1|ISHIDDEN=T|ISMIRRORED=T|LOCATION.X=883|LOCATION.Y=710|NAME=Supplier Part Number 1|TEXT=2340523|UNIQUEID=PGYVGODO|
RECORD=41|LINENO= 318|OWNERPARTID=   0|OWNERINDEX= 315|FONTID=1|ISHIDDEN=T|ISMIRRORED=T|LOCATION.X=883|LOCATION.Y=710|NAME=Supplier 2|TEXT=Digi-Key|UNIQUEID=WKTSOVRC|
RECORD=41|LINENO= 319|OWNERPARTID=   0|OWNERINDEX= 315|FONTID=1|ISHIDDEN=T|ISMIRRORED=T|LOCATION.X=883|LOCATION.Y=710|NAME=Supplier Part Number 2|TEXT=J917-ND|UNIQUEID=ODGOOCQL|
RECORD= 2|LINENO= 320|OWNERPARTID=   2|OWNERINDEX= 315|DESIGNATOR=1|ELECTRICAL=4|FORMALTYPE=1|LOCATION.X=895|LOCATION.Y=700|NAME=X|PINCONGLOMERATE=34|PINLENGTH=10|
RECORD=41|LINENO= 321|OWNERPARTID=   0|OWNERINDEX= 320|FONTID=1|ISHIDDEN=T|LOCATION.X=895|LOCATION.Y=700|NAME=PinUniqueId|TEXT=HSJFCNYD|UNIQUEID=LDUKFTAB|
RECORD= 2|LINENO= 322|OWNERPARTID=   2|OWNERINDEX= 315|DESIGNATOR=2|ELECTRICAL=4|FORMALTYPE=1|LOCATION.X=905|LOCATION.Y=690|NAME=Y|PINCONGLOMERATE=35|PINLENGTH=10|
RECORD=41|LINENO= 323|OWNERPARTID=   0|OWNERINDEX= 322|FONTID=1|ISHIDDEN=T|LOCATION.X=905|LOCATION.Y=690|NAME=PinUniqueId|TEXT=VUILCYWS|UNIQUEID=JPBOCDOI|
RECORD= 8|LINENO= 324|OWNERPARTID=   2|OWNERINDEX= 315|AREACOLOR=16711680|ISSOLID=T|LINEWIDTH=1|LOCATION.X=905|LOCATION.Y=700|RADIUS=2|SECONDARYRADIUS=2|
RECORD=11|LINENO= 325|OWNERPARTID=   2|OWNERINDEX= 315|ENDANGLE=360.000|LINEWIDTH=1|LOCATION.X=905|LOCATION.Y=700|RADIUS=10|SECONDARYRADIUS=10|
RECORD= 6|LINENO= 326|OWNERPARTID=   2|OWNERINDEX= 315|LINEWIDTH=1|LOCATIONCOUNT=2|X1=903|X2=902|Y1=700|Y2=700|
RECORD= 6|LINENO= 327|OWNERPARTID=   2|OWNERINDEX= 315|LINEWIDTH=1|LOCATIONCOUNT=2|X1=900|X2=899|Y1=700|Y2=700|
RECORD= 6|LINENO= 328|OWNERPARTID=   2|OWNERINDEX= 315|LINEWIDTH=1|LOCATIONCOUNT=2|X1=896|X2=897|Y1=700|Y2=700|
RECORD=34|LINENO= 329|OWNERPARTID=   0|OWNERINDEX= 315|FONTID=1|ISMIRRORED=T|LOCATION.X=920|LOCATION.Y=700|NAME=Designator|TEXT=A1|UNIQUEID=WTNJCWXM|
RECORD=41|LINENO= 330|OWNERPARTID=   0|OWNERINDEX= 315|FONTID=1|ISHIDDEN=T|ISMIRRORED=T|LOCATION.X=883|LOCATION.Y=710|NAME=Comment|TEXT=142-4701-801|UNIQUEID=LCRWAKAU|
RECORD=44|LINENO= 331|OWNERPARTID= -42|OWNERINDEX= 315|
RECORD=45|LINENO= 332|OWNERPARTID= -42|OWNERINDEX= 331|DATAFILECOUNT=1|ISCURRENT=T|MODELDATAFILEENTITY0=142-4701-801|MODELDATAFILEKIND0=PCBLib|MODELNAME=142-4701-801|MODELTYPE=PCBLIB|UNIQUEID=CGDPSTCH|
RECORD=46|LINENO= 333|OWNERPARTID= -42|OWNERINDEX= 332|
RECORD=48|LINENO= 334|OWNERPARTID= -42|OWNERINDEX= 332|
RECORD=17|LINENO= 335|OWNERPARTID=   0|OWNERINDEX= -42|FONTID=2|LOCATION.X=905|LOCATION.Y=680|ORIENTATION=3|SHOWNETNAME=F|STYLE=4|TEXT=GND|UNIQUEID=XXWHYNCY|
RECORD=17|LINENO= 336|OWNERPARTID=   0|OWNERINDEX= -42|FONTID=2|LOCATION.X=75|LOCATION.Y=710|ORIENTATION=1|SHOWNETNAME=T|STYLE=2|TEXT=+3.3V|UNIQUEID=FKLSDTNU|
RECORD=17|LINENO= 337|OWNERPARTID=   0|OWNERINDEX= -42|FONTID=2|LOCATION.X=35|LOCATION.Y=710|ORIENTATION=1|SHOWNETNAME=T|STYLE=2|TEXT=+3.3V|UNIQUEID=HTMNAQQP|
RECORD= 1|LINENO= 338|OWNERPARTID=   0|OWNERINDEX= -42|%UTF8%COMPONENTDESCRIPTION=100nF 0402 X7R 16V Â±10%|AREACOLOR=11599871|COMPONENTDESCRIPTION=100nF 0402 X7R 16V ±10%|CURRENTPARTID=1|DESIGNITEMID=100nF|DISPLAYMODECOUNT=1|LIBRARYPATH=*|LIBREFERENCE=100nF|LOCATION.X=35|LOCATION.Y=695|ORIENTATION=1|PARTCOUNT=2|PARTIDLOCKED=T|SOURCELIBRARYNAME=SBComponentsSchematics.SchLib|TARGETFILENAME=*|UNIQUEID=PJFTTURW|
RECORD=41|LINENO= 339|OWNERPARTID=   0|OWNERINDEX= 338|FONTID=1|ISHIDDEN=T|LOCATION.X=15|LOCATION.Y=710|NAME=Supplier 1|TEXT=Farnell|UNIQUEID=MUQSOVLI|
RECORD=41|LINENO= 340|OWNERPARTID=   0|OWNERINDEX= 338|FONTID=1|ISHIDDEN=T|LOCATION.X=15|LOCATION.Y=710|NAME=Supplier Part Number 1|TEXT=1288252|UNIQUEID=CLWRJGEW|
RECORD=41|LINENO= 341|OWNERPARTID=   0|OWNERINDEX= 338|FONTID=1|ISHIDDEN=T|LOCATION.X=15|LOCATION.Y=710|NAME=Supplier 2|TEXT=Digi-Key|UNIQUEID=QBMFROXR|
RECORD=41|LINENO= 342|OWNERPARTID=   0|OWNERINDEX= 338|FONTID=1|ISHIDDEN=T|LOCATION.X=15|LOCATION.Y=710|NAME=Supplier Part Number 2|TEXT=399-3521-1-ND|UNIQUEID=AQWGSPDP|
RECORD=41|LINENO= 343|OWNERPARTID=   0|OWNERINDEX= 338|FONTID=1|LOCATION.X=44|LOCATION.Y=681|NAME=Value|TEXT=100nF|UNIQUEID=SNXYJVYV|
RECORD= 2|LINENO= 344|OWNERPARTID=   2|OWNERINDEX= 338|DESIGNATOR=1|ELECTRICAL=4|FORMALTYPE=1|LOCATION.X=35|LOCATION.Y=690|NAME=1|PINCONGLOMERATE=35|PINLENGTH=10|
RECORD=41|LINENO= 345|OWNERPARTID=   0|OWNERINDEX= 344|FONTID=1|ISHIDDEN=T|LOCATION.X=35|LOCATION.Y=690|NAME=PinUniqueId|TEXT=QTJHKFIE|UNIQUEID=ATJFLJHL|
RECORD= 2|LINENO= 346|OWNERPARTID=   2|OWNERINDEX= 338|DESIGNATOR=2|ELECTRICAL=4|FORMALTYPE=1|LOCATION.X=35|LOCATION.Y=700|NAME=2|PINCONGLOMERATE=33|PINLENGTH=10|
RECORD=41|LINENO= 347|OWNERPARTID=   0|OWNERINDEX= 346|FONTID=1|ISHIDDEN=T|LOCATION.X=35|LOCATION.Y=700|NAME=PinUniqueId|TEXT=DNSLSDXX|UNIQUEID=TAIHJING|
RECORD=13|LINENO= 348|OWNERPARTID=   2|OWNERINDEX= 338|CORNER.X=43|CORNER.Y=697|LINEWIDTH=1|LOCATION.X=27|LOCATION.Y=697|
RECORD=13|LINENO= 349|OWNERPARTID=   2|OWNERINDEX= 338|CORNER.X=27|CORNER.Y=693|LINEWIDTH=1|LOCATION.X=43|LOCATION.Y=693|
RECORD= 6|LINENO= 350|OWNERPARTID=   2|OWNERINDEX= 338|LINEWIDTH=1|LOCATIONCOUNT=2|X1=35|X2=35|Y1=690|Y2=693|
RECORD= 6|LINENO= 351|OWNERPARTID=   2|OWNERINDEX= 338|LINEWIDTH=1|LOCATIONCOUNT=2|X1=35|X2=35|Y1=700|Y2=697|
RECORD=34|LINENO= 352|OWNERPARTID=   0|OWNERINDEX= 338|FONTID=1|LOCATION.X=44|LOCATION.Y=691|NAME=Designator|TEXT=C12|UNIQUEID=GECUVBWC|
RECORD=41|LINENO= 353|OWNERPARTID=   0|OWNERINDEX= 338|FONTID=1|ISHIDDEN=T|LOCATION.X=26|LOCATION.Y=712|NAME=Comment|TEXT=100nF|UNIQUEID=MTQASUPV|
RECORD=44|LINENO= 354|OWNERPARTID= -42|OWNERINDEX= 338|
RECORD=45|LINENO= 355|OWNERPARTID= -42|OWNERINDEX= 354|DATAFILECOUNT=1|DESCRIPTION=Chip Body 1.0 x 0.5 mm (LxW typ)|ISCURRENT=T|MODELDATAFILE0=SBComponentsFootprints.PcbLib|MODELDATAFILEENTITY0=0402|MODELDATAFILEKIND0=PCBLib|MODELNAME=0402|MODELTYPE=PCBLIB|UNIQUEID=PPRFOBQE|
RECORD=46|LINENO= 356|OWNERPARTID= -42|OWNERINDEX= 355|
RECORD=48|LINENO= 357|OWNERPARTID= -42|OWNERINDEX= 355|
RECORD= 1|LINENO= 358|OWNERPARTID=   0|OWNERINDEX= -42|%UTF8%COMPONENTDESCRIPTION=100nF 0402 X7R 16V Â±10%|AREACOLOR=11599871|COMPONENTDESCRIPTION=100nF 0402 X7R 16V ±10%|CURRENTPARTID=1|DESIGNITEMID=100nF|DISPLAYMODECOUNT=1|LIBRARYPATH=*|LIBREFERENCE=100nF|LOCATION.X=75|LOCATION.Y=695|ORIENTATION=1|PARTCOUNT=2|PARTIDLOCKED=T|SOURCELIBRARYNAME=SBComponentsSchematics.SchLib|TARGETFILENAME=*|UNIQUEID=SAWUWCEQ|
RECORD=41|LINENO= 359|OWNERPARTID=   0|OWNERINDEX= 358|FONTID=1|ISHIDDEN=T|LOCATION.X=55|LOCATION.Y=710|NAME=Supplier 1|TEXT=Farnell|UNIQUEID=BCCSBGME|
RECORD=41|LINENO= 360|OWNERPARTID=   0|OWNERINDEX= 358|FONTID=1|ISHIDDEN=T|LOCATION.X=55|LOCATION.Y=710|NAME=Supplier Part Number 1|TEXT=1288252|UNIQUEID=DYGIUHUI|
RECORD=41|LINENO= 361|OWNERPARTID=   0|OWNERINDEX= 358|FONTID=1|ISHIDDEN=T|LOCATION.X=55|LOCATION.Y=710|NAME=Supplier 2|TEXT=Digi-Key|UNIQUEID=BQGIYBDE|
RECORD=41|LINENO= 362|OWNERPARTID=   0|OWNERINDEX= 358|FONTID=1|ISHIDDEN=T|LOCATION.X=55|LOCATION.Y=710|NAME=Supplier Part Number 2|TEXT=399-3521-1-ND|UNIQUEID=DWWKLWYL|
RECORD=41|LINENO= 363|OWNERPARTID=   0|OWNERINDEX= 358|FONTID=1|LOCATION.X=84|LOCATION.Y=681|NAME=Value|TEXT=100nF|UNIQUEID=EFEDELDB|
RECORD= 2|LINENO= 364|OWNERPARTID=   2|OWNERINDEX= 358|DESIGNATOR=1|ELECTRICAL=4|FORMALTYPE=1|LOCATION.X=75|LOCATION.Y=690|NAME=1|PINCONGLOMERATE=35|PINLENGTH=10|
RECORD=41|LINENO= 365|OWNERPARTID=   0|OWNERINDEX= 364|FONTID=1|ISHIDDEN=T|LOCATION.X=75|LOCATION.Y=690|NAME=PinUniqueId|TEXT=GEPJNAJE|UNIQUEID=VKFNOQAI|
RECORD= 2|LINENO= 366|OWNERPARTID=   2|OWNERINDEX= 358|DESIGNATOR=2|ELECTRICAL=4|FORMALTYPE=1|LOCATION.X=75|LOCATION.Y=700|NAME=2|PINCONGLOMERATE=33|PINLENGTH=10|
RECORD=41|LINENO= 367|OWNERPARTID=   0|OWNERINDEX= 366|FONTID=1|ISHIDDEN=T|LOCATION.X=75|LOCATION.Y=700|NAME=PinUniqueId|TEXT=AYHVQXIK|UNIQUEID=TXIEVMRK|
RECORD=13|LINENO= 368|OWNERPARTID=   2|OWNERINDEX= 358|CORNER.X=83|CORNER.Y=697|LINEWIDTH=1|LOCATION.X=67|LOCATION.Y=697|
RECORD=13|LINENO= 369|OWNERPARTID=   2|OWNERINDEX= 358|CORNER.X=67|CORNER.Y=693|LINEWIDTH=1|LOCATION.X=83|LOCATION.Y=693|
RECORD= 6|LINENO= 370|OWNERPARTID=   2|OWNERINDEX= 358|LINEWIDTH=1|LOCATIONCOUNT=2|X1=75|X2=75|Y1=690|Y2=693|
RECORD= 6|LINENO= 371|OWNERPARTID=   2|OWNERINDEX= 358|LINEWIDTH=1|LOCATIONCOUNT=2|X1=75|X2=75|Y1=700|Y2=697|
RECORD=34|LINENO= 372|OWNERPARTID=   0|OWNERINDEX= 358|FONTID=1|LOCATION.X=84|LOCATION.Y=691|NAME=Designator|TEXT=C13|UNIQUEID=BKRWRYLI|
RECORD=41|LINENO= 373|OWNERPARTID=   0|OWNERINDEX= 358|FONTID=1|ISHIDDEN=T|LOCATION.X=66|LOCATION.Y=712|NAME=Comment|TEXT=100nF|UNIQUEID=ERKJVHXU|
RECORD=44|LINENO= 374|OWNERPARTID= -42|OWNERINDEX= 358|
RECORD=45|LINENO= 375|OWNERPARTID= -42|OWNERINDEX= 374|DATAFILECOUNT=1|DESCRIPTION=Chip Body 1.0 x 0.5 mm (LxW typ)|ISCURRENT=T|MODELDATAFILE0=SBComponentsFootprints.PcbLib|MODELDATAFILEENTITY0=0402|MODELDATAFILEKIND0=PCBLib|MODELNAME=0402|MODELTYPE=PCBLIB|UNIQUEID=VNRDHMQO|
RECORD=46|LINENO= 376|OWNERPARTID= -42|OWNERINDEX= 375|
RECORD=48|LINENO= 377|OWNERPARTID= -42|OWNERINDEX= 375|
RECORD=17|LINENO= 378|OWNERPARTID=   0|OWNERINDEX= -42|FONTID=2|LOCATION.X=35|LOCATION.Y=675|ORIENTATION=3|SHOWNETNAME=T|STYLE=4|TEXT=GND|UNIQUEID=CNYSPETJ|
RECORD=17|LINENO= 379|OWNERPARTID=   0|OWNERINDEX= -42|FONTID=2|LOCATION.X=75|LOCATION.Y=675|ORIENTATION=3|SHOWNETNAME=T|STYLE=4|TEXT=GND|UNIQUEID=IKEOCPXT|
RECORD=17|LINENO= 380|OWNERPARTID=   0|OWNERINDEX= -42|FONTID=2|LOCATION.X=110|LOCATION.Y=675|ORIENTATION=3|SHOWNETNAME=T|STYLE=4|TEXT=GND|UNIQUEID=OXPDFDSF|
RECORD=17|LINENO= 381|OWNERPARTID=   0|OWNERINDEX= -42|FONTID=2|LOCATION.X=150|LOCATION.Y=675|ORIENTATION=3|SHOWNETNAME=T|STYLE=4|TEXT=GND|UNIQUEID=ANKDOWXK|
RECORD=27|LINENO= 382|OWNERPARTID=   0|OWNERINDEX= -42|LINEWIDTH=1|LOCATIONCOUNT=5|UNIQUEID=MMIDNBVQ|X1=250|X2=240|X3=240|X4=240|X5=240|Y1=680|Y2=680|Y3=690|Y4=700|Y5=710|
RECORD=27|LINENO= 383|OWNERPARTID=   0|OWNERINDEX= -42|LINEWIDTH=1|LOCATIONCOUNT=2|UNIQUEID=KVYOPCXY|X1=250|X2=240|Y1=690|Y2=690|
RECORD=27|LINENO= 384|OWNERPARTID=   0|OWNERINDEX= -42|LINEWIDTH=1|LOCATIONCOUNT=2|UNIQUEID=SCAKGTTL|X1=250|X2=240|Y1=700|Y2=700|
RECORD=27|LINENO= 385|OWNERPARTID=   0|OWNERINDEX= -42|LINEWIDTH=1|LOCATIONCOUNT=2|UNIQUEID=ATIQHIYM|X1=410|X2=440|Y1=620|Y2=620|
RECORD=27|LINENO= 386|OWNERPARTID=   0|OWNERINDEX= -42|LINEWIDTH=1|LOCATIONCOUNT=2|UNIQUEID=TDJREIIP|X1=250|X2=230|Y1=570|Y2=570|
RECORD=27|LINENO= 387|OWNERPARTID=   0|OWNERINDEX= -42|LINEWIDTH=1|LOCATIONCOUNT=2|UNIQUEID=KRDBGXUK|X1=410|X2=490|Y1=640|Y2=640|
RECORD=27|LINENO= 388|OWNERPARTID=   0|OWNERINDEX= -42|LINEWIDTH=1|LOCATIONCOUNT=2|UNIQUEID=SISEAPWC|X1=410|X2=490|Y1=650|Y2=650|
RECORD=27|LINENO= 389|OWNERPARTID=   0|OWNERINDEX= -42|LINEWIDTH=1|LOCATIONCOUNT=2|UNIQUEID=IBAHVWOY|X1=250|X2=235|Y1=610|Y2=610|
RECORD=27|LINENO= 390|OWNERPARTID=   0|OWNERINDEX= -42|LINEWIDTH=1|LOCATIONCOUNT=2|UNIQUEID=OLYUSHEK|X1=250|X2=235|Y1=630|Y2=630|
RECORD=27|LINENO= 391|OWNERPARTID=   0|OWNERINDEX= -42|LINEWIDTH=1|LOCATIONCOUNT=2|UNIQUEID=EKTISSKU|X1=250|X2=235|Y1=640|Y2=640|
RECORD=27|LINENO= 392|OWNERPARTID=   0|OWNERINDEX= -42|LINEWIDTH=1|LOCATIONCOUNT=2|UNIQUEID=POUBMJSL|X1=250|X2=235|Y1=620|Y2=620|
RECORD=27|LINENO= 393|OWNERPARTID=   0|OWNERINDEX= -42|LINEWIDTH=1|LOCATIONCOUNT=3|UNIQUEID=HFKPDAVQ|X1=235|X2=250|X3=250|Y1=650|Y2=650|Y3=660|
RECORD=27|LINENO= 394|OWNERPARTID=   0|OWNERINDEX= -42|LINEWIDTH=1|LOCATIONCOUNT=3|UNIQUEID=SUICLIXV|X1=250|X2=250|X3=235|Y1=590|Y2=600|Y3=600|
RECORD=27|LINENO= 395|OWNERPARTID=   0|OWNERINDEX= -42|LINEWIDTH=1|LOCATIONCOUNT=4|UNIQUEID=IEIRMJPW|X1=35|X2=115|X3=115|X4=115|Y1=450|Y2=450|Y3=425|Y4=415|
RECORD=27|LINENO= 396|OWNERPARTID=   0|OWNERINDEX= -42|LINEWIDTH=1|LOCATIONCOUNT=4|UNIQUEID=DVEVISYE|X1=245|X2=165|X3=165|X4=165|Y1=450|Y2=450|Y3=425|Y4=415|
RECORD=27|LINENO= 397|OWNERPARTID=   0|OWNERINDEX= -42|LINEWIDTH=1|LOCATIONCOUNT=2|UNIQUEID=DRSIGIBW|X1=410|X2=450|Y1=670|Y2=670|
RECORD=27|LINENO= 398|OWNERPARTID=   0|OWNERINDEX= -42|LINEWIDTH=1|LOCATIONCOUNT=2|UNIQUEID=YHRAEPJQ|X1=410|X2=440|Y1=690|Y2=690|
RECORD=27|LINENO= 399|OWNERPARTID=   0|OWNERINDEX= -42|LINEWIDTH=1|LOCATIONCOUNT=2|UNIQUEID=LLLLKLHQ|X1=440|X2=410|Y1=700|Y2=700|
RECORD=27|LINENO= 400|OWNERPARTID=   0|OWNERINDEX= -42|LINEWIDTH=1|LOCATIONCOUNT=2|UNIQUEID=DCESVRXJ|X1=590|X2=635|Y1=680|Y2=680|
RECORD=27|LINENO= 401|OWNERPARTID=   0|OWNERINDEX= -42|LINEWIDTH=1|LOCATIONCOUNT=2|UNIQUEID=LPLAIXIW|X1=635|X2=590|Y1=700|Y2=700|
RECORD=27|LINENO= 402|OWNERPARTID=   0|OWNERINDEX= -42|LINEWIDTH=1|LOCATIONCOUNT=3|UNIQUEID=UBATDFXV|X1=635|X2=630|X3=590|Y1=660|Y2=660|Y3=660|
RECORD=27|LINENO= 403|OWNERPARTID=   0|OWNERINDEX= -42|LINEWIDTH=1|LOCATIONCOUNT=2|UNIQUEID=NLWBIYIW|X1=745|X2=745|Y1=630|Y2=660|
RECORD=27|LINENO= 404|OWNERPARTID=   0|OWNERINDEX= -42|LINEWIDTH=1|LOCATIONCOUNT=2|UNIQUEID=YRANTNVM|X1=110|X2=110|Y1=675|Y2=680|
RECORD=27|LINENO= 405|OWNERPARTID=   0|OWNERINDEX= -42|LINEWIDTH=1|LOCATIONCOUNT=2|UNIQUEID=WXNUEGND|X1=150|X2=150|Y1=675|Y2=680|
RECORD=27|LINENO= 406|OWNERPARTID=   0|OWNERINDEX= -42|LINEWIDTH=1|LOCATIONCOUNT=2|UNIQUEID=YGKGKVUA|X1=35|X2=35|Y1=675|Y2=680|
RECORD=27|LINENO= 407|OWNERPARTID=   0|OWNERINDEX= -42|LINEWIDTH=1|LOCATIONCOUNT=2|UNIQUEID=GQBRFNNS|X1=75|X2=75|Y1=675|Y2=680|
RECORD=17|LINENO= 408|OWNERPARTID=   0|OWNERINDEX= -42|FONTID=2|LOCATION.X=230|LOCATION.Y=540|ORIENTATION=3|SHOWNETNAME=T|STYLE=4|TEXT=GND|UNIQUEID=PIMLDPSC|
RECORD=17|LINENO= 409|OWNERPARTID=   0|OWNERINDEX= -42|FONTID=2|LOCATION.X=440|LOCATION.Y=570|ORIENTATION=3|SHOWNETNAME=T|STYLE=4|TEXT=GND|UNIQUEID=TTDTKWVI|
RECORD=27|LINENO= 410|OWNERPARTID=   0|OWNERINDEX= -42|LINEWIDTH=1|LOCATIONCOUNT=5|UNIQUEID=JJHSENNF|X1=410|X2=410|X3=410|X4=410|X5=410|Y1=600|Y2=590|Y3=580|Y4=570|Y5=560|
RECORD=17|LINENO= 411|OWNERPARTID=   0|OWNERINDEX= -42|FONTID=2|LOCATION.X=410|LOCATION.Y=560|ORIENTATION=3|SHOWNETNAME=T|STYLE=4|TEXT=GND|UNIQUEID=KORFTCJC|
RECORD=17|LINENO= 412|OWNERPARTID=   0|OWNERINDEX= -42|FONTID=2|LOCATION.X=630|LOCATION.Y=630|ORIENTATION=3|SHOWNETNAME=T|STYLE=4|TEXT=GND|UNIQUEID=LEXYOQWL|
RECORD=17|LINENO= 413|OWNERPARTID=   0|OWNERINDEX= -42|FONTID=2|LOCATION.X=745|LOCATION.Y=630|ORIENTATION=3|SHOWNETNAME=T|STYLE=4|TEXT=GND|UNIQUEID=EGRTRAVJ|
RECORD= 1|LINENO= 414|OWNERPARTID=   0|OWNERINDEX= -42|%UTF8%COMPONENTDESCRIPTION=0R 0402 1/16W Â±0.05R|AREACOLOR=11599871|COMPONENTDESCRIPTION=0R 0402 1/16W ±0.05R|CURRENTPARTID=1|DESIGNITEMID=0R|DISPLAYMODECOUNT=1|LIBRARYPATH=*|LIBREFERENCE=0R|LOCATION.X=815|LOCATION.Y=700|PARTCOUNT=2|PARTIDLOCKED=T|SOURCELIBRARYNAME=SBComponentsSchematics.SchLib|TARGETFILENAME=*|UNIQUEID=VNSROCBR|
RECORD=41|LINENO= 415|OWNERPARTID=   0|OWNERINDEX= 414|FONTID=1|ISHIDDEN=T|LOCATION.X=793|LOCATION.Y=715|NAME=Supplier 1|TEXT=Farnell|UNIQUEID=NXFMVDEA|
RECORD=41|LINENO= 416|OWNERPARTID=   0|OWNERINDEX= 414|FONTID=1|ISHIDDEN=T|LOCATION.X=793|LOCATION.Y=725|NAME=Supplier 2|TEXT=Digi-Key|UNIQUEID=QYBMNJKJ|
RECORD=41|LINENO= 417|OWNERPARTID=   0|OWNERINDEX= 414|FONTID=1|ISHIDDEN=T|LOCATION.X=793|LOCATION.Y=715|NAME=Supplier Part Number 1|TEXT=2072513|UNIQUEID=LVVMDIQD|
RECORD=41|LINENO= 418|OWNERPARTID=   0|OWNERINDEX= 414|FONTID=1|ISHIDDEN=T|LOCATION.X=793|LOCATION.Y=725|NAME=Supplier Part Number 2|TEXT=P0.0JCT-ND|UNIQUEID=PKGYFHDO|
RECORD=41|LINENO= 419|OWNERPARTID=   0|OWNERINDEX= 414|FONTID=1|LOCATION.X=804|LOCATION.Y=686|NAME=Value|TEXT=0R|UNIQUEID=WBVKSTYO|
RECORD= 2|LINENO= 420|OWNERPARTID=   2|OWNERINDEX= 414|DESIGNATOR=1|ELECTRICAL=4|FORMALTYPE=1|LOCATION.X=805|LOCATION.Y=700|NAME=1|PINCONGLOMERATE=34|PINLENGTH=10|
RECORD=41|LINENO= 421|OWNERPARTID=   0|OWNERINDEX= 420|FONTID=1|ISHIDDEN=T|LOCATION.X=805|LOCATION.Y=700|NAME=PinUniqueId|TEXT=NHXDSTUO|UNIQUEID=CBPDXQRW|
RECORD= 2|LINENO= 422|OWNERPARTID=   2|OWNERINDEX= 414|DESIGNATOR=2|ELECTRICAL=4|FORMALTYPE=1|LOCATION.X=835|LOCATION.Y=700|NAME=2|PINCONGLOMERATE=32|PINLENGTH=10|
RECORD=41|LINENO= 423|OWNERPARTID=   0|OWNERINDEX= 422|FONTID=1|ISHIDDEN=T|LOCATION.X=835|LOCATION.Y=700|NAME=PinUniqueId|TEXT=QVBTCEPP|UNIQUEID=PKSXUDUK|
RECORD= 6|LINENO= 424|OWNERPARTID=   2|OWNERINDEX= 414|LINEWIDTH=1|LOCATIONCOUNT=7|X1=835|X2=832|X3=826|X4=820|X5=814|X6=808|X7=805|Y1=700|Y2=703|Y3=697|Y4=703|Y5=697|Y6=703|Y7=700|
RECORD=34|LINENO= 425|OWNERPARTID=   0|OWNERINDEX= 414|FONTID=1|LOCATION.X=804|LOCATION.Y=704|NAME=Designator|TEXT=R10|UNIQUEID=WVGLANIU|
RECORD=41|LINENO= 426|OWNERPARTID=   0|OWNERINDEX= 414|FONTID=1|ISHIDDEN=T|LOCATION.X=810|LOCATION.Y=685|NAME=Comment|TEXT=0R|UNIQUEID=BTQBVYFH|
RECORD=44|LINENO= 427|OWNERPARTID= -42|OWNERINDEX= 414|
RECORD=45|LINENO= 428|OWNERPARTID= -42|OWNERINDEX= 427|DATAFILECOUNT=1|DESCRIPTION=Chip Body 1.0 x 0.5 mm (LxW typ)|ISCURRENT=T|MODELDATAFILE0=SBComponentsFootprints.PcbLib|MODELDATAFILEENTITY0=0402|MODELDATAFILEKIND0=PCBLib|MODELNAME=0402|MODELTYPE=PCBLIB|UNIQUEID=DMEIWBDH|
RECORD=46|LINENO= 429|OWNERPARTID= -42|OWNERINDEX= 428|
RECORD=48|LINENO= 430|OWNERPARTID= -42|OWNERINDEX= 428|
RECORD=27|LINENO= 431|OWNERPARTID=   0|OWNERINDEX= -42|LINEWIDTH=1|LOCATIONCOUNT=2|UNIQUEID=JRYBSGNC|X1=785|X2=785|Y1=695|Y2=700|
RECORD=27|LINENO= 432|OWNERPARTID=   0|OWNERINDEX= -42|LINEWIDTH=1|LOCATIONCOUNT=3|UNIQUEID=NFISTDTP|X1=855|X2=855|X3=845|Y1=695|Y2=700|Y3=700|
RECORD=17|LINENO= 433|OWNERPARTID=   0|OWNERINDEX= -42|FONTID=2|LOCATION.X=785|LOCATION.Y=645|ORIENTATION=3|SHOWNETNAME=T|STYLE=4|TEXT=GND|UNIQUEID=XWGJGQAT|
RECORD=17|LINENO= 434|OWNERPARTID=   0|OWNERINDEX= -42|FONTID=2|LOCATION.X=855|LOCATION.Y=645|ORIENTATION=3|SHOWNETNAME=T|STYLE=4|TEXT=GND|UNIQUEID=YDNSVDKA|
RECORD= 4|LINENO= 435|OWNERPARTID=   0|OWNERINDEX= -42|FONTID=4|LOCATION.X=790|LOCATION.Y=595|TEXT=pi-network in case|
RECORD=27|LINENO= 436|OWNERPARTID=   0|OWNERINDEX= -42|LINEWIDTH=1|LOCATIONCOUNT=2|UNIQUEID=GTLADVWK|X1=885|X2=855|Y1=700|Y2=700|
RECORD=27|LINENO= 437|OWNERPARTID=   0|OWNERINDEX= -42|LINEWIDTH=1|LOCATIONCOUNT=3|UNIQUEID=VFPDKINJ|X1=745|X2=785|X3=795|Y1=700|Y2=700|Y3=700|
RECORD= 1|LINENO= 438|OWNERPARTID=   0|OWNERINDEX= -42|AREACOLOR=11599871|COMPONENTDESCRIPTION=NOT CONNECTED|CURRENTPARTID=1|DESIGNITEMID=0402-NC|DISPLAYMODECOUNT=1|LIBRARYPATH=*|LIBREFERENCE=0402-NC|LOCATION.X=785|LOCATION.Y=665|ORIENTATION=1|PARTCOUNT=2|PARTIDLOCKED=T|SOURCELIBRARYNAME=SBComponentsSchematics.SchLib|TARGETFILENAME=*|UNIQUEID=MLNHTMNC|
RECORD=41|LINENO= 439|OWNERPARTID=   0|OWNERINDEX= 438|FONTID=1|LOCATION.X=789|LOCATION.Y=666|NAME=Value|TEXT=NC|UNIQUEID=VCJAGGCA|
RECORD= 2|LINENO= 440|OWNERPARTID=   2|OWNERINDEX= 438|DESIGNATOR=1|ELECTRICAL=4|FORMALTYPE=1|LOCATION.X=785|LOCATION.Y=655|NAME=1|PINCONGLOMERATE=35|PINLENGTH=10|
RECORD=41|LINENO= 441|OWNERPARTID=   0|OWNERINDEX= 440|FONTID=1|ISHIDDEN=T|LOCATION.X=785|LOCATION.Y=655|NAME=PinUniqueId|TEXT=ITCOXWCG|UNIQUEID=MMEVIDEM|
RECORD= 2|LINENO= 442|OWNERPARTID=   2|OWNERINDEX= 438|DESIGNATOR=2|ELECTRICAL=4|FORMALTYPE=1|LOCATION.X=785|LOCATION.Y=685|NAME=2|PINCONGLOMERATE=33|PINLENGTH=10|
RECORD=41|LINENO= 443|OWNERPARTID=   0|OWNERINDEX= 442|FONTID=1|ISHIDDEN=T|LOCATION.X=785|LOCATION.Y=685|NAME=PinUniqueId|TEXT=ROVRWTOW|UNIQUEID=GBBASFDE|
RECORD= 6|LINENO= 444|OWNERPARTID=   2|OWNERINDEX= 438|LINEWIDTH=1|LOCATIONCOUNT=7|X1=785|X2=782|X3=788|X4=782|X5=788|X6=782|X7=785|Y1=685|Y2=682|Y3=676|Y4=670|Y5=664|Y6=658|Y7=655|
RECORD=34|LINENO= 445|OWNERPARTID=   0|OWNERINDEX= 438|FONTID=1|LOCATION.X=789|LOCATION.Y=676|NAME=Designator|TEXT=R11|UNIQUEID=JCHUYTOQ|
RECORD=41|LINENO= 446|OWNERPARTID=   0|OWNERINDEX= 438|FONTID=1|ISHIDDEN=T|LOCATION.X=781|LOCATION.Y=697|NAME=Comment|TEXT=0402-NC|UNIQUEID=NAVBIJQE|
RECORD=44|LINENO= 447|OWNERPARTID= -42|OWNERINDEX= 438|
RECORD=45|LINENO= 448|OWNERPARTID= -42|OWNERINDEX= 447|DATAFILECOUNT=1|DESCRIPTION=Chip Body 1.0 x 0.5 mm (LxW typ)|ISCURRENT=T|MODELDATAFILEENTITY0=0402 - NOBODY|MODELDATAFILEKIND0=PCBLib|MODELNAME=0402 - NOBODY|MODELTYPE=PCBLIB|UNIQUEID=EBDKHVFO|
RECORD=46|LINENO= 449|OWNERPARTID= -42|OWNERINDEX= 448|
RECORD=48|LINENO= 450|OWNERPARTID= -42|OWNERINDEX= 448|
RECORD= 1|LINENO= 451|OWNERPARTID=   0|OWNERINDEX= -42|AREACOLOR=11599871|COMPONENTDESCRIPTION=NOT CONNECTED|CURRENTPARTID=1|DESIGNITEMID=0402-NC|DISPLAYMODECOUNT=1|LIBRARYPATH=*|LIBREFERENCE=0402-NC|LOCATION.X=855|LOCATION.Y=665|ORIENTATION=1|PARTCOUNT=2|PARTIDLOCKED=T|SOURCELIBRARYNAME=SBComponentsSchematics.SchLib|TARGETFILENAME=*|UNIQUEID=CQXPQTTY|
RECORD=41|LINENO= 452|OWNERPARTID=   0|OWNERINDEX= 451|FONTID=1|LOCATION.X=859|LOCATION.Y=666|NAME=Value|TEXT=NC|UNIQUEID=QNBYIDSQ|
RECORD= 2|LINENO= 453|OWNERPARTID=   2|OWNERINDEX= 451|DESIGNATOR=1|ELECTRICAL=4|FORMALTYPE=1|LOCATION.X=855|LOCATION.Y=655|NAME=1|PINCONGLOMERATE=35|PINLENGTH=10|
RECORD=41|LINENO= 454|OWNERPARTID=   0|OWNERINDEX= 453|FONTID=1|ISHIDDEN=T|LOCATION.X=855|LOCATION.Y=655|NAME=PinUniqueId|TEXT=CYCHHYJC|UNIQUEID=MJRSFCOX|
RECORD= 2|LINENO= 455|OWNERPARTID=   2|OWNERINDEX= 451|DESIGNATOR=2|ELECTRICAL=4|FORMALTYPE=1|LOCATION.X=855|LOCATION.Y=685|NAME=2|PINCONGLOMERATE=33|PINLENGTH=10|
RECORD=41|LINENO= 456|OWNERPARTID=   0|OWNERINDEX= 455|FONTID=1|ISHIDDEN=T|LOCATION.X=855|LOCATION.Y=685|NAME=PinUniqueId|TEXT=YNVELPGK|UNIQUEID=LPETECRK|
RECORD= 6|LINENO= 457|OWNERPARTID=   2|OWNERINDEX= 451|LINEWIDTH=1|LOCATIONCOUNT=7|X1=855|X2=852|X3=858|X4=852|X5=858|X6=852|X7=855|Y1=685|Y2=682|Y3=676|Y4=670|Y5=664|Y6=658|Y7=655|
RECORD=34|LINENO= 458|OWNERPARTID=   0|OWNERINDEX= 451|FONTID=1|LOCATION.X=859|LOCATION.Y=676|NAME=Designator|TEXT=R12|UNIQUEID=XWIQYUYB|
RECORD=41|LINENO= 459|OWNERPARTID=   0|OWNERINDEX= 451|FONTID=1|ISHIDDEN=T|LOCATION.X=851|LOCATION.Y=697|NAME=Comment|TEXT=0402-NC|UNIQUEID=EYUWCUMT|
RECORD=44|LINENO= 460|OWNERPARTID= -42|OWNERINDEX= 451|
RECORD=45|LINENO= 461|OWNERPARTID= -42|OWNERINDEX= 460|DATAFILECOUNT=1|DESCRIPTION=Chip Body 1.0 x 0.5 mm (LxW typ)|ISCURRENT=T|MODELDATAFILEENTITY0=0402 - NOBODY|MODELDATAFILEKIND0=PCBLib|MODELNAME=0402 - NOBODY|MODELTYPE=PCBLIB|UNIQUEID=OEPHVEVL|
RECORD=46|LINENO= 462|OWNERPARTID= -42|OWNERINDEX= 461|
RECORD=48|LINENO= 463|OWNERPARTID= -42|OWNERINDEX= 461|
RECORD=29|LINENO= 464|OWNERPARTID=   0|OWNERINDEX= -42|LOCATION.X=115|LOCATION.Y=425|
RECORD=29|LINENO= 465|OWNERPARTID=   0|OWNERINDEX= -42|LOCATION.X=115|LOCATION.Y=450|
RECORD=29|LINENO= 466|OWNERPARTID=   0|OWNERINDEX= -42|LOCATION.X=165|LOCATION.Y=425|
RECORD=29|LINENO= 467|OWNERPARTID=   0|OWNERINDEX= -42|LOCATION.X=165|LOCATION.Y=450|
RECORD=29|LINENO= 468|OWNERPARTID=   0|OWNERINDEX= -42|LOCATION.X=240|LOCATION.Y=690|
RECORD=29|LINENO= 469|OWNERPARTID=   0|OWNERINDEX= -42|LOCATION.X=240|LOCATION.Y=700|
RECORD=29|LINENO= 470|OWNERPARTID=   0|OWNERINDEX= -42|LOCATION.X=410|LOCATION.Y=560|
RECORD=29|LINENO= 471|OWNERPARTID=   0|OWNERINDEX= -42|LOCATION.X=410|LOCATION.Y=570|
RECORD=29|LINENO= 472|OWNERPARTID=   0|OWNERINDEX= -42|LOCATION.X=410|LOCATION.Y=580|
RECORD=29|LINENO= 473|OWNERPARTID=   0|OWNERINDEX= -42|LOCATION.X=410|LOCATION.Y=590|
RECORD=29|LINENO= 474|OWNERPARTID=   0|OWNERINDEX= -42|LOCATION.X=630|LOCATION.Y=660|
RECORD=29|LINENO= 475|OWNERPARTID=   0|OWNERINDEX= -42|LOCATION.X=785|LOCATION.Y=700|
RECORD=29|LINENO= 476|OWNERPARTID=   0|OWNERINDEX= -42|LOCATION.X=855|LOCATION.Y=700|
