RECORD=-42|LINENO=   0|OWNERPARTID= -42|OWNERINDEX= -42|HEADER=Protel for Windows - Schematic Capture Binary File Version 5.0|MINORVERSION=2|UNIQUEID=QAQRAYCA|WEIGHT=375|
RECORD=31|LINENO=   1|OWNERPARTID= -42|OWNERINDEX= -42|AREACOLOR=16317695|BOLD3=T|BOLD4=T|BORDERON=T|CUSTOMMARGINWIDTH=20|CUSTOMX=1500|CUSTOMXZONES=6|CUSTOMY=950|CUSTOMYZONES=4|DISPLAY_UNIT=4|FONTIDCOUNT=4|FONTNAME1=Times New Roman|FONTNAME2=Times New Roman|FONTNAME3=Arial|FONTNAME4=Times New Roman|HOTSPOTGRIDON=T|HOTSPOTGRIDSIZE=3|ISBOC=T|ITALIC4=T|ROTATION2=90|SHEETNUMBERSPACESIZE=4|SIZE1=10|SIZE2=10|SIZE3=20|SIZE4=10|SNAPGRIDON=T|SNAPGRIDSIZE=5|SYSTEMFONT=1|TITLEBLOCKON=T|USEMBCS=T|VISIBLEGRIDON=T|VISIBLEGRIDSIZE=10|
RECORD=41|LINENO=   2|OWNERPARTID=   0|OWNERINDEX= -42|FONTID=1|ISHIDDEN=T|NAME=CurrentTime|TEXT=*|UNIQUEID=KHKYOGOT|
RECORD=41|LINENO=   3|OWNERPARTID=   0|OWNERINDEX= -42|FONTID=1|ISHIDDEN=T|NAME=CurrentDate|TEXT=*|UNIQUEID=AUSAAGUW|
RECORD=41|LINENO=   4|OWNERPARTID=   0|OWNERINDEX= -42|FONTID=1|ISHIDDEN=T|NAME=Time|TEXT=*|UNIQUEID=FFIHAIYW|
RECORD=41|LINENO=   5|OWNERPARTID=   0|OWNERINDEX= -42|FONTID=1|ISHIDDEN=T|NAME=Date|TEXT=*|UNIQUEID=QSJPHRFY|
RECORD=41|LINENO=   6|OWNERPARTID=   0|OWNERINDEX= -42|FONTID=1|ISHIDDEN=T|NAME=DocumentFullPathAndName|TEXT=*|UNIQUEID=YMNBHNEK|
RECORD=41|LINENO=   7|OWNERPARTID=   0|OWNERINDEX= -42|FONTID=1|ISHIDDEN=T|NAME=DocumentName|TEXT=*|UNIQUEID=VOIKKRRK|
RECORD=41|LINENO=   8|OWNERPARTID=   0|OWNERINDEX= -42|FONTID=1|ISHIDDEN=T|NAME=ModifiedDate|TEXT=*|UNIQUEID=VFYEAEKY|
RECORD=41|LINENO=   9|OWNERPARTID=   0|OWNERINDEX= -42|FONTID=1|ISHIDDEN=T|NAME=ApprovedBy|TEXT=*|UNIQUEID=EPPRVQKO|
RECORD=41|LINENO=  10|OWNERPARTID=   0|OWNERINDEX= -42|FONTID=1|ISHIDDEN=T|NAME=CheckedBy|TEXT=*|UNIQUEID=XYMSBGVJ|
RECORD=41|LINENO=  11|OWNERPARTID=   0|OWNERINDEX= -42|FONTID=1|ISHIDDEN=T|NAME=Author|TEXT=*|UNIQUEID=YSHDWYAQ|
RECORD=41|LINENO=  12|OWNERPARTID=   0|OWNERINDEX= -42|FONTID=1|ISHIDDEN=T|NAME=CompanyName|TEXT=*|UNIQUEID=FCGHOXWR|
RECORD=41|LINENO=  13|OWNERPARTID=   0|OWNERINDEX= -42|FONTID=1|ISHIDDEN=T|NAME=DrawnBy|TEXT=*|UNIQUEID=OCXBMOGT|
RECORD=41|LINENO=  14|OWNERPARTID=   0|OWNERINDEX= -42|FONTID=1|ISHIDDEN=T|NAME=Engineer|TEXT=*|UNIQUEID=MVDBXJQR|
RECORD=41|LINENO=  15|OWNERPARTID=   0|OWNERINDEX= -42|FONTID=1|ISHIDDEN=T|NAME=Organization|TEXT=*|UNIQUEID=BWAJISHH|
RECORD=41|LINENO=  16|OWNERPARTID=   0|OWNERINDEX= -42|FONTID=1|ISHIDDEN=T|NAME=Address1|TEXT=*|UNIQUEID=KKECMJJU|
RECORD=41|LINENO=  17|OWNERPARTID=   0|OWNERINDEX= -42|FONTID=1|ISHIDDEN=T|NAME=Address2|TEXT=*|UNIQUEID=GYNXQQDV|
RECORD=41|LINENO=  18|OWNERPARTID=   0|OWNERINDEX= -42|FONTID=1|ISHIDDEN=T|NAME=Address3|TEXT=*|UNIQUEID=FLXKVXYL|
RECORD=41|LINENO=  19|OWNERPARTID=   0|OWNERINDEX= -42|FONTID=1|ISHIDDEN=T|NAME=Address4|TEXT=*|UNIQUEID=PNDVGFBQ|
RECORD=41|LINENO=  20|OWNERPARTID=   0|OWNERINDEX= -42|FONTID=1|ISHIDDEN=T|NAME=Title|TEXT=*|UNIQUEID=VXEHNFHC|
RECORD=41|LINENO=  21|OWNERPARTID=   0|OWNERINDEX= -42|FONTID=1|ISHIDDEN=T|NAME=DocumentNumber|TEXT=*|UNIQUEID=HVVHJQDM|
RECORD=41|LINENO=  22|OWNERPARTID=   0|OWNERINDEX= -42|FONTID=1|ISHIDDEN=T|NAME=Revision|TEXT=*|UNIQUEID=VQBIYXRP|
RECORD=41|LINENO=  23|OWNERPARTID=   0|OWNERINDEX= -42|FONTID=1|ISHIDDEN=T|NAME=SheetNumber|TEXT=*|UNIQUEID=XWIDQFPG|
RECORD=41|LINENO=  24|OWNERPARTID=   0|OWNERINDEX= -42|FONTID=1|ISHIDDEN=T|NAME=SheetTotal|TEXT=*|UNIQUEID=GWOTMJJG|
RECORD=41|LINENO=  25|OWNERPARTID=   0|OWNERINDEX= -42|FONTID=1|ISHIDDEN=T|NAME=Rule|TEXT=*|UNIQUEID=RDKSCWIU|
RECORD=41|LINENO=  26|OWNERPARTID=   0|OWNERINDEX= -42|FONTID=1|ISHIDDEN=T|NAME=ImagePath|TEXT=*|UNIQUEID=MKFOGQYC|
RECORD=41|LINENO=  27|OWNERPARTID=   0|OWNERINDEX= -42|FONTID=1|ISHIDDEN=T|NAME=ProjectName|TEXT=*|UNIQUEID=CCMLYCFI|
RECORD= 1|LINENO=  28|OWNERPARTID=   0|OWNERINDEX= -42|AREACOLOR=11599871|COMPONENTDESCRIPTION=Nordic Semi Ultra low power 2.4GHz RF Transceiver IC|CURRENTPARTID=1|DESIGNITEMID=nRF24L01+|DISPLAYMODECOUNT=1|LIBRARYPATH=*|LIBREFERENCE=nRF24L01+|LOCATION.X=335|LOCATION.Y=630|PARTCOUNT=2|PARTIDLOCKED=T|SOURCELIBRARYNAME=SBComponentsSchematics.SchLib|TARGETFILENAME=*|UNIQUEID=KXQQNVSO|
RECORD=41|LINENO=  29|OWNERPARTID=   0|OWNERINDEX=  28|FONTID=1|ISHIDDEN=T|LOCATION.X=253|LOCATION.Y=710|NAME=Supplier 1|TEXT=Digi-Key|UNIQUEID=VSMXWGGF|
RECORD=41|LINENO=  30|OWNERPARTID=   0|OWNERINDEX=  28|FONTID=1|ISHIDDEN=T|LOCATION.X=253|LOCATION.Y=710|NAME=Supplier Part Number 1|TEXT=1490-1033-1-ND|UNIQUEID=LLIULDOO|
RECORD=14|LINENO=  31|OWNERPARTID=   2|OWNERINDEX=  28|AREACOLOR=11599871|CORNER.X=385|CORNER.Y=710|ISSOLID=T|LOCATION.X=285|LOCATION.Y=550|
RECORD= 2|LINENO=  32|OWNERPARTID=   2|OWNERINDEX=  28|DESCRIPTION=Chip Enable Activates RX or TX mode|DESIGNATOR=1|FORMALTYPE=1|LOCATION.X=285|LOCATION.Y=660|NAME=CE|PINCONGLOMERATE=58|PINLENGTH=30|
RECORD=41|LINENO=  33|OWNERPARTID=   0|OWNERINDEX=  32|FONTID=1|ISHIDDEN=T|LOCATION.X=285|LOCATION.Y=660|NAME=PinUniqueId|TEXT=DEANDNOL|UNIQUEID=SEFOTFEE|
RECORD= 2|LINENO=  34|OWNERPARTID=   2|OWNERINDEX=  28|DESCRIPTION=SPI Chip Select|DESIGNATOR=2|FORMALTYPE=1|LOCATION.X=285|LOCATION.Y=640|NAME=CSN|PINCONGLOMERATE=58|PINLENGTH=30|
RECORD=41|LINENO=  35|OWNERPARTID=   0|OWNERINDEX=  34|FONTID=1|ISHIDDEN=T|LOCATION.X=285|LOCATION.Y=640|NAME=PinUniqueId|TEXT=MHNMEOXF|UNIQUEID=CXUBLDXI|
RECORD= 2|LINENO=  36|OWNERPARTID=   2|OWNERINDEX=  28|DESCRIPTION=SPI Clock|DESIGNATOR=3|FORMALTYPE=1|LOCATION.X=285|LOCATION.Y=630|NAME=SCK|PINCONGLOMERATE=58|PINLENGTH=30|
RECORD=41|LINENO=  37|OWNERPARTID=   0|OWNERINDEX=  36|FONTID=1|ISHIDDEN=T|LOCATION.X=285|LOCATION.Y=630|NAME=PinUniqueId|TEXT=WFEFXAGU|UNIQUEID=ORTWNQVU|
RECORD= 2|LINENO=  38|OWNERPARTID=   2|OWNERINDEX=  28|DESCRIPTION=SPI Slave Data Input|DESIGNATOR=4|FORMALTYPE=1|LOCATION.X=285|LOCATION.Y=620|NAME=MOSI|PINCONGLOMERATE=58|PINLENGTH=30|
RECORD=41|LINENO=  39|OWNERPARTID=   0|OWNERINDEX=  38|FONTID=1|ISHIDDEN=T|LOCATION.X=285|LOCATION.Y=620|NAME=PinUniqueId|TEXT=OMJMLOEF|UNIQUEID=HPWFILLB|
RECORD= 2|LINENO=  40|OWNERPARTID=   2|OWNERINDEX=  28|DESCRIPTION=SPI Slave Data Output, with tri-state option|DESIGNATOR=5|ELECTRICAL=2|FORMALTYPE=1|LOCATION.X=285|LOCATION.Y=610|NAME=MISO|PINCONGLOMERATE=58|PINLENGTH=30|
RECORD=41|LINENO=  41|OWNERPARTID=   0|OWNERINDEX=  40|FONTID=1|ISHIDDEN=T|LOCATION.X=285|LOCATION.Y=610|NAME=PinUniqueId|TEXT=MCOEKQDV|UNIQUEID=UTRITENV|
RECORD= 2|LINENO=  42|OWNERPARTID=   2|OWNERINDEX=  28|DESCRIPTION=Maskable interrupt pin. Active low|DESIGNATOR=6|ELECTRICAL=2|FORMALTYPE=1|LOCATION.X=285|LOCATION.Y=590|NAME=IRQ|PINCONGLOMERATE=58|PINLENGTH=30|
RECORD=41|LINENO=  43|OWNERPARTID=   0|OWNERINDEX=  42|FONTID=1|ISHIDDEN=T|LOCATION.X=285|LOCATION.Y=590|NAME=PinUniqueId|TEXT=EKANUFVX|UNIQUEID=WIFQVITV|
RECORD= 2|LINENO=  44|OWNERPARTID=   2|OWNERINDEX=  28|DESCRIPTION=Power Supply (+1.9V - +3.6V DC)|DESIGNATOR=7|ELECTRICAL=7|FORMALTYPE=1|LOCATION.X=285|LOCATION.Y=700|NAME=VDD|PINCONGLOMERATE=58|PINLENGTH=30|
RECORD=41|LINENO=  45|OWNERPARTID=   0|OWNERINDEX=  44|FONTID=1|ISHIDDEN=T|LOCATION.X=285|LOCATION.Y=700|NAME=PinUniqueId|TEXT=DBWXPYDW|UNIQUEID=DADJRNBP|
RECORD= 2|LINENO=  46|OWNERPARTID=   2|OWNERINDEX=  28|DESCRIPTION=Ground (0V)|DESIGNATOR=8|ELECTRICAL=7|FORMALTYPE=1|LOCATION.X=385|LOCATION.Y=600|NAME=VSS|PINCONGLOMERATE=56|PINLENGTH=30|
RECORD=41|LINENO=  47|OWNERPARTID=   0|OWNERINDEX=  46|FONTID=1|ISHIDDEN=T|LOCATION.X=385|LOCATION.Y=600|NAME=PinUniqueId|TEXT=QJCTKBNL|UNIQUEID=HHMIVONG|
RECORD= 2|LINENO=  48|OWNERPARTID=   2|OWNERINDEX=  28|DESCRIPTION=Crystal Pin 2|DESIGNATOR=9|ELECTRICAL=2|FORMALTYPE=1|LOCATION.X=385|LOCATION.Y=640|NAME=XC2|PINCONGLOMERATE=56|PINLENGTH=30|
RECORD=41|LINENO=  49|OWNERPARTID=   0|OWNERINDEX=  48|FONTID=1|ISHIDDEN=T|LOCATION.X=385|LOCATION.Y=640|NAME=PinUniqueId|TEXT=JAJAEMJP|UNIQUEID=KFHAWTVP|
RECORD= 2|LINENO=  50|OWNERPARTID=   2|OWNERINDEX=  28|DESCRIPTION=Crystal Pin 1|DESIGNATOR=10|FORMALTYPE=1|LOCATION.X=385|LOCATION.Y=650|NAME=XC1|PINCONGLOMERATE=56|PINLENGTH=30|
RECORD=41|LINENO=  51|OWNERPARTID=   0|OWNERINDEX=  50|FONTID=1|ISHIDDEN=T|LOCATION.X=385|LOCATION.Y=650|NAME=PinUniqueId|TEXT=IYNKESLM|UNIQUEID=ALWKGFSE|
RECORD= 2|LINENO=  52|OWNERPARTID=   2|OWNERINDEX=  28|DESCRIPTION=Power Supply Output (+1.8V) for the internal  nRF24L01+ Power Amplifier. Must be connected  to ANT1 and ANT2 as shown in Figure 32|DESIGNATOR=11|ELECTRICAL=7|FORMALTYPE=1|LOCATION.X=385|LOCATION.Y=670|NAME=VDD_PA|PINCONGLOMERATE=56|PINLENGTH=30|
RECORD=41|LINENO=  53|OWNERPARTID=   0|OWNERINDEX=  52|FONTID=1|ISHIDDEN=T|LOCATION.X=385|LOCATION.Y=670|NAME=PinUniqueId|TEXT=OTMUSSEU|UNIQUEID=RKEFPFTC|
RECORD= 2|LINENO=  54|OWNERPARTID=   2|OWNERINDEX=  28|DESCRIPTION=Antenna interface 1|DESIGNATOR=12|ELECTRICAL=4|FORMALTYPE=1|LOCATION.X=385|LOCATION.Y=690|NAME=ANT1|PINCONGLOMERATE=56|PINLENGTH=30|
RECORD=41|LINENO=  55|OWNERPARTID=   0|OWNERINDEX=  54|FONTID=1|ISHIDDEN=T|LOCATION.X=385|LOCATION.Y=690|NAME=PinUniqueId|TEXT=EGQEHANI|UNIQUEID=WKQRFOPK|
RECORD= 2|LINENO=  56|OWNERPARTID=   2|OWNERINDEX=  28|DESCRIPTION=Antenna interface 1|DESIGNATOR=13|ELECTRICAL=4|FORMALTYPE=1|LOCATION.X=385|LOCATION.Y=700|NAME=ANT2|PINCONGLOMERATE=56|PINLENGTH=30|
RECORD=41|LINENO=  57|OWNERPARTID=   0|OWNERINDEX=  56|FONTID=1|ISHIDDEN=T|LOCATION.X=385|LOCATION.Y=700|NAME=PinUniqueId|TEXT=GFDGILCC|UNIQUEID=JSGFYIPI|
RECORD= 2|LINENO=  58|OWNERPARTID=   2|OWNERINDEX=  28|DESCRIPTION=Ground (0V)|DESIGNATOR=14|ELECTRICAL=7|FORMALTYPE=1|LOCATION.X=385|LOCATION.Y=590|NAME=VSS|PINCONGLOMERATE=56|PINLENGTH=30|
RECORD=41|LINENO=  59|OWNERPARTID=   0|OWNERINDEX=  58|FONTID=1|ISHIDDEN=T|LOCATION.X=385|LOCATION.Y=590|NAME=PinUniqueId|TEXT=YXCGPXJH|UNIQUEID=IFXBIDHE|
RECORD= 2|LINENO=  60|OWNERPARTID=   2|OWNERINDEX=  28|DESCRIPTION=Power Supply (+1.9V - +3.6V DC)|DESIGNATOR=15|ELECTRICAL=7|FORMALTYPE=1|LOCATION.X=285|LOCATION.Y=690|NAME=VDD|PINCONGLOMERATE=58|PINLENGTH=30|
RECORD=41|LINENO=  61|OWNERPARTID=   0|OWNERINDEX=  60|FONTID=1|ISHIDDEN=T|LOCATION.X=285|LOCATION.Y=690|NAME=PinUniqueId|TEXT=PKIIYTTL|UNIQUEID=PGEDBVWD|
RECORD= 2|LINENO=  62|OWNERPARTID=   2|OWNERINDEX=  28|%UTF8%DESCRIPTION=Reference current. Connect a 22kÎ© resistor to  ground. See Figure 32.|DESCRIPTION=Reference current. Connect a 22kO resistor to  ground. See Figure 32.|DESIGNATOR=16|FORMALTYPE=1|LOCATION.X=385|LOCATION.Y=620|NAME=IREF|PINCONGLOMERATE=56|PINLENGTH=30|
RECORD=41|LINENO=  63|OWNERPARTID=   0|OWNERINDEX=  62|FONTID=1|ISHIDDEN=T|LOCATION.X=385|LOCATION.Y=620|NAME=PinUniqueId|TEXT=XNPUBACO|UNIQUEID=KNGXSLKH|
RECORD= 2|LINENO=  64|OWNERPARTID=   2|OWNERINDEX=  28|DESCRIPTION=Ground (0V)|DESIGNATOR=17|ELECTRICAL=7|FORMALTYPE=1|LOCATION.X=385|LOCATION.Y=580|NAME=VSS|PINCONGLOMERATE=56|PINLENGTH=30|
RECORD=41|LINENO=  65|OWNERPARTID=   0|OWNERINDEX=  64|FONTID=1|ISHIDDEN=T|LOCATION.X=385|LOCATION.Y=580|NAME=PinUniqueId|TEXT=YXHBXLUD|UNIQUEID=EDKIFMOI|
RECORD= 2|LINENO=  66|OWNERPARTID=   2|OWNERINDEX=  28|DESCRIPTION=Power Supply (+1.9V - +3.6V DC)|DESIGNATOR=18|ELECTRICAL=7|FORMALTYPE=1|LOCATION.X=285|LOCATION.Y=680|NAME=VDD|PINCONGLOMERATE=58|PINLENGTH=30|
RECORD=41|LINENO=  67|OWNERPARTID=   0|OWNERINDEX=  66|FONTID=1|ISHIDDEN=T|LOCATION.X=285|LOCATION.Y=680|NAME=PinUniqueId|TEXT=YQCQCOJV|UNIQUEID=AKMSNDVW|
RECORD= 2|LINENO=  68|OWNERPARTID=   2|OWNERINDEX=  28|DESCRIPTION=Internal digital supply output for de-coupling purposes.  See Figure 32.|DESIGNATOR=19|ELECTRICAL=7|FORMALTYPE=1|LOCATION.X=285|LOCATION.Y=570|NAME=DVDD|PINCONGLOMERATE=58|PINLENGTH=30|
RECORD=41|LINENO=  69|OWNERPARTID=   0|OWNERINDEX=  68|FONTID=1|ISHIDDEN=T|LOCATION.X=285|LOCATION.Y=570|NAME=PinUniqueId|TEXT=DWLUGCVF|UNIQUEID=YIYVEYRF|
RECORD= 2|LINENO=  70|OWNERPARTID=   2|OWNERINDEX=  28|DESCRIPTION=Ground (0V)|DESIGNATOR=20|ELECTRICAL=7|FORMALTYPE=1|LOCATION.X=385|LOCATION.Y=570|NAME=VSS|PINCONGLOMERATE=56|PINLENGTH=30|
RECORD=41|LINENO=  71|OWNERPARTID=   0|OWNERINDEX=  70|FONTID=1|ISHIDDEN=T|LOCATION.X=385|LOCATION.Y=570|NAME=PinUniqueId|TEXT=KCOCFSGY|UNIQUEID=FHGERVJR|
RECORD= 2|LINENO=  72|OWNERPARTID=   2|OWNERINDEX=  28|DESCRIPTION=Ground (0V) - Thermal Pad|DESIGNATOR=21|ELECTRICAL=7|FORMALTYPE=1|LOCATION.X=385|LOCATION.Y=560|NAME=VSS|PINCONGLOMERATE=56|PINLENGTH=30|
RECORD=41|LINENO=  73|OWNERPARTID=   0|OWNERINDEX=  72|FONTID=1|ISHIDDEN=T|LOCATION.X=385|LOCATION.Y=560|NAME=PinUniqueId|TEXT=VHCKDGJG|UNIQUEID=YRDUHBYU|
RECORD=34|LINENO=  74|OWNERPARTID=   0|OWNERINDEX=  28|FONTID=1|LOCATION.X=285|LOCATION.Y=710|NAME=Designator|TEXT=U7|UNIQUEID=MLDJREFS|
RECORD=41|LINENO=  75|OWNERPARTID=   0|OWNERINDEX=  28|FONTID=1|LOCATION.X=285|LOCATION.Y=540|NAME=Comment|TEXT=nRF24L01+|UNIQUEID=MHWHUWAY|
RECORD=44|LINENO=  76|OWNERPARTID= -42|OWNERINDEX=  28|
RECORD=45|LINENO=  77|OWNERPARTID= -42|OWNERINDEX=  76|DATAFILECOUNT=1|DESCRIPTION=QFN, 20-Leads, Body 4,00x4,00mm, Pitch 0,50mm, Thermal Pad 2,60x2,60mm, IPC High Density|ISCURRENT=T|MODELDATAFILEENTITY0=QFN50P400X400X95_HS-21L|MODELDATAFILEKIND0=PCBLib|MODELNAME=QFN50P400X400X95_HS-21L|MODELTYPE=PCBLIB|UNIQUEID=YGSFKOGH|
RECORD=46|LINENO=  78|OWNERPARTID= -42|OWNERINDEX=  77|
RECORD=48|LINENO=  79|OWNERPARTID= -42|OWNERINDEX=  77|
RECORD=17|LINENO=  80|OWNERPARTID=   0|OWNERINDEX= -42|FONTID=2|LOCATION.X=120|LOCATION.Y=715|ORIENTATION=1|SHOWNETNAME=T|STYLE=2|TEXT=+3.3V|UNIQUEID=OKQIIXJW|
RECORD=17|LINENO=  81|OWNERPARTID=   0|OWNERINDEX= -42|FONTID=2|LOCATION.X=160|LOCATION.Y=715|ORIENTATION=1|SHOWNETNAME=T|STYLE=2|TEXT=+3.3V|UNIQUEID=VUVBXKJU|
RECORD=17|LINENO=  82|OWNERPARTID=   0|OWNERINDEX= -42|FONTID=2|LOCATION.X=245|LOCATION.Y=710|ORIENTATION=1|SHOWNETNAME=T|STYLE=2|TEXT=+3.3V|UNIQUEID=CCBMDQMV|
RECORD=25|LINENO=  83|OWNERPARTID=   0|OWNERINDEX= -42|FONTID=1|LOCATION.X=415|LOCATION.Y=650|TEXT=RADIO_CLK|UNIQUEID=MBUOWKSL|
RECORD= 4|LINENO=  84|OWNERPARTID=   0|OWNERINDEX= -42|FONTID=3|LOCATION.X=395|LOCATION.Y=485|TEXT=Radio Chip|
RECORD= 1|LINENO=  85|OWNERPARTID=   0|OWNERINDEX= -42|%UTF8%COMPONENTDESCRIPTION=10nF 0402 X7R 25V Â±5%|AREACOLOR=11599871|COMPONENTDESCRIPTION=10nF 0402 X7R 25V ±5%|CURRENTPARTID=1|DESIGNITEMID=10nF|DISPLAYMODECOUNT=1|LIBRARYPATH=*|LIBREFERENCE=10nF|LOCATION.X=120|LOCATION.Y=700|ORIENTATION=1|PARTCOUNT=2|PARTIDLOCKED=T|SOURCELIBRARYNAME=SBComponentsSchematics.SchLib|TARGETFILENAME=*|UNIQUEID=OWGPHRLY|
RECORD=41|LINENO=  86|OWNERPARTID=   0|OWNERINDEX=  85|FONTID=1|ISHIDDEN=T|LOCATION.X=100|LOCATION.Y=715|NAME=Supplier 1|TEXT=Farnell|UNIQUEID=BIREFJFW|
RECORD=41|LINENO=  87|OWNERPARTID=   0|OWNERINDEX=  85|FONTID=1|ISHIDDEN=T|LOCATION.X=100|LOCATION.Y=715|NAME=Supplier Part Number 1|TEXT=1692285|UNIQUEID=JBFEPCCY|
RECORD=41|LINENO=  88|OWNERPARTID=   0|OWNERINDEX=  85|FONTID=1|ISHIDDEN=T|LOCATION.X=100|LOCATION.Y=715|NAME=Supplier 2|TEXT=Digi-Key|UNIQUEID=ULUSEXNI|
RECORD=41|LINENO=  89|OWNERPARTID=   0|OWNERINDEX=  85|FONTID=1|ISHIDDEN=T|LOCATION.X=100|LOCATION.Y=715|NAME=Supplier Part Number 2|TEXT=399-1279-1-ND|UNIQUEID=HTCCJDHG|
RECORD=41|LINENO=  90|OWNERPARTID=   0|OWNERINDEX=  85|FONTID=1|LOCATION.X=129|LOCATION.Y=686|NAME=Value|TEXT=10nF|UNIQUEID=TWVIKDKV|
RECORD= 2|LINENO=  91|OWNERPARTID=   2|OWNERINDEX=  85|DESIGNATOR=1|ELECTRICAL=4|FORMALTYPE=1|LOCATION.X=120|LOCATION.Y=695|NAME=1|PINCONGLOMERATE=35|PINLENGTH=10|
RECORD=41|LINENO=  92|OWNERPARTID=   0|OWNERINDEX=  91|FONTID=1|ISHIDDEN=T|LOCATION.X=120|LOCATION.Y=695|NAME=PinUniqueId|TEXT=FDSKKFDB|UNIQUEID=HWUXKDMN|
RECORD= 2|LINENO=  93|OWNERPARTID=   2|OWNERINDEX=  85|DESIGNATOR=2|ELECTRICAL=4|FORMALTYPE=1|LOCATION.X=120|LOCATION.Y=705|NAME=2|PINCONGLOMERATE=33|PINLENGTH=10|
RECORD=41|LINENO=  94|OWNERPARTID=   0|OWNERINDEX=  93|FONTID=1|ISHIDDEN=T|LOCATION.X=120|LOCATION.Y=705|NAME=PinUniqueId|TEXT=MRJPDERY|UNIQUEID=OWAXRHRN|
RECORD=13|LINENO=  95|OWNERPARTID=   2|OWNERINDEX=  85|CORNER.X=128|CORNER.Y=702|LINEWIDTH=1|LOCATION.X=112|LOCATION.Y=702|
RECORD=13|LINENO=  96|OWNERPARTID=   2|OWNERINDEX=  85|CORNER.X=112|CORNER.Y=698|LINEWIDTH=1|LOCATION.X=128|LOCATION.Y=698|
RECORD= 6|LINENO=  97|OWNERPARTID=   2|OWNERINDEX=  85|LINEWIDTH=1|LOCATIONCOUNT=2|X1=120|X2=120|Y1=695|Y2=698|
RECORD= 6|LINENO=  98|OWNERPARTID=   2|OWNERINDEX=  85|LINEWIDTH=1|LOCATIONCOUNT=2|X1=120|X2=120|Y1=705|Y2=702|
RECORD=34|LINENO=  99|OWNERPARTID=   0|OWNERINDEX=  85|FONTID=1|LOCATION.X=129|LOCATION.Y=696|NAME=Designator|TEXT=C19|UNIQUEID=IVRXYFKQ|
RECORD=41|LINENO= 100|OWNERPARTID=   0|OWNERINDEX=  85|FONTID=1|ISHIDDEN=T|LOCATION.X=111|LOCATION.Y=717|NAME=Comment|TEXT=10nF|UNIQUEID=UDNWGNXD|
RECORD=44|LINENO= 101|OWNERPARTID= -42|OWNERINDEX=  85|
RECORD=45|LINENO= 102|OWNERPARTID= -42|OWNERINDEX= 101|DATAFILECOUNT=1|DESCRIPTION=Chip Body 1.0 x 0.5 mm (LxW typ)|ISCURRENT=T|MODELDATAFILE0=SBComponentsFootprints.PcbLib|MODELDATAFILEENTITY0=0402|MODELDATAFILEKIND0=PCBLib|MODELNAME=0402|MODELTYPE=PCBLIB|UNIQUEID=PJIBMNVX|
RECORD=46|LINENO= 103|OWNERPARTID= -42|OWNERINDEX= 102|
RECORD=48|LINENO= 104|OWNERPARTID= -42|OWNERINDEX= 102|
RECORD= 1|LINENO= 105|OWNERPARTID=   0|OWNERINDEX= -42|%UTF8%COMPONENTDESCRIPTION=1nF 0402 X7R 50V Â±10%|AREACOLOR=11599871|COMPONENTDESCRIPTION=1nF 0402 X7R 50V ±10%|CURRENTPARTID=1|DESIGNITEMID=1nF|DISPLAYMODECOUNT=1|LIBRARYPATH=*|LIBREFERENCE=1nF|LOCATION.X=160|LOCATION.Y=700|ORIENTATION=1|PARTCOUNT=2|PARTIDLOCKED=T|SOURCELIBRARYNAME=SBComponentsSchematics.SchLib|TARGETFILENAME=*|UNIQUEID=CNJFSDOA|
RECORD=41|LINENO= 106|OWNERPARTID=   0|OWNERINDEX= 105|FONTID=1|ISHIDDEN=T|LOCATION.X=140|LOCATION.Y=715|NAME=Supplier 1|TEXT=Farnell|UNIQUEID=RDOYYIVP|
RECORD=41|LINENO= 107|OWNERPARTID=   0|OWNERINDEX= 105|FONTID=1|ISHIDDEN=T|LOCATION.X=140|LOCATION.Y=725|NAME=Supplier 2|TEXT=Digi-Key|UNIQUEID=TVKMBMCK|
RECORD=41|LINENO= 108|OWNERPARTID=   0|OWNERINDEX= 105|FONTID=1|ISHIDDEN=T|LOCATION.X=140|LOCATION.Y=715|NAME=Supplier Part Number 1|TEXT=1414573|UNIQUEID=LXGMIRJC|
RECORD=41|LINENO= 109|OWNERPARTID=   0|OWNERINDEX= 105|FONTID=1|ISHIDDEN=T|LOCATION.X=140|LOCATION.Y=725|NAME=Supplier Part Number 2|TEXT=399-1032-1-ND|UNIQUEID=AARMVMSJ|
RECORD=41|LINENO= 110|OWNERPARTID=   0|OWNERINDEX= 105|FONTID=1|LOCATION.X=169|LOCATION.Y=686|NAME=Value|TEXT=1nF|UNIQUEID=EUUNLTUN|
RECORD= 2|LINENO= 111|OWNERPARTID=   2|OWNERINDEX= 105|DESIGNATOR=1|ELECTRICAL=4|FORMALTYPE=1|LOCATION.X=160|LOCATION.Y=695|NAME=1|PINCONGLOMERATE=35|PINLENGTH=10|
RECORD=41|LINENO= 112|OWNERPARTID=   0|OWNERINDEX= 111|FONTID=1|ISHIDDEN=T|LOCATION.X=160|LOCATION.Y=695|NAME=PinUniqueId|TEXT=PQIXWQJU|UNIQUEID=YHQWHIVR|
RECORD= 2|LINENO= 113|OWNERPARTID=   2|OWNERINDEX= 105|DESIGNATOR=2|ELECTRICAL=4|FORMALTYPE=1|LOCATION.X=160|LOCATION.Y=705|NAME=2|PINCONGLOMERATE=33|PINLENGTH=10|
RECORD=41|LINENO= 114|OWNERPARTID=   0|OWNERINDEX= 113|FONTID=1|ISHIDDEN=T|LOCATION.X=160|LOCATION.Y=705|NAME=PinUniqueId|TEXT=ELOGSGQG|UNIQUEID=QGKVLDFL|
RECORD=13|LINENO= 115|OWNERPARTID=   2|OWNERINDEX= 105|CORNER.X=168|CORNER.Y=702|LINEWIDTH=1|LOCATION.X=152|LOCATION.Y=702|
RECORD=13|LINENO= 116|OWNERPARTID=   2|OWNERINDEX= 105|CORNER.X=152|CORNER.Y=698|LINEWIDTH=1|LOCATION.X=168|LOCATION.Y=698|
RECORD= 6|LINENO= 117|OWNERPARTID=   2|OWNERINDEX= 105|LINEWIDTH=1|LOCATIONCOUNT=2|X1=160|X2=160|Y1=695|Y2=698|
RECORD= 6|LINENO= 118|OWNERPARTID=   2|OWNERINDEX= 105|LINEWIDTH=1|LOCATIONCOUNT=2|X1=160|X2=160|Y1=705|Y2=702|
RECORD=34|LINENO= 119|OWNERPARTID=   0|OWNERINDEX= 105|FONTID=1|LOCATION.X=169|LOCATION.Y=696|NAME=Designator|TEXT=C20|UNIQUEID=MBXXLWJR|
RECORD=41|LINENO= 120|OWNERPARTID=   0|OWNERINDEX= 105|FONTID=1|ISHIDDEN=T|LOCATION.X=151|LOCATION.Y=717|NAME=Comment|TEXT=1nF|UNIQUEID=TQRTPRKA|
RECORD=44|LINENO= 121|OWNERPARTID= -42|OWNERINDEX= 105|
RECORD=45|LINENO= 122|OWNERPARTID= -42|OWNERINDEX= 121|DATAFILECOUNT=1|DESCRIPTION=Chip Body 1.0 x 0.5 mm (LxW typ)|ISCURRENT=T|MODELDATAFILE0=SBComponentsFootprints.PcbLib|MODELDATAFILEENTITY0=0402|MODELDATAFILEKIND0=PCBLib|MODELNAME=0402|MODELTYPE=PCBLIB|UNIQUEID=BITGKSUX|
RECORD=46|LINENO= 123|OWNERPARTID= -42|OWNERINDEX= 122|
RECORD=48|LINENO= 124|OWNERPARTID= -42|OWNERINDEX= 122|
RECORD= 1|LINENO= 125|OWNERPARTID=   0|OWNERINDEX= -42|%UTF8%COMPONENTDESCRIPTION=33nF 0402 X7R 50V Â±10%|AREACOLOR=11599871|COMPONENTDESCRIPTION=33nF 0402 X7R 50V ±10%|CURRENTPARTID=1|DESIGNITEMID=33nF|DISPLAYMODECOUNT=1|LIBRARYPATH=*|LIBREFERENCE=33nF|LOCATION.X=235|LOCATION.Y=555|ORIENTATION=1|PARTCOUNT=2|PARTIDLOCKED=T|SOURCELIBRARYNAME=SBComponentsSchematics.SchLib|TARGETFILENAME=*|UNIQUEID=XUIPRUFQ|
RECORD=41|LINENO= 126|OWNERPARTID=   0|OWNERINDEX= 125|FONTID=1|ISHIDDEN=T|LOCATION.X=215|LOCATION.Y=570|NAME=Supplier 1|TEXT=Farnell|UNIQUEID=TUFFMBKX|
RECORD=41|LINENO= 127|OWNERPARTID=   0|OWNERINDEX= 125|FONTID=1|ISHIDDEN=T|LOCATION.X=215|LOCATION.Y=580|NAME=Supplier 2|TEXT=Digi-Key|UNIQUEID=LPPTESGL|
RECORD=41|LINENO= 128|OWNERPARTID=   0|OWNERINDEX= 125|FONTID=1|ISHIDDEN=T|LOCATION.X=215|LOCATION.Y=570|NAME=Supplier Part Number 1|TEXT=2210826|UNIQUEID=FQVIFNVL|
RECORD=41|LINENO= 129|OWNERPARTID=   0|OWNERINDEX= 125|FONTID=1|ISHIDDEN=T|LOCATION.X=215|LOCATION.Y=580|NAME=Supplier Part Number 2|TEXT=445-7334-1-ND|UNIQUEID=SVLPWKQD|
RECORD=41|LINENO= 130|OWNERPARTID=   0|OWNERINDEX= 125|FONTID=1|LOCATION.X=244|LOCATION.Y=541|NAME=Value|TEXT=33nF|UNIQUEID=QOAYEBIR|
RECORD= 2|LINENO= 131|OWNERPARTID=   2|OWNERINDEX= 125|DESIGNATOR=1|ELECTRICAL=4|FORMALTYPE=1|LOCATION.X=235|LOCATION.Y=550|NAME=1|PINCONGLOMERATE=35|PINLENGTH=10|
RECORD=41|LINENO= 132|OWNERPARTID=   0|OWNERINDEX= 131|FONTID=1|ISHIDDEN=T|LOCATION.X=235|LOCATION.Y=550|NAME=PinUniqueId|TEXT=CBALTQHE|UNIQUEID=RPEPKRGK|
RECORD= 2|LINENO= 133|OWNERPARTID=   2|OWNERINDEX= 125|DESIGNATOR=2|ELECTRICAL=4|FORMALTYPE=1|LOCATION.X=235|LOCATION.Y=560|NAME=2|PINCONGLOMERATE=33|PINLENGTH=10|
RECORD=41|LINENO= 134|OWNERPARTID=   0|OWNERINDEX= 133|FONTID=1|ISHIDDEN=T|LOCATION.X=235|LOCATION.Y=560|NAME=PinUniqueId|TEXT=QGRMVQPS|UNIQUEID=WUITSTTV|
RECORD=13|LINENO= 135|OWNERPARTID=   2|OWNERINDEX= 125|CORNER.X=243|CORNER.Y=557|LINEWIDTH=1|LOCATION.X=227|LOCATION.Y=557|
RECORD=13|LINENO= 136|OWNERPARTID=   2|OWNERINDEX= 125|CORNER.X=227|CORNER.Y=553|LINEWIDTH=1|LOCATION.X=243|LOCATION.Y=553|
RECORD= 6|LINENO= 137|OWNERPARTID=   2|OWNERINDEX= 125|LINEWIDTH=1|LOCATIONCOUNT=2|X1=235|X2=235|Y1=550|Y2=553|
RECORD= 6|LINENO= 138|OWNERPARTID=   2|OWNERINDEX= 125|LINEWIDTH=1|LOCATIONCOUNT=2|X1=235|X2=235|Y1=560|Y2=557|
RECORD=34|LINENO= 139|OWNERPARTID=   0|OWNERINDEX= 125|FONTID=1|LOCATION.X=244|LOCATION.Y=551|NAME=Designator|TEXT=C22|UNIQUEID=NSNBKHPY|
RECORD=41|LINENO= 140|OWNERPARTID=   0|OWNERINDEX= 125|FONTID=1|ISHIDDEN=T|LOCATION.X=226|LOCATION.Y=572|NAME=Comment|TEXT=33nF|UNIQUEID=MVIOXWAN|
RECORD=44|LINENO= 141|OWNERPARTID= -42|OWNERINDEX= 125|
RECORD=45|LINENO= 142|OWNERPARTID= -42|OWNERINDEX= 141|DATAFILECOUNT=1|DESCRIPTION=Chip Body 1.0 x 0.5 mm (LxW typ)|ISCURRENT=T|MODELDATAFILE0=SBComponentsFootprints.PcbLib|MODELDATAFILEENTITY0=0402|MODELDATAFILEKIND0=PCBLib|MODELNAME=0402|MODELTYPE=PCBLIB|UNIQUEID=ROKYGGRN|
RECORD=46|LINENO= 143|OWNERPARTID= -42|OWNERINDEX= 142|
RECORD=48|LINENO= 144|OWNERPARTID= -42|OWNERINDEX= 142|
RECORD= 1|LINENO= 145|OWNERPARTID=   0|OWNERINDEX= -42|%UTF8%COMPONENTDESCRIPTION=22K 0402 1/16W Â±1%|AREACOLOR=11599871|COMPONENTDESCRIPTION=22K 0402 1/16W ±1%|CURRENTPARTID=1|DESIGNITEMID=22K|DISPLAYMODECOUNT=1|LIBRARYPATH=*|LIBREFERENCE=22K|LOCATION.X=445|LOCATION.Y=590|ORIENTATION=1|PARTCOUNT=2|PARTIDLOCKED=T|SOURCELIBRARYNAME=SBComponentsSchematics.SchLib|TARGETFILENAME=*|UNIQUEID=IGSBHENW|
RECORD=41|LINENO= 146|OWNERPARTID=   0|OWNERINDEX= 145|FONTID=1|ISHIDDEN=T|LOCATION.X=423|LOCATION.Y=605|NAME=Supplier 1|TEXT=Farnell|UNIQUEID=BCKQBRRB|
RECORD=41|LINENO= 147|OWNERPARTID=   0|OWNERINDEX= 145|FONTID=1|ISHIDDEN=T|LOCATION.X=423|LOCATION.Y=615|NAME=Supplier 2|TEXT=Digi-Key|UNIQUEID=XEJUEIDI|
RECORD=41|LINENO= 148|OWNERPARTID=   0|OWNERINDEX= 145|FONTID=1|ISHIDDEN=T|LOCATION.X=423|LOCATION.Y=605|NAME=Supplier Part Number 1|TEXT=2072781|UNIQUEID=HOFDHSIY|
RECORD=41|LINENO= 149|OWNERPARTID=   0|OWNERINDEX= 145|FONTID=1|ISHIDDEN=T|LOCATION.X=423|LOCATION.Y=615|NAME=Supplier Part Number 2|TEXT=541-22.0KLCT-ND|UNIQUEID=WVEJNQEG|
RECORD=41|LINENO= 150|OWNERPARTID=   0|OWNERINDEX= 145|FONTID=1|LOCATION.X=449|LOCATION.Y=591|NAME=Value|TEXT=22K|UNIQUEID=LWRELNIV|
RECORD= 2|LINENO= 151|OWNERPARTID=   2|OWNERINDEX= 145|DESIGNATOR=1|ELECTRICAL=4|FORMALTYPE=1|LOCATION.X=445|LOCATION.Y=580|NAME=1|PINCONGLOMERATE=35|PINLENGTH=10|
RECORD=41|LINENO= 152|OWNERPARTID=   0|OWNERINDEX= 151|FONTID=1|ISHIDDEN=T|LOCATION.X=445|LOCATION.Y=580|NAME=PinUniqueId|TEXT=VVCVDLOQ|UNIQUEID=OFNWRDAJ|
RECORD= 2|LINENO= 153|OWNERPARTID=   2|OWNERINDEX= 145|DESIGNATOR=2|ELECTRICAL=4|FORMALTYPE=1|LOCATION.X=445|LOCATION.Y=610|NAME=2|PINCONGLOMERATE=33|PINLENGTH=10|
RECORD=41|LINENO= 154|OWNERPARTID=   0|OWNERINDEX= 153|FONTID=1|ISHIDDEN=T|LOCATION.X=445|LOCATION.Y=610|NAME=PinUniqueId|TEXT=YDQLQODQ|UNIQUEID=VEUQEDCP|
RECORD= 6|LINENO= 155|OWNERPARTID=   2|OWNERINDEX= 145|LINEWIDTH=1|LOCATIONCOUNT=7|X1=445|X2=442|X3=448|X4=442|X5=448|X6=442|X7=445|Y1=610|Y2=607|Y3=601|Y4=595|Y5=589|Y6=583|Y7=580|
RECORD=34|LINENO= 156|OWNERPARTID=   0|OWNERINDEX= 145|FONTID=1|LOCATION.X=449|LOCATION.Y=601|NAME=Designator|TEXT=R27|UNIQUEID=HKOXCCJU|
RECORD=41|LINENO= 157|OWNERPARTID=   0|OWNERINDEX= 145|%UTF8%TEXT=22K 0402 1/16W Â±1%|FONTID=1|ISHIDDEN=T|LOCATION.X=440|LOCATION.Y=575|NAME=Comment|TEXT=22K 0402 1/16W ±1%|UNIQUEID=FUHCJXRH|
RECORD=44|LINENO= 158|OWNERPARTID= -42|OWNERINDEX= 145|
RECORD=45|LINENO= 159|OWNERPARTID= -42|OWNERINDEX= 158|DATAFILECOUNT=1|DESCRIPTION=Chip Body 1.0 x 0.5 mm (LxW typ)|ISCURRENT=T|MODELDATAFILE0=SBComponentsFootprints.PcbLib|MODELDATAFILEENTITY0=0402|MODELDATAFILEKIND0=PCBLib|MODELNAME=0402|MODELTYPE=PCBLIB|UNIQUEID=YNXPDWJR|
RECORD=46|LINENO= 160|OWNERPARTID= -42|OWNERINDEX= 159|
RECORD=48|LINENO= 161|OWNERPARTID= -42|OWNERINDEX= 159|
RECORD=25|LINENO= 162|OWNERPARTID=   0|OWNERINDEX= -42|FONTID=1|LOCATION.X=140|LOCATION.Y=625|TEXT=RADIO_SPI|UNIQUEID=PGXMEWML|
RECORD=41|LINENO= 163|OWNERPARTID=   0|OWNERINDEX= -42|FONTID=1|ISHIDDEN=T|NAME=Application_BuildNumber|TEXT=*|UNIQUEID=DTIYTGCT|
RECORD=25|LINENO= 164|OWNERPARTID=   0|OWNERINDEX= -42|FONTID=1|LOCATION.X=415|LOCATION.Y=690|TEXT=ANT1|UNIQUEID=OJHHIJXA|
RECORD=25|LINENO= 165|OWNERPARTID=   0|OWNERINDEX= -42|FONTID=1|LOCATION.X=415|LOCATION.Y=700|TEXT=ANT2|UNIQUEID=TPTPXHUL|
RECORD=25|LINENO= 166|OWNERPARTID=   0|OWNERINDEX= -42|FONTID=1|LOCATION.X=415|LOCATION.Y=670|TEXT=VDD_PA|UNIQUEID=RAPSHTQN|
RECORD= 6|LINENO= 167|OWNERPARTID=   0|OWNERINDEX= -42|LINEWIDTH=2|LOCATIONCOUNT=3|X1=20|X2=500|X3=500|Y1=480|Y2=480|Y3=740|
RECORD= 6|LINENO= 168|OWNERPARTID=   0|OWNERINDEX= -42|LINEWIDTH=2|LOCATIONCOUNT=3|X1=500|X2=380|X3=380|Y1=510|Y2=510|Y3=480|
RECORD= 1|LINENO= 169|OWNERPARTID=   0|OWNERINDEX= -42|AREACOLOR=11599871|COMPONENTDESCRIPTION=Johanson Technology Impedance Matched Balun Filter Integrated Passive for nRF24L01|CURRENTPARTID=1|DESIGNITEMID=2450BM14A0002T|DISPLAYMODECOUNT=1|LIBRARYPATH=*|LIBREFERENCE=2450BM14A0002T|LOCATION.X=690|LOCATION.Y=685|PARTCOUNT=2|PARTIDLOCKED=T|SOURCELIBRARYNAME=SBComponentsSchematics.SchLib|TARGETFILENAME=*|UNIQUEID=WFKLVXEF|
RECORD=41|LINENO= 170|OWNERPARTID=   0|OWNERINDEX= 169|FONTID=1|ISHIDDEN=T|LOCATION.X=628|LOCATION.Y=715|NAME=Supplier 1|TEXT=Farnell|UNIQUEID=PFCMGABD|
RECORD=41|LINENO= 171|OWNERPARTID=   0|OWNERINDEX= 169|FONTID=1|ISHIDDEN=T|LOCATION.X=628|LOCATION.Y=725|NAME=Supplier 2|TEXT=Digi-Key|UNIQUEID=TIJWJVJC|
RECORD=41|LINENO= 172|OWNERPARTID=   0|OWNERINDEX= 169|FONTID=1|ISHIDDEN=T|LOCATION.X=628|LOCATION.Y=715|NAME=Supplier Part Number 1|TEXT=2148533|UNIQUEID=RVRWQSTO|
RECORD=41|LINENO= 173|OWNERPARTID=   0|OWNERINDEX= 169|FONTID=1|ISHIDDEN=T|LOCATION.X=628|LOCATION.Y=725|NAME=Supplier Part Number 2|TEXT=712-1574-1-ND|UNIQUEID=MVHROWUO|
RECORD=14|LINENO= 174|OWNERPARTID=   2|OWNERINDEX= 169|AREACOLOR=11599871|CORNER.X=725|CORNER.Y=715|ISSOLID=T|LOCATION.X=655|LOCATION.Y=655|
RECORD= 2|LINENO= 175|OWNERPARTID=   2|OWNERINDEX= 169|DESIGNATOR=1|ELECTRICAL=4|FORMALTYPE=1|LOCATION.X=725|LOCATION.Y=705|NAME=Unbal|PINCONGLOMERATE=56|PINLENGTH=20|
RECORD=41|LINENO= 176|OWNERPARTID=   0|OWNERINDEX= 175|FONTID=1|NAME=HiddenNetName|TEXT=GND|UNIQUEID=WLABWGXA|
RECORD=41|LINENO= 177|OWNERPARTID=   0|OWNERINDEX= 175|FONTID=1|ISHIDDEN=T|LOCATION.X=725|LOCATION.Y=705|NAME=PinUniqueId|TEXT=AFYWMULS|UNIQUEID=ELMUWTEP|
RECORD= 2|LINENO= 178|OWNERPARTID=   2|OWNERINDEX= 169|%UTF8%SWAPIDPART=Â¦&Â¦1|DESIGNATOR=2|ELECTRICAL=4|FORMALTYPE=1|LOCATION.X=725|LOCATION.Y=665|NAME=GND|PINCONGLOMERATE=56|PINLENGTH=20|SWAPIDPART=Ž&Ž1|
RECORD=41|LINENO= 179|OWNERPARTID=   0|OWNERINDEX= 178|FONTID=1|NAME=HiddenNetName|TEXT=GND|UNIQUEID=BRBLBHTB|
RECORD=41|LINENO= 180|OWNERPARTID=   0|OWNERINDEX= 178|FONTID=1|ISHIDDEN=T|LOCATION.X=725|LOCATION.Y=665|NAME=PinUniqueId|TEXT=XNEJBXTX|UNIQUEID=UGKFPSTH|
RECORD= 2|LINENO= 181|OWNERPARTID=   2|OWNERINDEX= 169|%UTF8%SWAPIDPART=Â¦&Â¦1|DESIGNATOR=3|ELECTRICAL=4|FORMALTYPE=1|LOCATION.X=655|LOCATION.Y=705|NAME=BAL1|PINCONGLOMERATE=58|PINLENGTH=20|SWAPIDPART=Ž&Ž1|
RECORD=41|LINENO= 182|OWNERPARTID=   0|OWNERINDEX= 181|FONTID=1|NAME=HiddenNetName|TEXT=GND|UNIQUEID=VHSYHYEW|
RECORD=41|LINENO= 183|OWNERPARTID=   0|OWNERINDEX= 181|FONTID=1|ISHIDDEN=T|LOCATION.X=655|LOCATION.Y=705|NAME=PinUniqueId|TEXT=OYNNIQGJ|UNIQUEID=GPQEDSKW|
RECORD= 2|LINENO= 184|OWNERPARTID=   2|OWNERINDEX= 169|%UTF8%SWAPIDPART=Â¦&Â¦1|DESIGNATOR=4|ELECTRICAL=4|FORMALTYPE=1|LOCATION.X=655|LOCATION.Y=685|NAME=BAL2|PINCONGLOMERATE=58|PINLENGTH=20|SWAPIDPART=Ž&Ž1|
RECORD=41|LINENO= 185|OWNERPARTID=   0|OWNERINDEX= 184|FONTID=1|NAME=HiddenNetName|TEXT=GND|UNIQUEID=RKNGKOAD|
RECORD=41|LINENO= 186|OWNERPARTID=   0|OWNERINDEX= 184|FONTID=1|ISHIDDEN=T|LOCATION.X=655|LOCATION.Y=685|NAME=PinUniqueId|TEXT=NNPKBAJW|UNIQUEID=OWAMGURD|
RECORD= 2|LINENO= 187|OWNERPARTID=   2|OWNERINDEX= 169|%UTF8%SWAPIDPART=Â¦&Â¦1|DESIGNATOR=5|ELECTRICAL=4|FORMALTYPE=1|LOCATION.X=655|LOCATION.Y=665|NAME=DC|PINCONGLOMERATE=58|PINLENGTH=20|SWAPIDPART=Ž&Ž1|
RECORD=41|LINENO= 188|OWNERPARTID=   0|OWNERINDEX= 187|FONTID=1|NAME=HiddenNetName|TEXT=GND|UNIQUEID=QCXKVSLV|
RECORD=41|LINENO= 189|OWNERPARTID=   0|OWNERINDEX= 187|FONTID=1|ISHIDDEN=T|LOCATION.X=655|LOCATION.Y=665|NAME=PinUniqueId|TEXT=HGCYPSPG|UNIQUEID=SSPBAMIL|
RECORD= 2|LINENO= 190|OWNERPARTID=   2|OWNERINDEX= 169|%UTF8%SWAPIDPART=Â¦&Â¦1|DESIGNATOR=6|ELECTRICAL=4|FORMALTYPE=1|LOCATION.X=725|LOCATION.Y=685|NAME=NC|PINCONGLOMERATE=56|PINLENGTH=20|SWAPIDPART=Ž&Ž1|
RECORD=41|LINENO= 191|OWNERPARTID=   0|OWNERINDEX= 190|FONTID=1|NAME=HiddenNetName|TEXT=GND|UNIQUEID=WCGHWMIE|
RECORD=41|LINENO= 192|OWNERPARTID=   0|OWNERINDEX= 190|FONTID=1|ISHIDDEN=T|LOCATION.X=725|LOCATION.Y=685|NAME=PinUniqueId|TEXT=BTBDYXMW|UNIQUEID=TYUGAOQM|
RECORD=34|LINENO= 193|OWNERPARTID=   0|OWNERINDEX= 169|FONTID=1|LOCATION.X=655|LOCATION.Y=715|NAME=Designator|TEXT=B1|UNIQUEID=NEMNCEPO|
RECORD=41|LINENO= 194|OWNERPARTID=   0|OWNERINDEX= 169|FONTID=1|ISHIDDEN=T|LOCATION.X=633|LOCATION.Y=715|NAME=Comment|TEXT=2450BM14A0002T|UNIQUEID=GHYSFNTM|
RECORD=44|LINENO= 195|OWNERPARTID= -42|OWNERINDEX= 169|
RECORD=45|LINENO= 196|OWNERPARTID= -42|OWNERINDEX= 195|DATAFILECOUNT=1|DESCRIPTION=2.45 GHz Impedance Matched Balun-Filter: Optimized for Nordic's Chipset nRF24L01|ISCURRENT=T|MODELDATAFILE0=SBComponentsFootprints.PcbLib|MODELDATAFILEENTITY0=2450BM14A0002|MODELDATAFILEKIND0=PCBLib|MODELNAME=2450BM14A0002|MODELTYPE=PCBLIB|UNIQUEID=WXLMULHH|
RECORD=46|LINENO= 197|OWNERPARTID= -42|OWNERINDEX= 196|
RECORD=48|LINENO= 198|OWNERPARTID= -42|OWNERINDEX= 196|
RECORD= 4|LINENO= 199|OWNERPARTID=   0|OWNERINDEX= -42|FONTID=3|LOCATION.X=730|LOCATION.Y=565|TEXT=Antenna Circuit (Balun)|
RECORD= 1|LINENO= 200|OWNERPARTID=   0|OWNERINDEX= -42|%UTF8%COMPONENTDESCRIPTION=2.2nF 0402 X7R 50V Â±10%|AREACOLOR=11599871|COMPONENTDESCRIPTION=2.2nF 0402 X7R 50V ±10%|CURRENTPARTID=1|DESIGNITEMID=2.2nF|DISPLAYMODECOUNT=1|LIBRARYPATH=*|LIBREFERENCE=2.2nF|LOCATION.X=630|LOCATION.Y=650|ORIENTATION=1|PARTCOUNT=2|PARTIDLOCKED=T|SOURCELIBRARYNAME=SBComponentsSchematics.SchLib|TARGETFILENAME=*|UNIQUEID=LXAAJKHA|
RECORD=41|LINENO= 201|OWNERPARTID=   0|OWNERINDEX= 200|FONTID=1|ISHIDDEN=T|LOCATION.X=610|LOCATION.Y=665|NAME=Supplier 1|TEXT=Farnell|UNIQUEID=HQUPRRRQ|
RECORD=41|LINENO= 202|OWNERPARTID=   0|OWNERINDEX= 200|FONTID=1|ISHIDDEN=T|LOCATION.X=610|LOCATION.Y=675|NAME=Supplier 2|TEXT=Digi-Key|UNIQUEID=XIYDPCNP|
RECORD=41|LINENO= 203|OWNERPARTID=   0|OWNERINDEX= 200|FONTID=1|ISHIDDEN=T|LOCATION.X=610|LOCATION.Y=665|NAME=Supplier Part Number 1|TEXT=1414582|UNIQUEID=VEVIFYRW|
RECORD=41|LINENO= 204|OWNERPARTID=   0|OWNERINDEX= 200|FONTID=1|ISHIDDEN=T|LOCATION.X=610|LOCATION.Y=675|NAME=Supplier Part Number 2|TEXT=399-3068-1-ND|UNIQUEID=YFWJPETI|
RECORD=41|LINENO= 205|OWNERPARTID=   0|OWNERINDEX= 200|FONTID=1|LOCATION.X=639|LOCATION.Y=636|NAME=Value|TEXT=2.2nF|UNIQUEID=KAEDMGXR|
RECORD= 2|LINENO= 206|OWNERPARTID=   2|OWNERINDEX= 200|DESIGNATOR=1|ELECTRICAL=4|FORMALTYPE=1|LOCATION.X=630|LOCATION.Y=645|NAME=1|PINCONGLOMERATE=35|PINLENGTH=10|
RECORD=41|LINENO= 207|OWNERPARTID=   0|OWNERINDEX= 206|FONTID=1|ISHIDDEN=T|LOCATION.X=630|LOCATION.Y=645|NAME=PinUniqueId|TEXT=AWPFJIEL|UNIQUEID=PUFWVFCS|
RECORD= 2|LINENO= 208|OWNERPARTID=   2|OWNERINDEX= 200|DESIGNATOR=2|ELECTRICAL=4|FORMALTYPE=1|LOCATION.X=630|LOCATION.Y=655|NAME=2|PINCONGLOMERATE=33|PINLENGTH=10|
RECORD=41|LINENO= 209|OWNERPARTID=   0|OWNERINDEX= 208|FONTID=1|ISHIDDEN=T|LOCATION.X=630|LOCATION.Y=655|NAME=PinUniqueId|TEXT=UWEARGAT|UNIQUEID=YQQKKCFO|
RECORD=13|LINENO= 210|OWNERPARTID=   2|OWNERINDEX= 200|CORNER.X=638|CORNER.Y=652|LINEWIDTH=1|LOCATION.X=622|LOCATION.Y=652|
RECORD=13|LINENO= 211|OWNERPARTID=   2|OWNERINDEX= 200|CORNER.X=622|CORNER.Y=648|LINEWIDTH=1|LOCATION.X=638|LOCATION.Y=648|
RECORD= 6|LINENO= 212|OWNERPARTID=   2|OWNERINDEX= 200|LINEWIDTH=1|LOCATIONCOUNT=2|X1=630|X2=630|Y1=645|Y2=648|
RECORD= 6|LINENO= 213|OWNERPARTID=   2|OWNERINDEX= 200|LINEWIDTH=1|LOCATIONCOUNT=2|X1=630|X2=630|Y1=655|Y2=652|
RECORD=34|LINENO= 214|OWNERPARTID=   0|OWNERINDEX= 200|FONTID=1|LOCATION.X=639|LOCATION.Y=646|NAME=Designator|TEXT=C21|UNIQUEID=GDYNTUJF|
RECORD=41|LINENO= 215|OWNERPARTID=   0|OWNERINDEX= 200|FONTID=1|ISHIDDEN=T|LOCATION.X=621|LOCATION.Y=667|NAME=Comment|TEXT=2.2nF|UNIQUEID=BLIYXCXI|
RECORD=44|LINENO= 216|OWNERPARTID= -42|OWNERINDEX= 200|
RECORD=45|LINENO= 217|OWNERPARTID= -42|OWNERINDEX= 216|DATAFILECOUNT=1|DESCRIPTION=Chip Body 1.0 x 0.5 mm (LxW typ)|ISCURRENT=T|MODELDATAFILE0=SBComponentsFootprints.PcbLib|MODELDATAFILEENTITY0=0402|MODELDATAFILEKIND0=PCBLib|MODELNAME=0402|MODELTYPE=PCBLIB|UNIQUEID=CAIGKTXR|
RECORD=46|LINENO= 218|OWNERPARTID= -42|OWNERINDEX= 217|
RECORD=48|LINENO= 219|OWNERPARTID= -42|OWNERINDEX= 217|
RECORD=25|LINENO= 220|OWNERPARTID=   0|OWNERINDEX= -42|FONTID=1|LOCATION.X=590|LOCATION.Y=685|TEXT=ANT1|UNIQUEID=JWYALDAF|
RECORD=25|LINENO= 221|OWNERPARTID=   0|OWNERINDEX= -42|FONTID=1|LOCATION.X=590|LOCATION.Y=705|TEXT=ANT2|UNIQUEID=CHFBBKIL|
RECORD=25|LINENO= 222|OWNERPARTID=   0|OWNERINDEX= -42|FONTID=1|LOCATION.X=590|LOCATION.Y=665|TEXT=VDD_PA|UNIQUEID=HCOOVYFE|
RECORD= 6|LINENO= 223|OWNERPARTID=   0|OWNERINDEX= -42|LINEWIDTH=2|LOCATIONCOUNT=3|X1=500|X2=955|X3=955|Y1=560|Y2=560|Y3=740|
RECORD= 6|LINENO= 224|OWNERPARTID=   0|OWNERINDEX= -42|LINEWIDTH=2|LOCATIONCOUNT=3|X1=955|X2=725|X3=725|Y1=590|Y2=590|Y3=560|
RECORD=25|LINENO= 225|OWNERPARTID=   0|OWNERINDEX= -42|FONTID=1|LOCATION.X=195|LOCATION.Y=660|TEXT=RADIO_CE|UNIQUEID=SSRVNPVM|
RECORD=25|LINENO= 226|OWNERPARTID=   0|OWNERINDEX= -42|FONTID=1|LOCATION.X=190|LOCATION.Y=590|TEXT=RADIO_IRQ|UNIQUEID=BOIQNFLP|
RECORD=27|LINENO= 227|OWNERPARTID=   0|OWNERINDEX= -42|LINEWIDTH=1|LOCATIONCOUNT=5|UNIQUEID=MMIDNBVQ|X1=255|X2=245|X3=245|X4=245|X5=245|Y1=680|Y2=680|Y3=690|Y4=700|Y5=710|
RECORD=27|LINENO= 228|OWNERPARTID=   0|OWNERINDEX= -42|LINEWIDTH=1|LOCATIONCOUNT=2|UNIQUEID=KVYOPCXY|X1=255|X2=245|Y1=690|Y2=690|
RECORD=27|LINENO= 229|OWNERPARTID=   0|OWNERINDEX= -42|LINEWIDTH=1|LOCATIONCOUNT=2|UNIQUEID=SCAKGTTL|X1=255|X2=245|Y1=700|Y2=700|
RECORD=27|LINENO= 230|OWNERPARTID=   0|OWNERINDEX= -42|LINEWIDTH=1|LOCATIONCOUNT=2|UNIQUEID=ATIQHIYM|X1=415|X2=445|Y1=620|Y2=620|
RECORD=27|LINENO= 231|OWNERPARTID=   0|OWNERINDEX= -42|LINEWIDTH=1|LOCATIONCOUNT=2|UNIQUEID=TDJREIIP|X1=255|X2=235|Y1=570|Y2=570|
RECORD=27|LINENO= 232|OWNERPARTID=   0|OWNERINDEX= -42|LINEWIDTH=1|LOCATIONCOUNT=2|UNIQUEID=SISEAPWC|X1=415|X2=465|Y1=650|Y2=650|
RECORD=27|LINENO= 233|OWNERPARTID=   0|OWNERINDEX= -42|LINEWIDTH=1|LOCATIONCOUNT=2|UNIQUEID=IBAHVWOY|X1=255|X2=240|Y1=610|Y2=610|
RECORD=27|LINENO= 234|OWNERPARTID=   0|OWNERINDEX= -42|LINEWIDTH=1|LOCATIONCOUNT=2|UNIQUEID=OLYUSHEK|X1=255|X2=240|Y1=630|Y2=630|
RECORD=27|LINENO= 235|OWNERPARTID=   0|OWNERINDEX= -42|LINEWIDTH=1|LOCATIONCOUNT=2|UNIQUEID=EKTISSKU|X1=255|X2=240|Y1=640|Y2=640|
RECORD=27|LINENO= 236|OWNERPARTID=   0|OWNERINDEX= -42|LINEWIDTH=1|LOCATIONCOUNT=2|UNIQUEID=POUBMJSL|X1=255|X2=240|Y1=620|Y2=620|
RECORD=27|LINENO= 237|OWNERPARTID=   0|OWNERINDEX= -42|LINEWIDTH=1|LOCATIONCOUNT=2|UNIQUEID=DRSIGIBW|X1=415|X2=455|Y1=670|Y2=670|
RECORD=27|LINENO= 238|OWNERPARTID=   0|OWNERINDEX= -42|LINEWIDTH=1|LOCATIONCOUNT=2|UNIQUEID=YHRAEPJQ|X1=415|X2=445|Y1=690|Y2=690|
RECORD=27|LINENO= 239|OWNERPARTID=   0|OWNERINDEX= -42|LINEWIDTH=1|LOCATIONCOUNT=2|UNIQUEID=LLLLKLHQ|X1=445|X2=415|Y1=700|Y2=700|
RECORD=27|LINENO= 240|OWNERPARTID=   0|OWNERINDEX= -42|LINEWIDTH=1|LOCATIONCOUNT=2|UNIQUEID=DCESVRXJ|X1=590|X2=635|Y1=685|Y2=685|
RECORD=27|LINENO= 241|OWNERPARTID=   0|OWNERINDEX= -42|LINEWIDTH=1|LOCATIONCOUNT=2|UNIQUEID=LPLAIXIW|X1=635|X2=590|Y1=705|Y2=705|
RECORD=27|LINENO= 242|OWNERPARTID=   0|OWNERINDEX= -42|LINEWIDTH=1|LOCATIONCOUNT=3|UNIQUEID=UBATDFXV|X1=635|X2=630|X3=590|Y1=665|Y2=665|Y3=665|
RECORD=27|LINENO= 243|OWNERPARTID=   0|OWNERINDEX= -42|LINEWIDTH=1|LOCATIONCOUNT=2|UNIQUEID=NLWBIYIW|X1=745|X2=745|Y1=635|Y2=665|
RECORD=27|LINENO= 244|OWNERPARTID=   0|OWNERINDEX= -42|LINEWIDTH=1|LOCATIONCOUNT=2|UNIQUEID=WCEGKLSR|X1=190|X2=255|Y1=590|Y2=590|
RECORD=27|LINENO= 245|OWNERPARTID=   0|OWNERINDEX= -42|LINEWIDTH=1|LOCATIONCOUNT=2|UNIQUEID=ETROMDUP|X1=195|X2=255|Y1=660|Y2=660|
RECORD=17|LINENO= 246|OWNERPARTID=   0|OWNERINDEX= -42|FONTID=2|LOCATION.X=75|LOCATION.Y=685|ORIENTATION=3|SHOWNETNAME=T|STYLE=4|TEXT=GND|UNIQUEID=RJMBMJJK|
RECORD=17|LINENO= 247|OWNERPARTID=   0|OWNERINDEX= -42|FONTID=2|LOCATION.X=75|LOCATION.Y=715|ORIENTATION=1|SHOWNETNAME=T|STYLE=2|TEXT=+3.3V|UNIQUEID=VQXWMEYJ|
RECORD=17|LINENO= 248|OWNERPARTID=   0|OWNERINDEX= -42|FONTID=2|LOCATION.X=35|LOCATION.Y=685|ORIENTATION=3|SHOWNETNAME=T|STYLE=4|TEXT=GND|UNIQUEID=OJTBUYTQ|
RECORD=17|LINENO= 249|OWNERPARTID=   0|OWNERINDEX= -42|FONTID=2|LOCATION.X=35|LOCATION.Y=715|ORIENTATION=1|SHOWNETNAME=T|STYLE=2|TEXT=+3.3V|UNIQUEID=MIMBWJCV|
RECORD= 1|LINENO= 250|OWNERPARTID=   0|OWNERINDEX= -42|%UTF8%COMPONENTDESCRIPTION=100nF 0402 X7R 16V Â±10%|AREACOLOR=11599871|COMPONENTDESCRIPTION=100nF 0402 X7R 16V ±10%|CURRENTPARTID=1|DESIGNITEMID=100nF|DISPLAYMODECOUNT=1|LIBRARYPATH=*|LIBREFERENCE=100nF|LOCATION.X=35|LOCATION.Y=700|ORIENTATION=1|PARTCOUNT=2|PARTIDLOCKED=T|SOURCELIBRARYNAME=SBComponentsSchematics.SchLib|TARGETFILENAME=*|UNIQUEID=YBRVXWWC|
RECORD=41|LINENO= 251|OWNERPARTID=   0|OWNERINDEX= 250|FONTID=1|ISHIDDEN=T|LOCATION.X=15|LOCATION.Y=715|NAME=Supplier 1|TEXT=Farnell|UNIQUEID=FAWBSOXJ|
RECORD=41|LINENO= 252|OWNERPARTID=   0|OWNERINDEX= 250|FONTID=1|ISHIDDEN=T|LOCATION.X=15|LOCATION.Y=715|NAME=Supplier Part Number 1|TEXT=1288252|UNIQUEID=EANIFSCB|
RECORD=41|LINENO= 253|OWNERPARTID=   0|OWNERINDEX= 250|FONTID=1|ISHIDDEN=T|LOCATION.X=15|LOCATION.Y=715|NAME=Supplier 2|TEXT=Digi-Key|UNIQUEID=CTHSPNEE|
RECORD=41|LINENO= 254|OWNERPARTID=   0|OWNERINDEX= 250|FONTID=1|ISHIDDEN=T|LOCATION.X=15|LOCATION.Y=715|NAME=Supplier Part Number 2|TEXT=399-3521-1-ND|UNIQUEID=FGTHVAWB|
RECORD=41|LINENO= 255|OWNERPARTID=   0|OWNERINDEX= 250|FONTID=1|LOCATION.X=44|LOCATION.Y=686|NAME=Value|TEXT=100nF|UNIQUEID=BMJNJVLX|
RECORD= 2|LINENO= 256|OWNERPARTID=   2|OWNERINDEX= 250|DESIGNATOR=1|ELECTRICAL=4|FORMALTYPE=1|LOCATION.X=35|LOCATION.Y=695|NAME=1|PINCONGLOMERATE=35|PINLENGTH=10|
RECORD=41|LINENO= 257|OWNERPARTID=   0|OWNERINDEX= 256|FONTID=1|ISHIDDEN=T|LOCATION.X=35|LOCATION.Y=695|NAME=PinUniqueId|TEXT=KDSABIVI|UNIQUEID=JJQYJLGX|
RECORD= 2|LINENO= 258|OWNERPARTID=   2|OWNERINDEX= 250|DESIGNATOR=2|ELECTRICAL=4|FORMALTYPE=1|LOCATION.X=35|LOCATION.Y=705|NAME=2|PINCONGLOMERATE=33|PINLENGTH=10|
RECORD=41|LINENO= 259|OWNERPARTID=   0|OWNERINDEX= 258|FONTID=1|ISHIDDEN=T|LOCATION.X=35|LOCATION.Y=705|NAME=PinUniqueId|TEXT=KBDBPGGD|UNIQUEID=WWSFIKRF|
RECORD=13|LINENO= 260|OWNERPARTID=   2|OWNERINDEX= 250|CORNER.X=43|CORNER.Y=702|LINEWIDTH=1|LOCATION.X=27|LOCATION.Y=702|
RECORD=13|LINENO= 261|OWNERPARTID=   2|OWNERINDEX= 250|CORNER.X=27|CORNER.Y=698|LINEWIDTH=1|LOCATION.X=43|LOCATION.Y=698|
RECORD= 6|LINENO= 262|OWNERPARTID=   2|OWNERINDEX= 250|LINEWIDTH=1|LOCATIONCOUNT=2|X1=35|X2=35|Y1=695|Y2=698|
RECORD= 6|LINENO= 263|OWNERPARTID=   2|OWNERINDEX= 250|LINEWIDTH=1|LOCATIONCOUNT=2|X1=35|X2=35|Y1=705|Y2=702|
RECORD=34|LINENO= 264|OWNERPARTID=   0|OWNERINDEX= 250|FONTID=1|LOCATION.X=44|LOCATION.Y=696|NAME=Designator|TEXT=C17|UNIQUEID=PYIKPFOQ|
RECORD=41|LINENO= 265|OWNERPARTID=   0|OWNERINDEX= 250|FONTID=1|ISHIDDEN=T|LOCATION.X=26|LOCATION.Y=717|NAME=Comment|TEXT=100nF|UNIQUEID=MUXBCSXA|
RECORD=44|LINENO= 266|OWNERPARTID= -42|OWNERINDEX= 250|
RECORD=45|LINENO= 267|OWNERPARTID= -42|OWNERINDEX= 266|DATAFILECOUNT=1|DESCRIPTION=Chip Body 1.0 x 0.5 mm (LxW typ)|ISCURRENT=T|MODELDATAFILE0=SBComponentsFootprints.PcbLib|MODELDATAFILEENTITY0=0402|MODELDATAFILEKIND0=PCBLib|MODELNAME=0402|MODELTYPE=PCBLIB|UNIQUEID=FIKMFCBB|
RECORD=46|LINENO= 268|OWNERPARTID= -42|OWNERINDEX= 267|
RECORD=48|LINENO= 269|OWNERPARTID= -42|OWNERINDEX= 267|
RECORD= 1|LINENO= 270|OWNERPARTID=   0|OWNERINDEX= -42|%UTF8%COMPONENTDESCRIPTION=100nF 0402 X7R 16V Â±10%|AREACOLOR=11599871|COMPONENTDESCRIPTION=100nF 0402 X7R 16V ±10%|CURRENTPARTID=1|DESIGNITEMID=100nF|DISPLAYMODECOUNT=1|LIBRARYPATH=*|LIBREFERENCE=100nF|LOCATION.X=75|LOCATION.Y=700|ORIENTATION=1|PARTCOUNT=2|PARTIDLOCKED=T|SOURCELIBRARYNAME=SBComponentsSchematics.SchLib|TARGETFILENAME=*|UNIQUEID=VNLSOCJY|
RECORD=41|LINENO= 271|OWNERPARTID=   0|OWNERINDEX= 270|FONTID=1|ISHIDDEN=T|LOCATION.X=55|LOCATION.Y=715|NAME=Supplier 1|TEXT=Farnell|UNIQUEID=WRLTAHVW|
RECORD=41|LINENO= 272|OWNERPARTID=   0|OWNERINDEX= 270|FONTID=1|ISHIDDEN=T|LOCATION.X=55|LOCATION.Y=715|NAME=Supplier Part Number 1|TEXT=1288252|UNIQUEID=WSFPACQV|
RECORD=41|LINENO= 273|OWNERPARTID=   0|OWNERINDEX= 270|FONTID=1|ISHIDDEN=T|LOCATION.X=55|LOCATION.Y=715|NAME=Supplier 2|TEXT=Digi-Key|UNIQUEID=TFRUBRWS|
RECORD=41|LINENO= 274|OWNERPARTID=   0|OWNERINDEX= 270|FONTID=1|ISHIDDEN=T|LOCATION.X=55|LOCATION.Y=715|NAME=Supplier Part Number 2|TEXT=399-3521-1-ND|UNIQUEID=NBILPBUO|
RECORD=41|LINENO= 275|OWNERPARTID=   0|OWNERINDEX= 270|FONTID=1|LOCATION.X=84|LOCATION.Y=686|NAME=Value|TEXT=100nF|UNIQUEID=NRSYDMNM|
RECORD= 2|LINENO= 276|OWNERPARTID=   2|OWNERINDEX= 270|DESIGNATOR=1|ELECTRICAL=4|FORMALTYPE=1|LOCATION.X=75|LOCATION.Y=695|NAME=1|PINCONGLOMERATE=35|PINLENGTH=10|
RECORD=41|LINENO= 277|OWNERPARTID=   0|OWNERINDEX= 276|FONTID=1|ISHIDDEN=T|LOCATION.X=75|LOCATION.Y=695|NAME=PinUniqueId|TEXT=PPEYRJLM|UNIQUEID=GKFHNWFO|
RECORD= 2|LINENO= 278|OWNERPARTID=   2|OWNERINDEX= 270|DESIGNATOR=2|ELECTRICAL=4|FORMALTYPE=1|LOCATION.X=75|LOCATION.Y=705|NAME=2|PINCONGLOMERATE=33|PINLENGTH=10|
RECORD=41|LINENO= 279|OWNERPARTID=   0|OWNERINDEX= 278|FONTID=1|ISHIDDEN=T|LOCATION.X=75|LOCATION.Y=705|NAME=PinUniqueId|TEXT=UMRBLTHI|UNIQUEID=WUSFTXMI|
RECORD=13|LINENO= 280|OWNERPARTID=   2|OWNERINDEX= 270|CORNER.X=83|CORNER.Y=702|LINEWIDTH=1|LOCATION.X=67|LOCATION.Y=702|
RECORD=13|LINENO= 281|OWNERPARTID=   2|OWNERINDEX= 270|CORNER.X=67|CORNER.Y=698|LINEWIDTH=1|LOCATION.X=83|LOCATION.Y=698|
RECORD= 6|LINENO= 282|OWNERPARTID=   2|OWNERINDEX= 270|LINEWIDTH=1|LOCATIONCOUNT=2|X1=75|X2=75|Y1=695|Y2=698|
RECORD= 6|LINENO= 283|OWNERPARTID=   2|OWNERINDEX= 270|LINEWIDTH=1|LOCATIONCOUNT=2|X1=75|X2=75|Y1=705|Y2=702|
RECORD=34|LINENO= 284|OWNERPARTID=   0|OWNERINDEX= 270|FONTID=1|LOCATION.X=84|LOCATION.Y=696|NAME=Designator|TEXT=C18|UNIQUEID=NUHIKHJB|
RECORD=41|LINENO= 285|OWNERPARTID=   0|OWNERINDEX= 270|FONTID=1|ISHIDDEN=T|LOCATION.X=66|LOCATION.Y=717|NAME=Comment|TEXT=100nF|UNIQUEID=CYVGDAYD|
RECORD=44|LINENO= 286|OWNERPARTID= -42|OWNERINDEX= 270|
RECORD=45|LINENO= 287|OWNERPARTID= -42|OWNERINDEX= 286|DATAFILECOUNT=1|DESCRIPTION=Chip Body 1.0 x 0.5 mm (LxW typ)|ISCURRENT=T|MODELDATAFILE0=SBComponentsFootprints.PcbLib|MODELDATAFILEENTITY0=0402|MODELDATAFILEKIND0=PCBLib|MODELNAME=0402|MODELTYPE=PCBLIB|UNIQUEID=GXLRFEDK|
RECORD=46|LINENO= 288|OWNERPARTID= -42|OWNERINDEX= 287|
RECORD=48|LINENO= 289|OWNERPARTID= -42|OWNERINDEX= 287|
RECORD=17|LINENO= 290|OWNERPARTID=   0|OWNERINDEX= -42|FONTID=2|LOCATION.X=120|LOCATION.Y=685|ORIENTATION=3|SHOWNETNAME=T|STYLE=4|TEXT=GND|UNIQUEID=KUQLTYTD|
RECORD=17|LINENO= 291|OWNERPARTID=   0|OWNERINDEX= -42|FONTID=2|LOCATION.X=160|LOCATION.Y=685|ORIENTATION=3|SHOWNETNAME=T|STYLE=4|TEXT=GND|UNIQUEID=FCJDRHYX|
RECORD=17|LINENO= 292|OWNERPARTID=   0|OWNERINDEX= -42|FONTID=2|LOCATION.X=235|LOCATION.Y=540|ORIENTATION=3|SHOWNETNAME=T|STYLE=4|TEXT=GND|UNIQUEID=QGAWWVCW|
RECORD=27|LINENO= 293|OWNERPARTID=   0|OWNERINDEX= -42|LINEWIDTH=1|LOCATIONCOUNT=5|UNIQUEID=JJHSENNF|X1=415|X2=415|X3=415|X4=415|X5=415|Y1=600|Y2=590|Y3=580|Y4=570|Y5=560|
RECORD=17|LINENO= 294|OWNERPARTID=   0|OWNERINDEX= -42|FONTID=2|LOCATION.X=415|LOCATION.Y=560|ORIENTATION=3|SHOWNETNAME=T|STYLE=4|TEXT=GND|UNIQUEID=XLEBIFEA|
RECORD=17|LINENO= 295|OWNERPARTID=   0|OWNERINDEX= -42|FONTID=2|LOCATION.X=445|LOCATION.Y=570|ORIENTATION=3|SHOWNETNAME=T|STYLE=4|TEXT=GND|UNIQUEID=ACWMBGXE|
RECORD=17|LINENO= 296|OWNERPARTID=   0|OWNERINDEX= -42|FONTID=2|LOCATION.X=630|LOCATION.Y=635|ORIENTATION=3|SHOWNETNAME=T|STYLE=4|TEXT=GND|UNIQUEID=SDGXEPEF|
RECORD=17|LINENO= 297|OWNERPARTID=   0|OWNERINDEX= -42|FONTID=2|LOCATION.X=745|LOCATION.Y=635|ORIENTATION=3|SHOWNETNAME=T|STYLE=4|TEXT=GND|UNIQUEID=YLREMMIJ|
RECORD= 1|LINENO= 298|OWNERPARTID=   0|OWNERINDEX= -42|AREACOLOR=11599871|COMPONENTDESCRIPTION=JOHANSON TECHNOLOGY 2450AT18D0100  ANTENNA, CERAMIC, 2.45GHZ|CURRENTPARTID=1|DESIGNITEMID=2450AT18D0100|DISPLAYMODECOUNT=1|LIBRARYPATH=*|LIBREFERENCE=2450AT18D0100|LOCATION.X=850|LOCATION.Y=695|PARTCOUNT=2|PARTIDLOCKED=T|SOURCELIBRARYNAME=SBComponentsSchematics.SchLib|TARGETFILENAME=*|UNIQUEID=PFOQEMQJ|
RECORD=41|LINENO= 299|OWNERPARTID=   0|OWNERINDEX= 298|FONTID=1|ISHIDDEN=T|LOCATION.X=839|LOCATION.Y=726|NAME=Supplier 1|TEXT=Mouser|UNIQUEID=RDQCSMAM|
RECORD=41|LINENO= 300|OWNERPARTID=   0|OWNERINDEX= 298|FONTID=1|ISHIDDEN=T|LOCATION.X=839|LOCATION.Y=736|NAME=Supplier 2|TEXT=Digi-Key|UNIQUEID=SUJDNFPP|
RECORD=41|LINENO= 301|OWNERPARTID=   0|OWNERINDEX= 298|FONTID=1|ISHIDDEN=T|LOCATION.X=839|LOCATION.Y=726|NAME=Supplier Part Number 1|TEXT=609-2450AT18D0100E|UNIQUEID=MYYLCMLN|
RECORD=41|LINENO= 302|OWNERPARTID=   0|OWNERINDEX= 298|FONTID=1|ISHIDDEN=T|LOCATION.X=839|LOCATION.Y=736|NAME=Supplier Part Number 2|TEXT=712-1573-1-ND|UNIQUEID=ATRRTBDE|
RECORD= 2|LINENO= 303|OWNERPARTID=   2|OWNERINDEX= 298|DESIGNATOR=2|ELECTRICAL=4|FORMALTYPE=1|LOCATION.X=870|LOCATION.Y=715|NAME=GND|PINCONGLOMERATE=63|PINLENGTH=10|
RECORD=41|LINENO= 304|OWNERPARTID=   0|OWNERINDEX= 303|FONTID=1|NAME=HiddenNetName|TEXT=GND|UNIQUEID=AAEDWLYE|
RECORD=41|LINENO= 305|OWNERPARTID=   0|OWNERINDEX= 303|FONTID=1|ISHIDDEN=T|LOCATION.X=870|LOCATION.Y=715|NAME=PinUniqueId|TEXT=YGJTQMUY|UNIQUEID=ANFBBDIW|
RECORD= 2|LINENO= 306|OWNERPARTID=   2|OWNERINDEX= 298|DESIGNATOR=1|ELECTRICAL=4|FORMALTYPE=1|LOCATION.X=850|LOCATION.Y=715|NAME=A|PINCONGLOMERATE=35|PINLENGTH=10|
RECORD=41|LINENO= 307|OWNERPARTID=   0|OWNERINDEX= 306|FONTID=1|ISHIDDEN=T|LOCATION.X=850|LOCATION.Y=715|NAME=PinUniqueId|TEXT=RNEOILUS|UNIQUEID=HVUUAASN|
RECORD=13|LINENO= 308|OWNERPARTID=   2|OWNERINDEX= 298|CORNER.X=850|CORNER.Y=715|LINEWIDTH=1|LOCATION.X=860|LOCATION.Y=725|
RECORD=13|LINENO= 309|OWNERPARTID=   2|OWNERINDEX= 298|CORNER.X=850|CORNER.Y=715|LINEWIDTH=1|LOCATION.X=840|LOCATION.Y=725|
RECORD=13|LINENO= 310|OWNERPARTID=   2|OWNERINDEX= 298|CORNER.X=850|CORNER.Y=715|LINEWIDTH=1|LOCATION.X=850|LOCATION.Y=725|
RECORD=13|LINENO= 311|OWNERPARTID=   2|OWNERINDEX= 298|CORNER.X=860|CORNER.Y=725|LINEWIDTH=1|LOCATION.X=840|LOCATION.Y=725|
RECORD=34|LINENO= 312|OWNERPARTID=   0|OWNERINDEX= 298|FONTID=1|LOCATION.X=865|LOCATION.Y=715|NAME=Designator|TEXT=A1|UNIQUEID=XFFLMEGE|
RECORD=41|LINENO= 313|OWNERPARTID=   0|OWNERINDEX= 298|FONTID=1|ISHIDDEN=T|LOCATION.X=845|LOCATION.Y=680|NAME=Comment|TEXT=2450AT18D0100|UNIQUEID=SXFGYIOU|
RECORD=44|LINENO= 314|OWNERPARTID= -42|OWNERINDEX= 298|
RECORD=45|LINENO= 315|OWNERPARTID= -42|OWNERINDEX= 314|DATAFILECOUNT=1|DESCRIPTION=ANTENNA CHIP 2.4GHZ|ISCURRENT=T|MODELDATAFILEENTITY0=2450AT18D0100|MODELDATAFILEKIND0=PCBLib|MODELNAME=2450AT18D0100|MODELTYPE=PCBLIB|UNIQUEID=QXABMNYL|
RECORD=46|LINENO= 316|OWNERPARTID= -42|OWNERINDEX= 315|
RECORD=48|LINENO= 317|OWNERPARTID= -42|OWNERINDEX= 315|
RECORD= 1|LINENO= 318|OWNERPARTID=   0|OWNERINDEX= -42|%UTF8%COMPONENTDESCRIPTION=0R 0402 1/16W Â±0.05R|AREACOLOR=11599871|COMPONENTDESCRIPTION=0R 0402 1/16W ±0.05R|CURRENTPARTID=1|DESIGNITEMID=0R|DISPLAYMODECOUNT=1|LIBRARYPATH=*|LIBREFERENCE=0R|LOCATION.X=810|LOCATION.Y=705|PARTCOUNT=2|PARTIDLOCKED=T|SOURCELIBRARYNAME=SBComponentsSchematics.SchLib|TARGETFILENAME=*|UNIQUEID=DHSGUMBT|
RECORD=41|LINENO= 319|OWNERPARTID=   0|OWNERINDEX= 318|FONTID=1|ISHIDDEN=T|LOCATION.X=788|LOCATION.Y=720|NAME=Supplier 1|TEXT=Farnell|UNIQUEID=ILGUAFKO|
RECORD=41|LINENO= 320|OWNERPARTID=   0|OWNERINDEX= 318|FONTID=1|ISHIDDEN=T|LOCATION.X=788|LOCATION.Y=730|NAME=Supplier 2|TEXT=Digi-Key|UNIQUEID=HHNDXNVF|
RECORD=41|LINENO= 321|OWNERPARTID=   0|OWNERINDEX= 318|FONTID=1|ISHIDDEN=T|LOCATION.X=788|LOCATION.Y=720|NAME=Supplier Part Number 1|TEXT=2072513|UNIQUEID=ABEXLIRX|
RECORD=41|LINENO= 322|OWNERPARTID=   0|OWNERINDEX= 318|FONTID=1|ISHIDDEN=T|LOCATION.X=788|LOCATION.Y=730|NAME=Supplier Part Number 2|TEXT=P0.0JCT-ND|UNIQUEID=RSNGFSXS|
RECORD=41|LINENO= 323|OWNERPARTID=   0|OWNERINDEX= 318|FONTID=1|LOCATION.X=799|LOCATION.Y=691|NAME=Value|TEXT=0R|UNIQUEID=SGRQEHMW|
RECORD= 2|LINENO= 324|OWNERPARTID=   2|OWNERINDEX= 318|DESIGNATOR=1|ELECTRICAL=4|FORMALTYPE=1|LOCATION.X=800|LOCATION.Y=705|NAME=1|PINCONGLOMERATE=34|PINLENGTH=10|
RECORD=41|LINENO= 325|OWNERPARTID=   0|OWNERINDEX= 324|FONTID=1|ISHIDDEN=T|LOCATION.X=800|LOCATION.Y=705|NAME=PinUniqueId|TEXT=XTHSPANU|UNIQUEID=HCGEWNCH|
RECORD= 2|LINENO= 326|OWNERPARTID=   2|OWNERINDEX= 318|DESIGNATOR=2|ELECTRICAL=4|FORMALTYPE=1|LOCATION.X=830|LOCATION.Y=705|NAME=2|PINCONGLOMERATE=32|PINLENGTH=10|
RECORD=41|LINENO= 327|OWNERPARTID=   0|OWNERINDEX= 326|FONTID=1|ISHIDDEN=T|LOCATION.X=830|LOCATION.Y=705|NAME=PinUniqueId|TEXT=TNNVAIWT|UNIQUEID=VTKYHKRY|
RECORD= 6|LINENO= 328|OWNERPARTID=   2|OWNERINDEX= 318|LINEWIDTH=1|LOCATIONCOUNT=7|X1=830|X2=827|X3=821|X4=815|X5=809|X6=803|X7=800|Y1=705|Y2=708|Y3=702|Y4=708|Y5=702|Y6=708|Y7=705|
RECORD=34|LINENO= 329|OWNERPARTID=   0|OWNERINDEX= 318|FONTID=1|LOCATION.X=799|LOCATION.Y=709|NAME=Designator|TEXT=R24|UNIQUEID=WTFHVMLU|
RECORD=41|LINENO= 330|OWNERPARTID=   0|OWNERINDEX= 318|FONTID=1|ISHIDDEN=T|LOCATION.X=805|LOCATION.Y=690|NAME=Comment|TEXT=0R|UNIQUEID=BCTKJHRJ|
RECORD=44|LINENO= 331|OWNERPARTID= -42|OWNERINDEX= 318|
RECORD=45|LINENO= 332|OWNERPARTID= -42|OWNERINDEX= 331|DATAFILECOUNT=1|DESCRIPTION=Chip Body 1.0 x 0.5 mm (LxW typ)|ISCURRENT=T|MODELDATAFILE0=SBComponentsFootprints.PcbLib|MODELDATAFILEENTITY0=0402|MODELDATAFILEKIND0=PCBLib|MODELNAME=0402|MODELTYPE=PCBLIB|UNIQUEID=PTFFGTSJ|
RECORD=46|LINENO= 333|OWNERPARTID= -42|OWNERINDEX= 332|
RECORD=48|LINENO= 334|OWNERPARTID= -42|OWNERINDEX= 332|
RECORD=27|LINENO= 335|OWNERPARTID=   0|OWNERINDEX= -42|LINEWIDTH=1|LOCATIONCOUNT=3|UNIQUEID=UKXEXMER|X1=745|X2=780|X3=790|Y1=705|Y2=705|Y3=705|
RECORD=27|LINENO= 336|OWNERPARTID=   0|OWNERINDEX= -42|LINEWIDTH=1|LOCATIONCOUNT=2|UNIQUEID=LXRUHAGK|X1=780|X2=780|Y1=700|Y2=705|
RECORD=27|LINENO= 337|OWNERPARTID=   0|OWNERINDEX= -42|LINEWIDTH=1|LOCATIONCOUNT=3|UNIQUEID=OQYAVCCP|X1=850|X2=850|X3=840|Y1=700|Y2=705|Y3=705|
RECORD=17|LINENO= 338|OWNERPARTID=   0|OWNERINDEX= -42|FONTID=2|LOCATION.X=780|LOCATION.Y=650|ORIENTATION=3|SHOWNETNAME=T|STYLE=4|TEXT=GND|UNIQUEID=UCROORLY|
RECORD=17|LINENO= 339|OWNERPARTID=   0|OWNERINDEX= -42|FONTID=2|LOCATION.X=850|LOCATION.Y=650|ORIENTATION=3|SHOWNETNAME=T|STYLE=4|TEXT=GND|UNIQUEID=BADQDKVV|
RECORD= 4|LINENO= 340|OWNERPARTID=   0|OWNERINDEX= -42|FONTID=4|LOCATION.X=785|LOCATION.Y=600|TEXT=pi-network in case|
RECORD= 1|LINENO= 341|OWNERPARTID=   0|OWNERINDEX= -42|AREACOLOR=11599871|COMPONENTDESCRIPTION=NOT CONNECTED|CURRENTPARTID=1|DESIGNITEMID=0402-NC|DISPLAYMODECOUNT=1|LIBRARYPATH=*|LIBREFERENCE=0402-NC|LOCATION.X=780|LOCATION.Y=670|ORIENTATION=1|PARTCOUNT=2|PARTIDLOCKED=T|SOURCELIBRARYNAME=SBComponentsSchematics.SchLib|TARGETFILENAME=*|UNIQUEID=DGBCCCMP|
RECORD=41|LINENO= 342|OWNERPARTID=   0|OWNERINDEX= 341|FONTID=1|LOCATION.X=784|LOCATION.Y=671|NAME=Value|TEXT=NC|UNIQUEID=PVGNRTFL|
RECORD= 2|LINENO= 343|OWNERPARTID=   2|OWNERINDEX= 341|DESIGNATOR=1|ELECTRICAL=4|FORMALTYPE=1|LOCATION.X=780|LOCATION.Y=660|NAME=1|PINCONGLOMERATE=35|PINLENGTH=10|
RECORD=41|LINENO= 344|OWNERPARTID=   0|OWNERINDEX= 343|FONTID=1|ISHIDDEN=T|LOCATION.X=780|LOCATION.Y=660|NAME=PinUniqueId|TEXT=IJVXYAAA|UNIQUEID=YJGDOPIT|
RECORD= 2|LINENO= 345|OWNERPARTID=   2|OWNERINDEX= 341|DESIGNATOR=2|ELECTRICAL=4|FORMALTYPE=1|LOCATION.X=780|LOCATION.Y=690|NAME=2|PINCONGLOMERATE=33|PINLENGTH=10|
RECORD=41|LINENO= 346|OWNERPARTID=   0|OWNERINDEX= 345|FONTID=1|ISHIDDEN=T|LOCATION.X=780|LOCATION.Y=690|NAME=PinUniqueId|TEXT=HAKHKYJY|UNIQUEID=QDUDLMNX|
RECORD= 6|LINENO= 347|OWNERPARTID=   2|OWNERINDEX= 341|LINEWIDTH=1|LOCATIONCOUNT=7|X1=780|X2=777|X3=783|X4=777|X5=783|X6=777|X7=780|Y1=690|Y2=687|Y3=681|Y4=675|Y5=669|Y6=663|Y7=660|
RECORD=34|LINENO= 348|OWNERPARTID=   0|OWNERINDEX= 341|FONTID=1|LOCATION.X=784|LOCATION.Y=681|NAME=Designator|TEXT=R25|UNIQUEID=FMHJRWWI|
RECORD=41|LINENO= 349|OWNERPARTID=   0|OWNERINDEX= 341|FONTID=1|ISHIDDEN=T|LOCATION.X=776|LOCATION.Y=702|NAME=Comment|TEXT=0402-NC|UNIQUEID=KDMVQNCA|
RECORD=44|LINENO= 350|OWNERPARTID= -42|OWNERINDEX= 341|
RECORD=45|LINENO= 351|OWNERPARTID= -42|OWNERINDEX= 350|DATAFILECOUNT=1|DESCRIPTION=Chip Body 1.0 x 0.5 mm (LxW typ)|ISCURRENT=T|MODELDATAFILEENTITY0=0402 - NOBODY|MODELDATAFILEKIND0=PCBLib|MODELNAME=0402 - NOBODY|MODELTYPE=PCBLIB|UNIQUEID=NPWDVKHX|
RECORD=46|LINENO= 352|OWNERPARTID= -42|OWNERINDEX= 351|
RECORD=48|LINENO= 353|OWNERPARTID= -42|OWNERINDEX= 351|
RECORD= 1|LINENO= 354|OWNERPARTID=   0|OWNERINDEX= -42|AREACOLOR=11599871|COMPONENTDESCRIPTION=NOT CONNECTED|CURRENTPARTID=1|DESIGNITEMID=0402-NC|DISPLAYMODECOUNT=1|LIBRARYPATH=*|LIBREFERENCE=0402-NC|LOCATION.X=850|LOCATION.Y=670|ORIENTATION=1|PARTCOUNT=2|PARTIDLOCKED=T|SOURCELIBRARYNAME=SBComponentsSchematics.SchLib|TARGETFILENAME=*|UNIQUEID=QXPLVIWG|
RECORD=41|LINENO= 355|OWNERPARTID=   0|OWNERINDEX= 354|FONTID=1|LOCATION.X=854|LOCATION.Y=671|NAME=Value|TEXT=NC|UNIQUEID=HHHNSKNJ|
RECORD= 2|LINENO= 356|OWNERPARTID=   2|OWNERINDEX= 354|DESIGNATOR=1|ELECTRICAL=4|FORMALTYPE=1|LOCATION.X=850|LOCATION.Y=660|NAME=1|PINCONGLOMERATE=35|PINLENGTH=10|
RECORD=41|LINENO= 357|OWNERPARTID=   0|OWNERINDEX= 356|FONTID=1|ISHIDDEN=T|LOCATION.X=850|LOCATION.Y=660|NAME=PinUniqueId|TEXT=ONTHEXOB|UNIQUEID=NYJBDTDU|
RECORD= 2|LINENO= 358|OWNERPARTID=   2|OWNERINDEX= 354|DESIGNATOR=2|ELECTRICAL=4|FORMALTYPE=1|LOCATION.X=850|LOCATION.Y=690|NAME=2|PINCONGLOMERATE=33|PINLENGTH=10|
RECORD=41|LINENO= 359|OWNERPARTID=   0|OWNERINDEX= 358|FONTID=1|ISHIDDEN=T|LOCATION.X=850|LOCATION.Y=690|NAME=PinUniqueId|TEXT=YTVIXWQB|UNIQUEID=EKACLWIK|
RECORD= 6|LINENO= 360|OWNERPARTID=   2|OWNERINDEX= 354|LINEWIDTH=1|LOCATIONCOUNT=7|X1=850|X2=847|X3=853|X4=847|X5=853|X6=847|X7=850|Y1=690|Y2=687|Y3=681|Y4=675|Y5=669|Y6=663|Y7=660|
RECORD=34|LINENO= 361|OWNERPARTID=   0|OWNERINDEX= 354|FONTID=1|LOCATION.X=854|LOCATION.Y=681|NAME=Designator|TEXT=R26|UNIQUEID=DHGNVQFL|
RECORD=41|LINENO= 362|OWNERPARTID=   0|OWNERINDEX= 354|FONTID=1|ISHIDDEN=T|LOCATION.X=846|LOCATION.Y=702|NAME=Comment|TEXT=0402-NC|UNIQUEID=FQDURSXJ|
RECORD=44|LINENO= 363|OWNERPARTID= -42|OWNERINDEX= 354|
RECORD=45|LINENO= 364|OWNERPARTID= -42|OWNERINDEX= 363|DATAFILECOUNT=1|DESCRIPTION=Chip Body 1.0 x 0.5 mm (LxW typ)|ISCURRENT=T|MODELDATAFILEENTITY0=0402 - NOBODY|MODELDATAFILEKIND0=PCBLib|MODELNAME=0402 - NOBODY|MODELTYPE=PCBLIB|UNIQUEID=OGKBFBBJ|
RECORD=46|LINENO= 365|OWNERPARTID= -42|OWNERINDEX= 364|
RECORD=48|LINENO= 366|OWNERPARTID= -42|OWNERINDEX= 364|
RECORD=29|LINENO= 367|OWNERPARTID=   0|OWNERINDEX= -42|LOCATION.X=245|LOCATION.Y=690|
RECORD=29|LINENO= 368|OWNERPARTID=   0|OWNERINDEX= -42|LOCATION.X=245|LOCATION.Y=700|
RECORD=29|LINENO= 369|OWNERPARTID=   0|OWNERINDEX= -42|LOCATION.X=415|LOCATION.Y=560|
RECORD=29|LINENO= 370|OWNERPARTID=   0|OWNERINDEX= -42|LOCATION.X=415|LOCATION.Y=570|
RECORD=29|LINENO= 371|OWNERPARTID=   0|OWNERINDEX= -42|LOCATION.X=415|LOCATION.Y=580|
RECORD=29|LINENO= 372|OWNERPARTID=   0|OWNERINDEX= -42|LOCATION.X=415|LOCATION.Y=590|
RECORD=29|LINENO= 373|OWNERPARTID=   0|OWNERINDEX= -42|LOCATION.X=630|LOCATION.Y=665|
RECORD=29|LINENO= 374|OWNERPARTID=   0|OWNERINDEX= -42|LOCATION.X=780|LOCATION.Y=705|
RECORD=29|LINENO= 375|OWNERPARTID=   0|OWNERINDEX= -42|LOCATION.X=850|LOCATION.Y=705|
